<?xml version="1.0" encoding="UTF-8"?><TestSessionContainer xmlns="http://www.codecover.org/xml/testsession-container" Date="1675878284730" TestSessionContainerId="37f67202-29b6-436f-b0cb-2e0eaf7ce088" version="1.0">
<SrcFileList>
<SrcFile Content="package classes;&#13;&#10;&#13;&#10;// This class contains an array of integers and&#13;&#10;// methods to initialize, print and search the array&#13;&#10;// using Binary Search&#13;&#10;&#13;&#10;public class BinarySearch{&#13;&#10;    int[] number ;&#13;&#10;    int size ;&#13;&#10;&#13;&#10;    // Search for a specific value (num) using&#13;&#10;    // binary search&#13;&#10;    public boolean Search(int num){&#13;&#10;&#9;&#9;boolean bs01 = false;&#13;&#10;&#9;&#9;int right = this.number.length;&#13;&#10;&#9;&#9;right = right - 1 ;&#13;&#10;&#9;&#9;int left = 0;&#13;&#10;&#9;&#9;boolean var_cont = true;&#13;&#10;&#9;&#9;int medium = 0;&#13;&#10;&#9;&#9;int aux01 = 0;&#13;&#10;&#9;&#9;int nt = 0;&#13;&#10;&#13;&#10;&#9;&#9;while (var_cont){&#13;&#10;&#9;&#9;    medium = left + right ;&#13;&#10;&#9;&#9;    medium = this.Div(medium);&#13;&#10;&#9;&#9;    aux01 = this.number[medium] ;&#13;&#10;&#9;&#9;    if (num &lt; aux01) {&#13;&#10;&#9;&#9;    &#9;right = medium - 1;&#13;&#10;&#9;&#9;    }&#13;&#10;&#9;&#9;    else {&#13;&#10;&#9;&#9;    &#9;left = medium + 1;&#13;&#10;&#9;&#9;    }&#13;&#10;&#9;&#9;    if (this.Compare(aux01,num)) {&#13;&#10;&#9;&#9;    &#9;var_cont = false;&#13;&#10;&#9;&#9;    }&#13;&#10;&#9;&#9;    else {&#13;&#10;&#9;&#9;    &#9;var_cont = true;&#13;&#10;&#9;&#9;    }&#13;&#10;&#9;&#9;    if (right &lt; left) {&#13;&#10;&#9;&#9;    &#9;var_cont = false;&#13;&#10;&#9;&#9;    }&#13;&#10;&#9;&#9;    else {&#13;&#10;&#9;&#9;    &#9;nt = 0;&#13;&#10;&#9;&#9;    }&#13;&#10;&#9;&#9;}&#13;&#10;&#9;&#13;&#10;&#9;&#9;if (this.Compare(aux01,num)) {&#13;&#10;&#9;&#9;&#9;bs01 = true;&#13;&#10;&#9;&#9;}&#13;&#10;&#9;&#9;else {&#13;&#10;&#9;&#9;&#9;bs01 = false;&#13;&#10;&#9;&#9;}&#13;&#10;&#9;&#9;return bs01 ;&#13;&#10;    }&#13;&#10;&#13;&#10;    // This method computes and returns the&#13;&#10;    // integer division of a number (num) by 2&#13;&#10;    public int Div(int num){&#13;&#10;&#9;&#9;int count01 = 0;&#13;&#10;&#9;&#9;int count02 = 0;&#13;&#10;&#9;&#9;int aux03 = num -1;&#13;&#10;&#9;&#9;while (count02 &lt; aux03) {&#13;&#10;&#9;&#9;    count01 = count01 + 1 ;&#13;&#10;&#9;&#9;    count02 = count02 + 2 ;&#13;&#10;&#9;&#9;}&#13;&#10;&#9;&#9;return count01 ;&#9;&#13;&#10;    }&#13;&#10;&#13;&#10;    &#13;&#10;    // This method compares two integers and&#13;&#10;    // returns true if they are equal and false&#13;&#10;    // otherwise&#13;&#10;    public boolean Compare(int num1 , int num2){&#13;&#10;&#9;&#9;boolean retval = false;&#13;&#10;&#9;&#9;int aux02 = num2 + 1;&#13;&#10;&#9;&#9;if (num1 &lt; num2) {&#13;&#10;&#9;&#9;&#9;retval = false;&#13;&#10;&#9;&#9;}&#13;&#10;&#9;&#9;else{&#13;&#10;&#9;&#9;&#9;if (!(num1 &lt; aux02)) {&#13;&#10;&#9;&#9;&#9;&#9;retval = false;&#13;&#10;&#9;&#9;&#9;}&#13;&#10;&#9;&#9;&#9;else {&#13;&#10;&#9;&#9;&#9;&#9;retval = true;&#13;&#10;&#9;&#9;&#9;}&#13;&#10;&#9;&#9;}&#13;&#10;&#9;&#9;return retval;&#13;&#10;    }&#13;&#10;&#13;&#10;    // Print the integer array&#13;&#10;//    public int Print(){&#13;&#10;//&#9;&#9;int j = 1;&#13;&#10;//&#9;&#9;while (j &lt; (this.size)) {&#13;&#10;//&#9;&#9;    System.out.println(this.number[j]);&#13;&#10;//&#9;&#9;    j = j + 1 ;&#13;&#10;//&#9;&#9;}&#13;&#10;//&#9;&#9;System.out.println(99999);&#13;&#10;//&#9;&#9;return 0 ;&#13;&#10;//    }&#13;&#10;    &#13;&#10;&#13;&#10;    // Initialize the integer array&#13;&#10;    public int Init(int sz){&#13;&#10;    &#9;this.size = sz ;&#13;&#10;&#9;&#9;this.number = new int[sz] ;&#13;&#10;&#9;&#9;int j = 1;&#13;&#10;&#9;&#9;int k = this.size + 1;&#13;&#10;&#9;&#9;int aux02 = 0;&#13;&#10;&#9;&#9;int aux01 = 0;&#13;&#10;&#9;&#9;while (j &lt; (this.size)) {&#13;&#10;&#9;&#9;    aux01 = 2 * j ;&#13;&#10;&#9;&#9;    aux02 = k - 3 ;&#13;&#10;&#9;&#9;    this.number[j] = aux01 + aux02 ;&#13;&#10;&#9;&#9;    j = j + 1 ;&#13;&#10;&#9;&#9;    k = k - 1 ;&#13;&#10;&#9;&#9;}&#13;&#10;&#9;&#9;return 0 ;&#9;&#13;&#10;    }&#13;&#10;}" Filename="BinarySearch.java" Intrnl_Id="1"/>
<SrcFile Content="package classes;&#13;&#10;// This class contains the array of integers and&#13;&#10;// methods to initialize, print and sort the array&#13;&#10;// using Bublesort&#13;&#10;public class BubbleSort{&#13;&#10;    &#13;&#10;    public int[] number ;&#13;&#10;    public int size ;&#13;&#10;    &#13;&#10;    // Sort array of integers using Bublesort method&#13;&#10;    public void Sort(){&#13;&#10;&#9;&#9;int nt = 0;&#13;&#10;&#9;&#9;int i = this.size - 1;&#13;&#10;&#9;&#9;int aux02 = 0 - 1;&#13;&#10;&#9;&#9;int aux04 = 0;&#13;&#10;&#9;&#9;int aux05 = 0;&#13;&#10;&#9;&#9;int aux06 = 0;&#13;&#10;&#9;&#9;int aux07 = 0;&#13;&#10;&#9;&#9;int j = 0;&#13;&#10;&#9;&#9;int t = 0;&#13;&#10;&#9;&#9;while (aux02 &lt; i) {&#13;&#10;&#9;&#9;    j = 1 ;&#13;&#10;&#9;&#9;    //aux03 = i+1 ;&#13;&#10;&#9;&#9;    while (j &lt; (i+1)){&#13;&#10;&#9;&#9;&#9;&#9;aux07 = j - 1 ;&#13;&#10;&#9;&#9;&#9;&#9;aux04 = this.number[aux07] ;&#13;&#10;&#9;&#9;&#9;&#9;aux05 = this.number[j] ;&#13;&#10;&#9;&#9;&#9;&#9;if (aux05 &lt; aux04) {&#13;&#10;&#9;&#9;&#9;&#9;    aux06 = j - 1 ;&#13;&#10;&#9;&#9;&#9;&#9;    t = this.number[aux06] ;&#13;&#10;&#9;&#9;&#9;&#9;    this.number[aux06] = this.number[j] ;&#13;&#10;&#9;&#9;&#9;&#9;    this.number[j] = t;&#13;&#10;&#9;&#9;&#9;&#9;}&#13;&#10;&#9;&#9;&#9;&#9;else {&#13;&#10;&#9;&#9;&#9;&#9;&#9;nt = 0 ;&#9;&#13;&#10;&#9;&#9;&#9;&#9;}&#13;&#10;&#9;&#9;&#9;&#9;j = j + 1 ;&#13;&#10;&#9;&#9;&#9;}&#13;&#10;&#9;&#9;&#9;i = i - 1 ;&#13;&#10;&#9;&#9;}&#13;&#10;    }&#13;&#10;&#13;&#10;    // Printing method&#13;&#10;//    public void Print(){&#13;&#10;//&#9;&#9;int j = 0;&#13;&#10;//&#9;&#9;while (j &lt; (this.size)) {&#13;&#10;//&#9;&#9;    System.out.println(this.number[j]);&#13;&#10;//&#9;&#9;    j = j + 1 ;&#13;&#10;//&#9;&#9;}&#13;&#10;//    }&#13;&#10;}" Filename="BubbleSort.java" Intrnl_Id="2"/>
<SrcFile Content="package classes;&#13;&#10;&#13;&#10;public class Example {&#13;&#10;&#9;public void function(int x) {&#13;&#10;&#9;&#9;while (x==0 || x==-1) {&#13;&#10;&#9;&#9;&#9;x++;&#13;&#10;&#9;&#9;}&#13;&#10;&#9;}&#13;&#10;//&#9;public void function(int x) {&#13;&#10;//&#9;&#9;if (x&lt;-1) {&#13;&#10;//&#9;&#9;&#9;x = -x;&#13;&#10;//&#9;&#9;}&#13;&#10;//&#9;&#9;if (x == -1) {&#13;&#10;//&#9;&#9;&#9;x = 1;&#13;&#10;//&#9;&#9;}else {&#13;&#10;//&#9;&#9;&#9;x = x +1;&#13;&#10;//&#9;&#9;}&#13;&#10;//&#9;}&#13;&#10;&#9;&#13;&#10;//&#9;public void b(int x) {&#13;&#10;//&#9;&#9;for (int i=0; i&lt;2; i++) {&#13;&#10;//&#9;&#9;&#9;if (x != i) {&#13;&#10;//&#9;&#9;&#9;&#9;x+=2;&#13;&#10;//&#9;&#9;&#9;}&#13;&#10;//&#9;&#9;}&#13;&#10;//&#9;}&#13;&#10;}&#13;&#10;" Filename="Example.java" Intrnl_Id="3"/>
<SrcFile Content="package classes;&#13;&#10;&#13;&#10;public class Factorial {&#13;&#10;    public int ComputeFac(int num){&#13;&#10;&#9;&#9;int num_aux = 0;&#13;&#10;&#9;&#9;if (num &lt; 1){&#13;&#10;&#9;&#9;&#9;num_aux = 1 ;&#13;&#10;&#9;&#9;} &#13;&#10;&#9;&#9;else {&#13;&#10;&#9;&#9;&#9;num_aux = num * (this.ComputeFac(num-1)) ;&#13;&#10;&#9;&#9;}  &#13;&#10;&#9;&#9;return num_aux ;&#13;&#10;&#9;}&#13;&#10;}" Filename="Factorial.java" Intrnl_Id="4"/>
<SrcFile Content="package classes;&#13;&#10;&#13;&#10;public class LinearSearch {&#13;&#10;    public int[] number ;&#13;&#10;    public int size ;&#13;&#10;&#13;&#10;    // Search for a specific value (num) using&#13;&#10;    // linear search&#13;&#10;    public boolean Search(int num){&#13;&#10;&#9;&#9;int j = 0;&#13;&#10;&#9;&#9;boolean ls01 = false;&#13;&#10;&#9;&#9;boolean ifound = false;&#13;&#10;&#9;&#9;int aux01 = 0 ;&#13;&#10;&#9;&#9;int aux02 = 0;&#13;&#10;&#9;&#9;int nt = 0;&#13;&#10;&#9;&#9;int aSize = this.size;&#13;&#10;&#9;&#9;while (j &lt; aSize) {&#13;&#10;&#9;&#9;    aux01 = this.number[j] ;&#13;&#10;&#9;&#9;    aux02 = num + 1 ;&#13;&#10;&#9;&#9;    if (aux01 &lt; num) {&#13;&#10;&#9;&#9;    &#9;nt = 0 ;&#13;&#10;&#9;&#9;    }&#13;&#10;&#9;&#9;    else{&#13;&#10;&#9;&#9;    &#9;if (!(aux01 &lt; aux02)){&#13;&#10;&#9;&#9;&#9;    &#9;nt = 0 ;&#13;&#10;&#9;&#9;&#9;    } &#13;&#10;&#9;&#9;&#9;    else {&#13;&#10;&#9;&#9;&#9;&#9;&#9;ls01 = true ;&#13;&#10;&#9;&#9;&#9;&#9;&#9;ifound = true ;&#13;&#10;&#9;&#9;&#9;&#9;&#9;j = aSize ;&#13;&#10;&#9;&#9;&#9;    }&#13;&#10;&#9;&#9;    }&#13;&#10;&#9;&#9;    j = j + 1 ;&#13;&#10;&#9;&#9;}&#13;&#10;&#9;&#9;return ifound ;&#13;&#10;    }&#13;&#10;  &#13;&#10;    // initialize array of integers with some&#13;&#10;    // some sequence&#13;&#10;    public int Init(int sz){&#13;&#10;    &#9;this.size = sz;&#13;&#10;    &#9;this.number = new int[sz];&#13;&#10;&#9;&#9;int j = 1;&#13;&#10;&#9;&#9;int k = this.size + 1;&#13;&#10;&#9;&#9;int aux01 = 0;&#13;&#10;&#9;&#9;int aux02 = 0;&#13;&#10;&#9;&#9;while (j &lt; (this.size)) {&#13;&#10;&#9;&#9;    aux01 = 2 * j ;&#13;&#10;&#9;&#9;    aux02 = k - 3 ;&#13;&#10;&#9;&#9;    this.number[j] = aux01 + aux02 ;&#13;&#10;&#9;&#9;    j = j + 1 ;&#13;&#10;&#9;&#9;    k = k - 1 ;&#13;&#10;&#9;&#9;}&#13;&#10;&#9;&#9;return 0 ;&#9;&#13;&#10;    }&#13;&#10;}" Filename="LinearSearch.java" Intrnl_Id="5"/>
<SrcFile Content="package classes;&#13;&#10;&#13;&#10;public class LinkedList{&#13;&#10;    Person elem ;&#13;&#10;    LinkedList nextElem ;&#13;&#10;    boolean end ;&#13;&#10;&#13;&#10;    // Initialize the node list as the last node&#13;&#10;    public void Init(){&#13;&#10;&#9;&#9;this.end = true ;&#13;&#10;    }&#13;&#10;&#13;&#10;    // Initialize the values of a new node&#13;&#10;    public void InitNew(Person v_elem, LinkedList v_nextElem, boolean v_end){&#13;&#10;&#9;&#9;this.elem = v_elem ;&#13;&#10;&#9;&#9;this.nextElem = v_nextElem ;&#13;&#10;&#9;&#9;this.end = v_end ;&#13;&#10;    }&#13;&#10;    &#13;&#10;    // Insert a new node at the beginning of the list&#13;&#10;    public LinkedList Insert(Person new_elem){&#13;&#10;    &#9;//LinkedList aux03 = this ;&#13;&#10;    &#9;LinkedList aux02 = new LinkedList();&#13;&#10;&#9;&#9;aux02.InitNew(new_elem,this,false);&#13;&#10;&#9;&#9;return aux02 ;&#13;&#10;    }&#13;&#10;    &#13;&#10;    &#13;&#10;    // Update the the pointer to the nextElem node&#13;&#10;    public void SetnextElem(LinkedList v_nextElem){&#13;&#10;&#9;&#9;this.nextElem = v_nextElem ;&#13;&#10;    }&#13;&#10;    &#13;&#10;    // Delete an element e from the list&#13;&#10;    public LinkedList Delete(Person e){&#13;&#10;    &#9;LinkedList my_head = new LinkedList();&#13;&#10;    &#9;my_head = this;&#13;&#10;&#9;&#9;boolean ret_val = false;&#13;&#10;&#9;&#9;LinkedList aux01 = my_head;&#13;&#10;&#9;&#9;LinkedList prev = my_head;&#13;&#10;&#9;&#9;boolean var_end = my_head.GetEnd();&#13;&#10;&#9;&#9;Person var_elem = my_head.GetElem();&#13;&#10;&#9;&#9;boolean isFirstElement = true;&#13;&#10;&#9;&#9;int nt = 0;&#13;&#10;&#13;&#10;&#9;&#9;while ((!var_end) &amp;&amp; (!ret_val)){&#13;&#10;&#9;&#9;    if (e.Equal(var_elem)){&#13;&#10;&#9;&#9;&#9;&#9;ret_val = true ;&#13;&#10;&#9;&#9;&#9;&#9;if (isFirstElement) { &#13;&#10;&#9;&#9;&#9;&#9;    // delete first element&#13;&#10;&#9;&#9;&#9;&#9;    my_head = aux01.getNextElem() ;&#13;&#10;&#9;&#9;&#9;&#9;} &#13;&#10;&#9;&#9;&#9;&#9;else{ // delete a non first element&#13;&#10;&#9;&#9;&#9;&#9;    prev.SetnextElem(aux01.getNextElem());&#13;&#10;&#9;&#9;&#9;&#9;}&#13;&#10;&#9;&#9;    } else {&#13;&#10;&#9;&#9;    &#9;nt = 0 ;&#13;&#10;&#9;&#9;   &#9;}&#13;&#10;&#9;&#9;    if (!ret_val){&#13;&#10;&#9;&#9;&#9;&#9;prev = aux01 ;&#13;&#10;&#9;&#9;&#9;&#9;aux01 = aux01.getNextElem() ;&#13;&#10;&#9;&#9;&#9;&#9;var_end = aux01.GetEnd();&#13;&#10;&#9;&#9;&#9;&#9;var_elem = aux01.GetElem();&#13;&#10;&#9;&#9;&#9;&#9;isFirstElement = false ; &#13;&#10;&#9;&#9;    } &#13;&#10;&#9;&#9;    else {&#13;&#10;&#9;&#9;    &#9;nt = 0 ;&#13;&#10;&#9;&#9;    } &#13;&#10;&#9;&#9;}&#13;&#10;&#9;&#9;return my_head ;&#13;&#10;    }&#13;&#10;    &#13;&#10;    &#13;&#10;    // Search for an element e on the list&#13;&#10;    public boolean Search(Person e){&#13;&#10;&#9;&#9;boolean found = false;&#13;&#10;&#9;&#9;LinkedList aux01 = this;&#13;&#10;&#9;&#9;Person var_elem = this.GetElem();&#13;&#10;&#9;&#9;boolean var_end = this.GetEnd();&#13;&#10;&#9;&#9;int nt = 0;&#13;&#10;&#13;&#10;&#9;&#9;while (!var_end){&#13;&#10;&#9;&#9;    if (e.Equal(var_elem)){&#13;&#10;&#9;&#9;&#9;&#9;found = true;&#13;&#10;&#9;&#9;    }&#13;&#10;&#9;&#9;    else {&#13;&#10;&#9;&#9;    &#9;nt = 0 ;&#13;&#10;&#9;&#9;    } &#13;&#10;&#9;&#9;    aux01 = aux01.getNextElem() ;&#13;&#10;&#9;&#9;    var_end = aux01.GetEnd();&#13;&#10;&#9;&#9;    var_elem = aux01.GetElem();&#13;&#10;&#9;&#9;}&#13;&#10;&#9;&#9;return found ;&#13;&#10;    }&#13;&#10;    &#13;&#10;    public boolean GetEnd(){&#13;&#10;&#9;&#9;return this.end;&#13;&#10;    }&#13;&#10;    &#13;&#10;    public Person GetElem(){&#13;&#10;&#9;&#9;return this.elem;&#13;&#10;    }&#13;&#10;    &#13;&#10;    public LinkedList getNextElem(){&#13;&#10;&#9;&#9;return this.nextElem ;&#13;&#10;    }&#13;&#10;}" Filename="LinkedList.java" Intrnl_Id="6"/>
<SrcFile Content="package classes;&#13;&#10;&#13;&#10;public class Person {&#13;&#10;    int Age ;          &#13;&#10;    int Salary ;&#13;&#10;    boolean Married ;&#13;&#10;&#13;&#10;    public Person() {&#13;&#10;    &#9;&#13;&#10;    }&#13;&#10;    // Initialize some class variables&#13;&#10;    public void Init(int v_Age, int v_Salary, boolean v_Married){&#13;&#10;&#9;&#9;this.Age = v_Age ;&#13;&#10;&#9;&#9;this.Salary = v_Salary ;&#13;&#10;&#9;&#9;this.Married = v_Married ;&#13;&#10;    }&#13;&#10;&#13;&#10;    public int GetAge(){&#13;&#10;&#9;&#9;return this.Age ;&#13;&#10;    }&#13;&#10;    &#13;&#10;    public int GetSalary(){&#13;&#10;&#9;&#9;return this.Salary ;&#13;&#10;    }&#13;&#10;&#13;&#10;    public boolean GetMarried(){&#13;&#10;&#9;&#9;return this.Married;&#13;&#10;    }&#13;&#10;&#13;&#10;    // This method returns true if the object &quot;other&quot;&#13;&#10;    // has the same values for age, salary and married&#13;&#10;    public boolean Equal(Person other){&#13;&#10;&#9;&#9;boolean ret_val = true;&#13;&#10;&#9;&#9;int nt = 0;&#13;&#10;&#9;&#9;int thisAge = this.GetAge();&#13;&#10;&#9;&#9;int otherAge = other.GetAge();&#13;&#10;&#9;&#9;if (!this.Compare(thisAge,otherAge)){&#13;&#10;&#9;&#9;&#9;ret_val = false ;&#13;&#10;&#9;&#9;} &#13;&#10;&#9;&#9;else { &#13;&#10;&#9;&#9;&#9;int thisSalary = this.GetSalary();&#13;&#10;&#9;&#9;&#9;int otherSalary = other.GetSalary();&#13;&#10;&#9;&#9;    if (!this.Compare(thisSalary, otherSalary)){&#13;&#10;&#9;&#9;    &#9;ret_val = false ;&#13;&#10;&#9;&#9;    } &#13;&#10;&#9;&#9;    else {&#13;&#10;&#9;&#9;    &#9;boolean thisMarried = this.GetMarried();&#13;&#10;&#9;&#9;    &#9;boolean otherMarried = other.GetMarried();&#13;&#10;&#9;&#9;    &#9;if (thisMarried) {&#13;&#10;&#9;&#9;    &#9;&#9;if (!otherMarried){&#13;&#10;&#9;&#9;    &#9;&#9;&#9;ret_val = false;&#13;&#10;&#9;&#9;    &#9;&#9;} &#13;&#10;&#9;&#9;&#9;   &#9; &#9;else {&#13;&#10;&#9;&#9;&#9;   &#9; &#9;&#9;nt = 0 ;&#13;&#10;&#9;&#9;&#9;   &#9; &#9;}&#13;&#10;&#9;&#9;    &#9;}&#13;&#10;&#9;&#9;&#9;&#9;else{&#13;&#10;&#9;&#9;&#9;&#9;&#9;if (otherMarried){&#13;&#10;&#9;&#9;&#9;&#9;&#9;&#9;ret_val = false;&#13;&#10;&#9;&#9;&#9;&#9;&#9;} &#13;&#10;&#9;&#9;&#9;&#9;    else {&#13;&#10;&#9;&#9;&#9;&#9;    &#9;nt = 0 ;&#13;&#10;&#9;&#9;&#9;&#9;    } &#13;&#10;&#9;&#9;&#9;&#9;}&#13;&#10;&#9;&#9;&#9;}&#9;&#13;&#10;&#9;&#9;}&#13;&#10;&#9;&#9;return ret_val ;&#13;&#10;    }&#13;&#10;&#13;&#10;    // This method compares two integers and&#13;&#10;    // returns true if they are equal and false&#13;&#10;    // otherwise&#13;&#10;    public boolean Compare(int num1 , int num2){&#13;&#10;&#9;&#9;boolean retval = false;&#13;&#10;&#9;&#9;int aux02 = num2 + 1 ;&#13;&#10;&#9;&#9;if (num1 &lt; num2){&#13;&#10;&#9;&#9;&#9; retval = false ;&#13;&#10;&#9;&#9;}&#13;&#10;&#9;&#9;else{&#13;&#10;&#9;&#9;&#9;if (!(num1 &lt; aux02)){&#13;&#10;&#9;&#9;&#9;&#9;retval = false ;&#13;&#10;&#9;&#9;&#9;} &#13;&#10;&#9;&#9;&#9;else {&#13;&#10;&#9;&#9;&#9;&#9;retval = true ;&#13;&#10;&#9;&#9;&#9;} &#13;&#10;&#9;&#9;}&#13;&#10;&#9;&#9;return retval ;&#13;&#10;    }&#13;&#10;}" Filename="Person.java" Intrnl_Id="7"/>
<SrcFile Content="package classes;&#13;&#10;// This class contains the array of integers and&#13;&#10;// methods to initialize, print and sort the array&#13;&#10;// using Quicksort&#13;&#10;public class QuickSort{&#13;&#10;    &#13;&#10;    public int[] number ;&#13;&#10;    public int size ;&#13;&#10;    &#13;&#10;    // Sort array of integers using Quicksort method&#13;&#10;    public int Sort(int left, int right){&#13;&#10;&#9;&#9;int v = 0;&#13;&#10;&#9;&#9;int i = 0;&#13;&#10;&#9;&#9;int j = 0;&#13;&#10;&#9;&#9;int nt = 0;&#13;&#10;&#9;&#9;int t = 0;&#13;&#10;&#9;&#9;boolean cont01 = false;&#13;&#10;&#9;&#9;boolean cont02 = false;&#13;&#10;&#9;&#9;int aux03 = 0;&#13;&#10;&#9;&#9;if (left &lt; right){&#13;&#10;&#9;&#9;    v = this.number[right] ;&#13;&#10;&#9;&#9;    i = left - 1 ;&#13;&#10;&#9;&#9;    j = right ;&#13;&#10;&#9;&#9;    cont01 = true ;&#13;&#10;&#9;&#9;    while (cont01){&#13;&#10;&#9;&#9;&#9;&#9;cont02 = true ;&#13;&#10;&#9;&#9;&#9;&#9;while (cont02){&#13;&#10;&#9;&#9;&#9;&#9;    i = i + 1 ;&#13;&#10;&#9;&#9;&#9;&#9;    aux03 = this.number[i] ;&#13;&#10;&#9;&#9;&#9;&#9;    if (!(aux03&lt;v)) {&#13;&#10;&#9;&#9;&#9;&#9;    &#9;cont02 = false ;&#13;&#10;&#9;&#9;&#9;&#9;    }&#13;&#10;&#9;&#9;&#9;&#9;    else {&#13;&#10;&#9;&#9;&#9;&#9;    &#9;cont02 = true ;&#13;&#10;&#9;&#9;&#9;&#9;    } &#13;&#10;&#9;&#9;&#9;&#9;}&#13;&#10;&#9;&#9;&#9;&#9;cont02 = true ;&#13;&#10;&#9;&#9;&#9;&#9;while (cont02){&#13;&#10;&#9;&#9;&#9;&#9;    j = j - 1 ;&#13;&#10;&#9;&#9;&#9;&#9;    aux03 = this.number[j] ;&#13;&#10;&#9;&#9;&#9;&#9;    if (!(v &lt; aux03)){&#13;&#10;&#9;&#9;&#9;&#9;    &#9;cont02 = false ;&#13;&#10;&#9;&#9;&#9;&#9;    } &#13;&#10;&#9;&#9;&#9;&#9;    else {&#13;&#10;&#9;&#9;&#9;&#9;    &#9;cont02 = true ;&#13;&#10;&#9;&#9;&#9;&#9;    }&#13;&#10;&#9;&#9;&#9;&#9;}&#13;&#10;&#9;&#9;&#9;&#9;t = this.number[i] ;&#13;&#10;&#9;&#9;&#9;&#9;this.number[i] = this.number[j] ;&#13;&#10;&#9;&#9;&#9;&#9;this.number[j] = t ;&#13;&#10;&#9;&#9;&#9;&#9;//aux03 = i + 1 ;&#13;&#10;&#9;&#9;&#9;&#9;if ( j &lt; (i+1)) {&#13;&#10;&#9;&#9;&#9;&#9;&#9;cont01 = false ;&#13;&#10;&#9;&#9;&#9;&#9;}&#13;&#10;&#9;&#9;&#9;&#9;else {&#13;&#10;&#9;&#9;&#9;&#9;&#9;cont01 = true ;&#13;&#10;&#9;&#9;&#9;&#9;}&#13;&#10;&#9;&#9;    }&#13;&#10;&#9;&#9;    this.number[j] = this.number[i] ;&#13;&#10;&#9;&#9;    this.number[i] = this.number[right] ;&#13;&#10;&#9;&#9;    this.number[right] = t ;&#13;&#10;&#9;&#9;    nt = this.Sort(left,i-1);&#13;&#10;&#9;&#9;    nt = this.Sort(i+1,right);&#13;&#10;&#9;&#9;}&#13;&#10;&#9;&#9;else {&#13;&#10;&#9;&#9;&#9;nt = 0 ;&#13;&#10;&#9;&#9;}&#13;&#10;&#9;&#9;return 0 ;&#13;&#10;    }&#13;&#10;&#13;&#10;    &#13;&#10;    // Print array of integers&#13;&#10;//    public int Print(){&#13;&#10;//&#9;&#9;int j = 0;&#13;&#10;//&#9;&#9;while (j &lt; (this.size)) {&#13;&#10;//&#9;&#9;    System.out.println(this.number[j]);&#13;&#10;//&#9;&#9;    j = j + 1 ;&#13;&#10;//&#9;&#9;}&#13;&#10;//&#9;&#9;return 0 ;&#13;&#10;//    }&#13;&#10;}" Filename="QuickSort.java" Intrnl_Id="8"/>
<SrcFile Content="package classes;&#13;&#10;&#13;&#10;public class Tree{&#13;&#10;    Tree left ;&#13;&#10;    Tree right;&#13;&#10;    int key ;&#13;&#10;    boolean has_left ;&#13;&#10;    boolean has_right ;&#13;&#10;    Tree my_null ;&#13;&#10;&#13;&#10;    public void Init(int v_key){&#13;&#10;&#9;&#9;this.key = v_key ;&#13;&#10;&#9;&#9;this.has_left = false ;&#13;&#10;&#9;&#9;this.has_right = false ;&#13;&#10;    }&#13;&#10;&#13;&#10;    public Tree GetRight(){&#13;&#10;&#9;&#9;return this.right ;&#13;&#10;    }&#13;&#10;    &#13;&#10;    public void SetRight(Tree rn){&#13;&#10;&#9;&#9;this.right = rn ;&#13;&#10;    }&#13;&#10;&#13;&#10;    public Tree GetLeft(){&#13;&#10;&#9;&#9;return this.left;&#13;&#10;    }&#13;&#10;&#13;&#10;&#9;public void SetLeft(Tree ln){&#13;&#10;&#9;&#9;this.left = ln ;&#13;&#10;    }&#13;&#10;    public int GetKey(){&#13;&#10;&#9;&#9;return this.key ;&#13;&#10;    }&#13;&#10;&#13;&#10;    public void SetKey(int v_key){&#13;&#10;&#9;&#9;this.key = v_key ;&#13;&#10;    }&#13;&#10;&#13;&#10;    public boolean GetHas_Right(){&#13;&#10;&#9;&#9;return this.has_right;&#13;&#10;    }&#13;&#10;&#13;&#10;&#9;public void SetHas_Right(boolean val){&#13;&#10;&#9;&#9; this.has_right = val ;&#13;&#10;    }&#13;&#10;    &#13;&#10;    public boolean GetHas_Left(){&#13;&#10;&#9;&#9;return this.has_left ;&#13;&#10;    }&#13;&#10;&#13;&#10;    public void SetHas_Left(boolean val){&#13;&#10;&#9;&#9; this.has_left = val ;&#13;&#10;    } &#13;&#10;&#13;&#10;    public boolean Compare(int num1 , int num2){&#13;&#10;&#9;&#9;boolean ntb = false;&#13;&#10;&#9;&#9;int nti = num2 + 1 ;&#13;&#10;&#9;&#9;if (num1 &lt; num2) {&#13;&#10;&#9;&#9;&#9;ntb = false ;&#13;&#10;&#9;&#9;}&#13;&#10;&#9;&#9;else{&#13;&#10;&#9;&#9;&#9;if (!(num1 &lt; nti)){&#13;&#10;&#9;&#9;&#9;&#9;ntb = false ;&#13;&#10;&#9;&#9;&#9;} &#13;&#10;&#9;&#9;&#9;else {&#13;&#10;&#9;&#9;&#9;&#9;ntb = true ;&#13;&#10;&#9;&#9;&#9;}&#13;&#10;&#9;&#9;}&#13;&#10;&#9;&#9;return ntb ;&#13;&#10;    }&#13;&#10;&#13;&#10;    public void Insert(int v_key){&#13;&#10;&#9;&#9;Tree new_node = new Tree();&#13;&#10;&#9;&#9;new_node.Init(v_key) ;&#13;&#10;&#9;&#9;Tree current_node = this ;&#13;&#10;&#9;&#9;boolean cont = true ;&#13;&#10;&#9;&#9;int key_aux = 0;&#13;&#10;&#9;&#9;while (cont){&#13;&#10;&#9;&#9;    key_aux = current_node.GetKey();&#13;&#10;&#9;&#9;    if (v_key &lt; key_aux){&#13;&#10;&#9;&#9;&#9;&#9;if (current_node.GetHas_Left()){&#13;&#10;&#9;&#9;&#9;&#9;&#9;current_node = current_node.GetLeft() ;&#13;&#10;&#9;&#9;&#9;&#9;}    &#13;&#10;&#9;&#9;&#9;&#9;else {&#13;&#10;&#9;&#9;&#9;&#9;    cont = false ;&#13;&#10;&#9;&#9;&#9;&#9;    current_node.SetHas_Left(true);&#13;&#10;&#9;&#9;&#9;&#9;    current_node.SetLeft(new_node);&#13;&#10;&#9;&#9;&#9;&#9;}&#13;&#10;&#9;&#9;    }&#13;&#10;&#9;&#9;    else{&#13;&#10;&#9;&#9;&#9;&#9;if (current_node.GetHas_Right()){&#13;&#10;&#9;&#9;&#9;&#9;    current_node = current_node.GetRight() ;&#13;&#10;&#9;&#9;&#9;&#9;}&#13;&#10;&#9;&#9;&#9;&#9;else {&#13;&#10;&#9;&#9;&#9;&#9;    cont = false ;&#13;&#10;&#9;&#9;&#9;&#9;    current_node.SetHas_Right(true);&#13;&#10;&#9;&#9;&#9;&#9;    current_node.SetRight(new_node);&#13;&#10;&#9;&#9;&#9;&#9;}&#13;&#10;&#9;&#9;    }&#13;&#10;&#9;&#9;}&#13;&#10;    }&#13;&#10;&#13;&#10;    public boolean Delete(int v_key){&#13;&#10;&#9;&#9;Tree current_node = this ;&#13;&#10;&#9;&#9;Tree parent_node = this ;&#13;&#10;&#9;&#9;boolean cont = true ;&#13;&#10;&#9;&#9;boolean found = false ;&#13;&#10;&#9;&#9;boolean ntb = false;&#13;&#10;&#9;&#9;boolean is_root = true ;&#13;&#10;&#9;&#9;int key_aux = 0;&#13;&#10;&#13;&#10;&#9;&#9;while (cont){&#13;&#10;&#9;&#9;    key_aux = current_node.GetKey();&#13;&#10;&#9;&#9;    if (v_key &lt; key_aux){&#13;&#10;&#9;&#9;    &#9;if (current_node.GetHas_Left()){&#13;&#10;&#9;&#9;&#9;&#9;    parent_node = current_node ;&#13;&#10;&#9;&#9;&#9;&#9;    current_node = current_node.GetLeft() ;&#13;&#10;&#9;&#9;&#9;&#9;}&#13;&#10;&#9;&#9;&#9;&#9;else {&#13;&#10;&#9;&#9;&#9;&#9;&#9;cont = false ;&#13;&#10;&#9;&#9;&#9;&#9;}&#13;&#10;&#9;&#9;    }&#13;&#10;&#9;&#9;    else {&#13;&#10;&#9;&#9;    &#9;if (key_aux &lt; v_key){&#13;&#10;&#9;&#9;&#9;&#9;    if (current_node.GetHas_Right()){&#13;&#10;&#9;&#9;&#9;&#9;&#9;&#9;parent_node = current_node ;&#13;&#10;&#9;&#9;&#9;&#9;&#9;&#9;current_node = current_node.GetRight() ;&#13;&#10;&#9;&#9;&#9;&#9;    }&#13;&#10;&#9;&#9;&#9;   &#9; &#9;else {&#13;&#10;&#9;&#9;&#9;   &#9; &#9;&#9;cont = false ;&#13;&#10;&#9;&#9;&#9;   &#9; &#9;}&#13;&#10;&#9;&#9;&#9;   &#9;}&#13;&#10;&#9;&#9;&#9;&#9;else { &#13;&#10;&#9;&#9;&#9;&#9;    if (is_root) {&#13;&#10;&#9;&#9;&#9;&#9;    &#9;if (!current_node.GetHas_Right() &amp;&amp; !current_node.GetHas_Left() ){&#13;&#10;&#9;&#9;&#9;&#9;    &#9;&#9;ntb = true ;&#13;&#10;&#9;&#9;&#9;&#9;    &#9;}    &#13;&#10;&#9;&#9;&#9;&#9;&#9;&#9;else{&#13;&#10;&#9;&#9;&#9;&#9;&#9;&#9;&#9;ntb = this.Remove(parent_node,current_node); &#13;&#10;&#9;&#9;&#9;&#9;&#9;&#9;}   &#13;&#10;&#9;&#9;&#9;&#9;    }&#13;&#10;&#9;&#9;&#9;&#9;    else {&#13;&#10;&#9;&#9;&#9;&#9;    &#9;ntb = this.Remove(parent_node,current_node);&#13;&#10;&#9;&#9;&#9;&#9;    }&#13;&#10;&#9;&#9;&#9;&#9;    found = true ;&#13;&#10;&#9;&#9;&#9;&#9;    cont = false ;&#13;&#10;&#9;&#9;&#9;&#9;}&#13;&#10;&#9;&#9;    }&#9;&#13;&#10;&#9;&#9;    is_root = false ;&#13;&#10;&#9;&#9;}&#13;&#10;&#9;&#9;return found ;&#13;&#10;    }&#13;&#10;&#13;&#10;    public boolean Remove(Tree p_node, Tree c_node){&#13;&#10;&#9;&#9;boolean ntb = false;&#13;&#10;&#9;&#9;int auxkey1 = 0;&#13;&#10;&#9;&#9;int auxkey2 = 0;&#13;&#10;&#9;&#13;&#10;&#9;&#9;if (c_node.GetHas_Left()) {&#13;&#10;&#9;&#9;&#9;ntb = this.RemoveLeft(p_node,c_node) ;&#13;&#10;&#9;&#9;}    &#13;&#10;&#9;&#9;else {&#13;&#10;&#9;&#9;&#9;if (c_node.GetHas_Right()){&#13;&#10;&#9;&#9;&#9;&#9;ntb = this.RemoveRight(p_node,c_node) ;&#13;&#10;&#9;&#9;&#9;}&#13;&#10;&#9;&#9;&#9;else {&#13;&#10;&#9;&#9;&#9;&#9;auxkey1 = c_node.GetKey();&#13;&#10;&#9;&#9;&#9;&#9;Tree auxkey00 = p_node.GetLeft();&#13;&#10;&#9;&#9;&#9;&#9;auxkey2 = auxkey00.GetKey() ;&#13;&#10;&#9;&#9;&#9;&#9;if (this.Compare(auxkey1,auxkey2)) {&#13;&#10;&#9;&#9;&#9;&#9;    p_node.SetLeft(this.my_null);&#13;&#10;&#9;&#9;&#9;&#9;    p_node.SetHas_Left(false);&#13;&#10;&#9;&#9;&#9;&#9;}&#13;&#10;&#9;&#9;&#9;&#9;else {&#13;&#10;&#9;&#9;&#9;&#9;    p_node.SetRight(this.my_null);&#13;&#10;&#9;&#9;&#9;&#9;    p_node.SetHas_Right(false);&#13;&#10;&#9;&#9;&#9;&#9;}&#13;&#10;&#9;&#9;&#9;}&#13;&#10;&#9;&#9;}&#13;&#10;&#9;&#9;return true ;&#13;&#10;    }&#13;&#10;&#13;&#10;    public boolean RemoveRight(Tree p_node, Tree c_node){&#13;&#10;&#9;&#9;boolean ntb = false;&#13;&#10;&#9;&#9;while (c_node.GetHas_Right()){&#13;&#10;&#9;&#9;&#9;Tree auxkey00 = c_node.GetRight();&#13;&#10;&#9;&#9;    c_node.SetKey(auxkey00.GetKey());&#13;&#10;&#9;&#9;    p_node = c_node ;&#13;&#10;&#9;&#9;    c_node = c_node.GetRight() ;&#13;&#10;&#9;&#9;}&#13;&#10;&#9;&#9;p_node.SetRight(this.my_null);&#13;&#10;&#9;&#9;p_node.SetHas_Right(false);&#13;&#10;&#9;&#9;return true ;&#13;&#10;    }&#13;&#10;&#13;&#10;    public boolean RemoveLeft(Tree p_node, Tree c_node){&#13;&#10;&#9;&#9;boolean ntb = false;&#13;&#10;&#9;&#9;while (c_node.GetHas_Left()){&#13;&#10;&#9;&#9;&#9;Tree auxkey00 = c_node.GetLeft();&#13;&#10;&#9;&#9;    c_node.SetKey(auxkey00.GetKey());&#13;&#10;&#9;&#9;    p_node = c_node ;&#13;&#10;&#9;&#9;    c_node = c_node.GetLeft() ;&#13;&#10;&#9;&#9;}&#13;&#10;&#9;&#9;p_node.SetLeft(this.my_null);&#13;&#10;&#9;&#9;p_node.SetHas_Left(false);&#13;&#10;&#9;&#9;return true ;&#13;&#10;    }&#13;&#10;&#13;&#10;&#13;&#10;    public boolean Search(int v_key){&#13;&#10;&#9;&#9;Tree current_node = this;&#13;&#10;&#9;&#9;boolean ifound = false;&#13;&#10;&#9;&#9;boolean cont = true;&#13;&#10;&#9;&#9;int key_aux = 0;&#13;&#10;&#13;&#10;&#9;&#9;while (cont){&#13;&#10;&#9;&#9;    key_aux = current_node.GetKey();&#13;&#10;&#9;&#9;    if (v_key &lt; key_aux){&#13;&#10;&#9;&#9;    &#9;if (current_node.GetHas_Left()){&#13;&#10;&#9;&#9;    &#9;&#9;current_node = current_node.GetLeft() ;&#13;&#10;&#9;&#9;    &#9;}&#13;&#10;&#9;&#9;&#9;&#9;else {&#13;&#10;&#9;&#9;&#9;&#9;&#9;cont = false ;&#13;&#10;&#9;&#9;&#9;&#9;}&#13;&#10;&#9;&#9;    }&#13;&#10;&#9;&#9;    else {&#13;&#10;&#9;&#9;    &#9;if (key_aux &lt; v_key){&#13;&#10;&#9;&#9;    &#9;&#9;if (current_node.GetHas_Right()){&#13;&#10;&#9;&#9;    &#9;&#9;&#9;current_node = current_node.GetRight() ;&#13;&#10;&#9;&#9;    &#9;&#9;}&#13;&#10;&#9;&#9;    &#9;&#9;else {&#13;&#10;&#9;&#9;    &#9;&#9;&#9;cont = false ;&#13;&#10;&#9;&#9;    &#9;&#9;}&#13;&#10;&#9;&#9;    &#9;}  &#13;&#10;&#9;&#9;&#9;&#9;else { &#13;&#10;&#9;&#9;&#9;&#9;    ifound = true;&#13;&#10;&#9;&#9;&#9;&#9;    cont = false ;&#13;&#10;&#9;&#9;&#9;&#9;}&#13;&#10;&#9;&#9;    }&#13;&#10;&#9;&#9;}&#13;&#10;&#9;&#9;return ifound ;&#13;&#10;    }&#13;&#10;}&#13;&#10;" Filename="Tree.java" Intrnl_Id="9"/>
</SrcFileList>
<CritList>
<CritListEntry Name="org.codecover.model.utils.criteria.ConditionCoverage" PluginName="org.codecover"/>
<CritListEntry Name="org.codecover.model.utils.criteria.BranchCoverage" PluginName="org.codecover"/>
<CritListEntry Name="org.codecover.model.utils.criteria.StatementCoverage" PluginName="org.codecover"/>
</CritList>
<BoolOpList>
<BoolOp Arity="2" Intrnl_Id="10" Name="conditional and (&amp;&amp;)">
<BoolAssgnmntBoolMapList>
<MapEntry BoolAssgnmnt="02" Value="false"/>
<MapEntry BoolAssgnmnt="10" Value="false"/>
<MapEntry BoolAssgnmnt="11" Value="true"/>
</BoolAssgnmntBoolMapList>
</BoolOp>
<BoolOp Arity="2" Intrnl_Id="11" Name="conditional or (||)">
<BoolAssgnmntBoolMapList>
<MapEntry BoolAssgnmnt="00" Value="false"/>
<MapEntry BoolAssgnmnt="01" Value="true"/>
<MapEntry BoolAssgnmnt="12" Value="true"/>
</BoolAssgnmntBoolMapList>
</BoolOp>
<BoolOp Arity="1" Intrnl_Id="12" Name="not (!)">
<BoolAssgnmntBoolMapList>
<MapEntry BoolAssgnmnt="1" Value="false"/>
<MapEntry BoolAssgnmnt="0" Value="true"/>
</BoolAssgnmntBoolMapList>
</BoolOp>
</BoolOpList>
<HierarchyLvlTypeList>
<HierarchyLvlType EnglishName="package" IntrnlName="package" Intrnl_Id="13"/>
<HierarchyLvlType EnglishName="method" IntrnlName="method" Intrnl_Id="14"/>
<HierarchyLvlType EnglishName="class" IntrnlName="class" Intrnl_Id="15"/>
<HierarchyLvlType EnglishName="default package" IntrnlName="default package" Intrnl_Id="16"/>
</HierarchyLvlTypeList>
<MASTRoot>
<HierarchyLvl HierarchyLvlId="1238" HierarchyLvlTypeId="16" Intrnl_Id="17" Name="default package">
<Header/>
<LocList/>
<HierarchyLvl HierarchyLvlId="1237" HierarchyLvlTypeId="13" Intrnl_Id="18" Name="classes">
<Header/>
<LocList/>
<HierarchyLvl HierarchyLvlId="1188" HierarchyLvlTypeId="15" Intrnl_Id="19" Name="BinarySearch">
<Header>
<Loc EndOffset="174" SrcFileId="1" StartOffset="149"/>
</Header>
<LocList>
<Loc EndOffset="2419" SrcFileId="1" StartOffset="149"/>
</LocList>
<HierarchyLvl HierarchyLvlId="1184" HierarchyLvlTypeId="14" Intrnl_Id="20" Name="Search">
<Header>
<Loc EndOffset="319" SrcFileId="1" StartOffset="289"/>
</Header>
<LocList>
<Loc EndOffset="1081" SrcFileId="1" StartOffset="289"/>
</LocList>
<StmntSeq Intrnl_Id="21">
<LocList>
<Loc EndOffset="345" SrcFileId="1" StartOffset="324"/>
<Loc EndOffset="380" SrcFileId="1" StartOffset="349"/>
<Loc EndOffset="403" SrcFileId="1" StartOffset="384"/>
<Loc EndOffset="420" SrcFileId="1" StartOffset="407"/>
<Loc EndOffset="448" SrcFileId="1" StartOffset="424"/>
<Loc EndOffset="467" SrcFileId="1" StartOffset="452"/>
<Loc EndOffset="485" SrcFileId="1" StartOffset="471"/>
<Loc EndOffset="500" SrcFileId="1" StartOffset="489"/>
<Loc EndOffset="965" SrcFileId="1" StartOffset="506"/>
<Loc EndOffset="1057" SrcFileId="1" StartOffset="972"/>
<Loc EndOffset="1074" SrcFileId="1" StartOffset="1061"/>
</LocList>
<BasicStmnt CovItemId="S1" CovItemPrefix="classes.BinarySearch.java" Intrnl_Id="22">
<LocList>
<Loc EndOffset="345" SrcFileId="1" StartOffset="324"/>
</LocList>
</BasicStmnt>
<BasicStmnt CovItemId="S2" CovItemPrefix="classes.BinarySearch.java" Intrnl_Id="23">
<LocList>
<Loc EndOffset="380" SrcFileId="1" StartOffset="349"/>
</LocList>
</BasicStmnt>
<BasicStmnt CovItemId="S3" CovItemPrefix="classes.BinarySearch.java" Intrnl_Id="24">
<LocList>
<Loc EndOffset="403" SrcFileId="1" StartOffset="384"/>
</LocList>
</BasicStmnt>
<BasicStmnt CovItemId="S4" CovItemPrefix="classes.BinarySearch.java" Intrnl_Id="25">
<LocList>
<Loc EndOffset="420" SrcFileId="1" StartOffset="407"/>
</LocList>
</BasicStmnt>
<BasicStmnt CovItemId="S5" CovItemPrefix="classes.BinarySearch.java" Intrnl_Id="26">
<LocList>
<Loc EndOffset="448" SrcFileId="1" StartOffset="424"/>
</LocList>
</BasicStmnt>
<BasicStmnt CovItemId="S6" CovItemPrefix="classes.BinarySearch.java" Intrnl_Id="27">
<LocList>
<Loc EndOffset="467" SrcFileId="1" StartOffset="452"/>
</LocList>
</BasicStmnt>
<BasicStmnt CovItemId="S7" CovItemPrefix="classes.BinarySearch.java" Intrnl_Id="28">
<LocList>
<Loc EndOffset="485" SrcFileId="1" StartOffset="471"/>
</LocList>
</BasicStmnt>
<BasicStmnt CovItemId="S8" CovItemPrefix="classes.BinarySearch.java" Intrnl_Id="29">
<LocList>
<Loc EndOffset="500" SrcFileId="1" StartOffset="489"/>
</LocList>
</BasicStmnt>
<LoopStmnt CovItemId="S9" CovItemPrefix="classes.BinarySearch.java" Intrnl_Id="30" MltplExecId="L1-2" MltplExecPrefix="classes.BinarySearch.java" NvrExecId="L1-0" NvrExecPrefix="classes.BinarySearch.java" OnceExecutedId="L1-1" OnceExecutedPrefix="classes.BinarySearch.java" OptBodyExec="true">
<StmntSeq Intrnl_Id="31">
<LocList>
<Loc EndOffset="554" SrcFileId="1" StartOffset="531"/>
<Loc EndOffset="588" SrcFileId="1" StartOffset="562"/>
<Loc EndOffset="625" SrcFileId="1" StartOffset="596"/>
<Loc EndOffset="738" SrcFileId="1" StartOffset="633"/>
<Loc EndOffset="859" SrcFileId="1" StartOffset="746"/>
<Loc EndOffset="960" SrcFileId="1" StartOffset="867"/>
</LocList>
<BasicStmnt CovItemId="S10" CovItemPrefix="classes.BinarySearch.java" Intrnl_Id="32">
<LocList>
<Loc EndOffset="554" SrcFileId="1" StartOffset="531"/>
</LocList>
</BasicStmnt>
<BasicStmnt CovItemId="S11" CovItemPrefix="classes.BinarySearch.java" Intrnl_Id="33">
<LocList>
<Loc EndOffset="588" SrcFileId="1" StartOffset="562"/>
</LocList>
</BasicStmnt>
<BasicStmnt CovItemId="S12" CovItemPrefix="classes.BinarySearch.java" Intrnl_Id="34">
<LocList>
<Loc EndOffset="625" SrcFileId="1" StartOffset="596"/>
</LocList>
</BasicStmnt>
<CondStmnt CovItemId="S13" CovItemPrefix="classes.BinarySearch.java" Intrnl_Id="35">
<Branch CovItemId="B1" CovItemPrefix="classes.BinarySearch.java" Implct="false" Intrnl_Id="36">
<Cond/>
<LocList>
<Loc EndOffset="688" SrcFileId="1" StartOffset="650"/>
</LocList>
<StmntSeq Intrnl_Id="37">
<LocList>
<Loc EndOffset="679" SrcFileId="1" StartOffset="660"/>
</LocList>
<BasicStmnt CovItemId="S14" CovItemPrefix="classes.BinarySearch.java" Intrnl_Id="38">
<LocList>
<Loc EndOffset="679" SrcFileId="1" StartOffset="660"/>
</LocList>
</BasicStmnt>
</StmntSeq>
</Branch>
<Branch CovItemId="B2" CovItemPrefix="classes.BinarySearch.java" Implct="false" Intrnl_Id="39">
<Cond>
<Loc EndOffset="700" SrcFileId="1" StartOffset="696"/>
</Cond>
<LocList>
<Loc EndOffset="738" SrcFileId="1" StartOffset="701"/>
</LocList>
<StmntSeq Intrnl_Id="40">
<LocList>
<Loc EndOffset="729" SrcFileId="1" StartOffset="711"/>
</LocList>
<BasicStmnt CovItemId="S15" CovItemPrefix="classes.BinarySearch.java" Intrnl_Id="41">
<LocList>
<Loc EndOffset="729" SrcFileId="1" StartOffset="711"/>
</LocList>
</BasicStmnt>
</StmntSeq>
</Branch>
<Keyword EndOffset="635" SrcFileId="1" StartOffset="633"/>
<LocList>
<Loc EndOffset="738" SrcFileId="1" StartOffset="633"/>
</LocList>
<RootTerm CovItemId="C2" CovItemPrefix="classes.BinarySearch.java" Intrnl_Id="42">
<BasicBoolTerm Intrnl_Id="43">
<LocList>
<Loc EndOffset="648" SrcFileId="1" StartOffset="637"/>
</LocList>
</BasicBoolTerm>
</RootTerm>
</CondStmnt>
<CondStmnt CovItemId="S16" CovItemPrefix="classes.BinarySearch.java" Intrnl_Id="44">
<Branch CovItemId="B3" CovItemPrefix="classes.BinarySearch.java" Implct="false" Intrnl_Id="45">
<Cond/>
<LocList>
<Loc EndOffset="811" SrcFileId="1" StartOffset="775"/>
</LocList>
<StmntSeq Intrnl_Id="46">
<LocList>
<Loc EndOffset="802" SrcFileId="1" StartOffset="785"/>
</LocList>
<BasicStmnt CovItemId="S17" CovItemPrefix="classes.BinarySearch.java" Intrnl_Id="47">
<LocList>
<Loc EndOffset="802" SrcFileId="1" StartOffset="785"/>
</LocList>
</BasicStmnt>
</StmntSeq>
</Branch>
<Branch CovItemId="B4" CovItemPrefix="classes.BinarySearch.java" Implct="false" Intrnl_Id="48">
<Cond>
<Loc EndOffset="823" SrcFileId="1" StartOffset="819"/>
</Cond>
<LocList>
<Loc EndOffset="859" SrcFileId="1" StartOffset="824"/>
</LocList>
<StmntSeq Intrnl_Id="49">
<LocList>
<Loc EndOffset="850" SrcFileId="1" StartOffset="834"/>
</LocList>
<BasicStmnt CovItemId="S18" CovItemPrefix="classes.BinarySearch.java" Intrnl_Id="50">
<LocList>
<Loc EndOffset="850" SrcFileId="1" StartOffset="834"/>
</LocList>
</BasicStmnt>
</StmntSeq>
</Branch>
<Keyword EndOffset="748" SrcFileId="1" StartOffset="746"/>
<LocList>
<Loc EndOffset="859" SrcFileId="1" StartOffset="746"/>
</LocList>
<RootTerm CovItemId="C3" CovItemPrefix="classes.BinarySearch.java" Intrnl_Id="51">
<BasicBoolTerm Intrnl_Id="52">
<LocList>
<Loc EndOffset="773" SrcFileId="1" StartOffset="750"/>
</LocList>
</BasicBoolTerm>
</RootTerm>
</CondStmnt>
<CondStmnt CovItemId="S19" CovItemPrefix="classes.BinarySearch.java" Intrnl_Id="53">
<Branch CovItemId="B5" CovItemPrefix="classes.BinarySearch.java" Implct="false" Intrnl_Id="54">
<Cond/>
<LocList>
<Loc EndOffset="921" SrcFileId="1" StartOffset="885"/>
</LocList>
<StmntSeq Intrnl_Id="55">
<LocList>
<Loc EndOffset="912" SrcFileId="1" StartOffset="895"/>
</LocList>
<BasicStmnt CovItemId="S20" CovItemPrefix="classes.BinarySearch.java" Intrnl_Id="56">
<LocList>
<Loc EndOffset="912" SrcFileId="1" StartOffset="895"/>
</LocList>
</BasicStmnt>
</StmntSeq>
</Branch>
<Branch CovItemId="B6" CovItemPrefix="classes.BinarySearch.java" Implct="false" Intrnl_Id="57">
<Cond>
<Loc EndOffset="933" SrcFileId="1" StartOffset="929"/>
</Cond>
<LocList>
<Loc EndOffset="960" SrcFileId="1" StartOffset="934"/>
</LocList>
<StmntSeq Intrnl_Id="58">
<LocList>
<Loc EndOffset="951" SrcFileId="1" StartOffset="944"/>
</LocList>
<BasicStmnt CovItemId="S21" CovItemPrefix="classes.BinarySearch.java" Intrnl_Id="59">
<LocList>
<Loc EndOffset="951" SrcFileId="1" StartOffset="944"/>
</LocList>
</BasicStmnt>
</StmntSeq>
</Branch>
<Keyword EndOffset="869" SrcFileId="1" StartOffset="867"/>
<LocList>
<Loc EndOffset="960" SrcFileId="1" StartOffset="867"/>
</LocList>
<RootTerm CovItemId="C4" CovItemPrefix="classes.BinarySearch.java" Intrnl_Id="60">
<BasicBoolTerm Intrnl_Id="61">
<LocList>
<Loc EndOffset="883" SrcFileId="1" StartOffset="871"/>
</LocList>
</BasicBoolTerm>
</RootTerm>
</CondStmnt>
</StmntSeq>
<Keyword EndOffset="511" SrcFileId="1" StartOffset="506"/>
<LocList>
<Loc EndOffset="965" SrcFileId="1" StartOffset="506"/>
</LocList>
<RootTerm CovItemId="C1" CovItemPrefix="classes.BinarySearch.java" Intrnl_Id="62">
<BasicBoolTerm Intrnl_Id="63">
<LocList>
<Loc EndOffset="521" SrcFileId="1" StartOffset="513"/>
</LocList>
</BasicBoolTerm>
</RootTerm>
</LoopStmnt>
<CondStmnt CovItemId="S22" CovItemPrefix="classes.BinarySearch.java" Intrnl_Id="64">
<Branch CovItemId="B7" CovItemPrefix="classes.BinarySearch.java" Implct="false" Intrnl_Id="65">
<Cond/>
<LocList>
<Loc EndOffset="1024" SrcFileId="1" StartOffset="1001"/>
</LocList>
<StmntSeq Intrnl_Id="66">
<LocList>
<Loc EndOffset="1019" SrcFileId="1" StartOffset="1007"/>
</LocList>
<BasicStmnt CovItemId="S23" CovItemPrefix="classes.BinarySearch.java" Intrnl_Id="67">
<LocList>
<Loc EndOffset="1019" SrcFileId="1" StartOffset="1007"/>
</LocList>
</BasicStmnt>
</StmntSeq>
</Branch>
<Branch CovItemId="B8" CovItemPrefix="classes.BinarySearch.java" Implct="false" Intrnl_Id="68">
<Cond>
<Loc EndOffset="1032" SrcFileId="1" StartOffset="1028"/>
</Cond>
<LocList>
<Loc EndOffset="1057" SrcFileId="1" StartOffset="1033"/>
</LocList>
<StmntSeq Intrnl_Id="69">
<LocList>
<Loc EndOffset="1052" SrcFileId="1" StartOffset="1039"/>
</LocList>
<BasicStmnt CovItemId="S24" CovItemPrefix="classes.BinarySearch.java" Intrnl_Id="70">
<LocList>
<Loc EndOffset="1052" SrcFileId="1" StartOffset="1039"/>
</LocList>
</BasicStmnt>
</StmntSeq>
</Branch>
<Keyword EndOffset="974" SrcFileId="1" StartOffset="972"/>
<LocList>
<Loc EndOffset="1057" SrcFileId="1" StartOffset="972"/>
</LocList>
<RootTerm CovItemId="C5" CovItemPrefix="classes.BinarySearch.java" Intrnl_Id="71">
<BasicBoolTerm Intrnl_Id="72">
<LocList>
<Loc EndOffset="999" SrcFileId="1" StartOffset="976"/>
</LocList>
</BasicBoolTerm>
</RootTerm>
</CondStmnt>
<BasicStmnt CovItemId="S25" CovItemPrefix="classes.BinarySearch.java" Intrnl_Id="73">
<LocList>
<Loc EndOffset="1074" SrcFileId="1" StartOffset="1061"/>
</LocList>
</BasicStmnt>
</StmntSeq>
</HierarchyLvl>
<HierarchyLvl HierarchyLvlId="1185" HierarchyLvlTypeId="14" Intrnl_Id="74" Name="Div">
<Header>
<Loc EndOffset="1205" SrcFileId="1" StartOffset="1182"/>
</Header>
<LocList>
<Loc EndOffset="1393" SrcFileId="1" StartOffset="1182"/>
</LocList>
<StmntSeq Intrnl_Id="75">
<LocList>
<Loc EndOffset="1226" SrcFileId="1" StartOffset="1210"/>
<Loc EndOffset="1246" SrcFileId="1" StartOffset="1230"/>
<Loc EndOffset="1269" SrcFileId="1" StartOffset="1250"/>
<Loc EndOffset="1365" SrcFileId="1" StartOffset="1273"/>
<Loc EndOffset="1385" SrcFileId="1" StartOffset="1369"/>
</LocList>
<BasicStmnt CovItemId="S26" CovItemPrefix="classes.BinarySearch.java" Intrnl_Id="76">
<LocList>
<Loc EndOffset="1226" SrcFileId="1" StartOffset="1210"/>
</LocList>
</BasicStmnt>
<BasicStmnt CovItemId="S27" CovItemPrefix="classes.BinarySearch.java" Intrnl_Id="77">
<LocList>
<Loc EndOffset="1246" SrcFileId="1" StartOffset="1230"/>
</LocList>
</BasicStmnt>
<BasicStmnt CovItemId="S28" CovItemPrefix="classes.BinarySearch.java" Intrnl_Id="78">
<LocList>
<Loc EndOffset="1269" SrcFileId="1" StartOffset="1250"/>
</LocList>
</BasicStmnt>
<LoopStmnt CovItemId="S29" CovItemPrefix="classes.BinarySearch.java" Intrnl_Id="79" MltplExecId="L2-2" MltplExecPrefix="classes.BinarySearch.java" NvrExecId="L2-0" NvrExecPrefix="classes.BinarySearch.java" OnceExecutedId="L2-1" OnceExecutedPrefix="classes.BinarySearch.java" OptBodyExec="true">
<StmntSeq Intrnl_Id="80">
<LocList>
<Loc EndOffset="1329" SrcFileId="1" StartOffset="1306"/>
<Loc EndOffset="1360" SrcFileId="1" StartOffset="1337"/>
</LocList>
<BasicStmnt CovItemId="S30" CovItemPrefix="classes.BinarySearch.java" Intrnl_Id="81">
<LocList>
<Loc EndOffset="1329" SrcFileId="1" StartOffset="1306"/>
</LocList>
</BasicStmnt>
<BasicStmnt CovItemId="S31" CovItemPrefix="classes.BinarySearch.java" Intrnl_Id="82">
<LocList>
<Loc EndOffset="1360" SrcFileId="1" StartOffset="1337"/>
</LocList>
</BasicStmnt>
</StmntSeq>
<Keyword EndOffset="1278" SrcFileId="1" StartOffset="1273"/>
<LocList>
<Loc EndOffset="1365" SrcFileId="1" StartOffset="1273"/>
</LocList>
<RootTerm CovItemId="C6" CovItemPrefix="classes.BinarySearch.java" Intrnl_Id="83">
<BasicBoolTerm Intrnl_Id="84">
<LocList>
<Loc EndOffset="1295" SrcFileId="1" StartOffset="1280"/>
</LocList>
</BasicBoolTerm>
</RootTerm>
</LoopStmnt>
<BasicStmnt CovItemId="S32" CovItemPrefix="classes.BinarySearch.java" Intrnl_Id="85">
<LocList>
<Loc EndOffset="1385" SrcFileId="1" StartOffset="1369"/>
</LocList>
</BasicStmnt>
</StmntSeq>
</HierarchyLvl>
<HierarchyLvl HierarchyLvlId="1186" HierarchyLvlTypeId="14" Intrnl_Id="86" Name="Compare">
<Header>
<Loc EndOffset="1563" SrcFileId="1" StartOffset="1520"/>
</Header>
<LocList>
<Loc EndOffset="1793" SrcFileId="1" StartOffset="1520"/>
</LocList>
<StmntSeq Intrnl_Id="87">
<LocList>
<Loc EndOffset="1591" SrcFileId="1" StartOffset="1568"/>
<Loc EndOffset="1616" SrcFileId="1" StartOffset="1595"/>
<Loc EndOffset="1768" SrcFileId="1" StartOffset="1620"/>
<Loc EndOffset="1786" SrcFileId="1" StartOffset="1772"/>
</LocList>
<BasicStmnt CovItemId="S33" CovItemPrefix="classes.BinarySearch.java" Intrnl_Id="88">
<LocList>
<Loc EndOffset="1591" SrcFileId="1" StartOffset="1568"/>
</LocList>
</BasicStmnt>
<BasicStmnt CovItemId="S34" CovItemPrefix="classes.BinarySearch.java" Intrnl_Id="89">
<LocList>
<Loc EndOffset="1616" SrcFileId="1" StartOffset="1595"/>
</LocList>
</BasicStmnt>
<CondStmnt CovItemId="S35" CovItemPrefix="classes.BinarySearch.java" Intrnl_Id="90">
<Branch CovItemId="B9" CovItemPrefix="classes.BinarySearch.java" Implct="false" Intrnl_Id="91">
<Cond/>
<LocList>
<Loc EndOffset="1663" SrcFileId="1" StartOffset="1637"/>
</LocList>
<StmntSeq Intrnl_Id="92">
<LocList>
<Loc EndOffset="1658" SrcFileId="1" StartOffset="1643"/>
</LocList>
<BasicStmnt CovItemId="S36" CovItemPrefix="classes.BinarySearch.java" Intrnl_Id="93">
<LocList>
<Loc EndOffset="1658" SrcFileId="1" StartOffset="1643"/>
</LocList>
</BasicStmnt>
</StmntSeq>
</Branch>
<Branch CovItemId="B10" CovItemPrefix="classes.BinarySearch.java" Implct="false" Intrnl_Id="94">
<Cond>
<Loc EndOffset="1671" SrcFileId="1" StartOffset="1667"/>
</Cond>
<LocList>
<Loc EndOffset="1768" SrcFileId="1" StartOffset="1671"/>
</LocList>
<StmntSeq Intrnl_Id="95">
<LocList>
<Loc EndOffset="1763" SrcFileId="1" StartOffset="1677"/>
</LocList>
<CondStmnt CovItemId="S37" CovItemPrefix="classes.BinarySearch.java" Intrnl_Id="96">
<Branch CovItemId="B11" CovItemPrefix="classes.BinarySearch.java" Implct="false" Intrnl_Id="97">
<Cond/>
<LocList>
<Loc EndOffset="1726" SrcFileId="1" StartOffset="1698"/>
</LocList>
<StmntSeq Intrnl_Id="98">
<LocList>
<Loc EndOffset="1720" SrcFileId="1" StartOffset="1705"/>
</LocList>
<BasicStmnt CovItemId="S38" CovItemPrefix="classes.BinarySearch.java" Intrnl_Id="99">
<LocList>
<Loc EndOffset="1720" SrcFileId="1" StartOffset="1705"/>
</LocList>
</BasicStmnt>
</StmntSeq>
</Branch>
<Branch CovItemId="B12" CovItemPrefix="classes.BinarySearch.java" Implct="false" Intrnl_Id="100">
<Cond>
<Loc EndOffset="1735" SrcFileId="1" StartOffset="1731"/>
</Cond>
<LocList>
<Loc EndOffset="1763" SrcFileId="1" StartOffset="1736"/>
</LocList>
<StmntSeq Intrnl_Id="101">
<LocList>
<Loc EndOffset="1757" SrcFileId="1" StartOffset="1743"/>
</LocList>
<BasicStmnt CovItemId="S39" CovItemPrefix="classes.BinarySearch.java" Intrnl_Id="102">
<LocList>
<Loc EndOffset="1757" SrcFileId="1" StartOffset="1743"/>
</LocList>
</BasicStmnt>
</StmntSeq>
</Branch>
<Keyword EndOffset="1679" SrcFileId="1" StartOffset="1677"/>
<LocList>
<Loc EndOffset="1763" SrcFileId="1" StartOffset="1677"/>
</LocList>
<RootTerm CovItemId="C8" CovItemPrefix="classes.BinarySearch.java" Intrnl_Id="103">
<OpTerm BooleanOpId="12" Intrnl_Id="104">
<BasicBoolTerm Intrnl_Id="105">
<LocList>
<Loc EndOffset="1695" SrcFileId="1" StartOffset="1683"/>
</LocList>
</BasicBoolTerm>
<LocList>
<Loc EndOffset="1682" SrcFileId="1" StartOffset="1681"/>
</LocList>
</OpTerm>
</RootTerm>
</CondStmnt>
</StmntSeq>
</Branch>
<Keyword EndOffset="1622" SrcFileId="1" StartOffset="1620"/>
<LocList>
<Loc EndOffset="1768" SrcFileId="1" StartOffset="1620"/>
</LocList>
<RootTerm CovItemId="C7" CovItemPrefix="classes.BinarySearch.java" Intrnl_Id="106">
<BasicBoolTerm Intrnl_Id="107">
<LocList>
<Loc EndOffset="1635" SrcFileId="1" StartOffset="1624"/>
</LocList>
</BasicBoolTerm>
</RootTerm>
</CondStmnt>
<BasicStmnt CovItemId="S40" CovItemPrefix="classes.BinarySearch.java" Intrnl_Id="108">
<LocList>
<Loc EndOffset="1786" SrcFileId="1" StartOffset="1772"/>
</LocList>
</BasicStmnt>
</StmntSeq>
</HierarchyLvl>
<HierarchyLvl HierarchyLvlId="1187" HierarchyLvlTypeId="14" Intrnl_Id="109" Name="Init">
<Header>
<Loc EndOffset="2105" SrcFileId="1" StartOffset="2082"/>
</Header>
<LocList>
<Loc EndOffset="2416" SrcFileId="1" StartOffset="2082"/>
</LocList>
<StmntSeq Intrnl_Id="110">
<LocList>
<Loc EndOffset="2129" SrcFileId="1" StartOffset="2113"/>
<Loc EndOffset="2160" SrcFileId="1" StartOffset="2133"/>
<Loc EndOffset="2174" SrcFileId="1" StartOffset="2164"/>
<Loc EndOffset="2200" SrcFileId="1" StartOffset="2178"/>
<Loc EndOffset="2218" SrcFileId="1" StartOffset="2204"/>
<Loc EndOffset="2236" SrcFileId="1" StartOffset="2222"/>
<Loc EndOffset="2394" SrcFileId="1" StartOffset="2240"/>
<Loc EndOffset="2408" SrcFileId="1" StartOffset="2398"/>
</LocList>
<BasicStmnt CovItemId="S41" CovItemPrefix="classes.BinarySearch.java" Intrnl_Id="111">
<LocList>
<Loc EndOffset="2129" SrcFileId="1" StartOffset="2113"/>
</LocList>
</BasicStmnt>
<BasicStmnt CovItemId="S42" CovItemPrefix="classes.BinarySearch.java" Intrnl_Id="112">
<LocList>
<Loc EndOffset="2160" SrcFileId="1" StartOffset="2133"/>
</LocList>
</BasicStmnt>
<BasicStmnt CovItemId="S43" CovItemPrefix="classes.BinarySearch.java" Intrnl_Id="113">
<LocList>
<Loc EndOffset="2174" SrcFileId="1" StartOffset="2164"/>
</LocList>
</BasicStmnt>
<BasicStmnt CovItemId="S44" CovItemPrefix="classes.BinarySearch.java" Intrnl_Id="114">
<LocList>
<Loc EndOffset="2200" SrcFileId="1" StartOffset="2178"/>
</LocList>
</BasicStmnt>
<BasicStmnt CovItemId="S45" CovItemPrefix="classes.BinarySearch.java" Intrnl_Id="115">
<LocList>
<Loc EndOffset="2218" SrcFileId="1" StartOffset="2204"/>
</LocList>
</BasicStmnt>
<BasicStmnt CovItemId="S46" CovItemPrefix="classes.BinarySearch.java" Intrnl_Id="116">
<LocList>
<Loc EndOffset="2236" SrcFileId="1" StartOffset="2222"/>
</LocList>
</BasicStmnt>
<LoopStmnt CovItemId="S47" CovItemPrefix="classes.BinarySearch.java" Intrnl_Id="117" MltplExecId="L3-2" MltplExecPrefix="classes.BinarySearch.java" NvrExecId="L3-0" NvrExecPrefix="classes.BinarySearch.java" OnceExecutedId="L3-1" OnceExecutedPrefix="classes.BinarySearch.java" OptBodyExec="true">
<StmntSeq Intrnl_Id="118">
<LocList>
<Loc EndOffset="2288" SrcFileId="1" StartOffset="2273"/>
<Loc EndOffset="2311" SrcFileId="1" StartOffset="2296"/>
<Loc EndOffset="2351" SrcFileId="1" StartOffset="2319"/>
<Loc EndOffset="2370" SrcFileId="1" StartOffset="2359"/>
<Loc EndOffset="2389" SrcFileId="1" StartOffset="2378"/>
</LocList>
<BasicStmnt CovItemId="S48" CovItemPrefix="classes.BinarySearch.java" Intrnl_Id="119">
<LocList>
<Loc EndOffset="2288" SrcFileId="1" StartOffset="2273"/>
</LocList>
</BasicStmnt>
<BasicStmnt CovItemId="S49" CovItemPrefix="classes.BinarySearch.java" Intrnl_Id="120">
<LocList>
<Loc EndOffset="2311" SrcFileId="1" StartOffset="2296"/>
</LocList>
</BasicStmnt>
<BasicStmnt CovItemId="S50" CovItemPrefix="classes.BinarySearch.java" Intrnl_Id="121">
<LocList>
<Loc EndOffset="2351" SrcFileId="1" StartOffset="2319"/>
</LocList>
</BasicStmnt>
<BasicStmnt CovItemId="S51" CovItemPrefix="classes.BinarySearch.java" Intrnl_Id="122">
<LocList>
<Loc EndOffset="2370" SrcFileId="1" StartOffset="2359"/>
</LocList>
</BasicStmnt>
<BasicStmnt CovItemId="S52" CovItemPrefix="classes.BinarySearch.java" Intrnl_Id="123">
<LocList>
<Loc EndOffset="2389" SrcFileId="1" StartOffset="2378"/>
</LocList>
</BasicStmnt>
</StmntSeq>
<Keyword EndOffset="2245" SrcFileId="1" StartOffset="2240"/>
<LocList>
<Loc EndOffset="2394" SrcFileId="1" StartOffset="2240"/>
</LocList>
<RootTerm CovItemId="C9" CovItemPrefix="classes.BinarySearch.java" Intrnl_Id="124">
<BasicBoolTerm Intrnl_Id="125">
<LocList>
<Loc EndOffset="2262" SrcFileId="1" StartOffset="2247"/>
</LocList>
</BasicBoolTerm>
</RootTerm>
</LoopStmnt>
<BasicStmnt CovItemId="S53" CovItemPrefix="classes.BinarySearch.java" Intrnl_Id="126">
<LocList>
<Loc EndOffset="2408" SrcFileId="1" StartOffset="2398"/>
</LocList>
</BasicStmnt>
</StmntSeq>
</HierarchyLvl>
</HierarchyLvl>
<HierarchyLvl HierarchyLvlId="1190" HierarchyLvlTypeId="15" Intrnl_Id="127" Name="BubbleSort">
<Header>
<Loc EndOffset="163" SrcFileId="2" StartOffset="140"/>
</Header>
<LocList>
<Loc EndOffset="1080" SrcFileId="2" StartOffset="140"/>
</LocList>
<HierarchyLvl HierarchyLvlId="1189" HierarchyLvlTypeId="14" Intrnl_Id="128" Name="Sort">
<Header>
<Loc EndOffset="304" SrcFileId="2" StartOffset="286"/>
</Header>
<LocList>
<Loc EndOffset="894" SrcFileId="2" StartOffset="286"/>
</LocList>
<StmntSeq Intrnl_Id="129">
<LocList>
<Loc EndOffset="320" SrcFileId="2" StartOffset="309"/>
<Loc EndOffset="346" SrcFileId="2" StartOffset="324"/>
<Loc EndOffset="368" SrcFileId="2" StartOffset="350"/>
<Loc EndOffset="386" SrcFileId="2" StartOffset="372"/>
<Loc EndOffset="404" SrcFileId="2" StartOffset="390"/>
<Loc EndOffset="422" SrcFileId="2" StartOffset="408"/>
<Loc EndOffset="440" SrcFileId="2" StartOffset="426"/>
<Loc EndOffset="454" SrcFileId="2" StartOffset="444"/>
<Loc EndOffset="468" SrcFileId="2" StartOffset="458"/>
<Loc EndOffset="887" SrcFileId="2" StartOffset="472"/>
</LocList>
<BasicStmnt CovItemId="S1" CovItemPrefix="classes.BubbleSort.java" Intrnl_Id="130">
<LocList>
<Loc EndOffset="320" SrcFileId="2" StartOffset="309"/>
</LocList>
</BasicStmnt>
<BasicStmnt CovItemId="S2" CovItemPrefix="classes.BubbleSort.java" Intrnl_Id="131">
<LocList>
<Loc EndOffset="346" SrcFileId="2" StartOffset="324"/>
</LocList>
</BasicStmnt>
<BasicStmnt CovItemId="S3" CovItemPrefix="classes.BubbleSort.java" Intrnl_Id="132">
<LocList>
<Loc EndOffset="368" SrcFileId="2" StartOffset="350"/>
</LocList>
</BasicStmnt>
<BasicStmnt CovItemId="S4" CovItemPrefix="classes.BubbleSort.java" Intrnl_Id="133">
<LocList>
<Loc EndOffset="386" SrcFileId="2" StartOffset="372"/>
</LocList>
</BasicStmnt>
<BasicStmnt CovItemId="S5" CovItemPrefix="classes.BubbleSort.java" Intrnl_Id="134">
<LocList>
<Loc EndOffset="404" SrcFileId="2" StartOffset="390"/>
</LocList>
</BasicStmnt>
<BasicStmnt CovItemId="S6" CovItemPrefix="classes.BubbleSort.java" Intrnl_Id="135">
<LocList>
<Loc EndOffset="422" SrcFileId="2" StartOffset="408"/>
</LocList>
</BasicStmnt>
<BasicStmnt CovItemId="S7" CovItemPrefix="classes.BubbleSort.java" Intrnl_Id="136">
<LocList>
<Loc EndOffset="440" SrcFileId="2" StartOffset="426"/>
</LocList>
</BasicStmnt>
<BasicStmnt CovItemId="S8" CovItemPrefix="classes.BubbleSort.java" Intrnl_Id="137">
<LocList>
<Loc EndOffset="454" SrcFileId="2" StartOffset="444"/>
</LocList>
</BasicStmnt>
<BasicStmnt CovItemId="S9" CovItemPrefix="classes.BubbleSort.java" Intrnl_Id="138">
<LocList>
<Loc EndOffset="468" SrcFileId="2" StartOffset="458"/>
</LocList>
</BasicStmnt>
<LoopStmnt CovItemId="S10" CovItemPrefix="classes.BubbleSort.java" Intrnl_Id="139" MltplExecId="L1-2" MltplExecPrefix="classes.BubbleSort.java" NvrExecId="L1-0" NvrExecPrefix="classes.BubbleSort.java" OnceExecutedId="L1-1" OnceExecutedPrefix="classes.BubbleSort.java" OptBodyExec="true">
<StmntSeq Intrnl_Id="140">
<LocList>
<Loc EndOffset="506" SrcFileId="2" StartOffset="499"/>
<Loc EndOffset="866" SrcFileId="2" StartOffset="537"/>
<Loc EndOffset="882" SrcFileId="2" StartOffset="871"/>
</LocList>
<BasicStmnt CovItemId="S11" CovItemPrefix="classes.BubbleSort.java" Intrnl_Id="141">
<LocList>
<Loc EndOffset="506" SrcFileId="2" StartOffset="499"/>
</LocList>
</BasicStmnt>
<LoopStmnt CovItemId="S12" CovItemPrefix="classes.BubbleSort.java" Intrnl_Id="142" MltplExecId="L2-2" MltplExecPrefix="classes.BubbleSort.java" NvrExecId="L2-0" NvrExecPrefix="classes.BubbleSort.java" OnceExecutedId="L2-1" OnceExecutedPrefix="classes.BubbleSort.java" OptBodyExec="true">
<StmntSeq Intrnl_Id="143">
<LocList>
<Loc EndOffset="576" SrcFileId="2" StartOffset="561"/>
<Loc EndOffset="610" SrcFileId="2" StartOffset="582"/>
<Loc EndOffset="640" SrcFileId="2" StartOffset="616"/>
<Loc EndOffset="843" SrcFileId="2" StartOffset="646"/>
<Loc EndOffset="860" SrcFileId="2" StartOffset="849"/>
</LocList>
<BasicStmnt CovItemId="S13" CovItemPrefix="classes.BubbleSort.java" Intrnl_Id="144">
<LocList>
<Loc EndOffset="576" SrcFileId="2" StartOffset="561"/>
</LocList>
</BasicStmnt>
<BasicStmnt CovItemId="S14" CovItemPrefix="classes.BubbleSort.java" Intrnl_Id="145">
<LocList>
<Loc EndOffset="610" SrcFileId="2" StartOffset="582"/>
</LocList>
</BasicStmnt>
<BasicStmnt CovItemId="S15" CovItemPrefix="classes.BubbleSort.java" Intrnl_Id="146">
<LocList>
<Loc EndOffset="640" SrcFileId="2" StartOffset="616"/>
</LocList>
</BasicStmnt>
<CondStmnt CovItemId="S16" CovItemPrefix="classes.BubbleSort.java" Intrnl_Id="147">
<Branch CovItemId="B1" CovItemPrefix="classes.BubbleSort.java" Implct="false" Intrnl_Id="148">
<Cond/>
<LocList>
<Loc EndOffset="808" SrcFileId="2" StartOffset="665"/>
</LocList>
<StmntSeq Intrnl_Id="149">
<LocList>
<Loc EndOffset="691" SrcFileId="2" StartOffset="676"/>
<Loc EndOffset="725" SrcFileId="2" StartOffset="701"/>
<Loc EndOffset="772" SrcFileId="2" StartOffset="735"/>
<Loc EndOffset="801" SrcFileId="2" StartOffset="782"/>
</LocList>
<BasicStmnt CovItemId="S17" CovItemPrefix="classes.BubbleSort.java" Intrnl_Id="150">
<LocList>
<Loc EndOffset="691" SrcFileId="2" StartOffset="676"/>
</LocList>
</BasicStmnt>
<BasicStmnt CovItemId="S18" CovItemPrefix="classes.BubbleSort.java" Intrnl_Id="151">
<LocList>
<Loc EndOffset="725" SrcFileId="2" StartOffset="701"/>
</LocList>
</BasicStmnt>
<BasicStmnt CovItemId="S19" CovItemPrefix="classes.BubbleSort.java" Intrnl_Id="152">
<LocList>
<Loc EndOffset="772" SrcFileId="2" StartOffset="735"/>
</LocList>
</BasicStmnt>
<BasicStmnt CovItemId="S20" CovItemPrefix="classes.BubbleSort.java" Intrnl_Id="153">
<LocList>
<Loc EndOffset="801" SrcFileId="2" StartOffset="782"/>
</LocList>
</BasicStmnt>
</StmntSeq>
</Branch>
<Branch CovItemId="B2" CovItemPrefix="classes.BubbleSort.java" Implct="false" Intrnl_Id="154">
<Cond>
<Loc EndOffset="818" SrcFileId="2" StartOffset="814"/>
</Cond>
<LocList>
<Loc EndOffset="843" SrcFileId="2" StartOffset="819"/>
</LocList>
<StmntSeq Intrnl_Id="155">
<LocList>
<Loc EndOffset="835" SrcFileId="2" StartOffset="827"/>
</LocList>
<BasicStmnt CovItemId="S21" CovItemPrefix="classes.BubbleSort.java" Intrnl_Id="156">
<LocList>
<Loc EndOffset="835" SrcFileId="2" StartOffset="827"/>
</LocList>
</BasicStmnt>
</StmntSeq>
</Branch>
<Keyword EndOffset="648" SrcFileId="2" StartOffset="646"/>
<LocList>
<Loc EndOffset="843" SrcFileId="2" StartOffset="646"/>
</LocList>
<RootTerm CovItemId="C3" CovItemPrefix="classes.BubbleSort.java" Intrnl_Id="157">
<BasicBoolTerm Intrnl_Id="158">
<LocList>
<Loc EndOffset="663" SrcFileId="2" StartOffset="650"/>
</LocList>
</BasicBoolTerm>
</RootTerm>
</CondStmnt>
<BasicStmnt CovItemId="S22" CovItemPrefix="classes.BubbleSort.java" Intrnl_Id="159">
<LocList>
<Loc EndOffset="860" SrcFileId="2" StartOffset="849"/>
</LocList>
</BasicStmnt>
</StmntSeq>
<Keyword EndOffset="542" SrcFileId="2" StartOffset="537"/>
<LocList>
<Loc EndOffset="866" SrcFileId="2" StartOffset="537"/>
</LocList>
<RootTerm CovItemId="C2" CovItemPrefix="classes.BubbleSort.java" Intrnl_Id="160">
<BasicBoolTerm Intrnl_Id="161">
<LocList>
<Loc EndOffset="553" SrcFileId="2" StartOffset="544"/>
</LocList>
</BasicBoolTerm>
</RootTerm>
</LoopStmnt>
<BasicStmnt CovItemId="S23" CovItemPrefix="classes.BubbleSort.java" Intrnl_Id="162">
<LocList>
<Loc EndOffset="882" SrcFileId="2" StartOffset="871"/>
</LocList>
</BasicStmnt>
</StmntSeq>
<Keyword EndOffset="477" SrcFileId="2" StartOffset="472"/>
<LocList>
<Loc EndOffset="887" SrcFileId="2" StartOffset="472"/>
</LocList>
<RootTerm CovItemId="C1" CovItemPrefix="classes.BubbleSort.java" Intrnl_Id="163">
<BasicBoolTerm Intrnl_Id="164">
<LocList>
<Loc EndOffset="488" SrcFileId="2" StartOffset="479"/>
</LocList>
</BasicBoolTerm>
</RootTerm>
</LoopStmnt>
</StmntSeq>
</HierarchyLvl>
</HierarchyLvl>
<HierarchyLvl HierarchyLvlId="1192" HierarchyLvlTypeId="15" Intrnl_Id="165" Name="Example">
<Header>
<Loc EndOffset="40" SrcFileId="3" StartOffset="20"/>
</Header>
<LocList>
<Loc EndOffset="384" SrcFileId="3" StartOffset="20"/>
</LocList>
<HierarchyLvl HierarchyLvlId="1191" HierarchyLvlTypeId="14" Intrnl_Id="166" Name="function">
<Header>
<Loc EndOffset="72" SrcFileId="3" StartOffset="45"/>
</Header>
<LocList>
<Loc EndOffset="119" SrcFileId="3" StartOffset="45"/>
</LocList>
<StmntSeq Intrnl_Id="167">
<LocList>
<Loc EndOffset="115" SrcFileId="3" StartOffset="78"/>
</LocList>
<LoopStmnt CovItemId="S1" CovItemPrefix="classes.Example.java" Intrnl_Id="168" MltplExecId="L1-2" MltplExecPrefix="classes.Example.java" NvrExecId="L1-0" NvrExecPrefix="classes.Example.java" OnceExecutedId="L1-1" OnceExecutedPrefix="classes.Example.java" OptBodyExec="true">
<StmntSeq Intrnl_Id="169">
<LocList>
<Loc EndOffset="110" SrcFileId="3" StartOffset="106"/>
</LocList>
<BasicStmnt CovItemId="S2" CovItemPrefix="classes.Example.java" Intrnl_Id="170">
<LocList>
<Loc EndOffset="110" SrcFileId="3" StartOffset="106"/>
</LocList>
</BasicStmnt>
</StmntSeq>
<Keyword EndOffset="83" SrcFileId="3" StartOffset="78"/>
<LocList>
<Loc EndOffset="115" SrcFileId="3" StartOffset="78"/>
</LocList>
<RootTerm CovItemId="C1" CovItemPrefix="classes.Example.java" Intrnl_Id="171">
<OpTerm BooleanOpId="11" Intrnl_Id="172">
<BasicBoolTerm Intrnl_Id="173">
<LocList>
<Loc EndOffset="89" SrcFileId="3" StartOffset="85"/>
</LocList>
</BasicBoolTerm>
<BasicBoolTerm Intrnl_Id="174">
<LocList>
<Loc EndOffset="98" SrcFileId="3" StartOffset="93"/>
</LocList>
</BasicBoolTerm>
<LocList>
<Loc EndOffset="92" SrcFileId="3" StartOffset="90"/>
</LocList>
</OpTerm>
</RootTerm>
</LoopStmnt>
</StmntSeq>
</HierarchyLvl>
</HierarchyLvl>
<HierarchyLvl HierarchyLvlId="1194" HierarchyLvlTypeId="15" Intrnl_Id="175" Name="Factorial">
<Header>
<Loc EndOffset="42" SrcFileId="4" StartOffset="20"/>
</Header>
<LocList>
<Loc EndOffset="233" SrcFileId="4" StartOffset="20"/>
</LocList>
<HierarchyLvl HierarchyLvlId="1193" HierarchyLvlTypeId="14" Intrnl_Id="176" Name="ComputeFac">
<Header>
<Loc EndOffset="80" SrcFileId="4" StartOffset="50"/>
</Header>
<LocList>
<Loc EndOffset="230" SrcFileId="4" StartOffset="50"/>
</LocList>
<StmntSeq Intrnl_Id="177">
<LocList>
<Loc EndOffset="101" SrcFileId="4" StartOffset="85"/>
<Loc EndOffset="204" SrcFileId="4" StartOffset="105"/>
<Loc EndOffset="226" SrcFileId="4" StartOffset="210"/>
</LocList>
<BasicStmnt CovItemId="S1" CovItemPrefix="classes.Factorial.java" Intrnl_Id="178">
<LocList>
<Loc EndOffset="101" SrcFileId="4" StartOffset="85"/>
</LocList>
</BasicStmnt>
<CondStmnt CovItemId="S2" CovItemPrefix="classes.Factorial.java" Intrnl_Id="179">
<Branch CovItemId="B1" CovItemPrefix="classes.Factorial.java" Implct="false" Intrnl_Id="180">
<Cond/>
<LocList>
<Loc EndOffset="141" SrcFileId="4" StartOffset="117"/>
</LocList>
<StmntSeq Intrnl_Id="181">
<LocList>
<Loc EndOffset="136" SrcFileId="4" StartOffset="123"/>
</LocList>
<BasicStmnt CovItemId="S3" CovItemPrefix="classes.Factorial.java" Intrnl_Id="182">
<LocList>
<Loc EndOffset="136" SrcFileId="4" StartOffset="123"/>
</LocList>
</BasicStmnt>
</StmntSeq>
</Branch>
<Branch CovItemId="B2" CovItemPrefix="classes.Factorial.java" Implct="false" Intrnl_Id="183">
<Cond>
<Loc EndOffset="150" SrcFileId="4" StartOffset="146"/>
</Cond>
<LocList>
<Loc EndOffset="204" SrcFileId="4" StartOffset="151"/>
</LocList>
<StmntSeq Intrnl_Id="184">
<LocList>
<Loc EndOffset="199" SrcFileId="4" StartOffset="157"/>
</LocList>
<BasicStmnt CovItemId="S4" CovItemPrefix="classes.Factorial.java" Intrnl_Id="185">
<LocList>
<Loc EndOffset="199" SrcFileId="4" StartOffset="157"/>
</LocList>
</BasicStmnt>
</StmntSeq>
</Branch>
<Keyword EndOffset="107" SrcFileId="4" StartOffset="105"/>
<LocList>
<Loc EndOffset="204" SrcFileId="4" StartOffset="105"/>
</LocList>
<RootTerm CovItemId="C1" CovItemPrefix="classes.Factorial.java" Intrnl_Id="186">
<BasicBoolTerm Intrnl_Id="187">
<LocList>
<Loc EndOffset="116" SrcFileId="4" StartOffset="109"/>
</LocList>
</BasicBoolTerm>
</RootTerm>
</CondStmnt>
<BasicStmnt CovItemId="S5" CovItemPrefix="classes.Factorial.java" Intrnl_Id="188">
<LocList>
<Loc EndOffset="226" SrcFileId="4" StartOffset="210"/>
</LocList>
</BasicStmnt>
</StmntSeq>
</HierarchyLvl>
</HierarchyLvl>
<HierarchyLvl HierarchyLvlId="1197" HierarchyLvlTypeId="15" Intrnl_Id="189" Name="LinearSearch">
<Header>
<Loc EndOffset="45" SrcFileId="5" StartOffset="20"/>
</Header>
<LocList>
<Loc EndOffset="1116" SrcFileId="5" StartOffset="20"/>
</LocList>
<HierarchyLvl HierarchyLvlId="1195" HierarchyLvlTypeId="14" Intrnl_Id="190" Name="Search">
<Header>
<Loc EndOffset="205" SrcFileId="5" StartOffset="175"/>
</Header>
<LocList>
<Loc EndOffset="699" SrcFileId="5" StartOffset="175"/>
</LocList>
<StmntSeq Intrnl_Id="191">
<LocList>
<Loc EndOffset="220" SrcFileId="5" StartOffset="210"/>
<Loc EndOffset="245" SrcFileId="5" StartOffset="224"/>
<Loc EndOffset="272" SrcFileId="5" StartOffset="249"/>
<Loc EndOffset="291" SrcFileId="5" StartOffset="276"/>
<Loc EndOffset="309" SrcFileId="5" StartOffset="295"/>
<Loc EndOffset="324" SrcFileId="5" StartOffset="313"/>
<Loc EndOffset="350" SrcFileId="5" StartOffset="328"/>
<Loc EndOffset="673" SrcFileId="5" StartOffset="354"/>
<Loc EndOffset="692" SrcFileId="5" StartOffset="677"/>
</LocList>
<BasicStmnt CovItemId="S1" CovItemPrefix="classes.LinearSearch.java" Intrnl_Id="192">
<LocList>
<Loc EndOffset="220" SrcFileId="5" StartOffset="210"/>
</LocList>
</BasicStmnt>
<BasicStmnt CovItemId="S2" CovItemPrefix="classes.LinearSearch.java" Intrnl_Id="193">
<LocList>
<Loc EndOffset="245" SrcFileId="5" StartOffset="224"/>
</LocList>
</BasicStmnt>
<BasicStmnt CovItemId="S3" CovItemPrefix="classes.LinearSearch.java" Intrnl_Id="194">
<LocList>
<Loc EndOffset="272" SrcFileId="5" StartOffset="249"/>
</LocList>
</BasicStmnt>
<BasicStmnt CovItemId="S4" CovItemPrefix="classes.LinearSearch.java" Intrnl_Id="195">
<LocList>
<Loc EndOffset="291" SrcFileId="5" StartOffset="276"/>
</LocList>
</BasicStmnt>
<BasicStmnt CovItemId="S5" CovItemPrefix="classes.LinearSearch.java" Intrnl_Id="196">
<LocList>
<Loc EndOffset="309" SrcFileId="5" StartOffset="295"/>
</LocList>
</BasicStmnt>
<BasicStmnt CovItemId="S6" CovItemPrefix="classes.LinearSearch.java" Intrnl_Id="197">
<LocList>
<Loc EndOffset="324" SrcFileId="5" StartOffset="313"/>
</LocList>
</BasicStmnt>
<BasicStmnt CovItemId="S7" CovItemPrefix="classes.LinearSearch.java" Intrnl_Id="198">
<LocList>
<Loc EndOffset="350" SrcFileId="5" StartOffset="328"/>
</LocList>
</BasicStmnt>
<LoopStmnt CovItemId="S8" CovItemPrefix="classes.LinearSearch.java" Intrnl_Id="199" MltplExecId="L1-2" MltplExecPrefix="classes.LinearSearch.java" NvrExecId="L1-0" NvrExecPrefix="classes.LinearSearch.java" OnceExecutedId="L1-1" OnceExecutedPrefix="classes.LinearSearch.java" OptBodyExec="true">
<StmntSeq Intrnl_Id="200">
<LocList>
<Loc EndOffset="405" SrcFileId="5" StartOffset="381"/>
<Loc EndOffset="430" SrcFileId="5" StartOffset="413"/>
<Loc EndOffset="649" SrcFileId="5" StartOffset="438"/>
<Loc EndOffset="668" SrcFileId="5" StartOffset="657"/>
</LocList>
<BasicStmnt CovItemId="S9" CovItemPrefix="classes.LinearSearch.java" Intrnl_Id="201">
<LocList>
<Loc EndOffset="405" SrcFileId="5" StartOffset="381"/>
</LocList>
</BasicStmnt>
<BasicStmnt CovItemId="S10" CovItemPrefix="classes.LinearSearch.java" Intrnl_Id="202">
<LocList>
<Loc EndOffset="430" SrcFileId="5" StartOffset="413"/>
</LocList>
</BasicStmnt>
<CondStmnt CovItemId="S11" CovItemPrefix="classes.LinearSearch.java" Intrnl_Id="203">
<Branch CovItemId="B1" CovItemPrefix="classes.LinearSearch.java" Implct="false" Intrnl_Id="204">
<Cond/>
<LocList>
<Loc EndOffset="482" SrcFileId="5" StartOffset="455"/>
</LocList>
<StmntSeq Intrnl_Id="205">
<LocList>
<Loc EndOffset="473" SrcFileId="5" StartOffset="465"/>
</LocList>
<BasicStmnt CovItemId="S12" CovItemPrefix="classes.LinearSearch.java" Intrnl_Id="206">
<LocList>
<Loc EndOffset="473" SrcFileId="5" StartOffset="465"/>
</LocList>
</BasicStmnt>
</StmntSeq>
</Branch>
<Branch CovItemId="B2" CovItemPrefix="classes.LinearSearch.java" Implct="false" Intrnl_Id="207">
<Cond>
<Loc EndOffset="494" SrcFileId="5" StartOffset="490"/>
</Cond>
<LocList>
<Loc EndOffset="649" SrcFileId="5" StartOffset="494"/>
</LocList>
<StmntSeq Intrnl_Id="208">
<LocList>
<Loc EndOffset="640" SrcFileId="5" StartOffset="504"/>
</LocList>
<CondStmnt CovItemId="S13" CovItemPrefix="classes.LinearSearch.java" Intrnl_Id="209">
<Branch CovItemId="B3" CovItemPrefix="classes.LinearSearch.java" Implct="false" Intrnl_Id="210">
<Cond/>
<LocList>
<Loc EndOffset="554" SrcFileId="5" StartOffset="525"/>
</LocList>
<StmntSeq Intrnl_Id="211">
<LocList>
<Loc EndOffset="544" SrcFileId="5" StartOffset="536"/>
</LocList>
<BasicStmnt CovItemId="S14" CovItemPrefix="classes.LinearSearch.java" Intrnl_Id="212">
<LocList>
<Loc EndOffset="544" SrcFileId="5" StartOffset="536"/>
</LocList>
</BasicStmnt>
</StmntSeq>
</Branch>
<Branch CovItemId="B4" CovItemPrefix="classes.LinearSearch.java" Implct="false" Intrnl_Id="213">
<Cond>
<Loc EndOffset="568" SrcFileId="5" StartOffset="564"/>
</Cond>
<LocList>
<Loc EndOffset="640" SrcFileId="5" StartOffset="569"/>
</LocList>
<StmntSeq Intrnl_Id="214">
<LocList>
<Loc EndOffset="590" SrcFileId="5" StartOffset="577"/>
<Loc EndOffset="612" SrcFileId="5" StartOffset="597"/>
<Loc EndOffset="630" SrcFileId="5" StartOffset="619"/>
</LocList>
<BasicStmnt CovItemId="S15" CovItemPrefix="classes.LinearSearch.java" Intrnl_Id="215">
<LocList>
<Loc EndOffset="590" SrcFileId="5" StartOffset="577"/>
</LocList>
</BasicStmnt>
<BasicStmnt CovItemId="S16" CovItemPrefix="classes.LinearSearch.java" Intrnl_Id="216">
<LocList>
<Loc EndOffset="612" SrcFileId="5" StartOffset="597"/>
</LocList>
</BasicStmnt>
<BasicStmnt CovItemId="S17" CovItemPrefix="classes.LinearSearch.java" Intrnl_Id="217">
<LocList>
<Loc EndOffset="630" SrcFileId="5" StartOffset="619"/>
</LocList>
</BasicStmnt>
</StmntSeq>
</Branch>
<Keyword EndOffset="506" SrcFileId="5" StartOffset="504"/>
<LocList>
<Loc EndOffset="640" SrcFileId="5" StartOffset="504"/>
</LocList>
<RootTerm CovItemId="C3" CovItemPrefix="classes.LinearSearch.java" Intrnl_Id="218">
<OpTerm BooleanOpId="12" Intrnl_Id="219">
<BasicBoolTerm Intrnl_Id="220">
<LocList>
<Loc EndOffset="523" SrcFileId="5" StartOffset="510"/>
</LocList>
</BasicBoolTerm>
<LocList>
<Loc EndOffset="509" SrcFileId="5" StartOffset="508"/>
</LocList>
</OpTerm>
</RootTerm>
</CondStmnt>
</StmntSeq>
</Branch>
<Keyword EndOffset="440" SrcFileId="5" StartOffset="438"/>
<LocList>
<Loc EndOffset="649" SrcFileId="5" StartOffset="438"/>
</LocList>
<RootTerm CovItemId="C2" CovItemPrefix="classes.LinearSearch.java" Intrnl_Id="221">
<BasicBoolTerm Intrnl_Id="222">
<LocList>
<Loc EndOffset="453" SrcFileId="5" StartOffset="442"/>
</LocList>
</BasicBoolTerm>
</RootTerm>
</CondStmnt>
<BasicStmnt CovItemId="S18" CovItemPrefix="classes.LinearSearch.java" Intrnl_Id="223">
<LocList>
<Loc EndOffset="668" SrcFileId="5" StartOffset="657"/>
</LocList>
</BasicStmnt>
</StmntSeq>
<Keyword EndOffset="359" SrcFileId="5" StartOffset="354"/>
<LocList>
<Loc EndOffset="673" SrcFileId="5" StartOffset="354"/>
</LocList>
<RootTerm CovItemId="C1" CovItemPrefix="classes.LinearSearch.java" Intrnl_Id="224">
<BasicBoolTerm Intrnl_Id="225">
<LocList>
<Loc EndOffset="370" SrcFileId="5" StartOffset="361"/>
</LocList>
</BasicBoolTerm>
</RootTerm>
</LoopStmnt>
<BasicStmnt CovItemId="S19" CovItemPrefix="classes.LinearSearch.java" Intrnl_Id="226">
<LocList>
<Loc EndOffset="692" SrcFileId="5" StartOffset="677"/>
</LocList>
</BasicStmnt>
</StmntSeq>
</HierarchyLvl>
<HierarchyLvl HierarchyLvlId="1196" HierarchyLvlTypeId="14" Intrnl_Id="227" Name="Init">
<Header>
<Loc EndOffset="801" SrcFileId="5" StartOffset="778"/>
</Header>
<LocList>
<Loc EndOffset="1113" SrcFileId="5" StartOffset="778"/>
</LocList>
<StmntSeq Intrnl_Id="228">
<LocList>
<Loc EndOffset="824" SrcFileId="5" StartOffset="809"/>
<Loc EndOffset="857" SrcFileId="5" StartOffset="831"/>
<Loc EndOffset="871" SrcFileId="5" StartOffset="861"/>
<Loc EndOffset="897" SrcFileId="5" StartOffset="875"/>
<Loc EndOffset="915" SrcFileId="5" StartOffset="901"/>
<Loc EndOffset="933" SrcFileId="5" StartOffset="919"/>
<Loc EndOffset="1091" SrcFileId="5" StartOffset="937"/>
<Loc EndOffset="1105" SrcFileId="5" StartOffset="1095"/>
</LocList>
<BasicStmnt CovItemId="S20" CovItemPrefix="classes.LinearSearch.java" Intrnl_Id="229">
<LocList>
<Loc EndOffset="824" SrcFileId="5" StartOffset="809"/>
</LocList>
</BasicStmnt>
<BasicStmnt CovItemId="S21" CovItemPrefix="classes.LinearSearch.java" Intrnl_Id="230">
<LocList>
<Loc EndOffset="857" SrcFileId="5" StartOffset="831"/>
</LocList>
</BasicStmnt>
<BasicStmnt CovItemId="S22" CovItemPrefix="classes.LinearSearch.java" Intrnl_Id="231">
<LocList>
<Loc EndOffset="871" SrcFileId="5" StartOffset="861"/>
</LocList>
</BasicStmnt>
<BasicStmnt CovItemId="S23" CovItemPrefix="classes.LinearSearch.java" Intrnl_Id="232">
<LocList>
<Loc EndOffset="897" SrcFileId="5" StartOffset="875"/>
</LocList>
</BasicStmnt>
<BasicStmnt CovItemId="S24" CovItemPrefix="classes.LinearSearch.java" Intrnl_Id="233">
<LocList>
<Loc EndOffset="915" SrcFileId="5" StartOffset="901"/>
</LocList>
</BasicStmnt>
<BasicStmnt CovItemId="S25" CovItemPrefix="classes.LinearSearch.java" Intrnl_Id="234">
<LocList>
<Loc EndOffset="933" SrcFileId="5" StartOffset="919"/>
</LocList>
</BasicStmnt>
<LoopStmnt CovItemId="S26" CovItemPrefix="classes.LinearSearch.java" Intrnl_Id="235" MltplExecId="L2-2" MltplExecPrefix="classes.LinearSearch.java" NvrExecId="L2-0" NvrExecPrefix="classes.LinearSearch.java" OnceExecutedId="L2-1" OnceExecutedPrefix="classes.LinearSearch.java" OptBodyExec="true">
<StmntSeq Intrnl_Id="236">
<LocList>
<Loc EndOffset="985" SrcFileId="5" StartOffset="970"/>
<Loc EndOffset="1008" SrcFileId="5" StartOffset="993"/>
<Loc EndOffset="1048" SrcFileId="5" StartOffset="1016"/>
<Loc EndOffset="1067" SrcFileId="5" StartOffset="1056"/>
<Loc EndOffset="1086" SrcFileId="5" StartOffset="1075"/>
</LocList>
<BasicStmnt CovItemId="S27" CovItemPrefix="classes.LinearSearch.java" Intrnl_Id="237">
<LocList>
<Loc EndOffset="985" SrcFileId="5" StartOffset="970"/>
</LocList>
</BasicStmnt>
<BasicStmnt CovItemId="S28" CovItemPrefix="classes.LinearSearch.java" Intrnl_Id="238">
<LocList>
<Loc EndOffset="1008" SrcFileId="5" StartOffset="993"/>
</LocList>
</BasicStmnt>
<BasicStmnt CovItemId="S29" CovItemPrefix="classes.LinearSearch.java" Intrnl_Id="239">
<LocList>
<Loc EndOffset="1048" SrcFileId="5" StartOffset="1016"/>
</LocList>
</BasicStmnt>
<BasicStmnt CovItemId="S30" CovItemPrefix="classes.LinearSearch.java" Intrnl_Id="240">
<LocList>
<Loc EndOffset="1067" SrcFileId="5" StartOffset="1056"/>
</LocList>
</BasicStmnt>
<BasicStmnt CovItemId="S31" CovItemPrefix="classes.LinearSearch.java" Intrnl_Id="241">
<LocList>
<Loc EndOffset="1086" SrcFileId="5" StartOffset="1075"/>
</LocList>
</BasicStmnt>
</StmntSeq>
<Keyword EndOffset="942" SrcFileId="5" StartOffset="937"/>
<LocList>
<Loc EndOffset="1091" SrcFileId="5" StartOffset="937"/>
</LocList>
<RootTerm CovItemId="C4" CovItemPrefix="classes.LinearSearch.java" Intrnl_Id="242">
<BasicBoolTerm Intrnl_Id="243">
<LocList>
<Loc EndOffset="959" SrcFileId="5" StartOffset="944"/>
</LocList>
</BasicBoolTerm>
</RootTerm>
</LoopStmnt>
<BasicStmnt CovItemId="S32" CovItemPrefix="classes.LinearSearch.java" Intrnl_Id="244">
<LocList>
<Loc EndOffset="1105" SrcFileId="5" StartOffset="1095"/>
</LocList>
</BasicStmnt>
</StmntSeq>
</HierarchyLvl>
</HierarchyLvl>
<HierarchyLvl HierarchyLvlId="1207" HierarchyLvlTypeId="15" Intrnl_Id="245" Name="LinkedList">
<Header>
<Loc EndOffset="43" SrcFileId="6" StartOffset="20"/>
</Header>
<LocList>
<Loc EndOffset="2499" SrcFileId="6" StartOffset="20"/>
</LocList>
<HierarchyLvl HierarchyLvlId="1198" HierarchyLvlTypeId="14" Intrnl_Id="246" Name="Init">
<Header>
<Loc EndOffset="185" SrcFileId="6" StartOffset="167"/>
</Header>
<LocList>
<Loc EndOffset="214" SrcFileId="6" StartOffset="167"/>
</LocList>
<StmntSeq Intrnl_Id="247">
<LocList>
<Loc EndOffset="207" SrcFileId="6" StartOffset="190"/>
</LocList>
<BasicStmnt CovItemId="S1" CovItemPrefix="classes.LinkedList.java" Intrnl_Id="248">
<LocList>
<Loc EndOffset="207" SrcFileId="6" StartOffset="190"/>
</LocList>
</BasicStmnt>
</StmntSeq>
</HierarchyLvl>
<HierarchyLvl HierarchyLvlId="1199" HierarchyLvlTypeId="14" Intrnl_Id="249" Name="InitNew">
<Header>
<Loc EndOffset="338" SrcFileId="6" StartOffset="266"/>
</Header>
<LocList>
<Loc EndOffset="424" SrcFileId="6" StartOffset="266"/>
</LocList>
<StmntSeq Intrnl_Id="250">
<LocList>
<Loc EndOffset="363" SrcFileId="6" StartOffset="343"/>
<Loc EndOffset="395" SrcFileId="6" StartOffset="367"/>
<Loc EndOffset="417" SrcFileId="6" StartOffset="399"/>
</LocList>
<BasicStmnt CovItemId="S2" CovItemPrefix="classes.LinkedList.java" Intrnl_Id="251">
<LocList>
<Loc EndOffset="363" SrcFileId="6" StartOffset="343"/>
</LocList>
</BasicStmnt>
<BasicStmnt CovItemId="S3" CovItemPrefix="classes.LinkedList.java" Intrnl_Id="252">
<LocList>
<Loc EndOffset="395" SrcFileId="6" StartOffset="367"/>
</LocList>
</BasicStmnt>
<BasicStmnt CovItemId="S4" CovItemPrefix="classes.LinkedList.java" Intrnl_Id="253">
<LocList>
<Loc EndOffset="417" SrcFileId="6" StartOffset="399"/>
</LocList>
</BasicStmnt>
</StmntSeq>
</HierarchyLvl>
<HierarchyLvl HierarchyLvlId="1200" HierarchyLvlTypeId="14" Intrnl_Id="254" Name="Insert">
<Header>
<Loc EndOffset="532" SrcFileId="6" StartOffset="491"/>
</Header>
<LocList>
<Loc EndOffset="674" SrcFileId="6" StartOffset="491"/>
</LocList>
<StmntSeq Intrnl_Id="255">
<LocList>
<Loc EndOffset="610" SrcFileId="6" StartOffset="574"/>
<Loc EndOffset="649" SrcFileId="6" StartOffset="614"/>
<Loc EndOffset="667" SrcFileId="6" StartOffset="653"/>
</LocList>
<BasicStmnt CovItemId="S5" CovItemPrefix="classes.LinkedList.java" Intrnl_Id="256">
<LocList>
<Loc EndOffset="610" SrcFileId="6" StartOffset="574"/>
</LocList>
</BasicStmnt>
<BasicStmnt CovItemId="S6" CovItemPrefix="classes.LinkedList.java" Intrnl_Id="257">
<LocList>
<Loc EndOffset="649" SrcFileId="6" StartOffset="614"/>
</LocList>
</BasicStmnt>
<BasicStmnt CovItemId="S7" CovItemPrefix="classes.LinkedList.java" Intrnl_Id="258">
<LocList>
<Loc EndOffset="667" SrcFileId="6" StartOffset="653"/>
</LocList>
</BasicStmnt>
</StmntSeq>
</HierarchyLvl>
<HierarchyLvl HierarchyLvlId="1201" HierarchyLvlTypeId="14" Intrnl_Id="259" Name="SetnextElem">
<Header>
<Loc EndOffset="790" SrcFileId="6" StartOffset="744"/>
</Header>
<LocList>
<Loc EndOffset="830" SrcFileId="6" StartOffset="744"/>
</LocList>
<StmntSeq Intrnl_Id="260">
<LocList>
<Loc EndOffset="823" SrcFileId="6" StartOffset="795"/>
</LocList>
<BasicStmnt CovItemId="S8" CovItemPrefix="classes.LinkedList.java" Intrnl_Id="261">
<LocList>
<Loc EndOffset="823" SrcFileId="6" StartOffset="795"/>
</LocList>
</BasicStmnt>
</StmntSeq>
</HierarchyLvl>
<HierarchyLvl HierarchyLvlId="1202" HierarchyLvlTypeId="14" Intrnl_Id="262" Name="Delete">
<Header>
<Loc EndOffset="918" SrcFileId="6" StartOffset="884"/>
</Header>
<LocList>
<Loc EndOffset="1798" SrcFileId="6" StartOffset="884"/>
</LocList>
<StmntSeq Intrnl_Id="263">
<LocList>
<Loc EndOffset="964" SrcFileId="6" StartOffset="926"/>
<Loc EndOffset="986" SrcFileId="6" StartOffset="971"/>
<Loc EndOffset="1014" SrcFileId="6" StartOffset="990"/>
<Loc EndOffset="1045" SrcFileId="6" StartOffset="1018"/>
<Loc EndOffset="1075" SrcFileId="6" StartOffset="1049"/>
<Loc EndOffset="1114" SrcFileId="6" StartOffset="1079"/>
<Loc EndOffset="1154" SrcFileId="6" StartOffset="1118"/>
<Loc EndOffset="1188" SrcFileId="6" StartOffset="1158"/>
<Loc EndOffset="1203" SrcFileId="6" StartOffset="1192"/>
<Loc EndOffset="1771" SrcFileId="6" StartOffset="1209"/>
<Loc EndOffset="1791" SrcFileId="6" StartOffset="1775"/>
</LocList>
<BasicStmnt CovItemId="S9" CovItemPrefix="classes.LinkedList.java" Intrnl_Id="264">
<LocList>
<Loc EndOffset="964" SrcFileId="6" StartOffset="926"/>
</LocList>
</BasicStmnt>
<BasicStmnt CovItemId="S10" CovItemPrefix="classes.LinkedList.java" Intrnl_Id="265">
<LocList>
<Loc EndOffset="986" SrcFileId="6" StartOffset="971"/>
</LocList>
</BasicStmnt>
<BasicStmnt CovItemId="S11" CovItemPrefix="classes.LinkedList.java" Intrnl_Id="266">
<LocList>
<Loc EndOffset="1014" SrcFileId="6" StartOffset="990"/>
</LocList>
</BasicStmnt>
<BasicStmnt CovItemId="S12" CovItemPrefix="classes.LinkedList.java" Intrnl_Id="267">
<LocList>
<Loc EndOffset="1045" SrcFileId="6" StartOffset="1018"/>
</LocList>
</BasicStmnt>
<BasicStmnt CovItemId="S13" CovItemPrefix="classes.LinkedList.java" Intrnl_Id="268">
<LocList>
<Loc EndOffset="1075" SrcFileId="6" StartOffset="1049"/>
</LocList>
</BasicStmnt>
<BasicStmnt CovItemId="S14" CovItemPrefix="classes.LinkedList.java" Intrnl_Id="269">
<LocList>
<Loc EndOffset="1114" SrcFileId="6" StartOffset="1079"/>
</LocList>
</BasicStmnt>
<BasicStmnt CovItemId="S15" CovItemPrefix="classes.LinkedList.java" Intrnl_Id="270">
<LocList>
<Loc EndOffset="1154" SrcFileId="6" StartOffset="1118"/>
</LocList>
</BasicStmnt>
<BasicStmnt CovItemId="S16" CovItemPrefix="classes.LinkedList.java" Intrnl_Id="271">
<LocList>
<Loc EndOffset="1188" SrcFileId="6" StartOffset="1158"/>
</LocList>
</BasicStmnt>
<BasicStmnt CovItemId="S17" CovItemPrefix="classes.LinkedList.java" Intrnl_Id="272">
<LocList>
<Loc EndOffset="1203" SrcFileId="6" StartOffset="1192"/>
</LocList>
</BasicStmnt>
<LoopStmnt CovItemId="S18" CovItemPrefix="classes.LinkedList.java" Intrnl_Id="273" MltplExecId="L1-2" MltplExecPrefix="classes.LinkedList.java" NvrExecId="L1-0" NvrExecPrefix="classes.LinkedList.java" OnceExecutedId="L1-1" OnceExecutedPrefix="classes.LinkedList.java" OptBodyExec="true">
<StmntSeq Intrnl_Id="274">
<LocList>
<Loc EndOffset="1543" SrcFileId="6" StartOffset="1250"/>
<Loc EndOffset="1765" SrcFileId="6" StartOffset="1551"/>
</LocList>
<CondStmnt CovItemId="S19" CovItemPrefix="classes.LinkedList.java" Intrnl_Id="275">
<Branch CovItemId="B1" CovItemPrefix="classes.LinkedList.java" Implct="false" Intrnl_Id="276">
<Cond/>
<LocList>
<Loc EndOffset="1510" SrcFileId="6" StartOffset="1272"/>
</LocList>
<StmntSeq Intrnl_Id="277">
<LocList>
<Loc EndOffset="1295" SrcFileId="6" StartOffset="1279"/>
<Loc EndOffset="1501" SrcFileId="6" StartOffset="1301"/>
</LocList>
<BasicStmnt CovItemId="S20" CovItemPrefix="classes.LinkedList.java" Intrnl_Id="278">
<LocList>
<Loc EndOffset="1295" SrcFileId="6" StartOffset="1279"/>
</LocList>
</BasicStmnt>
<CondStmnt CovItemId="S21" CovItemPrefix="classes.LinkedList.java" Intrnl_Id="279">
<Branch CovItemId="B3" CovItemPrefix="classes.LinkedList.java" Implct="false" Intrnl_Id="280">
<Cond/>
<LocList>
<Loc EndOffset="1404" SrcFileId="6" StartOffset="1321"/>
</LocList>
<StmntSeq Intrnl_Id="281">
<LocList>
<Loc EndOffset="1397" SrcFileId="6" StartOffset="1366"/>
</LocList>
<BasicStmnt CovItemId="S22" CovItemPrefix="classes.LinkedList.java" Intrnl_Id="282">
<LocList>
<Loc EndOffset="1397" SrcFileId="6" StartOffset="1366"/>
</LocList>
</BasicStmnt>
</StmntSeq>
</Branch>
<Branch CovItemId="B4" CovItemPrefix="classes.LinkedList.java" Implct="false" Intrnl_Id="283">
<Cond>
<Loc EndOffset="1415" SrcFileId="6" StartOffset="1411"/>
</Cond>
<LocList>
<Loc EndOffset="1501" SrcFileId="6" StartOffset="1415"/>
</LocList>
<StmntSeq Intrnl_Id="284">
<LocList>
<Loc EndOffset="1494" SrcFileId="6" StartOffset="1456"/>
</LocList>
<BasicStmnt CovItemId="S23" CovItemPrefix="classes.LinkedList.java" Intrnl_Id="285">
<LocList>
<Loc EndOffset="1494" SrcFileId="6" StartOffset="1456"/>
</LocList>
</BasicStmnt>
</StmntSeq>
</Branch>
<Keyword EndOffset="1303" SrcFileId="6" StartOffset="1301"/>
<LocList>
<Loc EndOffset="1501" SrcFileId="6" StartOffset="1301"/>
</LocList>
<RootTerm CovItemId="C3" CovItemPrefix="classes.LinkedList.java" Intrnl_Id="286">
<BasicBoolTerm Intrnl_Id="287">
<LocList>
<Loc EndOffset="1319" SrcFileId="6" StartOffset="1305"/>
</LocList>
</BasicBoolTerm>
</RootTerm>
</CondStmnt>
</StmntSeq>
</Branch>
<Branch CovItemId="B2" CovItemPrefix="classes.LinkedList.java" Implct="false" Intrnl_Id="288">
<Cond>
<Loc EndOffset="1515" SrcFileId="6" StartOffset="1511"/>
</Cond>
<LocList>
<Loc EndOffset="1543" SrcFileId="6" StartOffset="1516"/>
</LocList>
<StmntSeq Intrnl_Id="289">
<LocList>
<Loc EndOffset="1534" SrcFileId="6" StartOffset="1526"/>
</LocList>
<BasicStmnt CovItemId="S24" CovItemPrefix="classes.LinkedList.java" Intrnl_Id="290">
<LocList>
<Loc EndOffset="1534" SrcFileId="6" StartOffset="1526"/>
</LocList>
</BasicStmnt>
</StmntSeq>
</Branch>
<Keyword EndOffset="1252" SrcFileId="6" StartOffset="1250"/>
<LocList>
<Loc EndOffset="1543" SrcFileId="6" StartOffset="1250"/>
</LocList>
<RootTerm CovItemId="C2" CovItemPrefix="classes.LinkedList.java" Intrnl_Id="291">
<BasicBoolTerm Intrnl_Id="292">
<LocList>
<Loc EndOffset="1271" SrcFileId="6" StartOffset="1254"/>
</LocList>
</BasicBoolTerm>
</RootTerm>
</CondStmnt>
<CondStmnt CovItemId="S25" CovItemPrefix="classes.LinkedList.java" Intrnl_Id="293">
<Branch CovItemId="B5" CovItemPrefix="classes.LinkedList.java" Implct="false" Intrnl_Id="294">
<Cond/>
<LocList>
<Loc EndOffset="1724" SrcFileId="6" StartOffset="1564"/>
</LocList>
<StmntSeq Intrnl_Id="295">
<LocList>
<Loc EndOffset="1585" SrcFileId="6" StartOffset="1571"/>
<Loc EndOffset="1620" SrcFileId="6" StartOffset="1591"/>
<Loc EndOffset="1651" SrcFileId="6" StartOffset="1626"/>
<Loc EndOffset="1684" SrcFileId="6" StartOffset="1657"/>
<Loc EndOffset="1714" SrcFileId="6" StartOffset="1690"/>
</LocList>
<BasicStmnt CovItemId="S26" CovItemPrefix="classes.LinkedList.java" Intrnl_Id="296">
<LocList>
<Loc EndOffset="1585" SrcFileId="6" StartOffset="1571"/>
</LocList>
</BasicStmnt>
<BasicStmnt CovItemId="S27" CovItemPrefix="classes.LinkedList.java" Intrnl_Id="297">
<LocList>
<Loc EndOffset="1620" SrcFileId="6" StartOffset="1591"/>
</LocList>
</BasicStmnt>
<BasicStmnt CovItemId="S28" CovItemPrefix="classes.LinkedList.java" Intrnl_Id="298">
<LocList>
<Loc EndOffset="1651" SrcFileId="6" StartOffset="1626"/>
</LocList>
</BasicStmnt>
<BasicStmnt CovItemId="S29" CovItemPrefix="classes.LinkedList.java" Intrnl_Id="299">
<LocList>
<Loc EndOffset="1684" SrcFileId="6" StartOffset="1657"/>
</LocList>
</BasicStmnt>
<BasicStmnt CovItemId="S30" CovItemPrefix="classes.LinkedList.java" Intrnl_Id="300">
<LocList>
<Loc EndOffset="1714" SrcFileId="6" StartOffset="1690"/>
</LocList>
</BasicStmnt>
</StmntSeq>
</Branch>
<Branch CovItemId="B6" CovItemPrefix="classes.LinkedList.java" Implct="false" Intrnl_Id="301">
<Cond>
<Loc EndOffset="1737" SrcFileId="6" StartOffset="1733"/>
</Cond>
<LocList>
<Loc EndOffset="1765" SrcFileId="6" StartOffset="1738"/>
</LocList>
<StmntSeq Intrnl_Id="302">
<LocList>
<Loc EndOffset="1756" SrcFileId="6" StartOffset="1748"/>
</LocList>
<BasicStmnt CovItemId="S31" CovItemPrefix="classes.LinkedList.java" Intrnl_Id="303">
<LocList>
<Loc EndOffset="1756" SrcFileId="6" StartOffset="1748"/>
</LocList>
</BasicStmnt>
</StmntSeq>
</Branch>
<Keyword EndOffset="1553" SrcFileId="6" StartOffset="1551"/>
<LocList>
<Loc EndOffset="1765" SrcFileId="6" StartOffset="1551"/>
</LocList>
<RootTerm CovItemId="C4" CovItemPrefix="classes.LinkedList.java" Intrnl_Id="304">
<OpTerm BooleanOpId="12" Intrnl_Id="305">
<BasicBoolTerm Intrnl_Id="306">
<LocList>
<Loc EndOffset="1563" SrcFileId="6" StartOffset="1556"/>
</LocList>
</BasicBoolTerm>
<LocList>
<Loc EndOffset="1556" SrcFileId="6" StartOffset="1555"/>
</LocList>
</OpTerm>
</RootTerm>
</CondStmnt>
</StmntSeq>
<Keyword EndOffset="1214" SrcFileId="6" StartOffset="1209"/>
<LocList>
<Loc EndOffset="1771" SrcFileId="6" StartOffset="1209"/>
</LocList>
<RootTerm CovItemId="C1" CovItemPrefix="classes.LinkedList.java" Intrnl_Id="307">
<OpTerm BooleanOpId="10" Intrnl_Id="308">
<OpTerm BooleanOpId="12" Intrnl_Id="309">
<BasicBoolTerm Intrnl_Id="310">
<LocList>
<Loc EndOffset="1225" SrcFileId="6" StartOffset="1218"/>
</LocList>
</BasicBoolTerm>
<LocList>
<Loc EndOffset="1218" SrcFileId="6" StartOffset="1217"/>
</LocList>
</OpTerm>
<OpTerm BooleanOpId="12" Intrnl_Id="311">
<BasicBoolTerm Intrnl_Id="312">
<LocList>
<Loc EndOffset="1239" SrcFileId="6" StartOffset="1232"/>
</LocList>
</BasicBoolTerm>
<LocList>
<Loc EndOffset="1232" SrcFileId="6" StartOffset="1231"/>
</LocList>
</OpTerm>
<LocList>
<Loc EndOffset="1229" SrcFileId="6" StartOffset="1227"/>
</LocList>
</OpTerm>
</RootTerm>
</LoopStmnt>
<BasicStmnt CovItemId="S32" CovItemPrefix="classes.LinkedList.java" Intrnl_Id="313">
<LocList>
<Loc EndOffset="1791" SrcFileId="6" StartOffset="1775"/>
</LocList>
</BasicStmnt>
</StmntSeq>
</HierarchyLvl>
<HierarchyLvl HierarchyLvlId="1203" HierarchyLvlTypeId="14" Intrnl_Id="314" Name="Search">
<Header>
<Loc EndOffset="1891" SrcFileId="6" StartOffset="1860"/>
</Header>
<LocList>
<Loc EndOffset="2292" SrcFileId="6" StartOffset="1860"/>
</LocList>
<StmntSeq Intrnl_Id="315">
<LocList>
<Loc EndOffset="1918" SrcFileId="6" StartOffset="1896"/>
<Loc EndOffset="1946" SrcFileId="6" StartOffset="1922"/>
<Loc EndOffset="1983" SrcFileId="6" StartOffset="1950"/>
<Loc EndOffset="2019" SrcFileId="6" StartOffset="1987"/>
<Loc EndOffset="2034" SrcFileId="6" StartOffset="2023"/>
<Loc EndOffset="2267" SrcFileId="6" StartOffset="2040"/>
<Loc EndOffset="2285" SrcFileId="6" StartOffset="2271"/>
</LocList>
<BasicStmnt CovItemId="S33" CovItemPrefix="classes.LinkedList.java" Intrnl_Id="316">
<LocList>
<Loc EndOffset="1918" SrcFileId="6" StartOffset="1896"/>
</LocList>
</BasicStmnt>
<BasicStmnt CovItemId="S34" CovItemPrefix="classes.LinkedList.java" Intrnl_Id="317">
<LocList>
<Loc EndOffset="1946" SrcFileId="6" StartOffset="1922"/>
</LocList>
</BasicStmnt>
<BasicStmnt CovItemId="S35" CovItemPrefix="classes.LinkedList.java" Intrnl_Id="318">
<LocList>
<Loc EndOffset="1983" SrcFileId="6" StartOffset="1950"/>
</LocList>
</BasicStmnt>
<BasicStmnt CovItemId="S36" CovItemPrefix="classes.LinkedList.java" Intrnl_Id="319">
<LocList>
<Loc EndOffset="2019" SrcFileId="6" StartOffset="1987"/>
</LocList>
</BasicStmnt>
<BasicStmnt CovItemId="S37" CovItemPrefix="classes.LinkedList.java" Intrnl_Id="320">
<LocList>
<Loc EndOffset="2034" SrcFileId="6" StartOffset="2023"/>
</LocList>
</BasicStmnt>
<LoopStmnt CovItemId="S38" CovItemPrefix="classes.LinkedList.java" Intrnl_Id="321" MltplExecId="L2-2" MltplExecPrefix="classes.LinkedList.java" NvrExecId="L2-0" NvrExecPrefix="classes.LinkedList.java" OnceExecutedId="L2-1" OnceExecutedPrefix="classes.LinkedList.java" OptBodyExec="true">
<StmntSeq Intrnl_Id="322">
<LocList>
<Loc EndOffset="2156" SrcFileId="6" StartOffset="2065"/>
<Loc EndOffset="2194" SrcFileId="6" StartOffset="2165"/>
<Loc EndOffset="2227" SrcFileId="6" StartOffset="2202"/>
<Loc EndOffset="2262" SrcFileId="6" StartOffset="2235"/>
</LocList>
<CondStmnt CovItemId="S39" CovItemPrefix="classes.LinkedList.java" Intrnl_Id="323">
<Branch CovItemId="B7" CovItemPrefix="classes.LinkedList.java" Implct="false" Intrnl_Id="324">
<Cond/>
<LocList>
<Loc EndOffset="2116" SrcFileId="6" StartOffset="2087"/>
</LocList>
<StmntSeq Intrnl_Id="325">
<LocList>
<Loc EndOffset="2107" SrcFileId="6" StartOffset="2094"/>
</LocList>
<BasicStmnt CovItemId="S40" CovItemPrefix="classes.LinkedList.java" Intrnl_Id="326">
<LocList>
<Loc EndOffset="2107" SrcFileId="6" StartOffset="2094"/>
</LocList>
</BasicStmnt>
</StmntSeq>
</Branch>
<Branch CovItemId="B8" CovItemPrefix="classes.LinkedList.java" Implct="false" Intrnl_Id="327">
<Cond>
<Loc EndOffset="2128" SrcFileId="6" StartOffset="2124"/>
</Cond>
<LocList>
<Loc EndOffset="2156" SrcFileId="6" StartOffset="2129"/>
</LocList>
<StmntSeq Intrnl_Id="328">
<LocList>
<Loc EndOffset="2147" SrcFileId="6" StartOffset="2139"/>
</LocList>
<BasicStmnt CovItemId="S41" CovItemPrefix="classes.LinkedList.java" Intrnl_Id="329">
<LocList>
<Loc EndOffset="2147" SrcFileId="6" StartOffset="2139"/>
</LocList>
</BasicStmnt>
</StmntSeq>
</Branch>
<Keyword EndOffset="2067" SrcFileId="6" StartOffset="2065"/>
<LocList>
<Loc EndOffset="2156" SrcFileId="6" StartOffset="2065"/>
</LocList>
<RootTerm CovItemId="C6" CovItemPrefix="classes.LinkedList.java" Intrnl_Id="330">
<BasicBoolTerm Intrnl_Id="331">
<LocList>
<Loc EndOffset="2086" SrcFileId="6" StartOffset="2069"/>
</LocList>
</BasicBoolTerm>
</RootTerm>
</CondStmnt>
<BasicStmnt CovItemId="S42" CovItemPrefix="classes.LinkedList.java" Intrnl_Id="332">
<LocList>
<Loc EndOffset="2194" SrcFileId="6" StartOffset="2165"/>
</LocList>
</BasicStmnt>
<BasicStmnt CovItemId="S43" CovItemPrefix="classes.LinkedList.java" Intrnl_Id="333">
<LocList>
<Loc EndOffset="2227" SrcFileId="6" StartOffset="2202"/>
</LocList>
</BasicStmnt>
<BasicStmnt CovItemId="S44" CovItemPrefix="classes.LinkedList.java" Intrnl_Id="334">
<LocList>
<Loc EndOffset="2262" SrcFileId="6" StartOffset="2235"/>
</LocList>
</BasicStmnt>
</StmntSeq>
<Keyword EndOffset="2045" SrcFileId="6" StartOffset="2040"/>
<LocList>
<Loc EndOffset="2267" SrcFileId="6" StartOffset="2040"/>
</LocList>
<RootTerm CovItemId="C5" CovItemPrefix="classes.LinkedList.java" Intrnl_Id="335">
<OpTerm BooleanOpId="12" Intrnl_Id="336">
<BasicBoolTerm Intrnl_Id="337">
<LocList>
<Loc EndOffset="2055" SrcFileId="6" StartOffset="2048"/>
</LocList>
</BasicBoolTerm>
<LocList>
<Loc EndOffset="2048" SrcFileId="6" StartOffset="2047"/>
</LocList>
</OpTerm>
</RootTerm>
</LoopStmnt>
<BasicStmnt CovItemId="S45" CovItemPrefix="classes.LinkedList.java" Intrnl_Id="338">
<LocList>
<Loc EndOffset="2285" SrcFileId="6" StartOffset="2271"/>
</LocList>
</BasicStmnt>
</StmntSeq>
</HierarchyLvl>
<HierarchyLvl HierarchyLvlId="1204" HierarchyLvlTypeId="14" Intrnl_Id="339" Name="GetEnd">
<Header>
<Loc EndOffset="2327" SrcFileId="6" StartOffset="2304"/>
</Header>
<LocList>
<Loc EndOffset="2355" SrcFileId="6" StartOffset="2304"/>
</LocList>
<StmntSeq Intrnl_Id="340">
<LocList>
<Loc EndOffset="2348" SrcFileId="6" StartOffset="2332"/>
</LocList>
<BasicStmnt CovItemId="S46" CovItemPrefix="classes.LinkedList.java" Intrnl_Id="341">
<LocList>
<Loc EndOffset="2348" SrcFileId="6" StartOffset="2332"/>
</LocList>
</BasicStmnt>
</StmntSeq>
</HierarchyLvl>
<HierarchyLvl HierarchyLvlId="1205" HierarchyLvlTypeId="14" Intrnl_Id="342" Name="GetElem">
<Header>
<Loc EndOffset="2390" SrcFileId="6" StartOffset="2367"/>
</Header>
<LocList>
<Loc EndOffset="2419" SrcFileId="6" StartOffset="2367"/>
</LocList>
<StmntSeq Intrnl_Id="343">
<LocList>
<Loc EndOffset="2412" SrcFileId="6" StartOffset="2395"/>
</LocList>
<BasicStmnt CovItemId="S47" CovItemPrefix="classes.LinkedList.java" Intrnl_Id="344">
<LocList>
<Loc EndOffset="2412" SrcFileId="6" StartOffset="2395"/>
</LocList>
</BasicStmnt>
</StmntSeq>
</HierarchyLvl>
<HierarchyLvl HierarchyLvlId="1206" HierarchyLvlTypeId="14" Intrnl_Id="345" Name="getNextElem">
<Header>
<Loc EndOffset="2462" SrcFileId="6" StartOffset="2431"/>
</Header>
<LocList>
<Loc EndOffset="2496" SrcFileId="6" StartOffset="2431"/>
</LocList>
<StmntSeq Intrnl_Id="346">
<LocList>
<Loc EndOffset="2489" SrcFileId="6" StartOffset="2467"/>
</LocList>
<BasicStmnt CovItemId="S48" CovItemPrefix="classes.LinkedList.java" Intrnl_Id="347">
<LocList>
<Loc EndOffset="2489" SrcFileId="6" StartOffset="2467"/>
</LocList>
</BasicStmnt>
</StmntSeq>
</HierarchyLvl>
</HierarchyLvl>
<HierarchyLvl HierarchyLvlId="1215" HierarchyLvlTypeId="15" Intrnl_Id="348" Name="Person">
<Header>
<Loc EndOffset="39" SrcFileId="7" StartOffset="20"/>
</Header>
<LocList>
<Loc EndOffset="1872" SrcFileId="7" StartOffset="20"/>
</LocList>
<HierarchyLvl HierarchyLvlId="1208" HierarchyLvlTypeId="14" Intrnl_Id="349" Name="Person">
<Header>
<Loc EndOffset="130" SrcFileId="7" StartOffset="115"/>
</Header>
<LocList>
<Loc EndOffset="146" SrcFileId="7" StartOffset="115"/>
</LocList>
</HierarchyLvl>
<HierarchyLvl HierarchyLvlId="1209" HierarchyLvlTypeId="14" Intrnl_Id="350" Name="Init">
<Header>
<Loc EndOffset="252" SrcFileId="7" StartOffset="192"/>
</Header>
<LocList>
<Loc EndOffset="340" SrcFileId="7" StartOffset="192"/>
</LocList>
<StmntSeq Intrnl_Id="351">
<LocList>
<Loc EndOffset="275" SrcFileId="7" StartOffset="257"/>
<Loc EndOffset="303" SrcFileId="7" StartOffset="279"/>
<Loc EndOffset="333" SrcFileId="7" StartOffset="307"/>
</LocList>
<BasicStmnt CovItemId="S1" CovItemPrefix="classes.Person.java" Intrnl_Id="352">
<LocList>
<Loc EndOffset="275" SrcFileId="7" StartOffset="257"/>
</LocList>
</BasicStmnt>
<BasicStmnt CovItemId="S2" CovItemPrefix="classes.Person.java" Intrnl_Id="353">
<LocList>
<Loc EndOffset="303" SrcFileId="7" StartOffset="279"/>
</LocList>
</BasicStmnt>
<BasicStmnt CovItemId="S3" CovItemPrefix="classes.Person.java" Intrnl_Id="354">
<LocList>
<Loc EndOffset="333" SrcFileId="7" StartOffset="307"/>
</LocList>
</BasicStmnt>
</StmntSeq>
</HierarchyLvl>
<HierarchyLvl HierarchyLvlId="1210" HierarchyLvlTypeId="14" Intrnl_Id="355" Name="GetAge">
<Header>
<Loc EndOffset="367" SrcFileId="7" StartOffset="348"/>
</Header>
<LocList>
<Loc EndOffset="396" SrcFileId="7" StartOffset="348"/>
</LocList>
<StmntSeq Intrnl_Id="356">
<LocList>
<Loc EndOffset="389" SrcFileId="7" StartOffset="372"/>
</LocList>
<BasicStmnt CovItemId="S4" CovItemPrefix="classes.Person.java" Intrnl_Id="357">
<LocList>
<Loc EndOffset="389" SrcFileId="7" StartOffset="372"/>
</LocList>
</BasicStmnt>
</StmntSeq>
</HierarchyLvl>
<HierarchyLvl HierarchyLvlId="1211" HierarchyLvlTypeId="14" Intrnl_Id="358" Name="GetSalary">
<Header>
<Loc EndOffset="430" SrcFileId="7" StartOffset="408"/>
</Header>
<LocList>
<Loc EndOffset="462" SrcFileId="7" StartOffset="408"/>
</LocList>
<StmntSeq Intrnl_Id="359">
<LocList>
<Loc EndOffset="455" SrcFileId="7" StartOffset="435"/>
</LocList>
<BasicStmnt CovItemId="S5" CovItemPrefix="classes.Person.java" Intrnl_Id="360">
<LocList>
<Loc EndOffset="455" SrcFileId="7" StartOffset="435"/>
</LocList>
</BasicStmnt>
</StmntSeq>
</HierarchyLvl>
<HierarchyLvl HierarchyLvlId="1212" HierarchyLvlTypeId="14" Intrnl_Id="361" Name="GetMarried">
<Header>
<Loc EndOffset="497" SrcFileId="7" StartOffset="470"/>
</Header>
<LocList>
<Loc EndOffset="529" SrcFileId="7" StartOffset="470"/>
</LocList>
<StmntSeq Intrnl_Id="362">
<LocList>
<Loc EndOffset="522" SrcFileId="7" StartOffset="502"/>
</LocList>
<BasicStmnt CovItemId="S6" CovItemPrefix="classes.Person.java" Intrnl_Id="363">
<LocList>
<Loc EndOffset="522" SrcFileId="7" StartOffset="502"/>
</LocList>
</BasicStmnt>
</StmntSeq>
</HierarchyLvl>
<HierarchyLvl HierarchyLvlId="1213" HierarchyLvlTypeId="14" Intrnl_Id="364" Name="Equal">
<Header>
<Loc EndOffset="682" SrcFileId="7" StartOffset="648"/>
</Header>
<LocList>
<Loc EndOffset="1469" SrcFileId="7" StartOffset="648"/>
</LocList>
<StmntSeq Intrnl_Id="365">
<LocList>
<Loc EndOffset="710" SrcFileId="7" StartOffset="687"/>
<Loc EndOffset="725" SrcFileId="7" StartOffset="714"/>
<Loc EndOffset="757" SrcFileId="7" StartOffset="729"/>
<Loc EndOffset="791" SrcFileId="7" StartOffset="761"/>
<Loc EndOffset="1442" SrcFileId="7" StartOffset="795"/>
<Loc EndOffset="1462" SrcFileId="7" StartOffset="1446"/>
</LocList>
<BasicStmnt CovItemId="S7" CovItemPrefix="classes.Person.java" Intrnl_Id="366">
<LocList>
<Loc EndOffset="710" SrcFileId="7" StartOffset="687"/>
</LocList>
</BasicStmnt>
<BasicStmnt CovItemId="S8" CovItemPrefix="classes.Person.java" Intrnl_Id="367">
<LocList>
<Loc EndOffset="725" SrcFileId="7" StartOffset="714"/>
</LocList>
</BasicStmnt>
<BasicStmnt CovItemId="S9" CovItemPrefix="classes.Person.java" Intrnl_Id="368">
<LocList>
<Loc EndOffset="757" SrcFileId="7" StartOffset="729"/>
</LocList>
</BasicStmnt>
<BasicStmnt CovItemId="S10" CovItemPrefix="classes.Person.java" Intrnl_Id="369">
<LocList>
<Loc EndOffset="791" SrcFileId="7" StartOffset="761"/>
</LocList>
</BasicStmnt>
<CondStmnt CovItemId="S11" CovItemPrefix="classes.Person.java" Intrnl_Id="370">
<Branch CovItemId="B1" CovItemPrefix="classes.Person.java" Implct="false" Intrnl_Id="371">
<Cond/>
<LocList>
<Loc EndOffset="859" SrcFileId="7" StartOffset="831"/>
</LocList>
<StmntSeq Intrnl_Id="372">
<LocList>
<Loc EndOffset="854" SrcFileId="7" StartOffset="837"/>
</LocList>
<BasicStmnt CovItemId="S12" CovItemPrefix="classes.Person.java" Intrnl_Id="373">
<LocList>
<Loc EndOffset="854" SrcFileId="7" StartOffset="837"/>
</LocList>
</BasicStmnt>
</StmntSeq>
</Branch>
<Branch CovItemId="B2" CovItemPrefix="classes.Person.java" Implct="false" Intrnl_Id="374">
<Cond>
<Loc EndOffset="868" SrcFileId="7" StartOffset="864"/>
</Cond>
<LocList>
<Loc EndOffset="1442" SrcFileId="7" StartOffset="869"/>
</LocList>
<StmntSeq Intrnl_Id="375">
<LocList>
<Loc EndOffset="910" SrcFileId="7" StartOffset="876"/>
<Loc EndOffset="951" SrcFileId="7" StartOffset="915"/>
<Loc EndOffset="1436" SrcFileId="7" StartOffset="959"/>
</LocList>
<BasicStmnt CovItemId="S13" CovItemPrefix="classes.Person.java" Intrnl_Id="376">
<LocList>
<Loc EndOffset="910" SrcFileId="7" StartOffset="876"/>
</LocList>
</BasicStmnt>
<BasicStmnt CovItemId="S14" CovItemPrefix="classes.Person.java" Intrnl_Id="377">
<LocList>
<Loc EndOffset="951" SrcFileId="7" StartOffset="915"/>
</LocList>
</BasicStmnt>
<CondStmnt CovItemId="S15" CovItemPrefix="classes.Person.java" Intrnl_Id="378">
<Branch CovItemId="B3" CovItemPrefix="classes.Person.java" Implct="false" Intrnl_Id="379">
<Cond/>
<LocList>
<Loc EndOffset="1038" SrcFileId="7" StartOffset="1002"/>
</LocList>
<StmntSeq Intrnl_Id="380">
<LocList>
<Loc EndOffset="1029" SrcFileId="7" StartOffset="1012"/>
</LocList>
<BasicStmnt CovItemId="S16" CovItemPrefix="classes.Person.java" Intrnl_Id="381">
<LocList>
<Loc EndOffset="1029" SrcFileId="7" StartOffset="1012"/>
</LocList>
</BasicStmnt>
</StmntSeq>
</Branch>
<Branch CovItemId="B4" CovItemPrefix="classes.Person.java" Implct="false" Intrnl_Id="382">
<Cond>
<Loc EndOffset="1051" SrcFileId="7" StartOffset="1047"/>
</Cond>
<LocList>
<Loc EndOffset="1436" SrcFileId="7" StartOffset="1052"/>
</LocList>
<StmntSeq Intrnl_Id="383">
<LocList>
<Loc EndOffset="1102" SrcFileId="7" StartOffset="1062"/>
<Loc EndOffset="1153" SrcFileId="7" StartOffset="1111"/>
<Loc EndOffset="1430" SrcFileId="7" StartOffset="1162"/>
</LocList>
<BasicStmnt CovItemId="S17" CovItemPrefix="classes.Person.java" Intrnl_Id="384">
<LocList>
<Loc EndOffset="1102" SrcFileId="7" StartOffset="1062"/>
</LocList>
</BasicStmnt>
<BasicStmnt CovItemId="S18" CovItemPrefix="classes.Person.java" Intrnl_Id="385">
<LocList>
<Loc EndOffset="1153" SrcFileId="7" StartOffset="1111"/>
</LocList>
</BasicStmnt>
<CondStmnt CovItemId="S19" CovItemPrefix="classes.Person.java" Intrnl_Id="386">
<Branch CovItemId="B5" CovItemPrefix="classes.Person.java" Implct="false" Intrnl_Id="387">
<Cond/>
<LocList>
<Loc EndOffset="1307" SrcFileId="7" StartOffset="1179"/>
</LocList>
<StmntSeq Intrnl_Id="388">
<LocList>
<Loc EndOffset="1297" SrcFileId="7" StartOffset="1190"/>
</LocList>
<CondStmnt CovItemId="S20" CovItemPrefix="classes.Person.java" Intrnl_Id="389">
<Branch CovItemId="B7" CovItemPrefix="classes.Person.java" Implct="false" Intrnl_Id="390">
<Cond/>
<LocList>
<Loc EndOffset="1247" SrcFileId="7" StartOffset="1208"/>
</LocList>
<StmntSeq Intrnl_Id="391">
<LocList>
<Loc EndOffset="1236" SrcFileId="7" StartOffset="1220"/>
</LocList>
<BasicStmnt CovItemId="S21" CovItemPrefix="classes.Person.java" Intrnl_Id="392">
<LocList>
<Loc EndOffset="1236" SrcFileId="7" StartOffset="1220"/>
</LocList>
</BasicStmnt>
</StmntSeq>
</Branch>
<Branch CovItemId="B8" CovItemPrefix="classes.Person.java" Implct="false" Intrnl_Id="393">
<Cond>
<Loc EndOffset="1263" SrcFileId="7" StartOffset="1259"/>
</Cond>
<LocList>
<Loc EndOffset="1297" SrcFileId="7" StartOffset="1264"/>
</LocList>
<StmntSeq Intrnl_Id="394">
<LocList>
<Loc EndOffset="1285" SrcFileId="7" StartOffset="1277"/>
</LocList>
<BasicStmnt CovItemId="S22" CovItemPrefix="classes.Person.java" Intrnl_Id="395">
<LocList>
<Loc EndOffset="1285" SrcFileId="7" StartOffset="1277"/>
</LocList>
</BasicStmnt>
</StmntSeq>
</Branch>
<Keyword EndOffset="1192" SrcFileId="7" StartOffset="1190"/>
<LocList>
<Loc EndOffset="1297" SrcFileId="7" StartOffset="1190"/>
</LocList>
<RootTerm CovItemId="C4" CovItemPrefix="classes.Person.java" Intrnl_Id="396">
<OpTerm BooleanOpId="12" Intrnl_Id="397">
<BasicBoolTerm Intrnl_Id="398">
<LocList>
<Loc EndOffset="1207" SrcFileId="7" StartOffset="1195"/>
</LocList>
</BasicBoolTerm>
<LocList>
<Loc EndOffset="1195" SrcFileId="7" StartOffset="1194"/>
</LocList>
</OpTerm>
</RootTerm>
</CondStmnt>
</StmntSeq>
</Branch>
<Branch CovItemId="B6" CovItemPrefix="classes.Person.java" Implct="false" Intrnl_Id="399">
<Cond>
<Loc EndOffset="1317" SrcFileId="7" StartOffset="1313"/>
</Cond>
<LocList>
<Loc EndOffset="1430" SrcFileId="7" StartOffset="1317"/>
</LocList>
<StmntSeq Intrnl_Id="400">
<LocList>
<Loc EndOffset="1422" SrcFileId="7" StartOffset="1325"/>
</LocList>
<CondStmnt CovItemId="S23" CovItemPrefix="classes.Person.java" Intrnl_Id="401">
<Branch CovItemId="B9" CovItemPrefix="classes.Person.java" Implct="false" Intrnl_Id="402">
<Cond/>
<LocList>
<Loc EndOffset="1375" SrcFileId="7" StartOffset="1342"/>
</LocList>
<StmntSeq Intrnl_Id="403">
<LocList>
<Loc EndOffset="1367" SrcFileId="7" StartOffset="1351"/>
</LocList>
<BasicStmnt CovItemId="S24" CovItemPrefix="classes.Person.java" Intrnl_Id="404">
<LocList>
<Loc EndOffset="1367" SrcFileId="7" StartOffset="1351"/>
</LocList>
</BasicStmnt>
</StmntSeq>
</Branch>
<Branch CovItemId="B10" CovItemPrefix="classes.Person.java" Implct="false" Intrnl_Id="405">
<Cond>
<Loc EndOffset="1390" SrcFileId="7" StartOffset="1386"/>
</Cond>
<LocList>
<Loc EndOffset="1422" SrcFileId="7" StartOffset="1391"/>
</LocList>
<StmntSeq Intrnl_Id="406">
<LocList>
<Loc EndOffset="1411" SrcFileId="7" StartOffset="1403"/>
</LocList>
<BasicStmnt CovItemId="S25" CovItemPrefix="classes.Person.java" Intrnl_Id="407">
<LocList>
<Loc EndOffset="1411" SrcFileId="7" StartOffset="1403"/>
</LocList>
</BasicStmnt>
</StmntSeq>
</Branch>
<Keyword EndOffset="1327" SrcFileId="7" StartOffset="1325"/>
<LocList>
<Loc EndOffset="1422" SrcFileId="7" StartOffset="1325"/>
</LocList>
<RootTerm CovItemId="C5" CovItemPrefix="classes.Person.java" Intrnl_Id="408">
<BasicBoolTerm Intrnl_Id="409">
<LocList>
<Loc EndOffset="1341" SrcFileId="7" StartOffset="1329"/>
</LocList>
</BasicBoolTerm>
</RootTerm>
</CondStmnt>
</StmntSeq>
</Branch>
<Keyword EndOffset="1164" SrcFileId="7" StartOffset="1162"/>
<LocList>
<Loc EndOffset="1430" SrcFileId="7" StartOffset="1162"/>
</LocList>
<RootTerm CovItemId="C3" CovItemPrefix="classes.Person.java" Intrnl_Id="410">
<BasicBoolTerm Intrnl_Id="411">
<LocList>
<Loc EndOffset="1177" SrcFileId="7" StartOffset="1166"/>
</LocList>
</BasicBoolTerm>
</RootTerm>
</CondStmnt>
</StmntSeq>
</Branch>
<Keyword EndOffset="961" SrcFileId="7" StartOffset="959"/>
<LocList>
<Loc EndOffset="1436" SrcFileId="7" StartOffset="959"/>
</LocList>
<RootTerm CovItemId="C2" CovItemPrefix="classes.Person.java" Intrnl_Id="412">
<OpTerm BooleanOpId="12" Intrnl_Id="413">
<BasicBoolTerm Intrnl_Id="414">
<LocList>
<Loc EndOffset="1001" SrcFileId="7" StartOffset="964"/>
</LocList>
</BasicBoolTerm>
<LocList>
<Loc EndOffset="964" SrcFileId="7" StartOffset="963"/>
</LocList>
</OpTerm>
</RootTerm>
</CondStmnt>
</StmntSeq>
</Branch>
<Keyword EndOffset="797" SrcFileId="7" StartOffset="795"/>
<LocList>
<Loc EndOffset="1442" SrcFileId="7" StartOffset="795"/>
</LocList>
<RootTerm CovItemId="C1" CovItemPrefix="classes.Person.java" Intrnl_Id="415">
<OpTerm BooleanOpId="12" Intrnl_Id="416">
<BasicBoolTerm Intrnl_Id="417">
<LocList>
<Loc EndOffset="830" SrcFileId="7" StartOffset="800"/>
</LocList>
</BasicBoolTerm>
<LocList>
<Loc EndOffset="800" SrcFileId="7" StartOffset="799"/>
</LocList>
</OpTerm>
</RootTerm>
</CondStmnt>
<BasicStmnt CovItemId="S26" CovItemPrefix="classes.Person.java" Intrnl_Id="418">
<LocList>
<Loc EndOffset="1462" SrcFileId="7" StartOffset="1446"/>
</LocList>
</BasicStmnt>
</StmntSeq>
</HierarchyLvl>
<HierarchyLvl HierarchyLvlId="1214" HierarchyLvlTypeId="14" Intrnl_Id="419" Name="Compare">
<Header>
<Loc EndOffset="1633" SrcFileId="7" StartOffset="1590"/>
</Header>
<LocList>
<Loc EndOffset="1869" SrcFileId="7" StartOffset="1590"/>
</LocList>
<StmntSeq Intrnl_Id="420">
<LocList>
<Loc EndOffset="1661" SrcFileId="7" StartOffset="1638"/>
<Loc EndOffset="1687" SrcFileId="7" StartOffset="1665"/>
<Loc EndOffset="1843" SrcFileId="7" StartOffset="1691"/>
<Loc EndOffset="1862" SrcFileId="7" StartOffset="1847"/>
</LocList>
<BasicStmnt CovItemId="S27" CovItemPrefix="classes.Person.java" Intrnl_Id="421">
<LocList>
<Loc EndOffset="1661" SrcFileId="7" StartOffset="1638"/>
</LocList>
</BasicStmnt>
<BasicStmnt CovItemId="S28" CovItemPrefix="classes.Person.java" Intrnl_Id="422">
<LocList>
<Loc EndOffset="1687" SrcFileId="7" StartOffset="1665"/>
</LocList>
</BasicStmnt>
<CondStmnt CovItemId="S29" CovItemPrefix="classes.Person.java" Intrnl_Id="423">
<Branch CovItemId="B11" CovItemPrefix="classes.Person.java" Implct="false" Intrnl_Id="424">
<Cond/>
<LocList>
<Loc EndOffset="1735" SrcFileId="7" StartOffset="1707"/>
</LocList>
<StmntSeq Intrnl_Id="425">
<LocList>
<Loc EndOffset="1730" SrcFileId="7" StartOffset="1714"/>
</LocList>
<BasicStmnt CovItemId="S30" CovItemPrefix="classes.Person.java" Intrnl_Id="426">
<LocList>
<Loc EndOffset="1730" SrcFileId="7" StartOffset="1714"/>
</LocList>
</BasicStmnt>
</StmntSeq>
</Branch>
<Branch CovItemId="B12" CovItemPrefix="classes.Person.java" Implct="false" Intrnl_Id="427">
<Cond>
<Loc EndOffset="1743" SrcFileId="7" StartOffset="1739"/>
</Cond>
<LocList>
<Loc EndOffset="1843" SrcFileId="7" StartOffset="1743"/>
</LocList>
<StmntSeq Intrnl_Id="428">
<LocList>
<Loc EndOffset="1837" SrcFileId="7" StartOffset="1749"/>
</LocList>
<CondStmnt CovItemId="S31" CovItemPrefix="classes.Person.java" Intrnl_Id="429">
<Branch CovItemId="B13" CovItemPrefix="classes.Person.java" Implct="false" Intrnl_Id="430">
<Cond/>
<LocList>
<Loc EndOffset="1798" SrcFileId="7" StartOffset="1769"/>
</LocList>
<StmntSeq Intrnl_Id="431">
<LocList>
<Loc EndOffset="1792" SrcFileId="7" StartOffset="1776"/>
</LocList>
<BasicStmnt CovItemId="S32" CovItemPrefix="classes.Person.java" Intrnl_Id="432">
<LocList>
<Loc EndOffset="1792" SrcFileId="7" StartOffset="1776"/>
</LocList>
</BasicStmnt>
</StmntSeq>
</Branch>
<Branch CovItemId="B14" CovItemPrefix="classes.Person.java" Implct="false" Intrnl_Id="433">
<Cond>
<Loc EndOffset="1808" SrcFileId="7" StartOffset="1804"/>
</Cond>
<LocList>
<Loc EndOffset="1837" SrcFileId="7" StartOffset="1809"/>
</LocList>
<StmntSeq Intrnl_Id="434">
<LocList>
<Loc EndOffset="1831" SrcFileId="7" StartOffset="1816"/>
</LocList>
<BasicStmnt CovItemId="S33" CovItemPrefix="classes.Person.java" Intrnl_Id="435">
<LocList>
<Loc EndOffset="1831" SrcFileId="7" StartOffset="1816"/>
</LocList>
</BasicStmnt>
</StmntSeq>
</Branch>
<Keyword EndOffset="1751" SrcFileId="7" StartOffset="1749"/>
<LocList>
<Loc EndOffset="1837" SrcFileId="7" StartOffset="1749"/>
</LocList>
<RootTerm CovItemId="C7" CovItemPrefix="classes.Person.java" Intrnl_Id="436">
<OpTerm BooleanOpId="12" Intrnl_Id="437">
<BasicBoolTerm Intrnl_Id="438">
<LocList>
<Loc EndOffset="1767" SrcFileId="7" StartOffset="1755"/>
</LocList>
</BasicBoolTerm>
<LocList>
<Loc EndOffset="1754" SrcFileId="7" StartOffset="1753"/>
</LocList>
</OpTerm>
</RootTerm>
</CondStmnt>
</StmntSeq>
</Branch>
<Keyword EndOffset="1693" SrcFileId="7" StartOffset="1691"/>
<LocList>
<Loc EndOffset="1843" SrcFileId="7" StartOffset="1691"/>
</LocList>
<RootTerm CovItemId="C6" CovItemPrefix="classes.Person.java" Intrnl_Id="439">
<BasicBoolTerm Intrnl_Id="440">
<LocList>
<Loc EndOffset="1706" SrcFileId="7" StartOffset="1695"/>
</LocList>
</BasicBoolTerm>
</RootTerm>
</CondStmnt>
<BasicStmnt CovItemId="S34" CovItemPrefix="classes.Person.java" Intrnl_Id="441">
<LocList>
<Loc EndOffset="1862" SrcFileId="7" StartOffset="1847"/>
</LocList>
</BasicStmnt>
</StmntSeq>
</HierarchyLvl>
</HierarchyLvl>
<HierarchyLvl HierarchyLvlId="1217" HierarchyLvlTypeId="15" Intrnl_Id="442" Name="QuickSort">
<Header>
<Loc EndOffset="162" SrcFileId="8" StartOffset="140"/>
</Header>
<LocList>
<Loc EndOffset="1724" SrcFileId="8" StartOffset="140"/>
</LocList>
<HierarchyLvl HierarchyLvlId="1216" HierarchyLvlTypeId="14" Intrnl_Id="443" Name="Sort">
<Header>
<Loc EndOffset="321" SrcFileId="8" StartOffset="285"/>
</Header>
<LocList>
<Loc EndOffset="1509" SrcFileId="8" StartOffset="285"/>
</LocList>
<StmntSeq Intrnl_Id="444">
<LocList>
<Loc EndOffset="336" SrcFileId="8" StartOffset="326"/>
<Loc EndOffset="350" SrcFileId="8" StartOffset="340"/>
<Loc EndOffset="364" SrcFileId="8" StartOffset="354"/>
<Loc EndOffset="379" SrcFileId="8" StartOffset="368"/>
<Loc EndOffset="393" SrcFileId="8" StartOffset="383"/>
<Loc EndOffset="420" SrcFileId="8" StartOffset="397"/>
<Loc EndOffset="447" SrcFileId="8" StartOffset="424"/>
<Loc EndOffset="465" SrcFileId="8" StartOffset="451"/>
<Loc EndOffset="1488" SrcFileId="8" StartOffset="469"/>
<Loc EndOffset="1502" SrcFileId="8" StartOffset="1492"/>
</LocList>
<BasicStmnt CovItemId="S1" CovItemPrefix="classes.QuickSort.java" Intrnl_Id="445">
<LocList>
<Loc EndOffset="336" SrcFileId="8" StartOffset="326"/>
</LocList>
</BasicStmnt>
<BasicStmnt CovItemId="S2" CovItemPrefix="classes.QuickSort.java" Intrnl_Id="446">
<LocList>
<Loc EndOffset="350" SrcFileId="8" StartOffset="340"/>
</LocList>
</BasicStmnt>
<BasicStmnt CovItemId="S3" CovItemPrefix="classes.QuickSort.java" Intrnl_Id="447">
<LocList>
<Loc EndOffset="364" SrcFileId="8" StartOffset="354"/>
</LocList>
</BasicStmnt>
<BasicStmnt CovItemId="S4" CovItemPrefix="classes.QuickSort.java" Intrnl_Id="448">
<LocList>
<Loc EndOffset="379" SrcFileId="8" StartOffset="368"/>
</LocList>
</BasicStmnt>
<BasicStmnt CovItemId="S5" CovItemPrefix="classes.QuickSort.java" Intrnl_Id="449">
<LocList>
<Loc EndOffset="393" SrcFileId="8" StartOffset="383"/>
</LocList>
</BasicStmnt>
<BasicStmnt CovItemId="S6" CovItemPrefix="classes.QuickSort.java" Intrnl_Id="450">
<LocList>
<Loc EndOffset="420" SrcFileId="8" StartOffset="397"/>
</LocList>
</BasicStmnt>
<BasicStmnt CovItemId="S7" CovItemPrefix="classes.QuickSort.java" Intrnl_Id="451">
<LocList>
<Loc EndOffset="447" SrcFileId="8" StartOffset="424"/>
</LocList>
</BasicStmnt>
<BasicStmnt CovItemId="S8" CovItemPrefix="classes.QuickSort.java" Intrnl_Id="452">
<LocList>
<Loc EndOffset="465" SrcFileId="8" StartOffset="451"/>
</LocList>
</BasicStmnt>
<CondStmnt CovItemId="S9" CovItemPrefix="classes.QuickSort.java" Intrnl_Id="453">
<Branch CovItemId="B1" CovItemPrefix="classes.QuickSort.java" Implct="false" Intrnl_Id="454">
<Cond/>
<LocList>
<Loc EndOffset="1460" SrcFileId="8" StartOffset="486"/>
</LocList>
<StmntSeq Intrnl_Id="455">
<LocList>
<Loc EndOffset="519" SrcFileId="8" StartOffset="495"/>
<Loc EndOffset="541" SrcFileId="8" StartOffset="527"/>
<Loc EndOffset="560" SrcFileId="8" StartOffset="549"/>
<Loc EndOffset="583" SrcFileId="8" StartOffset="568"/>
<Loc EndOffset="1270" SrcFileId="8" StartOffset="591"/>
<Loc EndOffset="1311" SrcFileId="8" StartOffset="1278"/>
<Loc EndOffset="1356" SrcFileId="8" StartOffset="1319"/>
<Loc EndOffset="1388" SrcFileId="8" StartOffset="1364"/>
<Loc EndOffset="1421" SrcFileId="8" StartOffset="1396"/>
<Loc EndOffset="1455" SrcFileId="8" StartOffset="1429"/>
</LocList>
<BasicStmnt CovItemId="S10" CovItemPrefix="classes.QuickSort.java" Intrnl_Id="456">
<LocList>
<Loc EndOffset="519" SrcFileId="8" StartOffset="495"/>
</LocList>
</BasicStmnt>
<BasicStmnt CovItemId="S11" CovItemPrefix="classes.QuickSort.java" Intrnl_Id="457">
<LocList>
<Loc EndOffset="541" SrcFileId="8" StartOffset="527"/>
</LocList>
</BasicStmnt>
<BasicStmnt CovItemId="S12" CovItemPrefix="classes.QuickSort.java" Intrnl_Id="458">
<LocList>
<Loc EndOffset="560" SrcFileId="8" StartOffset="549"/>
</LocList>
</BasicStmnt>
<BasicStmnt CovItemId="S13" CovItemPrefix="classes.QuickSort.java" Intrnl_Id="459">
<LocList>
<Loc EndOffset="583" SrcFileId="8" StartOffset="568"/>
</LocList>
</BasicStmnt>
<LoopStmnt CovItemId="S14" CovItemPrefix="classes.QuickSort.java" Intrnl_Id="460" MltplExecId="L1-2" MltplExecPrefix="classes.QuickSort.java" NvrExecId="L1-0" NvrExecPrefix="classes.QuickSort.java" OnceExecutedId="L1-1" OnceExecutedPrefix="classes.QuickSort.java" OptBodyExec="true">
<StmntSeq Intrnl_Id="461">
<LocList>
<Loc EndOffset="627" SrcFileId="8" StartOffset="612"/>
<Loc EndOffset="829" SrcFileId="8" StartOffset="633"/>
<Loc EndOffset="850" SrcFileId="8" StartOffset="835"/>
<Loc EndOffset="1053" SrcFileId="8" StartOffset="856"/>
<Loc EndOffset="1079" SrcFileId="8" StartOffset="1059"/>
<Loc EndOffset="1118" SrcFileId="8" StartOffset="1085"/>
<Loc EndOffset="1144" SrcFileId="8" StartOffset="1124"/>
<Loc EndOffset="1261" SrcFileId="8" StartOffset="1173"/>
</LocList>
<BasicStmnt CovItemId="S15" CovItemPrefix="classes.QuickSort.java" Intrnl_Id="462">
<LocList>
<Loc EndOffset="627" SrcFileId="8" StartOffset="612"/>
</LocList>
</BasicStmnt>
<LoopStmnt CovItemId="S16" CovItemPrefix="classes.QuickSort.java" Intrnl_Id="463" MltplExecId="L2-2" MltplExecPrefix="classes.QuickSort.java" NvrExecId="L2-0" NvrExecPrefix="classes.QuickSort.java" OnceExecutedId="L2-1" OnceExecutedPrefix="classes.QuickSort.java" OptBodyExec="true">
<StmntSeq Intrnl_Id="464">
<LocList>
<Loc EndOffset="669" SrcFileId="8" StartOffset="658"/>
<Loc EndOffset="703" SrcFileId="8" StartOffset="679"/>
<Loc EndOffset="821" SrcFileId="8" StartOffset="713"/>
</LocList>
<BasicStmnt CovItemId="S17" CovItemPrefix="classes.QuickSort.java" Intrnl_Id="465">
<LocList>
<Loc EndOffset="669" SrcFileId="8" StartOffset="658"/>
</LocList>
</BasicStmnt>
<BasicStmnt CovItemId="S18" CovItemPrefix="classes.QuickSort.java" Intrnl_Id="466">
<LocList>
<Loc EndOffset="703" SrcFileId="8" StartOffset="679"/>
</LocList>
</BasicStmnt>
<CondStmnt CovItemId="S19" CovItemPrefix="classes.QuickSort.java" Intrnl_Id="467">
<Branch CovItemId="B3" CovItemPrefix="classes.QuickSort.java" Implct="false" Intrnl_Id="468">
<Cond/>
<LocList>
<Loc EndOffset="768" SrcFileId="8" StartOffset="729"/>
</LocList>
<StmntSeq Intrnl_Id="469">
<LocList>
<Loc EndOffset="757" SrcFileId="8" StartOffset="741"/>
</LocList>
<BasicStmnt CovItemId="S20" CovItemPrefix="classes.QuickSort.java" Intrnl_Id="470">
<LocList>
<Loc EndOffset="757" SrcFileId="8" StartOffset="741"/>
</LocList>
</BasicStmnt>
</StmntSeq>
</Branch>
<Branch CovItemId="B4" CovItemPrefix="classes.QuickSort.java" Implct="false" Intrnl_Id="471">
<Cond>
<Loc EndOffset="782" SrcFileId="8" StartOffset="778"/>
</Cond>
<LocList>
<Loc EndOffset="821" SrcFileId="8" StartOffset="783"/>
</LocList>
<StmntSeq Intrnl_Id="472">
<LocList>
<Loc EndOffset="810" SrcFileId="8" StartOffset="795"/>
</LocList>
<BasicStmnt CovItemId="S21" CovItemPrefix="classes.QuickSort.java" Intrnl_Id="473">
<LocList>
<Loc EndOffset="810" SrcFileId="8" StartOffset="795"/>
</LocList>
</BasicStmnt>
</StmntSeq>
</Branch>
<Keyword EndOffset="715" SrcFileId="8" StartOffset="713"/>
<LocList>
<Loc EndOffset="821" SrcFileId="8" StartOffset="713"/>
</LocList>
<RootTerm CovItemId="C4" CovItemPrefix="classes.QuickSort.java" Intrnl_Id="474">
<OpTerm BooleanOpId="12" Intrnl_Id="475">
<BasicBoolTerm Intrnl_Id="476">
<LocList>
<Loc EndOffset="726" SrcFileId="8" StartOffset="719"/>
</LocList>
</BasicBoolTerm>
<LocList>
<Loc EndOffset="718" SrcFileId="8" StartOffset="717"/>
</LocList>
</OpTerm>
</RootTerm>
</CondStmnt>
</StmntSeq>
<Keyword EndOffset="638" SrcFileId="8" StartOffset="633"/>
<LocList>
<Loc EndOffset="829" SrcFileId="8" StartOffset="633"/>
</LocList>
<RootTerm CovItemId="C3" CovItemPrefix="classes.QuickSort.java" Intrnl_Id="477">
<BasicBoolTerm Intrnl_Id="478">
<LocList>
<Loc EndOffset="646" SrcFileId="8" StartOffset="640"/>
</LocList>
</BasicBoolTerm>
</RootTerm>
</LoopStmnt>
<BasicStmnt CovItemId="S22" CovItemPrefix="classes.QuickSort.java" Intrnl_Id="479">
<LocList>
<Loc EndOffset="850" SrcFileId="8" StartOffset="835"/>
</LocList>
</BasicStmnt>
<LoopStmnt CovItemId="S23" CovItemPrefix="classes.QuickSort.java" Intrnl_Id="480" MltplExecId="L3-2" MltplExecPrefix="classes.QuickSort.java" NvrExecId="L3-0" NvrExecPrefix="classes.QuickSort.java" OnceExecutedId="L3-1" OnceExecutedPrefix="classes.QuickSort.java" OptBodyExec="true">
<StmntSeq Intrnl_Id="481">
<LocList>
<Loc EndOffset="892" SrcFileId="8" StartOffset="881"/>
<Loc EndOffset="926" SrcFileId="8" StartOffset="902"/>
<Loc EndOffset="1046" SrcFileId="8" StartOffset="936"/>
</LocList>
<BasicStmnt CovItemId="S24" CovItemPrefix="classes.QuickSort.java" Intrnl_Id="482">
<LocList>
<Loc EndOffset="892" SrcFileId="8" StartOffset="881"/>
</LocList>
</BasicStmnt>
<BasicStmnt CovItemId="S25" CovItemPrefix="classes.QuickSort.java" Intrnl_Id="483">
<LocList>
<Loc EndOffset="926" SrcFileId="8" StartOffset="902"/>
</LocList>
</BasicStmnt>
<CondStmnt CovItemId="S26" CovItemPrefix="classes.QuickSort.java" Intrnl_Id="484">
<Branch CovItemId="B5" CovItemPrefix="classes.QuickSort.java" Implct="false" Intrnl_Id="485">
<Cond/>
<LocList>
<Loc EndOffset="992" SrcFileId="8" StartOffset="953"/>
</LocList>
<StmntSeq Intrnl_Id="486">
<LocList>
<Loc EndOffset="981" SrcFileId="8" StartOffset="965"/>
</LocList>
<BasicStmnt CovItemId="S27" CovItemPrefix="classes.QuickSort.java" Intrnl_Id="487">
<LocList>
<Loc EndOffset="981" SrcFileId="8" StartOffset="965"/>
</LocList>
</BasicStmnt>
</StmntSeq>
</Branch>
<Branch CovItemId="B6" CovItemPrefix="classes.QuickSort.java" Implct="false" Intrnl_Id="488">
<Cond>
<Loc EndOffset="1007" SrcFileId="8" StartOffset="1003"/>
</Cond>
<LocList>
<Loc EndOffset="1046" SrcFileId="8" StartOffset="1008"/>
</LocList>
<StmntSeq Intrnl_Id="489">
<LocList>
<Loc EndOffset="1035" SrcFileId="8" StartOffset="1020"/>
</LocList>
<BasicStmnt CovItemId="S28" CovItemPrefix="classes.QuickSort.java" Intrnl_Id="490">
<LocList>
<Loc EndOffset="1035" SrcFileId="8" StartOffset="1020"/>
</LocList>
</BasicStmnt>
</StmntSeq>
</Branch>
<Keyword EndOffset="938" SrcFileId="8" StartOffset="936"/>
<LocList>
<Loc EndOffset="1046" SrcFileId="8" StartOffset="936"/>
</LocList>
<RootTerm CovItemId="C6" CovItemPrefix="classes.QuickSort.java" Intrnl_Id="491">
<OpTerm BooleanOpId="12" Intrnl_Id="492">
<BasicBoolTerm Intrnl_Id="493">
<LocList>
<Loc EndOffset="951" SrcFileId="8" StartOffset="942"/>
</LocList>
</BasicBoolTerm>
<LocList>
<Loc EndOffset="941" SrcFileId="8" StartOffset="940"/>
</LocList>
</OpTerm>
</RootTerm>
</CondStmnt>
</StmntSeq>
<Keyword EndOffset="861" SrcFileId="8" StartOffset="856"/>
<LocList>
<Loc EndOffset="1053" SrcFileId="8" StartOffset="856"/>
</LocList>
<RootTerm CovItemId="C5" CovItemPrefix="classes.QuickSort.java" Intrnl_Id="494">
<BasicBoolTerm Intrnl_Id="495">
<LocList>
<Loc EndOffset="869" SrcFileId="8" StartOffset="863"/>
</LocList>
</BasicBoolTerm>
</RootTerm>
</LoopStmnt>
<BasicStmnt CovItemId="S29" CovItemPrefix="classes.QuickSort.java" Intrnl_Id="496">
<LocList>
<Loc EndOffset="1079" SrcFileId="8" StartOffset="1059"/>
</LocList>
</BasicStmnt>
<BasicStmnt CovItemId="S30" CovItemPrefix="classes.QuickSort.java" Intrnl_Id="497">
<LocList>
<Loc EndOffset="1118" SrcFileId="8" StartOffset="1085"/>
</LocList>
</BasicStmnt>
<BasicStmnt CovItemId="S31" CovItemPrefix="classes.QuickSort.java" Intrnl_Id="498">
<LocList>
<Loc EndOffset="1144" SrcFileId="8" StartOffset="1124"/>
</LocList>
</BasicStmnt>
<CondStmnt CovItemId="S32" CovItemPrefix="classes.QuickSort.java" Intrnl_Id="499">
<Branch CovItemId="B7" CovItemPrefix="classes.QuickSort.java" Implct="false" Intrnl_Id="500">
<Cond/>
<LocList>
<Loc EndOffset="1220" SrcFileId="8" StartOffset="1189"/>
</LocList>
<StmntSeq Intrnl_Id="501">
<LocList>
<Loc EndOffset="1213" SrcFileId="8" StartOffset="1197"/>
</LocList>
<BasicStmnt CovItemId="S33" CovItemPrefix="classes.QuickSort.java" Intrnl_Id="502">
<LocList>
<Loc EndOffset="1213" SrcFileId="8" StartOffset="1197"/>
</LocList>
</BasicStmnt>
</StmntSeq>
</Branch>
<Branch CovItemId="B8" CovItemPrefix="classes.QuickSort.java" Implct="false" Intrnl_Id="503">
<Cond>
<Loc EndOffset="1230" SrcFileId="8" StartOffset="1226"/>
</Cond>
<LocList>
<Loc EndOffset="1261" SrcFileId="8" StartOffset="1231"/>
</LocList>
<StmntSeq Intrnl_Id="504">
<LocList>
<Loc EndOffset="1254" SrcFileId="8" StartOffset="1239"/>
</LocList>
<BasicStmnt CovItemId="S34" CovItemPrefix="classes.QuickSort.java" Intrnl_Id="505">
<LocList>
<Loc EndOffset="1254" SrcFileId="8" StartOffset="1239"/>
</LocList>
</BasicStmnt>
</StmntSeq>
</Branch>
<Keyword EndOffset="1175" SrcFileId="8" StartOffset="1173"/>
<LocList>
<Loc EndOffset="1261" SrcFileId="8" StartOffset="1173"/>
</LocList>
<RootTerm CovItemId="C7" CovItemPrefix="classes.QuickSort.java" Intrnl_Id="506">
<BasicBoolTerm Intrnl_Id="507">
<LocList>
<Loc EndOffset="1187" SrcFileId="8" StartOffset="1178"/>
</LocList>
</BasicBoolTerm>
</RootTerm>
</CondStmnt>
</StmntSeq>
<Keyword EndOffset="596" SrcFileId="8" StartOffset="591"/>
<LocList>
<Loc EndOffset="1270" SrcFileId="8" StartOffset="591"/>
</LocList>
<RootTerm CovItemId="C2" CovItemPrefix="classes.QuickSort.java" Intrnl_Id="508">
<BasicBoolTerm Intrnl_Id="509">
<LocList>
<Loc EndOffset="604" SrcFileId="8" StartOffset="598"/>
</LocList>
</BasicBoolTerm>
</RootTerm>
</LoopStmnt>
<BasicStmnt CovItemId="S35" CovItemPrefix="classes.QuickSort.java" Intrnl_Id="510">
<LocList>
<Loc EndOffset="1311" SrcFileId="8" StartOffset="1278"/>
</LocList>
</BasicStmnt>
<BasicStmnt CovItemId="S36" CovItemPrefix="classes.QuickSort.java" Intrnl_Id="511">
<LocList>
<Loc EndOffset="1356" SrcFileId="8" StartOffset="1319"/>
</LocList>
</BasicStmnt>
<BasicStmnt CovItemId="S37" CovItemPrefix="classes.QuickSort.java" Intrnl_Id="512">
<LocList>
<Loc EndOffset="1388" SrcFileId="8" StartOffset="1364"/>
</LocList>
</BasicStmnt>
<BasicStmnt CovItemId="S38" CovItemPrefix="classes.QuickSort.java" Intrnl_Id="513">
<LocList>
<Loc EndOffset="1421" SrcFileId="8" StartOffset="1396"/>
</LocList>
</BasicStmnt>
<BasicStmnt CovItemId="S39" CovItemPrefix="classes.QuickSort.java" Intrnl_Id="514">
<LocList>
<Loc EndOffset="1455" SrcFileId="8" StartOffset="1429"/>
</LocList>
</BasicStmnt>
</StmntSeq>
</Branch>
<Branch CovItemId="B2" CovItemPrefix="classes.QuickSort.java" Implct="false" Intrnl_Id="515">
<Cond>
<Loc EndOffset="1468" SrcFileId="8" StartOffset="1464"/>
</Cond>
<LocList>
<Loc EndOffset="1488" SrcFileId="8" StartOffset="1469"/>
</LocList>
<StmntSeq Intrnl_Id="516">
<LocList>
<Loc EndOffset="1483" SrcFileId="8" StartOffset="1475"/>
</LocList>
<BasicStmnt CovItemId="S40" CovItemPrefix="classes.QuickSort.java" Intrnl_Id="517">
<LocList>
<Loc EndOffset="1483" SrcFileId="8" StartOffset="1475"/>
</LocList>
</BasicStmnt>
</StmntSeq>
</Branch>
<Keyword EndOffset="471" SrcFileId="8" StartOffset="469"/>
<LocList>
<Loc EndOffset="1488" SrcFileId="8" StartOffset="469"/>
</LocList>
<RootTerm CovItemId="C1" CovItemPrefix="classes.QuickSort.java" Intrnl_Id="518">
<BasicBoolTerm Intrnl_Id="519">
<LocList>
<Loc EndOffset="485" SrcFileId="8" StartOffset="473"/>
</LocList>
</BasicBoolTerm>
</RootTerm>
</CondStmnt>
<BasicStmnt CovItemId="S41" CovItemPrefix="classes.QuickSort.java" Intrnl_Id="520">
<LocList>
<Loc EndOffset="1502" SrcFileId="8" StartOffset="1492"/>
</LocList>
</BasicStmnt>
</StmntSeq>
</HierarchyLvl>
</HierarchyLvl>
<HierarchyLvl HierarchyLvlId="1236" HierarchyLvlTypeId="15" Intrnl_Id="521" Name="Tree">
<Header>
<Loc EndOffset="37" SrcFileId="9" StartOffset="20"/>
</Header>
<LocList>
<Loc EndOffset="5223" SrcFileId="9" StartOffset="20"/>
</LocList>
<HierarchyLvl HierarchyLvlId="1218" HierarchyLvlTypeId="14" Intrnl_Id="522" Name="Init">
<Header>
<Loc EndOffset="191" SrcFileId="9" StartOffset="164"/>
</Header>
<LocList>
<Loc EndOffset="276" SrcFileId="9" StartOffset="164"/>
</LocList>
<StmntSeq Intrnl_Id="523">
<LocList>
<Loc EndOffset="214" SrcFileId="9" StartOffset="196"/>
<Loc EndOffset="241" SrcFileId="9" StartOffset="218"/>
<Loc EndOffset="269" SrcFileId="9" StartOffset="245"/>
</LocList>
<BasicStmnt CovItemId="S1" CovItemPrefix="classes.Tree.java" Intrnl_Id="524">
<LocList>
<Loc EndOffset="214" SrcFileId="9" StartOffset="196"/>
</LocList>
</BasicStmnt>
<BasicStmnt CovItemId="S2" CovItemPrefix="classes.Tree.java" Intrnl_Id="525">
<LocList>
<Loc EndOffset="241" SrcFileId="9" StartOffset="218"/>
</LocList>
</BasicStmnt>
<BasicStmnt CovItemId="S3" CovItemPrefix="classes.Tree.java" Intrnl_Id="526">
<LocList>
<Loc EndOffset="269" SrcFileId="9" StartOffset="245"/>
</LocList>
</BasicStmnt>
</StmntSeq>
</HierarchyLvl>
<HierarchyLvl HierarchyLvlId="1219" HierarchyLvlTypeId="14" Intrnl_Id="527" Name="GetRight">
<Header>
<Loc EndOffset="306" SrcFileId="9" StartOffset="284"/>
</Header>
<LocList>
<Loc EndOffset="337" SrcFileId="9" StartOffset="284"/>
</LocList>
<StmntSeq Intrnl_Id="528">
<LocList>
<Loc EndOffset="330" SrcFileId="9" StartOffset="311"/>
</LocList>
<BasicStmnt CovItemId="S4" CovItemPrefix="classes.Tree.java" Intrnl_Id="529">
<LocList>
<Loc EndOffset="330" SrcFileId="9" StartOffset="311"/>
</LocList>
</BasicStmnt>
</StmntSeq>
</HierarchyLvl>
<HierarchyLvl HierarchyLvlId="1220" HierarchyLvlTypeId="14" Intrnl_Id="530" Name="SetRight">
<Header>
<Loc EndOffset="378" SrcFileId="9" StartOffset="349"/>
</Header>
<LocList>
<Loc EndOffset="407" SrcFileId="9" StartOffset="349"/>
</LocList>
<StmntSeq Intrnl_Id="531">
<LocList>
<Loc EndOffset="400" SrcFileId="9" StartOffset="383"/>
</LocList>
<BasicStmnt CovItemId="S5" CovItemPrefix="classes.Tree.java" Intrnl_Id="532">
<LocList>
<Loc EndOffset="400" SrcFileId="9" StartOffset="383"/>
</LocList>
</BasicStmnt>
</StmntSeq>
</HierarchyLvl>
<HierarchyLvl HierarchyLvlId="1221" HierarchyLvlTypeId="14" Intrnl_Id="533" Name="GetLeft">
<Header>
<Loc EndOffset="436" SrcFileId="9" StartOffset="415"/>
</Header>
<LocList>
<Loc EndOffset="465" SrcFileId="9" StartOffset="415"/>
</LocList>
<StmntSeq Intrnl_Id="534">
<LocList>
<Loc EndOffset="458" SrcFileId="9" StartOffset="441"/>
</LocList>
<BasicStmnt CovItemId="S6" CovItemPrefix="classes.Tree.java" Intrnl_Id="535">
<LocList>
<Loc EndOffset="458" SrcFileId="9" StartOffset="441"/>
</LocList>
</BasicStmnt>
</StmntSeq>
</HierarchyLvl>
<HierarchyLvl HierarchyLvlId="1222" HierarchyLvlTypeId="14" Intrnl_Id="536" Name="SetLeft">
<Header>
<Loc EndOffset="498" SrcFileId="9" StartOffset="470"/>
</Header>
<LocList>
<Loc EndOffset="526" SrcFileId="9" StartOffset="470"/>
</LocList>
<StmntSeq Intrnl_Id="537">
<LocList>
<Loc EndOffset="519" SrcFileId="9" StartOffset="503"/>
</LocList>
<BasicStmnt CovItemId="S7" CovItemPrefix="classes.Tree.java" Intrnl_Id="538">
<LocList>
<Loc EndOffset="519" SrcFileId="9" StartOffset="503"/>
</LocList>
</BasicStmnt>
</StmntSeq>
</HierarchyLvl>
<HierarchyLvl HierarchyLvlId="1223" HierarchyLvlTypeId="14" Intrnl_Id="539" Name="GetKey">
<Header>
<Loc EndOffset="551" SrcFileId="9" StartOffset="532"/>
</Header>
<LocList>
<Loc EndOffset="580" SrcFileId="9" StartOffset="532"/>
</LocList>
<StmntSeq Intrnl_Id="540">
<LocList>
<Loc EndOffset="573" SrcFileId="9" StartOffset="556"/>
</LocList>
<BasicStmnt CovItemId="S8" CovItemPrefix="classes.Tree.java" Intrnl_Id="541">
<LocList>
<Loc EndOffset="573" SrcFileId="9" StartOffset="556"/>
</LocList>
</BasicStmnt>
</StmntSeq>
</HierarchyLvl>
<HierarchyLvl HierarchyLvlId="1224" HierarchyLvlTypeId="14" Intrnl_Id="542" Name="SetKey">
<Header>
<Loc EndOffset="617" SrcFileId="9" StartOffset="588"/>
</Header>
<LocList>
<Loc EndOffset="647" SrcFileId="9" StartOffset="588"/>
</LocList>
<StmntSeq Intrnl_Id="543">
<LocList>
<Loc EndOffset="640" SrcFileId="9" StartOffset="622"/>
</LocList>
<BasicStmnt CovItemId="S9" CovItemPrefix="classes.Tree.java" Intrnl_Id="544">
<LocList>
<Loc EndOffset="640" SrcFileId="9" StartOffset="622"/>
</LocList>
</BasicStmnt>
</StmntSeq>
</HierarchyLvl>
<HierarchyLvl HierarchyLvlId="1225" HierarchyLvlTypeId="14" Intrnl_Id="545" Name="GetHas_Right">
<Header>
<Loc EndOffset="684" SrcFileId="9" StartOffset="655"/>
</Header>
<LocList>
<Loc EndOffset="718" SrcFileId="9" StartOffset="655"/>
</LocList>
<StmntSeq Intrnl_Id="546">
<LocList>
<Loc EndOffset="711" SrcFileId="9" StartOffset="689"/>
</LocList>
<BasicStmnt CovItemId="S10" CovItemPrefix="classes.Tree.java" Intrnl_Id="547">
<LocList>
<Loc EndOffset="711" SrcFileId="9" StartOffset="689"/>
</LocList>
</BasicStmnt>
</StmntSeq>
</HierarchyLvl>
<HierarchyLvl HierarchyLvlId="1226" HierarchyLvlTypeId="14" Intrnl_Id="548" Name="SetHas_Right">
<Header>
<Loc EndOffset="760" SrcFileId="9" StartOffset="723"/>
</Header>
<LocList>
<Loc EndOffset="795" SrcFileId="9" StartOffset="723"/>
</LocList>
<StmntSeq Intrnl_Id="549">
<LocList>
<Loc EndOffset="788" SrcFileId="9" StartOffset="766"/>
</LocList>
<BasicStmnt CovItemId="S11" CovItemPrefix="classes.Tree.java" Intrnl_Id="550">
<LocList>
<Loc EndOffset="788" SrcFileId="9" StartOffset="766"/>
</LocList>
</BasicStmnt>
</StmntSeq>
</HierarchyLvl>
<HierarchyLvl HierarchyLvlId="1227" HierarchyLvlTypeId="14" Intrnl_Id="551" Name="GetHas_Left">
<Header>
<Loc EndOffset="835" SrcFileId="9" StartOffset="807"/>
</Header>
<LocList>
<Loc EndOffset="869" SrcFileId="9" StartOffset="807"/>
</LocList>
<StmntSeq Intrnl_Id="552">
<LocList>
<Loc EndOffset="862" SrcFileId="9" StartOffset="840"/>
</LocList>
<BasicStmnt CovItemId="S12" CovItemPrefix="classes.Tree.java" Intrnl_Id="553">
<LocList>
<Loc EndOffset="862" SrcFileId="9" StartOffset="840"/>
</LocList>
</BasicStmnt>
</StmntSeq>
</HierarchyLvl>
<HierarchyLvl HierarchyLvlId="1228" HierarchyLvlTypeId="14" Intrnl_Id="554" Name="SetHas_Left">
<Header>
<Loc EndOffset="913" SrcFileId="9" StartOffset="877"/>
</Header>
<LocList>
<Loc EndOffset="947" SrcFileId="9" StartOffset="877"/>
</LocList>
<StmntSeq Intrnl_Id="555">
<LocList>
<Loc EndOffset="940" SrcFileId="9" StartOffset="919"/>
</LocList>
<BasicStmnt CovItemId="S13" CovItemPrefix="classes.Tree.java" Intrnl_Id="556">
<LocList>
<Loc EndOffset="940" SrcFileId="9" StartOffset="919"/>
</LocList>
</BasicStmnt>
</StmntSeq>
</HierarchyLvl>
<HierarchyLvl HierarchyLvlId="1229" HierarchyLvlTypeId="14" Intrnl_Id="557" Name="Compare">
<Header>
<Loc EndOffset="999" SrcFileId="9" StartOffset="956"/>
</Header>
<LocList>
<Loc EndOffset="1215" SrcFileId="9" StartOffset="956"/>
</LocList>
<StmntSeq Intrnl_Id="558">
<LocList>
<Loc EndOffset="1024" SrcFileId="9" StartOffset="1004"/>
<Loc EndOffset="1048" SrcFileId="9" StartOffset="1028"/>
<Loc EndOffset="1192" SrcFileId="9" StartOffset="1052"/>
<Loc EndOffset="1208" SrcFileId="9" StartOffset="1196"/>
</LocList>
<BasicStmnt CovItemId="S14" CovItemPrefix="classes.Tree.java" Intrnl_Id="559">
<LocList>
<Loc EndOffset="1024" SrcFileId="9" StartOffset="1004"/>
</LocList>
</BasicStmnt>
<BasicStmnt CovItemId="S15" CovItemPrefix="classes.Tree.java" Intrnl_Id="560">
<LocList>
<Loc EndOffset="1048" SrcFileId="9" StartOffset="1028"/>
</LocList>
</BasicStmnt>
<CondStmnt CovItemId="S16" CovItemPrefix="classes.Tree.java" Intrnl_Id="561">
<Branch CovItemId="B1" CovItemPrefix="classes.Tree.java" Implct="false" Intrnl_Id="562">
<Cond/>
<LocList>
<Loc EndOffset="1093" SrcFileId="9" StartOffset="1069"/>
</LocList>
<StmntSeq Intrnl_Id="563">
<LocList>
<Loc EndOffset="1088" SrcFileId="9" StartOffset="1075"/>
</LocList>
<BasicStmnt CovItemId="S17" CovItemPrefix="classes.Tree.java" Intrnl_Id="564">
<LocList>
<Loc EndOffset="1088" SrcFileId="9" StartOffset="1075"/>
</LocList>
</BasicStmnt>
</StmntSeq>
</Branch>
<Branch CovItemId="B2" CovItemPrefix="classes.Tree.java" Implct="false" Intrnl_Id="565">
<Cond>
<Loc EndOffset="1101" SrcFileId="9" StartOffset="1097"/>
</Cond>
<LocList>
<Loc EndOffset="1192" SrcFileId="9" StartOffset="1101"/>
</LocList>
<StmntSeq Intrnl_Id="566">
<LocList>
<Loc EndOffset="1187" SrcFileId="9" StartOffset="1107"/>
</LocList>
<CondStmnt CovItemId="S18" CovItemPrefix="classes.Tree.java" Intrnl_Id="567">
<Branch CovItemId="B3" CovItemPrefix="classes.Tree.java" Implct="false" Intrnl_Id="568">
<Cond/>
<LocList>
<Loc EndOffset="1151" SrcFileId="9" StartOffset="1125"/>
</LocList>
<StmntSeq Intrnl_Id="569">
<LocList>
<Loc EndOffset="1145" SrcFileId="9" StartOffset="1132"/>
</LocList>
<BasicStmnt CovItemId="S19" CovItemPrefix="classes.Tree.java" Intrnl_Id="570">
<LocList>
<Loc EndOffset="1145" SrcFileId="9" StartOffset="1132"/>
</LocList>
</BasicStmnt>
</StmntSeq>
</Branch>
<Branch CovItemId="B4" CovItemPrefix="classes.Tree.java" Implct="false" Intrnl_Id="571">
<Cond>
<Loc EndOffset="1161" SrcFileId="9" StartOffset="1157"/>
</Cond>
<LocList>
<Loc EndOffset="1187" SrcFileId="9" StartOffset="1162"/>
</LocList>
<StmntSeq Intrnl_Id="572">
<LocList>
<Loc EndOffset="1181" SrcFileId="9" StartOffset="1169"/>
</LocList>
<BasicStmnt CovItemId="S20" CovItemPrefix="classes.Tree.java" Intrnl_Id="573">
<LocList>
<Loc EndOffset="1181" SrcFileId="9" StartOffset="1169"/>
</LocList>
</BasicStmnt>
</StmntSeq>
</Branch>
<Keyword EndOffset="1109" SrcFileId="9" StartOffset="1107"/>
<LocList>
<Loc EndOffset="1187" SrcFileId="9" StartOffset="1107"/>
</LocList>
<RootTerm CovItemId="C2" CovItemPrefix="classes.Tree.java" Intrnl_Id="574">
<OpTerm BooleanOpId="12" Intrnl_Id="575">
<BasicBoolTerm Intrnl_Id="576">
<LocList>
<Loc EndOffset="1123" SrcFileId="9" StartOffset="1113"/>
</LocList>
</BasicBoolTerm>
<LocList>
<Loc EndOffset="1112" SrcFileId="9" StartOffset="1111"/>
</LocList>
</OpTerm>
</RootTerm>
</CondStmnt>
</StmntSeq>
</Branch>
<Keyword EndOffset="1054" SrcFileId="9" StartOffset="1052"/>
<LocList>
<Loc EndOffset="1192" SrcFileId="9" StartOffset="1052"/>
</LocList>
<RootTerm CovItemId="C1" CovItemPrefix="classes.Tree.java" Intrnl_Id="577">
<BasicBoolTerm Intrnl_Id="578">
<LocList>
<Loc EndOffset="1067" SrcFileId="9" StartOffset="1056"/>
</LocList>
</BasicBoolTerm>
</RootTerm>
</CondStmnt>
<BasicStmnt CovItemId="S21" CovItemPrefix="classes.Tree.java" Intrnl_Id="579">
<LocList>
<Loc EndOffset="1208" SrcFileId="9" StartOffset="1196"/>
</LocList>
</BasicStmnt>
</StmntSeq>
</HierarchyLvl>
<HierarchyLvl HierarchyLvlId="1230" HierarchyLvlTypeId="14" Intrnl_Id="580" Name="Insert">
<Header>
<Loc EndOffset="1252" SrcFileId="9" StartOffset="1223"/>
</Header>
<LocList>
<Loc EndOffset="1957" SrcFileId="9" StartOffset="1223"/>
</LocList>
<StmntSeq Intrnl_Id="581">
<LocList>
<Loc EndOffset="1284" SrcFileId="9" StartOffset="1257"/>
<Loc EndOffset="1310" SrcFileId="9" StartOffset="1288"/>
<Loc EndOffset="1340" SrcFileId="9" StartOffset="1314"/>
<Loc EndOffset="1365" SrcFileId="9" StartOffset="1344"/>
<Loc EndOffset="1385" SrcFileId="9" StartOffset="1369"/>
<Loc EndOffset="1950" SrcFileId="9" StartOffset="1389"/>
</LocList>
<BasicStmnt CovItemId="S22" CovItemPrefix="classes.Tree.java" Intrnl_Id="582">
<LocList>
<Loc EndOffset="1284" SrcFileId="9" StartOffset="1257"/>
</LocList>
</BasicStmnt>
<BasicStmnt CovItemId="S23" CovItemPrefix="classes.Tree.java" Intrnl_Id="583">
<LocList>
<Loc EndOffset="1310" SrcFileId="9" StartOffset="1288"/>
</LocList>
</BasicStmnt>
<BasicStmnt CovItemId="S24" CovItemPrefix="classes.Tree.java" Intrnl_Id="584">
<LocList>
<Loc EndOffset="1340" SrcFileId="9" StartOffset="1314"/>
</LocList>
</BasicStmnt>
<BasicStmnt CovItemId="S25" CovItemPrefix="classes.Tree.java" Intrnl_Id="585">
<LocList>
<Loc EndOffset="1365" SrcFileId="9" StartOffset="1344"/>
</LocList>
</BasicStmnt>
<BasicStmnt CovItemId="S26" CovItemPrefix="classes.Tree.java" Intrnl_Id="586">
<LocList>
<Loc EndOffset="1385" SrcFileId="9" StartOffset="1369"/>
</LocList>
</BasicStmnt>
<LoopStmnt CovItemId="S27" CovItemPrefix="classes.Tree.java" Intrnl_Id="587" MltplExecId="L1-2" MltplExecPrefix="classes.Tree.java" NvrExecId="L1-0" NvrExecPrefix="classes.Tree.java" OnceExecutedId="L1-1" OnceExecutedPrefix="classes.Tree.java" OptBodyExec="true">
<StmntSeq Intrnl_Id="588">
<LocList>
<Loc EndOffset="1442" SrcFileId="9" StartOffset="1410"/>
<Loc EndOffset="1945" SrcFileId="9" StartOffset="1450"/>
</LocList>
<BasicStmnt CovItemId="S28" CovItemPrefix="classes.Tree.java" Intrnl_Id="589">
<LocList>
<Loc EndOffset="1442" SrcFileId="9" StartOffset="1410"/>
</LocList>
</BasicStmnt>
<CondStmnt CovItemId="S29" CovItemPrefix="classes.Tree.java" Intrnl_Id="590">
<Branch CovItemId="B5" CovItemPrefix="classes.Tree.java" Implct="false" Intrnl_Id="591">
<Cond/>
<LocList>
<Loc EndOffset="1700" SrcFileId="9" StartOffset="1470"/>
</LocList>
<StmntSeq Intrnl_Id="592">
<LocList>
<Loc EndOffset="1691" SrcFileId="9" StartOffset="1477"/>
</LocList>
<CondStmnt CovItemId="S30" CovItemPrefix="classes.Tree.java" Intrnl_Id="593">
<Branch CovItemId="B7" CovItemPrefix="classes.Tree.java" Implct="false" Intrnl_Id="594">
<Cond/>
<LocList>
<Loc EndOffset="1562" SrcFileId="9" StartOffset="1508"/>
</LocList>
<StmntSeq Intrnl_Id="595">
<LocList>
<Loc EndOffset="1555" SrcFileId="9" StartOffset="1516"/>
</LocList>
<BasicStmnt CovItemId="S31" CovItemPrefix="classes.Tree.java" Intrnl_Id="596">
<LocList>
<Loc EndOffset="1555" SrcFileId="9" StartOffset="1516"/>
</LocList>
</BasicStmnt>
</StmntSeq>
</Branch>
<Branch CovItemId="B8" CovItemPrefix="classes.Tree.java" Implct="false" Intrnl_Id="597">
<Cond>
<Loc EndOffset="1576" SrcFileId="9" StartOffset="1572"/>
</Cond>
<LocList>
<Loc EndOffset="1691" SrcFileId="9" StartOffset="1577"/>
</LocList>
<StmntSeq Intrnl_Id="598">
<LocList>
<Loc EndOffset="1602" SrcFileId="9" StartOffset="1588"/>
<Loc EndOffset="1643" SrcFileId="9" StartOffset="1612"/>
<Loc EndOffset="1684" SrcFileId="9" StartOffset="1653"/>
</LocList>
<BasicStmnt CovItemId="S32" CovItemPrefix="classes.Tree.java" Intrnl_Id="599">
<LocList>
<Loc EndOffset="1602" SrcFileId="9" StartOffset="1588"/>
</LocList>
</BasicStmnt>
<BasicStmnt CovItemId="S33" CovItemPrefix="classes.Tree.java" Intrnl_Id="600">
<LocList>
<Loc EndOffset="1643" SrcFileId="9" StartOffset="1612"/>
</LocList>
</BasicStmnt>
<BasicStmnt CovItemId="S34" CovItemPrefix="classes.Tree.java" Intrnl_Id="601">
<LocList>
<Loc EndOffset="1684" SrcFileId="9" StartOffset="1653"/>
</LocList>
</BasicStmnt>
</StmntSeq>
</Branch>
<Keyword EndOffset="1479" SrcFileId="9" StartOffset="1477"/>
<LocList>
<Loc EndOffset="1691" SrcFileId="9" StartOffset="1477"/>
</LocList>
<RootTerm CovItemId="C5" CovItemPrefix="classes.Tree.java" Intrnl_Id="602">
<BasicBoolTerm Intrnl_Id="603">
<LocList>
<Loc EndOffset="1507" SrcFileId="9" StartOffset="1481"/>
</LocList>
</BasicBoolTerm>
</RootTerm>
</CondStmnt>
</StmntSeq>
</Branch>
<Branch CovItemId="B6" CovItemPrefix="classes.Tree.java" Implct="false" Intrnl_Id="604">
<Cond>
<Loc EndOffset="1712" SrcFileId="9" StartOffset="1708"/>
</Cond>
<LocList>
<Loc EndOffset="1945" SrcFileId="9" StartOffset="1712"/>
</LocList>
<StmntSeq Intrnl_Id="605">
<LocList>
<Loc EndOffset="1936" SrcFileId="9" StartOffset="1719"/>
</LocList>
<CondStmnt CovItemId="S35" CovItemPrefix="classes.Tree.java" Intrnl_Id="606">
<Branch CovItemId="B9" CovItemPrefix="classes.Tree.java" Implct="false" Intrnl_Id="607">
<Cond/>
<LocList>
<Loc EndOffset="1809" SrcFileId="9" StartOffset="1751"/>
</LocList>
<StmntSeq Intrnl_Id="608">
<LocList>
<Loc EndOffset="1802" SrcFileId="9" StartOffset="1762"/>
</LocList>
<BasicStmnt CovItemId="S36" CovItemPrefix="classes.Tree.java" Intrnl_Id="609">
<LocList>
<Loc EndOffset="1802" SrcFileId="9" StartOffset="1762"/>
</LocList>
</BasicStmnt>
</StmntSeq>
</Branch>
<Branch CovItemId="B10" CovItemPrefix="classes.Tree.java" Implct="false" Intrnl_Id="610">
<Cond>
<Loc EndOffset="1819" SrcFileId="9" StartOffset="1815"/>
</Cond>
<LocList>
<Loc EndOffset="1936" SrcFileId="9" StartOffset="1820"/>
</LocList>
<StmntSeq Intrnl_Id="611">
<LocList>
<Loc EndOffset="1845" SrcFileId="9" StartOffset="1831"/>
<Loc EndOffset="1887" SrcFileId="9" StartOffset="1855"/>
<Loc EndOffset="1929" SrcFileId="9" StartOffset="1897"/>
</LocList>
<BasicStmnt CovItemId="S37" CovItemPrefix="classes.Tree.java" Intrnl_Id="612">
<LocList>
<Loc EndOffset="1845" SrcFileId="9" StartOffset="1831"/>
</LocList>
</BasicStmnt>
<BasicStmnt CovItemId="S38" CovItemPrefix="classes.Tree.java" Intrnl_Id="613">
<LocList>
<Loc EndOffset="1887" SrcFileId="9" StartOffset="1855"/>
</LocList>
</BasicStmnt>
<BasicStmnt CovItemId="S39" CovItemPrefix="classes.Tree.java" Intrnl_Id="614">
<LocList>
<Loc EndOffset="1929" SrcFileId="9" StartOffset="1897"/>
</LocList>
</BasicStmnt>
</StmntSeq>
</Branch>
<Keyword EndOffset="1721" SrcFileId="9" StartOffset="1719"/>
<LocList>
<Loc EndOffset="1936" SrcFileId="9" StartOffset="1719"/>
</LocList>
<RootTerm CovItemId="C6" CovItemPrefix="classes.Tree.java" Intrnl_Id="615">
<BasicBoolTerm Intrnl_Id="616">
<LocList>
<Loc EndOffset="1750" SrcFileId="9" StartOffset="1723"/>
</LocList>
</BasicBoolTerm>
</RootTerm>
</CondStmnt>
</StmntSeq>
</Branch>
<Keyword EndOffset="1452" SrcFileId="9" StartOffset="1450"/>
<LocList>
<Loc EndOffset="1945" SrcFileId="9" StartOffset="1450"/>
</LocList>
<RootTerm CovItemId="C4" CovItemPrefix="classes.Tree.java" Intrnl_Id="617">
<BasicBoolTerm Intrnl_Id="618">
<LocList>
<Loc EndOffset="1469" SrcFileId="9" StartOffset="1454"/>
</LocList>
</BasicBoolTerm>
</RootTerm>
</CondStmnt>
</StmntSeq>
<Keyword EndOffset="1394" SrcFileId="9" StartOffset="1389"/>
<LocList>
<Loc EndOffset="1950" SrcFileId="9" StartOffset="1389"/>
</LocList>
<RootTerm CovItemId="C3" CovItemPrefix="classes.Tree.java" Intrnl_Id="619">
<BasicBoolTerm Intrnl_Id="620">
<LocList>
<Loc EndOffset="1400" SrcFileId="9" StartOffset="1396"/>
</LocList>
</BasicBoolTerm>
</RootTerm>
</LoopStmnt>
</StmntSeq>
</HierarchyLvl>
<HierarchyLvl HierarchyLvlId="1231" HierarchyLvlTypeId="14" Intrnl_Id="621" Name="Delete">
<Header>
<Loc EndOffset="1997" SrcFileId="9" StartOffset="1965"/>
</Header>
<LocList>
<Loc EndOffset="3146" SrcFileId="9" StartOffset="1965"/>
</LocList>
<StmntSeq Intrnl_Id="622">
<LocList>
<Loc EndOffset="2028" SrcFileId="9" StartOffset="2002"/>
<Loc EndOffset="2057" SrcFileId="9" StartOffset="2032"/>
<Loc EndOffset="2082" SrcFileId="9" StartOffset="2061"/>
<Loc EndOffset="2109" SrcFileId="9" StartOffset="2086"/>
<Loc EndOffset="2133" SrcFileId="9" StartOffset="2113"/>
<Loc EndOffset="2161" SrcFileId="9" StartOffset="2137"/>
<Loc EndOffset="2181" SrcFileId="9" StartOffset="2165"/>
<Loc EndOffset="3121" SrcFileId="9" StartOffset="2187"/>
<Loc EndOffset="3139" SrcFileId="9" StartOffset="3125"/>
</LocList>
<BasicStmnt CovItemId="S40" CovItemPrefix="classes.Tree.java" Intrnl_Id="623">
<LocList>
<Loc EndOffset="2028" SrcFileId="9" StartOffset="2002"/>
</LocList>
</BasicStmnt>
<BasicStmnt CovItemId="S41" CovItemPrefix="classes.Tree.java" Intrnl_Id="624">
<LocList>
<Loc EndOffset="2057" SrcFileId="9" StartOffset="2032"/>
</LocList>
</BasicStmnt>
<BasicStmnt CovItemId="S42" CovItemPrefix="classes.Tree.java" Intrnl_Id="625">
<LocList>
<Loc EndOffset="2082" SrcFileId="9" StartOffset="2061"/>
</LocList>
</BasicStmnt>
<BasicStmnt CovItemId="S43" CovItemPrefix="classes.Tree.java" Intrnl_Id="626">
<LocList>
<Loc EndOffset="2109" SrcFileId="9" StartOffset="2086"/>
</LocList>
</BasicStmnt>
<BasicStmnt CovItemId="S44" CovItemPrefix="classes.Tree.java" Intrnl_Id="627">
<LocList>
<Loc EndOffset="2133" SrcFileId="9" StartOffset="2113"/>
</LocList>
</BasicStmnt>
<BasicStmnt CovItemId="S45" CovItemPrefix="classes.Tree.java" Intrnl_Id="628">
<LocList>
<Loc EndOffset="2161" SrcFileId="9" StartOffset="2137"/>
</LocList>
</BasicStmnt>
<BasicStmnt CovItemId="S46" CovItemPrefix="classes.Tree.java" Intrnl_Id="629">
<LocList>
<Loc EndOffset="2181" SrcFileId="9" StartOffset="2165"/>
</LocList>
</BasicStmnt>
<LoopStmnt CovItemId="S47" CovItemPrefix="classes.Tree.java" Intrnl_Id="630" MltplExecId="L2-2" MltplExecPrefix="classes.Tree.java" NvrExecId="L2-0" NvrExecPrefix="classes.Tree.java" OnceExecutedId="L2-1" OnceExecutedPrefix="classes.Tree.java" OptBodyExec="true">
<StmntSeq Intrnl_Id="631">
<LocList>
<Loc EndOffset="2240" SrcFileId="9" StartOffset="2208"/>
<Loc EndOffset="3090" SrcFileId="9" StartOffset="2248"/>
<Loc EndOffset="3116" SrcFileId="9" StartOffset="3099"/>
</LocList>
<BasicStmnt CovItemId="S48" CovItemPrefix="classes.Tree.java" Intrnl_Id="632">
<LocList>
<Loc EndOffset="2240" SrcFileId="9" StartOffset="2208"/>
</LocList>
</BasicStmnt>
<CondStmnt CovItemId="S49" CovItemPrefix="classes.Tree.java" Intrnl_Id="633">
<Branch CovItemId="B11" CovItemPrefix="classes.Tree.java" Implct="false" Intrnl_Id="634">
<Cond/>
<LocList>
<Loc EndOffset="2453" SrcFileId="9" StartOffset="2268"/>
</LocList>
<StmntSeq Intrnl_Id="635">
<LocList>
<Loc EndOffset="2444" SrcFileId="9" StartOffset="2278"/>
</LocList>
<CondStmnt CovItemId="S50" CovItemPrefix="classes.Tree.java" Intrnl_Id="636">
<Branch CovItemId="B13" CovItemPrefix="classes.Tree.java" Implct="false" Intrnl_Id="637">
<Cond/>
<LocList>
<Loc EndOffset="2404" SrcFileId="9" StartOffset="2309"/>
</LocList>
<StmntSeq Intrnl_Id="638">
<LocList>
<Loc EndOffset="2348" SrcFileId="9" StartOffset="2320"/>
<Loc EndOffset="2397" SrcFileId="9" StartOffset="2358"/>
</LocList>
<BasicStmnt CovItemId="S51" CovItemPrefix="classes.Tree.java" Intrnl_Id="639">
<LocList>
<Loc EndOffset="2348" SrcFileId="9" StartOffset="2320"/>
</LocList>
</BasicStmnt>
<BasicStmnt CovItemId="S52" CovItemPrefix="classes.Tree.java" Intrnl_Id="640">
<LocList>
<Loc EndOffset="2397" SrcFileId="9" StartOffset="2358"/>
</LocList>
</BasicStmnt>
</StmntSeq>
</Branch>
<Branch CovItemId="B14" CovItemPrefix="classes.Tree.java" Implct="false" Intrnl_Id="641">
<Cond>
<Loc EndOffset="2414" SrcFileId="9" StartOffset="2410"/>
</Cond>
<LocList>
<Loc EndOffset="2444" SrcFileId="9" StartOffset="2415"/>
</LocList>
<StmntSeq Intrnl_Id="642">
<LocList>
<Loc EndOffset="2437" SrcFileId="9" StartOffset="2423"/>
</LocList>
<BasicStmnt CovItemId="S53" CovItemPrefix="classes.Tree.java" Intrnl_Id="643">
<LocList>
<Loc EndOffset="2437" SrcFileId="9" StartOffset="2423"/>
</LocList>
</BasicStmnt>
</StmntSeq>
</Branch>
<Keyword EndOffset="2280" SrcFileId="9" StartOffset="2278"/>
<LocList>
<Loc EndOffset="2444" SrcFileId="9" StartOffset="2278"/>
</LocList>
<RootTerm CovItemId="C9" CovItemPrefix="classes.Tree.java" Intrnl_Id="644">
<BasicBoolTerm Intrnl_Id="645">
<LocList>
<Loc EndOffset="2308" SrcFileId="9" StartOffset="2282"/>
</LocList>
</BasicBoolTerm>
</RootTerm>
</CondStmnt>
</StmntSeq>
</Branch>
<Branch CovItemId="B12" CovItemPrefix="classes.Tree.java" Implct="false" Intrnl_Id="646">
<Cond>
<Loc EndOffset="2465" SrcFileId="9" StartOffset="2461"/>
</Cond>
<LocList>
<Loc EndOffset="3090" SrcFileId="9" StartOffset="2466"/>
</LocList>
<StmntSeq Intrnl_Id="647">
<LocList>
<Loc EndOffset="3081" SrcFileId="9" StartOffset="2476"/>
</LocList>
<CondStmnt CovItemId="S54" CovItemPrefix="classes.Tree.java" Intrnl_Id="648">
<Branch CovItemId="B15" CovItemPrefix="classes.Tree.java" Implct="false" Intrnl_Id="649">
<Cond/>
<LocList>
<Loc EndOffset="2700" SrcFileId="9" StartOffset="2496"/>
</LocList>
<StmntSeq Intrnl_Id="650">
<LocList>
<Loc EndOffset="2690" SrcFileId="9" StartOffset="2507"/>
</LocList>
<CondStmnt CovItemId="S55" CovItemPrefix="classes.Tree.java" Intrnl_Id="651">
<Branch CovItemId="B17" CovItemPrefix="classes.Tree.java" Implct="false" Intrnl_Id="652">
<Cond/>
<LocList>
<Loc EndOffset="2635" SrcFileId="9" StartOffset="2539"/>
</LocList>
<StmntSeq Intrnl_Id="653">
<LocList>
<Loc EndOffset="2576" SrcFileId="9" StartOffset="2548"/>
<Loc EndOffset="2624" SrcFileId="9" StartOffset="2584"/>
</LocList>
<BasicStmnt CovItemId="S56" CovItemPrefix="classes.Tree.java" Intrnl_Id="654">
<LocList>
<Loc EndOffset="2576" SrcFileId="9" StartOffset="2548"/>
</LocList>
</BasicStmnt>
<BasicStmnt CovItemId="S57" CovItemPrefix="classes.Tree.java" Intrnl_Id="655">
<LocList>
<Loc EndOffset="2624" SrcFileId="9" StartOffset="2584"/>
</LocList>
</BasicStmnt>
</StmntSeq>
</Branch>
<Branch CovItemId="B18" CovItemPrefix="classes.Tree.java" Implct="false" Intrnl_Id="656">
<Cond>
<Loc EndOffset="2650" SrcFileId="9" StartOffset="2646"/>
</Cond>
<LocList>
<Loc EndOffset="2690" SrcFileId="9" StartOffset="2651"/>
</LocList>
<StmntSeq Intrnl_Id="657">
<LocList>
<Loc EndOffset="2678" SrcFileId="9" StartOffset="2664"/>
</LocList>
<BasicStmnt CovItemId="S58" CovItemPrefix="classes.Tree.java" Intrnl_Id="658">
<LocList>
<Loc EndOffset="2678" SrcFileId="9" StartOffset="2664"/>
</LocList>
</BasicStmnt>
</StmntSeq>
</Branch>
<Keyword EndOffset="2509" SrcFileId="9" StartOffset="2507"/>
<LocList>
<Loc EndOffset="2690" SrcFileId="9" StartOffset="2507"/>
</LocList>
<RootTerm CovItemId="C11" CovItemPrefix="classes.Tree.java" Intrnl_Id="659">
<BasicBoolTerm Intrnl_Id="660">
<LocList>
<Loc EndOffset="2538" SrcFileId="9" StartOffset="2511"/>
</LocList>
</BasicBoolTerm>
</RootTerm>
</CondStmnt>
</StmntSeq>
</Branch>
<Branch CovItemId="B16" CovItemPrefix="classes.Tree.java" Implct="false" Intrnl_Id="661">
<Cond>
<Loc EndOffset="2710" SrcFileId="9" StartOffset="2706"/>
</Cond>
<LocList>
<Loc EndOffset="3081" SrcFileId="9" StartOffset="2711"/>
</LocList>
<StmntSeq Intrnl_Id="662">
<LocList>
<Loc EndOffset="3026" SrcFileId="9" StartOffset="2723"/>
<Loc EndOffset="3050" SrcFileId="9" StartOffset="3036"/>
<Loc EndOffset="3074" SrcFileId="9" StartOffset="3060"/>
</LocList>
<CondStmnt CovItemId="S59" CovItemPrefix="classes.Tree.java" Intrnl_Id="663">
<Branch CovItemId="B19" CovItemPrefix="classes.Tree.java" Implct="false" Intrnl_Id="664">
<Cond/>
<LocList>
<Loc EndOffset="2944" SrcFileId="9" StartOffset="2736"/>
</LocList>
<StmntSeq Intrnl_Id="665">
<LocList>
<Loc EndOffset="2930" SrcFileId="9" StartOffset="2748"/>
</LocList>
<CondStmnt CovItemId="S60" CovItemPrefix="classes.Tree.java" Intrnl_Id="666">
<Branch CovItemId="B21" CovItemPrefix="classes.Tree.java" Implct="false" Intrnl_Id="667">
<Cond/>
<LocList>
<Loc EndOffset="2850" SrcFileId="9" StartOffset="2813"/>
</LocList>
<StmntSeq Intrnl_Id="668">
<LocList>
<Loc EndOffset="2838" SrcFileId="9" StartOffset="2826"/>
</LocList>
<BasicStmnt CovItemId="S61" CovItemPrefix="classes.Tree.java" Intrnl_Id="669">
<LocList>
<Loc EndOffset="2838" SrcFileId="9" StartOffset="2826"/>
</LocList>
</BasicStmnt>
</StmntSeq>
</Branch>
<Branch CovItemId="B22" CovItemPrefix="classes.Tree.java" Implct="false" Intrnl_Id="670">
<Cond>
<Loc EndOffset="2866" SrcFileId="9" StartOffset="2862"/>
</Cond>
<LocList>
<Loc EndOffset="2930" SrcFileId="9" StartOffset="2866"/>
</LocList>
<StmntSeq Intrnl_Id="671">
<LocList>
<Loc EndOffset="2920" SrcFileId="9" StartOffset="2876"/>
</LocList>
<BasicStmnt CovItemId="S62" CovItemPrefix="classes.Tree.java" Intrnl_Id="672">
<LocList>
<Loc EndOffset="2920" SrcFileId="9" StartOffset="2876"/>
</LocList>
</BasicStmnt>
</StmntSeq>
</Branch>
<Keyword EndOffset="2750" SrcFileId="9" StartOffset="2748"/>
<LocList>
<Loc EndOffset="2930" SrcFileId="9" StartOffset="2748"/>
</LocList>
<RootTerm CovItemId="C13" CovItemPrefix="classes.Tree.java" Intrnl_Id="673">
<OpTerm BooleanOpId="10" Intrnl_Id="674">
<OpTerm BooleanOpId="12" Intrnl_Id="675">
<BasicBoolTerm Intrnl_Id="676">
<LocList>
<Loc EndOffset="2780" SrcFileId="9" StartOffset="2753"/>
</LocList>
</BasicBoolTerm>
<LocList>
<Loc EndOffset="2753" SrcFileId="9" StartOffset="2752"/>
</LocList>
</OpTerm>
<OpTerm BooleanOpId="12" Intrnl_Id="677">
<BasicBoolTerm Intrnl_Id="678">
<LocList>
<Loc EndOffset="2811" SrcFileId="9" StartOffset="2785"/>
</LocList>
</BasicBoolTerm>
<LocList>
<Loc EndOffset="2785" SrcFileId="9" StartOffset="2784"/>
</LocList>
</OpTerm>
<LocList>
<Loc EndOffset="2783" SrcFileId="9" StartOffset="2781"/>
</LocList>
</OpTerm>
</RootTerm>
</CondStmnt>
</StmntSeq>
</Branch>
<Branch CovItemId="B20" CovItemPrefix="classes.Tree.java" Implct="false" Intrnl_Id="679">
<Cond>
<Loc EndOffset="2958" SrcFileId="9" StartOffset="2954"/>
</Cond>
<LocList>
<Loc EndOffset="3026" SrcFileId="9" StartOffset="2959"/>
</LocList>
<StmntSeq Intrnl_Id="680">
<LocList>
<Loc EndOffset="3015" SrcFileId="9" StartOffset="2971"/>
</LocList>
<BasicStmnt CovItemId="S63" CovItemPrefix="classes.Tree.java" Intrnl_Id="681">
<LocList>
<Loc EndOffset="3015" SrcFileId="9" StartOffset="2971"/>
</LocList>
</BasicStmnt>
</StmntSeq>
</Branch>
<Keyword EndOffset="2725" SrcFileId="9" StartOffset="2723"/>
<LocList>
<Loc EndOffset="3026" SrcFileId="9" StartOffset="2723"/>
</LocList>
<RootTerm CovItemId="C12" CovItemPrefix="classes.Tree.java" Intrnl_Id="682">
<BasicBoolTerm Intrnl_Id="683">
<LocList>
<Loc EndOffset="2734" SrcFileId="9" StartOffset="2727"/>
</LocList>
</BasicBoolTerm>
</RootTerm>
</CondStmnt>
<BasicStmnt CovItemId="S64" CovItemPrefix="classes.Tree.java" Intrnl_Id="684">
<LocList>
<Loc EndOffset="3050" SrcFileId="9" StartOffset="3036"/>
</LocList>
</BasicStmnt>
<BasicStmnt CovItemId="S65" CovItemPrefix="classes.Tree.java" Intrnl_Id="685">
<LocList>
<Loc EndOffset="3074" SrcFileId="9" StartOffset="3060"/>
</LocList>
</BasicStmnt>
</StmntSeq>
</Branch>
<Keyword EndOffset="2478" SrcFileId="9" StartOffset="2476"/>
<LocList>
<Loc EndOffset="3081" SrcFileId="9" StartOffset="2476"/>
</LocList>
<RootTerm CovItemId="C10" CovItemPrefix="classes.Tree.java" Intrnl_Id="686">
<BasicBoolTerm Intrnl_Id="687">
<LocList>
<Loc EndOffset="2495" SrcFileId="9" StartOffset="2480"/>
</LocList>
</BasicBoolTerm>
</RootTerm>
</CondStmnt>
</StmntSeq>
</Branch>
<Keyword EndOffset="2250" SrcFileId="9" StartOffset="2248"/>
<LocList>
<Loc EndOffset="3090" SrcFileId="9" StartOffset="2248"/>
</LocList>
<RootTerm CovItemId="C8" CovItemPrefix="classes.Tree.java" Intrnl_Id="688">
<BasicBoolTerm Intrnl_Id="689">
<LocList>
<Loc EndOffset="2267" SrcFileId="9" StartOffset="2252"/>
</LocList>
</BasicBoolTerm>
</RootTerm>
</CondStmnt>
<BasicStmnt CovItemId="S66" CovItemPrefix="classes.Tree.java" Intrnl_Id="690">
<LocList>
<Loc EndOffset="3116" SrcFileId="9" StartOffset="3099"/>
</LocList>
</BasicStmnt>
</StmntSeq>
<Keyword EndOffset="2192" SrcFileId="9" StartOffset="2187"/>
<LocList>
<Loc EndOffset="3121" SrcFileId="9" StartOffset="2187"/>
</LocList>
<RootTerm CovItemId="C7" CovItemPrefix="classes.Tree.java" Intrnl_Id="691">
<BasicBoolTerm Intrnl_Id="692">
<LocList>
<Loc EndOffset="2198" SrcFileId="9" StartOffset="2194"/>
</LocList>
</BasicBoolTerm>
</RootTerm>
</LoopStmnt>
<BasicStmnt CovItemId="S67" CovItemPrefix="classes.Tree.java" Intrnl_Id="693">
<LocList>
<Loc EndOffset="3139" SrcFileId="9" StartOffset="3125"/>
</LocList>
</BasicStmnt>
</StmntSeq>
</HierarchyLvl>
<HierarchyLvl HierarchyLvlId="1232" HierarchyLvlTypeId="14" Intrnl_Id="694" Name="Remove">
<Header>
<Loc EndOffset="3201" SrcFileId="9" StartOffset="3154"/>
</Header>
<LocList>
<Loc EndOffset="3817" SrcFileId="9" StartOffset="3154"/>
</LocList>
<StmntSeq Intrnl_Id="695">
<LocList>
<Loc EndOffset="3226" SrcFileId="9" StartOffset="3206"/>
<Loc EndOffset="3246" SrcFileId="9" StartOffset="3230"/>
<Loc EndOffset="3266" SrcFileId="9" StartOffset="3250"/>
<Loc EndOffset="3793" SrcFileId="9" StartOffset="3273"/>
<Loc EndOffset="3810" SrcFileId="9" StartOffset="3797"/>
</LocList>
<BasicStmnt CovItemId="S68" CovItemPrefix="classes.Tree.java" Intrnl_Id="696">
<LocList>
<Loc EndOffset="3226" SrcFileId="9" StartOffset="3206"/>
</LocList>
</BasicStmnt>
<BasicStmnt CovItemId="S69" CovItemPrefix="classes.Tree.java" Intrnl_Id="697">
<LocList>
<Loc EndOffset="3246" SrcFileId="9" StartOffset="3230"/>
</LocList>
</BasicStmnt>
<BasicStmnt CovItemId="S70" CovItemPrefix="classes.Tree.java" Intrnl_Id="698">
<LocList>
<Loc EndOffset="3266" SrcFileId="9" StartOffset="3250"/>
</LocList>
</BasicStmnt>
<CondStmnt CovItemId="S71" CovItemPrefix="classes.Tree.java" Intrnl_Id="699">
<Branch CovItemId="B23" CovItemPrefix="classes.Tree.java" Implct="false" Intrnl_Id="700">
<Cond/>
<LocList>
<Loc EndOffset="3348" SrcFileId="9" StartOffset="3299"/>
</LocList>
<StmntSeq Intrnl_Id="701">
<LocList>
<Loc EndOffset="3343" SrcFileId="9" StartOffset="3305"/>
</LocList>
<BasicStmnt CovItemId="S72" CovItemPrefix="classes.Tree.java" Intrnl_Id="702">
<LocList>
<Loc EndOffset="3343" SrcFileId="9" StartOffset="3305"/>
</LocList>
</BasicStmnt>
</StmntSeq>
</Branch>
<Branch CovItemId="B24" CovItemPrefix="classes.Tree.java" Implct="false" Intrnl_Id="703">
<Cond>
<Loc EndOffset="3360" SrcFileId="9" StartOffset="3356"/>
</Cond>
<LocList>
<Loc EndOffset="3793" SrcFileId="9" StartOffset="3361"/>
</LocList>
<StmntSeq Intrnl_Id="704">
<LocList>
<Loc EndOffset="3788" SrcFileId="9" StartOffset="3367"/>
</LocList>
<CondStmnt CovItemId="S73" CovItemPrefix="classes.Tree.java" Intrnl_Id="705">
<Branch CovItemId="B25" CovItemPrefix="classes.Tree.java" Implct="false" Intrnl_Id="706">
<Cond/>
<LocList>
<Loc EndOffset="3445" SrcFileId="9" StartOffset="3393"/>
</LocList>
<StmntSeq Intrnl_Id="707">
<LocList>
<Loc EndOffset="3439" SrcFileId="9" StartOffset="3400"/>
</LocList>
<BasicStmnt CovItemId="S74" CovItemPrefix="classes.Tree.java" Intrnl_Id="708">
<LocList>
<Loc EndOffset="3439" SrcFileId="9" StartOffset="3400"/>
</LocList>
</BasicStmnt>
</StmntSeq>
</Branch>
<Branch CovItemId="B26" CovItemPrefix="classes.Tree.java" Implct="false" Intrnl_Id="709">
<Cond>
<Loc EndOffset="3454" SrcFileId="9" StartOffset="3450"/>
</Cond>
<LocList>
<Loc EndOffset="3788" SrcFileId="9" StartOffset="3455"/>
</LocList>
<StmntSeq Intrnl_Id="710">
<LocList>
<Loc EndOffset="3488" SrcFileId="9" StartOffset="3462"/>
<Loc EndOffset="3527" SrcFileId="9" StartOffset="3494"/>
<Loc EndOffset="3562" SrcFileId="9" StartOffset="3533"/>
<Loc EndOffset="3782" SrcFileId="9" StartOffset="3568"/>
</LocList>
<BasicStmnt CovItemId="S75" CovItemPrefix="classes.Tree.java" Intrnl_Id="711">
<LocList>
<Loc EndOffset="3488" SrcFileId="9" StartOffset="3462"/>
</LocList>
</BasicStmnt>
<BasicStmnt CovItemId="S76" CovItemPrefix="classes.Tree.java" Intrnl_Id="712">
<LocList>
<Loc EndOffset="3527" SrcFileId="9" StartOffset="3494"/>
</LocList>
</BasicStmnt>
<BasicStmnt CovItemId="S77" CovItemPrefix="classes.Tree.java" Intrnl_Id="713">
<LocList>
<Loc EndOffset="3562" SrcFileId="9" StartOffset="3533"/>
</LocList>
</BasicStmnt>
<CondStmnt CovItemId="S78" CovItemPrefix="classes.Tree.java" Intrnl_Id="714">
<Branch CovItemId="B27" CovItemPrefix="classes.Tree.java" Implct="false" Intrnl_Id="715">
<Cond/>
<LocList>
<Loc EndOffset="3686" SrcFileId="9" StartOffset="3603"/>
</LocList>
<StmntSeq Intrnl_Id="716">
<LocList>
<Loc EndOffset="3643" SrcFileId="9" StartOffset="3614"/>
<Loc EndOffset="3679" SrcFileId="9" StartOffset="3653"/>
</LocList>
<BasicStmnt CovItemId="S79" CovItemPrefix="classes.Tree.java" Intrnl_Id="717">
<LocList>
<Loc EndOffset="3643" SrcFileId="9" StartOffset="3614"/>
</LocList>
</BasicStmnt>
<BasicStmnt CovItemId="S80" CovItemPrefix="classes.Tree.java" Intrnl_Id="718">
<LocList>
<Loc EndOffset="3679" SrcFileId="9" StartOffset="3653"/>
</LocList>
</BasicStmnt>
</StmntSeq>
</Branch>
<Branch CovItemId="B28" CovItemPrefix="classes.Tree.java" Implct="false" Intrnl_Id="719">
<Cond>
<Loc EndOffset="3696" SrcFileId="9" StartOffset="3692"/>
</Cond>
<LocList>
<Loc EndOffset="3782" SrcFileId="9" StartOffset="3697"/>
</LocList>
<StmntSeq Intrnl_Id="720">
<LocList>
<Loc EndOffset="3738" SrcFileId="9" StartOffset="3708"/>
<Loc EndOffset="3775" SrcFileId="9" StartOffset="3748"/>
</LocList>
<BasicStmnt CovItemId="S81" CovItemPrefix="classes.Tree.java" Intrnl_Id="721">
<LocList>
<Loc EndOffset="3738" SrcFileId="9" StartOffset="3708"/>
</LocList>
</BasicStmnt>
<BasicStmnt CovItemId="S82" CovItemPrefix="classes.Tree.java" Intrnl_Id="722">
<LocList>
<Loc EndOffset="3775" SrcFileId="9" StartOffset="3748"/>
</LocList>
</BasicStmnt>
</StmntSeq>
</Branch>
<Keyword EndOffset="3570" SrcFileId="9" StartOffset="3568"/>
<LocList>
<Loc EndOffset="3782" SrcFileId="9" StartOffset="3568"/>
</LocList>
<RootTerm CovItemId="C16" CovItemPrefix="classes.Tree.java" Intrnl_Id="723">
<BasicBoolTerm Intrnl_Id="724">
<LocList>
<Loc EndOffset="3601" SrcFileId="9" StartOffset="3572"/>
</LocList>
</BasicBoolTerm>
</RootTerm>
</CondStmnt>
</StmntSeq>
</Branch>
<Keyword EndOffset="3369" SrcFileId="9" StartOffset="3367"/>
<LocList>
<Loc EndOffset="3788" SrcFileId="9" StartOffset="3367"/>
</LocList>
<RootTerm CovItemId="C15" CovItemPrefix="classes.Tree.java" Intrnl_Id="725">
<BasicBoolTerm Intrnl_Id="726">
<LocList>
<Loc EndOffset="3392" SrcFileId="9" StartOffset="3371"/>
</LocList>
</BasicBoolTerm>
</RootTerm>
</CondStmnt>
</StmntSeq>
</Branch>
<Keyword EndOffset="3275" SrcFileId="9" StartOffset="3273"/>
<LocList>
<Loc EndOffset="3793" SrcFileId="9" StartOffset="3273"/>
</LocList>
<RootTerm CovItemId="C14" CovItemPrefix="classes.Tree.java" Intrnl_Id="727">
<BasicBoolTerm Intrnl_Id="728">
<LocList>
<Loc EndOffset="3297" SrcFileId="9" StartOffset="3277"/>
</LocList>
</BasicBoolTerm>
</RootTerm>
</CondStmnt>
<BasicStmnt CovItemId="S83" CovItemPrefix="classes.Tree.java" Intrnl_Id="729">
<LocList>
<Loc EndOffset="3810" SrcFileId="9" StartOffset="3797"/>
</LocList>
</BasicStmnt>
</StmntSeq>
</HierarchyLvl>
<HierarchyLvl HierarchyLvlId="1233" HierarchyLvlTypeId="14" Intrnl_Id="730" Name="RemoveRight">
<Header>
<Loc EndOffset="3877" SrcFileId="9" StartOffset="3825"/>
</Header>
<LocList>
<Loc EndOffset="4171" SrcFileId="9" StartOffset="3825"/>
</LocList>
<StmntSeq Intrnl_Id="731">
<LocList>
<Loc EndOffset="3902" SrcFileId="9" StartOffset="3882"/>
<Loc EndOffset="4082" SrcFileId="9" StartOffset="3906"/>
<Loc EndOffset="4116" SrcFileId="9" StartOffset="4086"/>
<Loc EndOffset="4147" SrcFileId="9" StartOffset="4120"/>
<Loc EndOffset="4164" SrcFileId="9" StartOffset="4151"/>
</LocList>
<BasicStmnt CovItemId="S84" CovItemPrefix="classes.Tree.java" Intrnl_Id="732">
<LocList>
<Loc EndOffset="3902" SrcFileId="9" StartOffset="3882"/>
</LocList>
</BasicStmnt>
<LoopStmnt CovItemId="S85" CovItemPrefix="classes.Tree.java" Intrnl_Id="733" MltplExecId="L3-2" MltplExecPrefix="classes.Tree.java" NvrExecId="L3-0" NvrExecPrefix="classes.Tree.java" OnceExecutedId="L3-1" OnceExecutedPrefix="classes.Tree.java" OptBodyExec="true">
<StmntSeq Intrnl_Id="734">
<LocList>
<Loc EndOffset="3975" SrcFileId="9" StartOffset="3941"/>
<Loc EndOffset="4016" SrcFileId="9" StartOffset="3983"/>
<Loc EndOffset="4041" SrcFileId="9" StartOffset="4024"/>
<Loc EndOffset="4077" SrcFileId="9" StartOffset="4049"/>
</LocList>
<BasicStmnt CovItemId="S86" CovItemPrefix="classes.Tree.java" Intrnl_Id="735">
<LocList>
<Loc EndOffset="3975" SrcFileId="9" StartOffset="3941"/>
</LocList>
</BasicStmnt>
<BasicStmnt CovItemId="S87" CovItemPrefix="classes.Tree.java" Intrnl_Id="736">
<LocList>
<Loc EndOffset="4016" SrcFileId="9" StartOffset="3983"/>
</LocList>
</BasicStmnt>
<BasicStmnt CovItemId="S88" CovItemPrefix="classes.Tree.java" Intrnl_Id="737">
<LocList>
<Loc EndOffset="4041" SrcFileId="9" StartOffset="4024"/>
</LocList>
</BasicStmnt>
<BasicStmnt CovItemId="S89" CovItemPrefix="classes.Tree.java" Intrnl_Id="738">
<LocList>
<Loc EndOffset="4077" SrcFileId="9" StartOffset="4049"/>
</LocList>
</BasicStmnt>
</StmntSeq>
<Keyword EndOffset="3911" SrcFileId="9" StartOffset="3906"/>
<LocList>
<Loc EndOffset="4082" SrcFileId="9" StartOffset="3906"/>
</LocList>
<RootTerm CovItemId="C17" CovItemPrefix="classes.Tree.java" Intrnl_Id="739">
<BasicBoolTerm Intrnl_Id="740">
<LocList>
<Loc EndOffset="3934" SrcFileId="9" StartOffset="3913"/>
</LocList>
</BasicBoolTerm>
</RootTerm>
</LoopStmnt>
<BasicStmnt CovItemId="S90" CovItemPrefix="classes.Tree.java" Intrnl_Id="741">
<LocList>
<Loc EndOffset="4116" SrcFileId="9" StartOffset="4086"/>
</LocList>
</BasicStmnt>
<BasicStmnt CovItemId="S91" CovItemPrefix="classes.Tree.java" Intrnl_Id="742">
<LocList>
<Loc EndOffset="4147" SrcFileId="9" StartOffset="4120"/>
</LocList>
</BasicStmnt>
<BasicStmnt CovItemId="S92" CovItemPrefix="classes.Tree.java" Intrnl_Id="743">
<LocList>
<Loc EndOffset="4164" SrcFileId="9" StartOffset="4151"/>
</LocList>
</BasicStmnt>
</StmntSeq>
</HierarchyLvl>
<HierarchyLvl HierarchyLvlId="1234" HierarchyLvlTypeId="14" Intrnl_Id="744" Name="RemoveLeft">
<Header>
<Loc EndOffset="4230" SrcFileId="9" StartOffset="4179"/>
</Header>
<LocList>
<Loc EndOffset="4519" SrcFileId="9" StartOffset="4179"/>
</LocList>
<StmntSeq Intrnl_Id="745">
<LocList>
<Loc EndOffset="4255" SrcFileId="9" StartOffset="4235"/>
<Loc EndOffset="4432" SrcFileId="9" StartOffset="4259"/>
<Loc EndOffset="4465" SrcFileId="9" StartOffset="4436"/>
<Loc EndOffset="4495" SrcFileId="9" StartOffset="4469"/>
<Loc EndOffset="4512" SrcFileId="9" StartOffset="4499"/>
</LocList>
<BasicStmnt CovItemId="S93" CovItemPrefix="classes.Tree.java" Intrnl_Id="746">
<LocList>
<Loc EndOffset="4255" SrcFileId="9" StartOffset="4235"/>
</LocList>
</BasicStmnt>
<LoopStmnt CovItemId="S94" CovItemPrefix="classes.Tree.java" Intrnl_Id="747" MltplExecId="L4-2" MltplExecPrefix="classes.Tree.java" NvrExecId="L4-0" NvrExecPrefix="classes.Tree.java" OnceExecutedId="L4-1" OnceExecutedPrefix="classes.Tree.java" OptBodyExec="true">
<StmntSeq Intrnl_Id="748">
<LocList>
<Loc EndOffset="4326" SrcFileId="9" StartOffset="4293"/>
<Loc EndOffset="4367" SrcFileId="9" StartOffset="4334"/>
<Loc EndOffset="4392" SrcFileId="9" StartOffset="4375"/>
<Loc EndOffset="4427" SrcFileId="9" StartOffset="4400"/>
</LocList>
<BasicStmnt CovItemId="S95" CovItemPrefix="classes.Tree.java" Intrnl_Id="749">
<LocList>
<Loc EndOffset="4326" SrcFileId="9" StartOffset="4293"/>
</LocList>
</BasicStmnt>
<BasicStmnt CovItemId="S96" CovItemPrefix="classes.Tree.java" Intrnl_Id="750">
<LocList>
<Loc EndOffset="4367" SrcFileId="9" StartOffset="4334"/>
</LocList>
</BasicStmnt>
<BasicStmnt CovItemId="S97" CovItemPrefix="classes.Tree.java" Intrnl_Id="751">
<LocList>
<Loc EndOffset="4392" SrcFileId="9" StartOffset="4375"/>
</LocList>
</BasicStmnt>
<BasicStmnt CovItemId="S98" CovItemPrefix="classes.Tree.java" Intrnl_Id="752">
<LocList>
<Loc EndOffset="4427" SrcFileId="9" StartOffset="4400"/>
</LocList>
</BasicStmnt>
</StmntSeq>
<Keyword EndOffset="4264" SrcFileId="9" StartOffset="4259"/>
<LocList>
<Loc EndOffset="4432" SrcFileId="9" StartOffset="4259"/>
</LocList>
<RootTerm CovItemId="C18" CovItemPrefix="classes.Tree.java" Intrnl_Id="753">
<BasicBoolTerm Intrnl_Id="754">
<LocList>
<Loc EndOffset="4286" SrcFileId="9" StartOffset="4266"/>
</LocList>
</BasicBoolTerm>
</RootTerm>
</LoopStmnt>
<BasicStmnt CovItemId="S99" CovItemPrefix="classes.Tree.java" Intrnl_Id="755">
<LocList>
<Loc EndOffset="4465" SrcFileId="9" StartOffset="4436"/>
</LocList>
</BasicStmnt>
<BasicStmnt CovItemId="S100" CovItemPrefix="classes.Tree.java" Intrnl_Id="756">
<LocList>
<Loc EndOffset="4495" SrcFileId="9" StartOffset="4469"/>
</LocList>
</BasicStmnt>
<BasicStmnt CovItemId="S101" CovItemPrefix="classes.Tree.java" Intrnl_Id="757">
<LocList>
<Loc EndOffset="4512" SrcFileId="9" StartOffset="4499"/>
</LocList>
</BasicStmnt>
</StmntSeq>
</HierarchyLvl>
<HierarchyLvl HierarchyLvlId="1235" HierarchyLvlTypeId="14" Intrnl_Id="758" Name="Search">
<Header>
<Loc EndOffset="4561" SrcFileId="9" StartOffset="4529"/>
</Header>
<LocList>
<Loc EndOffset="5220" SrcFileId="9" StartOffset="4529"/>
</LocList>
<StmntSeq Intrnl_Id="759">
<LocList>
<Loc EndOffset="4591" SrcFileId="9" StartOffset="4566"/>
<Loc EndOffset="4618" SrcFileId="9" StartOffset="4595"/>
<Loc EndOffset="4642" SrcFileId="9" StartOffset="4622"/>
<Loc EndOffset="4662" SrcFileId="9" StartOffset="4646"/>
<Loc EndOffset="5194" SrcFileId="9" StartOffset="4668"/>
<Loc EndOffset="5213" SrcFileId="9" StartOffset="5198"/>
</LocList>
<BasicStmnt CovItemId="S102" CovItemPrefix="classes.Tree.java" Intrnl_Id="760">
<LocList>
<Loc EndOffset="4591" SrcFileId="9" StartOffset="4566"/>
</LocList>
</BasicStmnt>
<BasicStmnt CovItemId="S103" CovItemPrefix="classes.Tree.java" Intrnl_Id="761">
<LocList>
<Loc EndOffset="4618" SrcFileId="9" StartOffset="4595"/>
</LocList>
</BasicStmnt>
<BasicStmnt CovItemId="S104" CovItemPrefix="classes.Tree.java" Intrnl_Id="762">
<LocList>
<Loc EndOffset="4642" SrcFileId="9" StartOffset="4622"/>
</LocList>
</BasicStmnt>
<BasicStmnt CovItemId="S105" CovItemPrefix="classes.Tree.java" Intrnl_Id="763">
<LocList>
<Loc EndOffset="4662" SrcFileId="9" StartOffset="4646"/>
</LocList>
</BasicStmnt>
<LoopStmnt CovItemId="S106" CovItemPrefix="classes.Tree.java" Intrnl_Id="764" MltplExecId="L5-2" MltplExecPrefix="classes.Tree.java" NvrExecId="L5-0" NvrExecPrefix="classes.Tree.java" OnceExecutedId="L5-1" OnceExecutedPrefix="classes.Tree.java" OptBodyExec="true">
<StmntSeq Intrnl_Id="765">
<LocList>
<Loc EndOffset="4721" SrcFileId="9" StartOffset="4689"/>
<Loc EndOffset="5189" SrcFileId="9" StartOffset="4729"/>
</LocList>
<BasicStmnt CovItemId="S107" CovItemPrefix="classes.Tree.java" Intrnl_Id="766">
<LocList>
<Loc EndOffset="4721" SrcFileId="9" StartOffset="4689"/>
</LocList>
</BasicStmnt>
<CondStmnt CovItemId="S108" CovItemPrefix="classes.Tree.java" Intrnl_Id="767">
<Branch CovItemId="B29" CovItemPrefix="classes.Tree.java" Implct="false" Intrnl_Id="768">
<Cond/>
<LocList>
<Loc EndOffset="4899" SrcFileId="9" StartOffset="4749"/>
</LocList>
<StmntSeq Intrnl_Id="769">
<LocList>
<Loc EndOffset="4890" SrcFileId="9" StartOffset="4759"/>
</LocList>
<CondStmnt CovItemId="S109" CovItemPrefix="classes.Tree.java" Intrnl_Id="770">
<Branch CovItemId="B31" CovItemPrefix="classes.Tree.java" Implct="false" Intrnl_Id="771">
<Cond/>
<LocList>
<Loc EndOffset="4850" SrcFileId="9" StartOffset="4790"/>
</LocList>
<StmntSeq Intrnl_Id="772">
<LocList>
<Loc EndOffset="4840" SrcFileId="9" StartOffset="4801"/>
</LocList>
<BasicStmnt CovItemId="S110" CovItemPrefix="classes.Tree.java" Intrnl_Id="773">
<LocList>
<Loc EndOffset="4840" SrcFileId="9" StartOffset="4801"/>
</LocList>
</BasicStmnt>
</StmntSeq>
</Branch>
<Branch CovItemId="B32" CovItemPrefix="classes.Tree.java" Implct="false" Intrnl_Id="774">
<Cond>
<Loc EndOffset="4860" SrcFileId="9" StartOffset="4856"/>
</Cond>
<LocList>
<Loc EndOffset="4890" SrcFileId="9" StartOffset="4861"/>
</LocList>
<StmntSeq Intrnl_Id="775">
<LocList>
<Loc EndOffset="4883" SrcFileId="9" StartOffset="4869"/>
</LocList>
<BasicStmnt CovItemId="S111" CovItemPrefix="classes.Tree.java" Intrnl_Id="776">
<LocList>
<Loc EndOffset="4883" SrcFileId="9" StartOffset="4869"/>
</LocList>
</BasicStmnt>
</StmntSeq>
</Branch>
<Keyword EndOffset="4761" SrcFileId="9" StartOffset="4759"/>
<LocList>
<Loc EndOffset="4890" SrcFileId="9" StartOffset="4759"/>
</LocList>
<RootTerm CovItemId="C21" CovItemPrefix="classes.Tree.java" Intrnl_Id="777">
<BasicBoolTerm Intrnl_Id="778">
<LocList>
<Loc EndOffset="4789" SrcFileId="9" StartOffset="4763"/>
</LocList>
</BasicBoolTerm>
</RootTerm>
</CondStmnt>
</StmntSeq>
</Branch>
<Branch CovItemId="B30" CovItemPrefix="classes.Tree.java" Implct="false" Intrnl_Id="779">
<Cond>
<Loc EndOffset="4911" SrcFileId="9" StartOffset="4907"/>
</Cond>
<LocList>
<Loc EndOffset="5189" SrcFileId="9" StartOffset="4912"/>
</LocList>
<StmntSeq Intrnl_Id="780">
<LocList>
<Loc EndOffset="5180" SrcFileId="9" StartOffset="4922"/>
</LocList>
<CondStmnt CovItemId="S112" CovItemPrefix="classes.Tree.java" Intrnl_Id="781">
<Branch CovItemId="B33" CovItemPrefix="classes.Tree.java" Implct="false" Intrnl_Id="782">
<Cond/>
<LocList>
<Loc EndOffset="5110" SrcFileId="9" StartOffset="4942"/>
</LocList>
<StmntSeq Intrnl_Id="783">
<LocList>
<Loc EndOffset="5100" SrcFileId="9" StartOffset="4953"/>
</LocList>
<CondStmnt CovItemId="S113" CovItemPrefix="classes.Tree.java" Intrnl_Id="784">
<Branch CovItemId="B35" CovItemPrefix="classes.Tree.java" Implct="false" Intrnl_Id="785">
<Cond/>
<LocList>
<Loc EndOffset="5048" SrcFileId="9" StartOffset="4985"/>
</LocList>
<StmntSeq Intrnl_Id="786">
<LocList>
<Loc EndOffset="5037" SrcFileId="9" StartOffset="4997"/>
</LocList>
<BasicStmnt CovItemId="S114" CovItemPrefix="classes.Tree.java" Intrnl_Id="787">
<LocList>
<Loc EndOffset="5037" SrcFileId="9" StartOffset="4997"/>
</LocList>
</BasicStmnt>
</StmntSeq>
</Branch>
<Branch CovItemId="B36" CovItemPrefix="classes.Tree.java" Implct="false" Intrnl_Id="788">
<Cond>
<Loc EndOffset="5062" SrcFileId="9" StartOffset="5058"/>
</Cond>
<LocList>
<Loc EndOffset="5100" SrcFileId="9" StartOffset="5063"/>
</LocList>
<StmntSeq Intrnl_Id="789">
<LocList>
<Loc EndOffset="5089" SrcFileId="9" StartOffset="5075"/>
</LocList>
<BasicStmnt CovItemId="S115" CovItemPrefix="classes.Tree.java" Intrnl_Id="790">
<LocList>
<Loc EndOffset="5089" SrcFileId="9" StartOffset="5075"/>
</LocList>
</BasicStmnt>
</StmntSeq>
</Branch>
<Keyword EndOffset="4955" SrcFileId="9" StartOffset="4953"/>
<LocList>
<Loc EndOffset="5100" SrcFileId="9" StartOffset="4953"/>
</LocList>
<RootTerm CovItemId="C23" CovItemPrefix="classes.Tree.java" Intrnl_Id="791">
<BasicBoolTerm Intrnl_Id="792">
<LocList>
<Loc EndOffset="4984" SrcFileId="9" StartOffset="4957"/>
</LocList>
</BasicBoolTerm>
</RootTerm>
</CondStmnt>
</StmntSeq>
</Branch>
<Branch CovItemId="B34" CovItemPrefix="classes.Tree.java" Implct="false" Intrnl_Id="793">
<Cond>
<Loc EndOffset="5122" SrcFileId="9" StartOffset="5118"/>
</Cond>
<LocList>
<Loc EndOffset="5180" SrcFileId="9" StartOffset="5123"/>
</LocList>
<StmntSeq Intrnl_Id="794">
<LocList>
<Loc EndOffset="5149" SrcFileId="9" StartOffset="5135"/>
<Loc EndOffset="5173" SrcFileId="9" StartOffset="5159"/>
</LocList>
<BasicStmnt CovItemId="S116" CovItemPrefix="classes.Tree.java" Intrnl_Id="795">
<LocList>
<Loc EndOffset="5149" SrcFileId="9" StartOffset="5135"/>
</LocList>
</BasicStmnt>
<BasicStmnt CovItemId="S117" CovItemPrefix="classes.Tree.java" Intrnl_Id="796">
<LocList>
<Loc EndOffset="5173" SrcFileId="9" StartOffset="5159"/>
</LocList>
</BasicStmnt>
</StmntSeq>
</Branch>
<Keyword EndOffset="4924" SrcFileId="9" StartOffset="4922"/>
<LocList>
<Loc EndOffset="5180" SrcFileId="9" StartOffset="4922"/>
</LocList>
<RootTerm CovItemId="C22" CovItemPrefix="classes.Tree.java" Intrnl_Id="797">
<BasicBoolTerm Intrnl_Id="798">
<LocList>
<Loc EndOffset="4941" SrcFileId="9" StartOffset="4926"/>
</LocList>
</BasicBoolTerm>
</RootTerm>
</CondStmnt>
</StmntSeq>
</Branch>
<Keyword EndOffset="4731" SrcFileId="9" StartOffset="4729"/>
<LocList>
<Loc EndOffset="5189" SrcFileId="9" StartOffset="4729"/>
</LocList>
<RootTerm CovItemId="C20" CovItemPrefix="classes.Tree.java" Intrnl_Id="799">
<BasicBoolTerm Intrnl_Id="800">
<LocList>
<Loc EndOffset="4748" SrcFileId="9" StartOffset="4733"/>
</LocList>
</BasicBoolTerm>
</RootTerm>
</CondStmnt>
</StmntSeq>
<Keyword EndOffset="4673" SrcFileId="9" StartOffset="4668"/>
<LocList>
<Loc EndOffset="5194" SrcFileId="9" StartOffset="4668"/>
</LocList>
<RootTerm CovItemId="C19" CovItemPrefix="classes.Tree.java" Intrnl_Id="801">
<BasicBoolTerm Intrnl_Id="802">
<LocList>
<Loc EndOffset="4679" SrcFileId="9" StartOffset="4675"/>
</LocList>
</BasicBoolTerm>
</RootTerm>
</LoopStmnt>
<BasicStmnt CovItemId="S118" CovItemPrefix="classes.Tree.java" Intrnl_Id="803">
<LocList>
<Loc EndOffset="5213" SrcFileId="9" StartOffset="5198"/>
</LocList>
</BasicStmnt>
</StmntSeq>
</HierarchyLvl>
</HierarchyLvl>
</HierarchyLvl>
</HierarchyLvl>
</MASTRoot>
<TestSession Comment="" Date="1675878289952" Name="Feb 8, 2023 6:44:49 PM">
<TestCase Comment="" Date="1675878289874" Name="tests.BinarySearchTest:test1_Exists">
<CovList>
<CovPrefix CovItemPrefix="classes.BinarySearch.java">
<Cov CovItemId="B1" Value="2"/>
<Cov CovItemId="B10" Value="4"/>
<Cov CovItemId="B11" Value="2"/>
<Cov CovItemId="B12" Value="2"/>
<Cov CovItemId="B2" Value="1"/>
<Cov CovItemId="B3" Value="1"/>
<Cov CovItemId="B4" Value="2"/>
<Cov CovItemId="B6" Value="3"/>
<Cov CovItemId="B7" Value="1"/>
<Cov CovItemId="S1" Value="1"/>
<Cov CovItemId="S10" Value="3"/>
<Cov CovItemId="S11" Value="3"/>
<Cov CovItemId="S12" Value="3"/>
<Cov CovItemId="S13" Value="3"/>
<Cov CovItemId="S14" Value="2"/>
<Cov CovItemId="S15" Value="1"/>
<Cov CovItemId="S16" Value="3"/>
<Cov CovItemId="S17" Value="1"/>
<Cov CovItemId="S18" Value="2"/>
<Cov CovItemId="S19" Value="3"/>
<Cov CovItemId="S2" Value="1"/>
<Cov CovItemId="S21" Value="3"/>
<Cov CovItemId="S22" Value="1"/>
<Cov CovItemId="S23" Value="1"/>
<Cov CovItemId="S25" Value="1"/>
<Cov CovItemId="S26" Value="3"/>
<Cov CovItemId="S27" Value="3"/>
<Cov CovItemId="S28" Value="3"/>
<Cov CovItemId="S29" Value="3"/>
<Cov CovItemId="S3" Value="1"/>
<Cov CovItemId="S30" Value="14"/>
<Cov CovItemId="S31" Value="14"/>
<Cov CovItemId="S32" Value="3"/>
<Cov CovItemId="S33" Value="4"/>
<Cov CovItemId="S34" Value="4"/>
<Cov CovItemId="S35" Value="4"/>
<Cov CovItemId="S37" Value="4"/>
<Cov CovItemId="S38" Value="2"/>
<Cov CovItemId="S39" Value="2"/>
<Cov CovItemId="S4" Value="1"/>
<Cov CovItemId="S40" Value="4"/>
<Cov CovItemId="S41" Value="1"/>
<Cov CovItemId="S42" Value="1"/>
<Cov CovItemId="S43" Value="1"/>
<Cov CovItemId="S44" Value="1"/>
<Cov CovItemId="S45" Value="1"/>
<Cov CovItemId="S46" Value="1"/>
<Cov CovItemId="S47" Value="1"/>
<Cov CovItemId="S48" Value="19"/>
<Cov CovItemId="S49" Value="19"/>
<Cov CovItemId="S5" Value="1"/>
<Cov CovItemId="S50" Value="19"/>
<Cov CovItemId="S51" Value="19"/>
<Cov CovItemId="S52" Value="19"/>
<Cov CovItemId="S53" Value="1"/>
<Cov CovItemId="S6" Value="1"/>
<Cov CovItemId="S7" Value="1"/>
<Cov CovItemId="S8" Value="1"/>
<Cov CovItemId="S9" Value="1"/>
</CovPrefix>
</CovList>
<AssgnmntList>
<AssgnmntPrefix RootTermCovItemPrefix="classes.BinarySearch.java">
<AssgnmntListEntry Length="1" RootTermCovItemId="C1">
<MapEntry BoolAssgnmnt="0" Value="1"/>
<MapEntry BoolAssgnmnt="1" Value="3"/>
</AssgnmntListEntry>
<AssgnmntListEntry Length="1" RootTermCovItemId="C2">
<MapEntry BoolAssgnmnt="0" Value="1"/>
<MapEntry BoolAssgnmnt="1" Value="2"/>
</AssgnmntListEntry>
<AssgnmntListEntry Length="1" RootTermCovItemId="C3">
<MapEntry BoolAssgnmnt="0" Value="2"/>
<MapEntry BoolAssgnmnt="1" Value="1"/>
</AssgnmntListEntry>
<AssgnmntListEntry Length="1" RootTermCovItemId="C4">
<MapEntry BoolAssgnmnt="0" Value="3"/>
</AssgnmntListEntry>
<AssgnmntListEntry Length="1" RootTermCovItemId="C5">
<MapEntry BoolAssgnmnt="1" Value="1"/>
</AssgnmntListEntry>
<AssgnmntListEntry Length="1" RootTermCovItemId="C6">
<MapEntry BoolAssgnmnt="0" Value="3"/>
<MapEntry BoolAssgnmnt="1" Value="14"/>
</AssgnmntListEntry>
<AssgnmntListEntry Length="1" RootTermCovItemId="C7">
<MapEntry BoolAssgnmnt="0" Value="4"/>
</AssgnmntListEntry>
<AssgnmntListEntry Length="1" RootTermCovItemId="C8">
<MapEntry BoolAssgnmnt="0" Value="2"/>
<MapEntry BoolAssgnmnt="1" Value="2"/>
</AssgnmntListEntry>
<AssgnmntListEntry Length="1" RootTermCovItemId="C9">
<MapEntry BoolAssgnmnt="0" Value="1"/>
<MapEntry BoolAssgnmnt="1" Value="19"/>
</AssgnmntListEntry>
</AssgnmntPrefix>
</AssgnmntList>
<ObjMetaDataList/>
<MetaDataList/>
</TestCase>
<MetaDataList/>
</TestSession>
<TestSession Comment="" Date="1675878344585" Name="Feb 8, 2023 6:45:44 PM">
<TestCase Comment="" Date="1675878344554" Name="tests.ExampleTest:test">
<CovList>
<CovPrefix CovItemPrefix="classes.Example.java">
<Cov CovItemId="S1" Value="1"/>
<Cov CovItemId="S2" Value="1"/>
</CovPrefix>
</CovList>
<AssgnmntList>
<AssgnmntPrefix RootTermCovItemPrefix="classes.Example.java">
<AssgnmntListEntry Length="2" RootTermCovItemId="C1">
<MapEntry BoolAssgnmnt="00" Value="1"/>
<MapEntry BoolAssgnmnt="12" Value="1"/>
</AssgnmntListEntry>
</AssgnmntPrefix>
</AssgnmntList>
<ObjMetaDataList/>
<MetaDataList/>
</TestCase>
<MetaDataList/>
</TestSession>
</TestSessionContainer>
