<?xml version="1.0" encoding="UTF-8"?><TestSessionContainer xmlns="http://www.codecover.org/xml/testsession-container" Date="1678289507786" TestSessionContainerId="5dc15604-62a9-4a7b-b6d8-6ab7f09f9831" version="1.0">
<SrcFileList>
<SrcFile Content="package classes;&#13;&#10;&#13;&#10;// This class contains an array of integers and&#13;&#10;// methods to initialize, print and search the array&#13;&#10;// using Binary Search&#13;&#10;&#13;&#10;public class BinarySearch{&#13;&#10;    int[] number ;&#13;&#10;    int size ;&#13;&#10;&#13;&#10;    // Search for a specific value (num) using&#13;&#10;    // binary search&#13;&#10;    public boolean Search(int num){&#13;&#10;&#9;&#9;boolean bs01 = false;&#13;&#10;&#9;&#9;int right = this.number.length;&#13;&#10;&#9;&#9;right = right - 1 ;&#13;&#10;&#9;&#9;int left = 0;&#13;&#10;&#9;&#9;boolean var_cont = true;&#13;&#10;&#9;&#9;int medium = 0;&#13;&#10;&#9;&#9;int aux01 = 0;&#13;&#10;&#9;&#9;int nt = 0;&#13;&#10;&#13;&#10;&#9;&#9;while (var_cont){&#13;&#10;&#9;&#9;    medium = left + right ;&#13;&#10;&#9;&#9;    medium = this.Div(medium);&#13;&#10;&#9;&#9;    aux01 = this.number[medium] ;&#13;&#10;&#9;&#9;    if (num &lt; aux01) {&#13;&#10;&#9;&#9;    &#9;right = medium - 1;}&#13;&#10;&#9;&#9;    else {&#13;&#10;&#9;&#9;    &#9;left = medium + 1;}&#13;&#10;&#9;&#9;    if (this.Compare(aux01,num)) {&#13;&#10;&#9;&#9;    &#9;var_cont = false;}&#13;&#10;&#9;&#9;    else {&#13;&#10;&#9;&#9;    &#9;var_cont = true;}&#13;&#10;&#9;&#9;    if (right &lt; left) {&#13;&#10;&#9;&#9;    &#9;var_cont = false;}&#13;&#10;&#9;&#9;    else {&#13;&#10;&#9;&#9;    &#9;nt = 0;}&#13;&#10;&#9;&#9;}&#13;&#10;&#9;&#13;&#10;&#9;&#9;if (this.Compare(aux01,num)) {&#13;&#10;&#9;&#9;&#9;bs01 = true;}&#13;&#10;&#9;&#9;else {&#13;&#10;&#9;&#9;&#9;bs01 = false;}&#13;&#10;&#9;&#9;return bs01 ;&#13;&#10;    }&#13;&#10;&#13;&#10;    // This method computes and returns the&#13;&#10;    // integer division of a number (num) by 2&#13;&#10;    public int Div(int num){&#13;&#10;&#9;&#9;int count01 = 0;&#13;&#10;&#9;&#9;int count02 = 0;&#13;&#10;&#9;&#9;int aux03 = num -1;&#13;&#10;&#9;&#9;while (count02 &lt; aux03) {&#13;&#10;&#9;&#9;    count01 = count01 + 1 ;&#13;&#10;&#9;&#9;    count02 = count02 + 2 ;&#13;&#10;&#9;&#9;}&#13;&#10;&#9;&#9;return count01 ;&#9;&#13;&#10;    }&#13;&#10;&#13;&#10;    &#13;&#10;    // This method compares two integers and&#13;&#10;    // returns true if they are equal and false&#13;&#10;    // otherwise&#13;&#10;    public boolean Compare(int num1 , int num2){&#13;&#10;&#9;&#9;boolean retval = false;&#13;&#10;&#9;&#9;int aux02 = num2 + 1;&#13;&#10;&#9;&#9;if (num1 &lt; num2) {&#13;&#10;&#9;&#9;&#9;retval = false;}&#13;&#10;&#9;&#9;else{&#13;&#10;&#9;&#9;&#9;if (!(num1 &lt; aux02)) {&#13;&#10;&#9;&#9;&#9;&#9;retval = false;}&#13;&#10;&#9;&#9;&#9;else {&#13;&#10;&#9;&#9;&#9;&#9;retval = true;}}&#13;&#10;&#9;&#9;return retval;&#13;&#10;    }&#13;&#10;&#13;&#10;    // Print the integer array&#13;&#10;//    public int Print(){&#13;&#10;//&#9;&#9;int j = 1;&#13;&#10;//&#9;&#9;while (j &lt; (this.size)) {&#13;&#10;//&#9;&#9;    System.out.println(this.number[j]);&#13;&#10;//&#9;&#9;    j = j + 1 ;&#13;&#10;//&#9;&#9;}&#13;&#10;//&#9;&#9;System.out.println(99999);&#13;&#10;//&#9;&#9;return 0 ;&#13;&#10;//    }&#13;&#10;    &#13;&#10;&#13;&#10;    // Initialize the integer array&#13;&#10;    public int Init(int sz){&#13;&#10;    &#9;this.size = sz ;&#13;&#10;&#9;&#9;this.number = new int[sz] ;&#13;&#10;&#9;&#9;int j = 1;&#13;&#10;&#9;&#9;int k = this.size + 1;&#13;&#10;&#9;&#9;int aux02 = 0;&#13;&#10;&#9;&#9;int aux01 = 0;&#13;&#10;&#9;&#9;while (j &lt; (this.size)) {&#13;&#10;&#9;&#9;    aux01 = 2 * j ;&#13;&#10;&#9;&#9;    aux02 = k - 3 ;&#13;&#10;&#9;&#9;    this.number[j] = aux01 + aux02 ;&#13;&#10;&#9;&#9;    j = j + 1 ;&#13;&#10;&#9;&#9;    k = k - 1 ;&#13;&#10;&#9;&#9;}&#13;&#10;&#9;&#9;return 0 ;&#9;&#13;&#10;    }&#13;&#10;}" Filename="BinarySearch.java" Intrnl_Id="1"/>
<SrcFile Content="package classes;&#13;&#10;// This class contains the array of integers and&#13;&#10;// methods to initialize, print and sort the array&#13;&#10;// using Bublesort&#13;&#10;public class BubbleSort{&#13;&#10;    &#13;&#10;    public int[] number ;&#13;&#10;    public int size ;&#13;&#10;    &#13;&#10;    // Sort array of integers using Bublesort method&#13;&#10;    public void Sort(){&#13;&#10;&#9;&#9;int nt = 0;&#13;&#10;&#9;&#9;int i = this.size - 1;&#13;&#10;&#9;&#9;int aux02 = 0 - 1;&#13;&#10;&#9;&#9;int aux04 = 0;&#13;&#10;&#9;&#9;int aux05 = 0;&#13;&#10;&#9;&#9;int aux06 = 0;&#13;&#10;&#9;&#9;int aux07 = 0;&#13;&#10;&#9;&#9;int j = 0;&#13;&#10;&#9;&#9;int t = 0;&#13;&#10;&#9;&#9;while (aux02 &lt; i) {&#13;&#10;&#9;&#9;    j = 1 ;&#13;&#10;&#9;&#9;    //aux03 = i+1 ;&#13;&#10;&#9;&#9;    while (j &lt; (i+1)){&#13;&#10;&#9;&#9;&#9;&#9;aux07 = j - 1 ;&#13;&#10;&#9;&#9;&#9;&#9;aux04 = this.number[aux07] ;&#13;&#10;&#9;&#9;&#9;&#9;aux05 = this.number[j] ;&#13;&#10;&#9;&#9;&#9;&#9;if (aux05 &lt; aux04) {&#13;&#10;&#9;&#9;&#9;&#9;    aux06 = j - 1 ;&#13;&#10;&#9;&#9;&#9;&#9;    t = this.number[aux06] ;&#13;&#10;&#9;&#9;&#9;&#9;    this.number[aux06] = this.number[j] ;&#13;&#10;&#9;&#9;&#9;&#9;    this.number[j] = t;&#13;&#10;&#9;&#9;&#9;&#9;}&#13;&#10;&#9;&#9;&#9;&#9;else {&#13;&#10;&#9;&#9;&#9;&#9;&#9;nt = 0 ;&#9;&#13;&#10;&#9;&#9;&#9;&#9;}&#13;&#10;&#9;&#9;&#9;&#9;j = j + 1 ;&#13;&#10;&#9;&#9;&#9;}&#13;&#10;&#9;&#9;&#9;i = i - 1 ;&#13;&#10;&#9;&#9;}&#13;&#10;    }&#13;&#10;&#13;&#10;    // Printing method&#13;&#10;//    public void Print(){&#13;&#10;//&#9;&#9;int j = 0;&#13;&#10;//&#9;&#9;while (j &lt; (this.size)) {&#13;&#10;//&#9;&#9;    System.out.println(this.number[j]);&#13;&#10;//&#9;&#9;    j = j + 1 ;&#13;&#10;//&#9;&#9;}&#13;&#10;//    }&#13;&#10;}" Filename="BubbleSort.java" Intrnl_Id="2"/>
<SrcFile Content="package classes;&#13;&#10;&#13;&#10;public class Example {&#13;&#10;&#9;public void function(int x) {&#13;&#10;&#9;&#9;while (x&lt;0) {&#13;&#10;&#9;&#9;&#9;x = x + 1;&#13;&#10;&#9;&#9;}&#13;&#10;&#9;}&#13;&#10;//&#9;public void function(int x) {&#13;&#10;//&#9;&#9;if (x&lt;-1) {&#13;&#10;//&#9;&#9;&#9;x = -x;&#13;&#10;//&#9;&#9;}&#13;&#10;//&#9;&#9;if (x == -1) {&#13;&#10;//&#9;&#9;&#9;x = 1;&#13;&#10;//&#9;&#9;}else {&#13;&#10;//&#9;&#9;&#9;x = x +1;&#13;&#10;//&#9;&#9;}&#13;&#10;//&#9;}&#13;&#10;&#9;&#13;&#10;//&#9;public void b(int x) {&#13;&#10;//&#9;&#9;for (int i=0; i&lt;2; i++) {&#13;&#10;//&#9;&#9;&#9;if (x != i) {&#13;&#10;//&#9;&#9;&#9;&#9;x+=2;&#13;&#10;//&#9;&#9;&#9;}&#13;&#10;//&#9;&#9;}&#13;&#10;//&#9;}&#13;&#10;}&#13;&#10;" Filename="Example.java" Intrnl_Id="3"/>
<SrcFile Content="package classes;&#13;&#10;&#13;&#10;public class Factorial {&#13;&#10;    public int ComputeFac(int num){&#13;&#10;&#9;&#9;int num_aux = 0;&#13;&#10;&#9;&#9;if (num &lt; 1){&#13;&#10;&#9;&#9;&#9;num_aux = 1 ;&#13;&#10;&#9;&#9;} &#13;&#10;&#9;&#9;else {&#13;&#10;&#9;&#9;&#9;num_aux = num * (this.ComputeFac(num-1)) ;&#13;&#10;&#9;&#9;}  &#13;&#10;&#9;&#9;return num_aux ;&#13;&#10;&#9;}&#13;&#10;}" Filename="Factorial.java" Intrnl_Id="4"/>
<SrcFile Content="package classes;&#13;&#10;&#13;&#10;public class LinearSearch {&#13;&#10;    public int[] number ;&#13;&#10;    public int size ;&#13;&#10;&#13;&#10;    // Search for a specific value (num) using&#13;&#10;    // linear search&#13;&#10;    public boolean Search(int num){&#13;&#10;&#9;&#9;int j = 0;&#13;&#10;&#9;&#9;boolean ls01 = false;&#13;&#10;&#9;&#9;boolean ifound = false;&#13;&#10;&#9;&#9;int aux01 = 0 ;&#13;&#10;&#9;&#9;int aux02 = 0;&#13;&#10;&#9;&#9;int nt = 0;&#13;&#10;&#9;&#9;int aSize = this.size;&#13;&#10;&#9;&#9;while (j &lt; aSize) {&#13;&#10;&#9;&#9;    aux01 = this.number[j] ;&#13;&#10;&#9;&#9;    aux02 = num + 1 ;&#13;&#10;&#9;&#9;    if (aux01 &lt; num) {&#13;&#10;&#9;&#9;    &#9;nt = 0 ;}&#13;&#10;&#9;&#9;    else{&#13;&#10;&#9;&#9;    &#9;if (!(aux01 &lt; aux02)){&#13;&#10;&#9;&#9;&#9;    &#9;nt = 0 ;} &#13;&#10;&#9;&#9;&#9;    else {&#13;&#10;&#9;&#9;&#9;&#9;&#9;ls01 = true ;&#13;&#10;&#9;&#9;&#9;&#9;&#9;ifound = true ;&#13;&#10;&#9;&#9;&#9;&#9;&#9;j = aSize ;}}&#13;&#10;&#9;&#9;    j = j + 1 ;&#13;&#10;&#9;&#9;}&#13;&#10;&#9;&#9;return ifound ;&#13;&#10;&#9;}&#13;&#10;  &#13;&#10;    // initialize array of integers with some&#13;&#10;    // some sequence&#13;&#10;    public int Init(int sz){&#13;&#10;    &#9;this.size = sz;&#13;&#10;    &#9;this.number = new int[sz];&#13;&#10;&#9;&#9;int j = 1;&#13;&#10;&#9;&#9;int k = this.size + 1;&#13;&#10;&#9;&#9;int aux01 = 0;&#13;&#10;&#9;&#9;int aux02 = 0;&#13;&#10;&#9;&#9;while (j &lt; (this.size)) {&#13;&#10;&#9;&#9;    aux01 = 2 * j ;&#13;&#10;&#9;&#9;    aux02 = k - 3 ;&#13;&#10;&#9;&#9;    this.number[j] = aux01 + aux02 ;&#13;&#10;&#9;&#9;    j = j + 1 ;&#13;&#10;&#9;&#9;    k = k - 1 ;&#13;&#10;&#9;&#9;}&#13;&#10;&#9;&#9;return 0 ;&#13;&#10;&#9;}&#13;&#10;}" Filename="LinearSearch.java" Intrnl_Id="5"/>
<SrcFile Content="package classes;&#13;&#10;&#13;&#10;public class LinkedList{&#13;&#10;    Person elem ;&#13;&#10;    LinkedList nextElem ;&#13;&#10;    boolean end ;&#13;&#10;&#13;&#10;    // Initialize the node list as the last node&#13;&#10;    public void Init(){&#13;&#10;&#9;&#9;this.end = true ;}&#13;&#10;&#13;&#10;    // Initialize the values of a new node&#13;&#10;    public void InitNew(Person v_elem, LinkedList v_nextElem, boolean v_end){&#13;&#10;&#9;&#9;this.elem = v_elem ;&#13;&#10;&#9;&#9;this.nextElem = v_nextElem ;&#13;&#10;&#9;&#9;this.end = v_end ;}&#13;&#10;    &#13;&#10;    // Insert a new node at the beginning of the list&#13;&#10;    public LinkedList Insert(Person new_elem){&#13;&#10;    &#9;//LinkedList aux03 = this ;&#13;&#10;    &#9;LinkedList aux02 = new LinkedList();&#13;&#10;&#9;&#9;aux02.InitNew(new_elem,this,false);&#13;&#10;&#9;&#9;return aux02 ;&#13;&#10;&#9;}&#13;&#10;    &#13;&#10;    &#13;&#10;    // Update the the pointer to the nextElem node&#13;&#10;    public void SetnextElem(LinkedList v_nextElem){&#13;&#10;&#9;&#9;this.nextElem = v_nextElem ; }&#13;&#10;    &#13;&#10;    // Delete an element e from the list&#13;&#10;    public LinkedList Delete(Person e){&#13;&#10;    &#9;LinkedList my_head = new LinkedList();&#13;&#10;    &#9;my_head = this;&#13;&#10;&#9;&#9;boolean ret_val = false;&#13;&#10;&#9;&#9;LinkedList aux01 = my_head;&#13;&#10;&#9;&#9;LinkedList prev = my_head;&#13;&#10;&#9;&#9;boolean var_end = my_head.GetEnd();&#13;&#10;&#9;&#9;Person var_elem = my_head.GetElem();&#13;&#10;&#9;&#9;boolean isFirstElement = true;&#13;&#10;&#9;&#9;int nt = 0;&#13;&#10;&#9;&#9;&#13;&#10;&#9;&#9;while (!var_end){&#13;&#10;&#9;&#9;&#9;if (!ret_val) {&#13;&#10;&#9;&#9;&#9;&#9;if (e.Equal(var_elem)){&#13;&#10;&#9;&#9;&#9;&#9;&#9;ret_val = true ;&#13;&#10;&#9;&#9;&#9;&#9;&#9;if (isFirstElement) { &#13;&#10;&#9;&#9;&#9;&#9;&#9;    // delete first element&#13;&#10;&#9;&#9;&#9;&#9;&#9;    my_head = aux01.getNextElem() ;} &#13;&#10;&#9;&#9;&#9;&#9;&#9;else{ // delete a non first element&#13;&#10;&#9;&#9;&#9;&#9;&#9;    prev.SetnextElem(aux01.getNextElem());}} &#13;&#10;&#9;&#9;&#9;&#9;else {&#13;&#10;&#9;&#9;&#9;    &#9;nt = 0 ;}&#13;&#10;&#9;&#9;&#9;    if (!ret_val){&#13;&#10;&#9;&#9;&#9;&#9;&#9;prev = aux01 ;&#13;&#10;&#9;&#9;&#9;&#9;&#9;aux01 = aux01.getNextElem() ;&#13;&#10;&#9;&#9;&#9;&#9;&#9;var_end = aux01.GetEnd();&#13;&#10;&#9;&#9;&#9;&#9;&#9;var_elem = aux01.GetElem();&#13;&#10;&#9;&#9;&#9;&#9;&#9;isFirstElement = false ; } &#13;&#10;&#9;&#9;&#9;    else {&#13;&#10;&#9;&#9;&#9;    &#9;nt = 0 ;} }&#13;&#10;&#9;&#9;&#9;if (ret_val) {&#13;&#10;&#9;&#9;&#9;&#9;var_end = true;}&#13;&#10;&#9;&#9;}&#13;&#10;&#9;&#9;return my_head ;&#13;&#10;    }&#13;&#10;    &#13;&#10;    &#13;&#10;    // Search for an element e on the list&#13;&#10;    public boolean Search(Person e){&#13;&#10;&#9;&#9;boolean found = false;&#13;&#10;&#9;&#9;LinkedList aux01 = this;&#13;&#10;&#9;&#9;Person var_elem = this.GetElem();&#13;&#10;&#9;&#9;boolean var_end = this.GetEnd();&#13;&#10;&#9;&#9;int nt = 0;&#13;&#10;&#9;&#9;while (!var_end){&#13;&#10;&#9;&#9;    if (e.Equal(var_elem)){&#13;&#10;&#9;&#9;&#9;&#9;found = true;}&#13;&#10;&#9;&#9;    else {&#13;&#10;&#9;&#9;    &#9;nt = 0 ;} &#13;&#10;&#9;&#9;    aux01 = aux01.getNextElem() ;&#13;&#10;&#9;&#9;    var_end = aux01.GetEnd();&#13;&#10;&#9;&#9;    var_elem = aux01.GetElem();&#13;&#10;&#9;&#9;}&#13;&#10;&#9;&#9;return found ;&#13;&#10;    }&#13;&#10;    &#13;&#10;    public boolean GetEnd(){&#13;&#10;&#9;&#9;return this.end;&#13;&#10;    }&#13;&#10;    &#13;&#10;    public Person GetElem(){&#13;&#10;&#9;&#9;return this.elem;&#13;&#10;    }&#13;&#10;    &#13;&#10;    public LinkedList getNextElem(){&#13;&#10;&#9;&#9;return this.nextElem ;&#13;&#10;    }&#13;&#10;}" Filename="LinkedList.java" Intrnl_Id="6"/>
<SrcFile Content="package classes;&#13;&#10;&#13;&#10;public class Person {&#13;&#10;    int Age ;          &#13;&#10;    int Salary ;&#13;&#10;    boolean Married ;&#13;&#10;&#13;&#10;    // Initialize some class variables&#13;&#10;    public void Init(int v_Age, int v_Salary, boolean v_Married){&#13;&#10;&#9;&#9;this.Age = v_Age ;&#13;&#10;&#9;&#9;this.Salary = v_Salary ;&#13;&#10;&#9;&#9;this.Married = v_Married ;}&#13;&#10;&#13;&#10;    public int GetAge(){&#13;&#10;&#9;&#9;return this.Age ;&#13;&#10;&#9;}&#13;&#10;    &#13;&#10;    public int GetSalary(){&#13;&#10;&#9;&#9;return this.Salary ;&#13;&#10;&#9;}&#13;&#10;&#13;&#10;    public boolean GetMarried(){&#13;&#10;&#9;&#9;return this.Married;&#13;&#10;&#9;}&#13;&#10;&#13;&#10;    // This method returns true if the object &quot;other&quot;&#13;&#10;    // has the same values for age, salary and married&#13;&#10;    public boolean Equal(Person other){&#13;&#10;&#9;&#9;boolean ret_val = true;&#13;&#10;&#9;&#9;int nt = 0;&#13;&#10;&#9;&#9;int thisAge = this.GetAge();&#13;&#10;&#9;&#9;int otherAge = other.GetAge();&#13;&#10;&#9;&#9;if (!this.Compare(thisAge,otherAge)){&#13;&#10;&#9;&#9;&#9;ret_val = false ;} &#13;&#10;&#9;&#9;else { &#13;&#10;&#9;&#9;&#9;int thisSalary = this.GetSalary();&#13;&#10;&#9;&#9;&#9;int otherSalary = other.GetSalary();&#13;&#10;&#9;&#9;    if (!this.Compare(thisSalary, otherSalary)){&#13;&#10;&#9;&#9;    &#9;ret_val = false ;} &#13;&#10;&#9;&#9;    else {&#13;&#10;&#9;&#9;    &#9;boolean thisMarried = this.GetMarried();&#13;&#10;&#9;&#9;    &#9;boolean otherMarried = other.GetMarried();&#13;&#10;&#9;&#9;    &#9;if (thisMarried) {&#13;&#10;&#9;&#9;    &#9;&#9;if (!otherMarried){&#13;&#10;&#9;&#9;    &#9;&#9;&#9;ret_val = false;} &#13;&#10;&#9;&#9;&#9;   &#9; &#9;else {&#13;&#10;&#9;&#9;&#9;   &#9; &#9;&#9;nt = 0 ;}}&#13;&#10;&#9;&#9;&#9;&#9;else{&#13;&#10;&#9;&#9;&#9;&#9;&#9;if (otherMarried){&#13;&#10;&#9;&#9;&#9;&#9;&#9;&#9;ret_val = false;} &#13;&#10;&#9;&#9;&#9;&#9;    else {&#13;&#10;&#9;&#9;&#9;&#9;    &#9;nt = 0 ;} }}}&#13;&#10;&#9;&#9;return ret_val ;&#13;&#10;&#9;}&#13;&#10;&#13;&#10;    // This method compares two integers and&#13;&#10;    // returns true if they are equal and false&#13;&#10;    // otherwise&#13;&#10;    public boolean Compare(int num1 , int num2){&#13;&#10;&#9;&#9;boolean retval = false;&#13;&#10;&#9;&#9;int aux02 = num2 + 1 ;&#13;&#10;&#9;&#9;if (num1 &lt; num2){&#13;&#10;&#9;&#9;&#9; retval = false ;}&#13;&#10;&#9;&#9;else{&#13;&#10;&#9;&#9;&#9;if (!(num1 &lt; aux02)){&#13;&#10;&#9;&#9;&#9;&#9;retval = false ;} &#13;&#10;&#9;&#9;&#9;else {&#13;&#10;&#9;&#9;&#9;&#9;retval = true ;}}&#13;&#10;&#9;&#9;return retval ;&#13;&#10;&#9;}&#13;&#10;}" Filename="Person.java" Intrnl_Id="7"/>
<SrcFile Content="package classes;&#13;&#10;// This class contains the array of integers and&#13;&#10;// methods to initialize, print and sort the array&#13;&#10;// using Quicksort&#13;&#10;public class QuickSort{&#13;&#10;    &#13;&#10;    public int[] number ;&#13;&#10;    public int size ;&#13;&#10;    &#13;&#10;    // Sort array of integers using Quicksort method&#13;&#10;    public int Sort(int left, int right){&#13;&#10;&#9;&#9;int v = 0;&#13;&#10;&#9;&#9;int i = 0;&#13;&#10;&#9;&#9;int j = 0;&#13;&#10;&#9;&#9;int nt = 0;&#13;&#10;&#9;&#9;int t = 0;&#13;&#10;&#9;&#9;boolean cont01 = false;&#13;&#10;&#9;&#9;boolean cont02 = false;&#13;&#10;&#9;&#9;int aux03 = 0;&#13;&#10;&#9;&#9;if (left &lt; right){&#13;&#10;&#9;&#9;    v = this.number[right] ;&#13;&#10;&#9;&#9;    i = left - 1 ;&#13;&#10;&#9;&#9;    j = right ;&#13;&#10;&#9;&#9;    cont01 = true ;&#13;&#10;&#9;&#9;    while (cont01){&#13;&#10;&#9;&#9;&#9;&#9;cont02 = true ;&#13;&#10;&#9;&#9;&#9;&#9;while (cont02){&#13;&#10;&#9;&#9;&#9;&#9;    i = i + 1 ;&#13;&#10;&#9;&#9;&#9;&#9;    aux03 = this.number[i] ;&#13;&#10;&#9;&#9;&#9;&#9;    if (!(aux03&lt;v)) {&#13;&#10;&#9;&#9;&#9;&#9;    &#9;cont02 = false ;&#13;&#10;&#9;&#9;&#9;&#9;    }&#13;&#10;&#9;&#9;&#9;&#9;    else {&#13;&#10;&#9;&#9;&#9;&#9;    &#9;cont02 = true ;&#13;&#10;&#9;&#9;&#9;&#9;    } &#13;&#10;&#9;&#9;&#9;&#9;}&#13;&#10;&#9;&#9;&#9;&#9;cont02 = true ;&#13;&#10;&#9;&#9;&#9;&#9;while (cont02){&#13;&#10;&#9;&#9;&#9;&#9;    j = j - 1 ;&#13;&#10;&#9;&#9;&#9;&#9;    aux03 = this.number[j] ;&#13;&#10;&#9;&#9;&#9;&#9;    if (!(v &lt; aux03)){&#13;&#10;&#9;&#9;&#9;&#9;    &#9;cont02 = false ;&#13;&#10;&#9;&#9;&#9;&#9;    } &#13;&#10;&#9;&#9;&#9;&#9;    else {&#13;&#10;&#9;&#9;&#9;&#9;    &#9;cont02 = true ;&#13;&#10;&#9;&#9;&#9;&#9;    }&#13;&#10;&#9;&#9;&#9;&#9;}&#13;&#10;&#9;&#9;&#9;&#9;t = this.number[i] ;&#13;&#10;&#9;&#9;&#9;&#9;this.number[i] = this.number[j] ;&#13;&#10;&#9;&#9;&#9;&#9;this.number[j] = t ;&#13;&#10;&#9;&#9;&#9;&#9;//aux03 = i + 1 ;&#13;&#10;&#9;&#9;&#9;&#9;if ( j &lt; (i+1)) {&#13;&#10;&#9;&#9;&#9;&#9;&#9;cont01 = false ;&#13;&#10;&#9;&#9;&#9;&#9;}&#13;&#10;&#9;&#9;&#9;&#9;else {&#13;&#10;&#9;&#9;&#9;&#9;&#9;cont01 = true ;&#13;&#10;&#9;&#9;&#9;&#9;}&#13;&#10;&#9;&#9;    }&#13;&#10;&#9;&#9;    this.number[j] = this.number[i] ;&#13;&#10;&#9;&#9;    this.number[i] = this.number[right] ;&#13;&#10;&#9;&#9;    this.number[right] = t ;&#13;&#10;&#9;&#9;    nt = this.Sort(left,i-1);&#13;&#10;&#9;&#9;    nt = this.Sort(i+1,right);&#13;&#10;&#9;&#9;}&#13;&#10;&#9;&#9;else {&#13;&#10;&#9;&#9;&#9;nt = 0 ;&#13;&#10;&#9;&#9;}&#13;&#10;&#9;&#9;return 0 ;&#13;&#10;    }&#13;&#10;&#13;&#10;    &#13;&#10;    // Print array of integers&#13;&#10;//    public int Print(){&#13;&#10;//&#9;&#9;int j = 0;&#13;&#10;//&#9;&#9;while (j &lt; (this.size)) {&#13;&#10;//&#9;&#9;    System.out.println(this.number[j]);&#13;&#10;//&#9;&#9;    j = j + 1 ;&#13;&#10;//&#9;&#9;}&#13;&#10;//&#9;&#9;return 0 ;&#13;&#10;//    }&#13;&#10;}" Filename="QuickSort.java" Intrnl_Id="8"/>
<SrcFile Content="package classes;&#13;&#10;&#13;&#10;public class Tree{&#13;&#10;    Tree left ;&#13;&#10;    Tree right;&#13;&#10;    int key ;&#13;&#10;    boolean has_left ;&#13;&#10;    boolean has_right ;&#13;&#10;    Tree my_null ;&#13;&#10;&#13;&#10;    public void Init(int v_key){&#13;&#10;&#9;&#9;this.key = v_key ;&#13;&#10;&#9;&#9;this.has_left = false ;&#13;&#10;&#9;&#9;this.has_right = false ;}&#13;&#10;&#13;&#10;    public Tree GetRight(){&#13;&#10;&#9;&#9;return this.right ;&#13;&#10;    }&#13;&#10;    &#13;&#10;    public void SetRight(Tree rn){&#13;&#10;&#9;&#9;this.right = rn ;}&#13;&#10;&#13;&#10;    public Tree GetLeft(){&#13;&#10;&#9;&#9;return this.left;&#13;&#10;    }&#13;&#10;&#13;&#10;&#9;public void SetLeft(Tree ln){&#13;&#10;&#9;&#9;this.left = ln ; }&#13;&#10;&#9;&#13;&#10;    public int GetKey(){&#13;&#10;&#9;&#9;return this.key ;&#13;&#10;    }&#13;&#10;&#13;&#10;    public void SetKey(int v_key){&#13;&#10;&#9;&#9;this.key = v_key ;}&#13;&#10;&#13;&#10;    public boolean GetHas_Right(){&#13;&#10;&#9;&#9;return this.has_right;&#13;&#10;    }&#13;&#10;&#13;&#10;&#9;public void SetHas_Right(boolean val){&#13;&#10;&#9;&#9; this.has_right = val ;}&#13;&#10;    &#13;&#10;    public boolean GetHas_Left(){&#13;&#10;&#9;&#9;return this.has_left ;&#13;&#10;    }&#13;&#10;&#13;&#10;    public void SetHas_Left(boolean val){&#13;&#10;&#9;&#9; this.has_left = val ;} &#13;&#10;&#13;&#10;    public boolean Compare(int num1 , int num2){&#13;&#10;&#9;&#9;boolean ntb = false;&#13;&#10;&#9;&#9;int nti = num2 + 1 ;&#13;&#10;&#9;&#9;if (num1 &lt; num2) {&#13;&#10;&#9;&#9;&#9;ntb = false ;}&#13;&#10;&#9;&#9;else{&#13;&#10;&#9;&#9;&#9;if (!(num1 &lt; nti)){&#13;&#10;&#9;&#9;&#9;&#9;ntb = false ;} &#13;&#10;&#9;&#9;&#9;else {&#13;&#10;&#9;&#9;&#9;&#9;ntb = true ;}}&#13;&#10;&#9;&#9;return ntb ;&#13;&#10;    }&#13;&#10;&#13;&#10;    public void Insert(int v_key){&#13;&#10;&#9;&#9;Tree new_node = new Tree();&#13;&#10;&#9;&#9;new_node.Init(v_key) ;&#13;&#10;&#9;&#9;Tree current_node = this ;&#13;&#10;&#9;&#9;boolean cont = true ;&#13;&#10;&#9;&#9;int key_aux = 0;&#13;&#10;&#9;&#9;while (cont){&#13;&#10;&#9;&#9;    key_aux = current_node.GetKey();&#13;&#10;&#9;&#9;    if (v_key &lt; key_aux){&#13;&#10;&#9;&#9;&#9;&#9;if (current_node.GetHas_Left()){&#13;&#10;&#9;&#9;&#9;&#9;&#9;current_node = current_node.GetLeft() ;}&#13;&#10;&#9;&#9;&#9;&#9;else {&#13;&#10;&#9;&#9;&#9;&#9;    cont = false ;&#13;&#10;&#9;&#9;&#9;&#9;    current_node.SetHas_Left(true);&#13;&#10;&#9;&#9;&#9;&#9;    current_node.SetLeft(new_node);}}&#13;&#10;&#9;&#9;    else{&#13;&#10;&#9;&#9;&#9;&#9;if (current_node.GetHas_Right()){&#13;&#10;&#9;&#9;&#9;&#9;    current_node = current_node.GetRight() ;}&#13;&#10;&#9;&#9;&#9;&#9;else {&#13;&#10;&#9;&#9;&#9;&#9;    cont = false ;&#13;&#10;&#9;&#9;&#9;&#9;    current_node.SetHas_Right(true);&#13;&#10;&#9;&#9;&#9;&#9;    current_node.SetRight(new_node);}}}}&#13;&#10;&#13;&#10;    public boolean Delete(int v_key){&#13;&#10;&#9;&#9;Tree current_node = this ;&#13;&#10;&#9;&#9;Tree parent_node = this ;&#13;&#10;&#9;&#9;boolean cont = true ;&#13;&#10;&#9;&#9;boolean found = false ;&#13;&#10;&#9;&#9;boolean ntb = false;&#13;&#10;&#9;&#9;boolean is_root = true ;&#13;&#10;&#9;&#9;int key_aux = 0;&#13;&#10;&#13;&#10;&#9;&#9;while (cont){&#13;&#10;&#9;&#9;    key_aux = current_node.GetKey();&#13;&#10;&#9;&#9;    if (v_key &lt; key_aux){&#13;&#10;&#9;&#9;    &#9;if (current_node.GetHas_Left()){&#13;&#10;&#9;&#9;&#9;&#9;    parent_node = current_node ;&#13;&#10;&#9;&#9;&#9;&#9;    current_node = current_node.GetLeft() ;}&#13;&#10;&#9;&#9;    &#9;else {&#13;&#10;&#9;&#9;&#9;&#9;&#9;cont = false ;}}&#13;&#10;&#9;&#9;    else {&#13;&#10;&#9;&#9;    &#9;if (key_aux &lt; v_key){&#13;&#10;&#9;&#9;&#9;&#9;    if (current_node.GetHas_Right()){&#13;&#10;&#9;&#9;&#9;&#9;&#9;&#9;parent_node = current_node ;&#13;&#10;&#9;&#9;&#9;&#9;&#9;&#9;current_node = current_node.GetRight() ;}&#13;&#10;&#9;&#9;&#9;&#9;    else {&#13;&#10;&#9;&#9;&#9;   &#9; &#9;&#9;cont = false ;}}&#13;&#10;&#9;&#9;    &#9;else { &#13;&#10;&#9;&#9;&#9;&#9;    if (is_root) {&#13;&#10;&#9;&#9;&#9;&#9;    &#9;if (!current_node.GetHas_Right() ){&#13;&#10;&#9;&#9;&#9;&#9;    &#9;&#9;if (!current_node.GetHas_Left()) {&#13;&#10;&#9;&#9;&#9;&#9;    &#9;&#9;&#9;ntb = true ;}}&#13;&#10;&#9;&#9;&#9;&#9;    &#9;else{&#13;&#10;&#9;&#9;&#9;&#9;&#9;&#9;&#9;ntb = this.Remove(parent_node,current_node);}}&#13;&#10;&#9;&#9;&#9;&#9;    else {&#13;&#10;&#9;&#9;&#9;&#9;    &#9;ntb = this.Remove(parent_node,current_node);}&#13;&#10;&#9;&#9;&#9;&#9;    found = true ;&#13;&#10;&#9;&#9;&#9;&#9;    cont = false ;}&#13;&#10;&#9;&#9;    }is_root = false ;&#13;&#10;&#9;&#9;}return found ;&#13;&#10;    }&#13;&#10;&#13;&#10;    public boolean Remove(Tree p_node, Tree c_node){&#13;&#10;&#9;&#9;boolean ntb = false;&#13;&#10;&#9;&#9;int auxkey1 = 0;&#13;&#10;&#9;&#9;int auxkey2 = 0;&#13;&#10;&#9;&#13;&#10;&#9;&#9;if (c_node.GetHas_Left()) {&#13;&#10;&#9;&#9;&#9;ntb = this.RemoveLeft(p_node,c_node) ;} &#13;&#10;&#9;&#9;else {&#13;&#10;&#9;&#9;&#9;if (c_node.GetHas_Right()){&#13;&#10;&#9;&#9;&#9;&#9;ntb = this.RemoveRight(p_node,c_node) ;}&#13;&#10;&#9;&#9;&#9;else {&#13;&#10;&#9;&#9;&#9;&#9;auxkey1 = c_node.GetKey();&#13;&#10;&#9;&#9;&#9;&#9;Tree auxkey00 = p_node.GetLeft();&#13;&#10;&#9;&#9;&#9;&#9;auxkey2 = auxkey00.GetKey() ;&#13;&#10;&#9;&#9;&#9;&#9;if (this.Compare(auxkey1,auxkey2)) {&#13;&#10;&#9;&#9;&#9;&#9;    p_node.SetLeft(this.my_null);&#13;&#10;&#9;&#9;&#9;&#9;    p_node.SetHas_Left(false);}&#13;&#10;&#9;&#9;&#9;&#9;else {&#13;&#10;&#9;&#9;&#9;&#9;    p_node.SetRight(this.my_null);&#13;&#10;&#9;&#9;&#9;&#9;    p_node.SetHas_Right(false);}}&#13;&#10;&#9;&#9;}return true ;&#13;&#10;    }&#13;&#10;&#13;&#10;    public boolean RemoveRight(Tree p_node, Tree c_node){&#13;&#10;&#9;&#9;boolean ntb = false;&#13;&#10;&#9;&#9;while (c_node.GetHas_Right()){&#13;&#10;&#9;&#9;&#9;Tree auxkey00 = c_node.GetRight();&#13;&#10;&#9;&#9;    c_node.SetKey(auxkey00.GetKey());&#13;&#10;&#9;&#9;    p_node = c_node ;&#13;&#10;&#9;&#9;    c_node = c_node.GetRight() ;&#13;&#10;&#9;&#9;}&#13;&#10;&#9;&#9;p_node.SetRight(this.my_null);&#13;&#10;&#9;&#9;p_node.SetHas_Right(false);&#13;&#10;&#9;&#9;return true ;&#13;&#10;    }&#13;&#10;&#13;&#10;    public boolean RemoveLeft(Tree p_node, Tree c_node){&#13;&#10;&#9;&#9;boolean ntb = false;&#13;&#10;&#9;&#9;while (c_node.GetHas_Left()){&#13;&#10;&#9;&#9;&#9;Tree auxkey00 = c_node.GetLeft();&#13;&#10;&#9;&#9;    c_node.SetKey(auxkey00.GetKey());&#13;&#10;&#9;&#9;    p_node = c_node ;&#13;&#10;&#9;&#9;    c_node = c_node.GetLeft() ;&#13;&#10;&#9;&#9;}&#13;&#10;&#9;&#9;p_node.SetLeft(this.my_null);&#13;&#10;&#9;&#9;p_node.SetHas_Left(false);&#13;&#10;&#9;&#9;return true ;&#13;&#10;    }&#13;&#10;&#13;&#10;&#13;&#10;    public boolean Search(int v_key){&#13;&#10;&#9;&#9;Tree current_node = this;&#13;&#10;&#9;&#9;boolean ifound = false;&#13;&#10;&#9;&#9;boolean cont = true;&#13;&#10;&#9;&#9;int key_aux = 0;&#13;&#10;&#13;&#10;&#9;&#9;while (cont){&#13;&#10;&#9;&#9;    key_aux = current_node.GetKey();&#13;&#10;&#9;&#9;    if (v_key &lt; key_aux){&#13;&#10;&#9;&#9;    &#9;if (current_node.GetHas_Left()){&#13;&#10;&#9;&#9;    &#9;&#9;current_node = current_node.GetLeft() ;}&#13;&#10;&#9;&#9;    &#9;else {&#13;&#10;&#9;&#9;&#9;&#9;&#9;cont = false ;}}&#13;&#10;&#9;&#9;    else {&#13;&#10;&#9;&#9;    &#9;if (key_aux &lt; v_key){&#13;&#10;&#9;&#9;    &#9;&#9;if (current_node.GetHas_Right()){&#13;&#10;&#9;&#9;    &#9;&#9;&#9;current_node = current_node.GetRight() ;}&#13;&#10;&#9;&#9;    &#9;&#9;else {&#13;&#10;&#9;&#9;    &#9;&#9;&#9;cont = false ;}} &#13;&#10;&#9;&#9;    &#9;else { &#13;&#10;&#9;&#9;&#9;&#9;    ifound = true;&#13;&#10;&#9;&#9;&#9;&#9;    cont = false ;}}&#13;&#10;&#9;&#9;}return ifound ;&#13;&#10;    }&#13;&#10;}&#13;&#10;" Filename="Tree.java" Intrnl_Id="9"/>
</SrcFileList>
<CritList>
<CritListEntry Name="org.codecover.model.utils.criteria.LoopCoverage" PluginName="org.codecover"/>
<CritListEntry Name="org.codecover.model.utils.criteria.QMOCoverage" PluginName="org.codecover"/>
<CritListEntry Name="org.codecover.model.utils.criteria.ConditionCoverage" PluginName="org.codecover"/>
<CritListEntry Name="org.codecover.model.utils.criteria.BranchCoverage" PluginName="org.codecover"/>
<CritListEntry Name="org.codecover.model.utils.criteria.SynchronizedStatementCoverage" PluginName="org.codecover"/>
<CritListEntry Name="org.codecover.model.utils.criteria.StatementCoverage" PluginName="org.codecover"/>
</CritList>
<BoolOpList>
<BoolOp Arity="1" Intrnl_Id="10" Name="not (!)">
<BoolAssgnmntBoolMapList>
<MapEntry BoolAssgnmnt="1" Value="false"/>
<MapEntry BoolAssgnmnt="0" Value="true"/>
</BoolAssgnmntBoolMapList>
</BoolOp>
</BoolOpList>
<HierarchyLvlTypeList>
<HierarchyLvlType EnglishName="package" IntrnlName="package" Intrnl_Id="11"/>
<HierarchyLvlType EnglishName="method" IntrnlName="method" Intrnl_Id="12"/>
<HierarchyLvlType EnglishName="class" IntrnlName="class" Intrnl_Id="13"/>
<HierarchyLvlType EnglishName="default package" IntrnlName="default package" Intrnl_Id="14"/>
</HierarchyLvlTypeList>
<MASTRoot>
<HierarchyLvl HierarchyLvlId="328" HierarchyLvlTypeId="14" Intrnl_Id="15" Name="default package">
<Header/>
<LocList/>
<HierarchyLvl HierarchyLvlId="327" HierarchyLvlTypeId="11" Intrnl_Id="16" Name="classes">
<Header/>
<LocList/>
<HierarchyLvl HierarchyLvlId="279" HierarchyLvlTypeId="13" Intrnl_Id="17" Name="BinarySearch">
<Header>
<Loc EndOffset="174" SrcFileId="1" StartOffset="149"/>
</Header>
<LocList>
<Loc EndOffset="2345" SrcFileId="1" StartOffset="149"/>
</LocList>
<HierarchyLvl HierarchyLvlId="275" HierarchyLvlTypeId="12" Intrnl_Id="18" Name="Search">
<Header>
<Loc EndOffset="319" SrcFileId="1" StartOffset="289"/>
</Header>
<LocList>
<Loc EndOffset="1025" SrcFileId="1" StartOffset="289"/>
</LocList>
<StmntSeq Intrnl_Id="19">
<LocList>
<Loc EndOffset="345" SrcFileId="1" StartOffset="324"/>
<Loc EndOffset="380" SrcFileId="1" StartOffset="349"/>
<Loc EndOffset="403" SrcFileId="1" StartOffset="384"/>
<Loc EndOffset="420" SrcFileId="1" StartOffset="407"/>
<Loc EndOffset="448" SrcFileId="1" StartOffset="424"/>
<Loc EndOffset="467" SrcFileId="1" StartOffset="452"/>
<Loc EndOffset="485" SrcFileId="1" StartOffset="471"/>
<Loc EndOffset="500" SrcFileId="1" StartOffset="489"/>
<Loc EndOffset="917" SrcFileId="1" StartOffset="506"/>
<Loc EndOffset="1001" SrcFileId="1" StartOffset="924"/>
<Loc EndOffset="1018" SrcFileId="1" StartOffset="1005"/>
</LocList>
<BasicStmnt CovItemId="S1" CovItemPrefix="classes.BinarySearch.java" Intrnl_Id="20">
<LocList>
<Loc EndOffset="345" SrcFileId="1" StartOffset="324"/>
</LocList>
</BasicStmnt>
<BasicStmnt CovItemId="S2" CovItemPrefix="classes.BinarySearch.java" Intrnl_Id="21">
<LocList>
<Loc EndOffset="380" SrcFileId="1" StartOffset="349"/>
</LocList>
</BasicStmnt>
<BasicStmnt CovItemId="S3" CovItemPrefix="classes.BinarySearch.java" Intrnl_Id="22">
<LocList>
<Loc EndOffset="403" SrcFileId="1" StartOffset="384"/>
</LocList>
</BasicStmnt>
<BasicStmnt CovItemId="S4" CovItemPrefix="classes.BinarySearch.java" Intrnl_Id="23">
<LocList>
<Loc EndOffset="420" SrcFileId="1" StartOffset="407"/>
</LocList>
</BasicStmnt>
<BasicStmnt CovItemId="S5" CovItemPrefix="classes.BinarySearch.java" Intrnl_Id="24">
<LocList>
<Loc EndOffset="448" SrcFileId="1" StartOffset="424"/>
</LocList>
</BasicStmnt>
<BasicStmnt CovItemId="S6" CovItemPrefix="classes.BinarySearch.java" Intrnl_Id="25">
<LocList>
<Loc EndOffset="467" SrcFileId="1" StartOffset="452"/>
</LocList>
</BasicStmnt>
<BasicStmnt CovItemId="S7" CovItemPrefix="classes.BinarySearch.java" Intrnl_Id="26">
<LocList>
<Loc EndOffset="485" SrcFileId="1" StartOffset="471"/>
</LocList>
</BasicStmnt>
<BasicStmnt CovItemId="S8" CovItemPrefix="classes.BinarySearch.java" Intrnl_Id="27">
<LocList>
<Loc EndOffset="500" SrcFileId="1" StartOffset="489"/>
</LocList>
</BasicStmnt>
<LoopStmnt CovItemId="S9" CovItemPrefix="classes.BinarySearch.java" Intrnl_Id="28" MltplExecId="L1-2" MltplExecPrefix="classes.BinarySearch.java" NvrExecId="L1-0" NvrExecPrefix="classes.BinarySearch.java" OnceExecutedId="L1-1" OnceExecutedPrefix="classes.BinarySearch.java" OptBodyExec="true">
<StmntSeq Intrnl_Id="29">
<LocList>
<Loc EndOffset="554" SrcFileId="1" StartOffset="531"/>
<Loc EndOffset="588" SrcFileId="1" StartOffset="562"/>
<Loc EndOffset="625" SrcFileId="1" StartOffset="596"/>
<Loc EndOffset="722" SrcFileId="1" StartOffset="633"/>
<Loc EndOffset="827" SrcFileId="1" StartOffset="730"/>
<Loc EndOffset="912" SrcFileId="1" StartOffset="835"/>
</LocList>
<BasicStmnt CovItemId="S10" CovItemPrefix="classes.BinarySearch.java" Intrnl_Id="30">
<LocList>
<Loc EndOffset="554" SrcFileId="1" StartOffset="531"/>
</LocList>
</BasicStmnt>
<BasicStmnt CovItemId="S11" CovItemPrefix="classes.BinarySearch.java" Intrnl_Id="31">
<LocList>
<Loc EndOffset="588" SrcFileId="1" StartOffset="562"/>
</LocList>
</BasicStmnt>
<BasicStmnt CovItemId="S12" CovItemPrefix="classes.BinarySearch.java" Intrnl_Id="32">
<LocList>
<Loc EndOffset="625" SrcFileId="1" StartOffset="596"/>
</LocList>
</BasicStmnt>
<CondStmnt CovItemId="S13" CovItemPrefix="classes.BinarySearch.java" Intrnl_Id="33">
<Branch CovItemId="B1" CovItemPrefix="classes.BinarySearch.java" Implct="false" Intrnl_Id="34">
<Cond/>
<LocList>
<Loc EndOffset="680" SrcFileId="1" StartOffset="650"/>
</LocList>
<StmntSeq Intrnl_Id="35">
<LocList>
<Loc EndOffset="679" SrcFileId="1" StartOffset="660"/>
</LocList>
<BasicStmnt CovItemId="S14" CovItemPrefix="classes.BinarySearch.java" Intrnl_Id="36">
<LocList>
<Loc EndOffset="679" SrcFileId="1" StartOffset="660"/>
</LocList>
</BasicStmnt>
</StmntSeq>
</Branch>
<Branch CovItemId="B2" CovItemPrefix="classes.BinarySearch.java" Implct="false" Intrnl_Id="37">
<Cond>
<Loc EndOffset="692" SrcFileId="1" StartOffset="688"/>
</Cond>
<LocList>
<Loc EndOffset="722" SrcFileId="1" StartOffset="693"/>
</LocList>
<StmntSeq Intrnl_Id="38">
<LocList>
<Loc EndOffset="721" SrcFileId="1" StartOffset="703"/>
</LocList>
<BasicStmnt CovItemId="S15" CovItemPrefix="classes.BinarySearch.java" Intrnl_Id="39">
<LocList>
<Loc EndOffset="721" SrcFileId="1" StartOffset="703"/>
</LocList>
</BasicStmnt>
</StmntSeq>
</Branch>
<Keyword EndOffset="635" SrcFileId="1" StartOffset="633"/>
<LocList>
<Loc EndOffset="722" SrcFileId="1" StartOffset="633"/>
</LocList>
<RootTerm CovItemId="C2" CovItemPrefix="classes.BinarySearch.java" Intrnl_Id="40">
<BasicBoolTerm Intrnl_Id="41">
<LocList>
<Loc EndOffset="648" SrcFileId="1" StartOffset="637"/>
</LocList>
</BasicBoolTerm>
</RootTerm>
</CondStmnt>
<CondStmnt CovItemId="S16" CovItemPrefix="classes.BinarySearch.java" Intrnl_Id="42">
<Branch CovItemId="B3" CovItemPrefix="classes.BinarySearch.java" Implct="false" Intrnl_Id="43">
<Cond/>
<LocList>
<Loc EndOffset="787" SrcFileId="1" StartOffset="759"/>
</LocList>
<StmntSeq Intrnl_Id="44">
<LocList>
<Loc EndOffset="786" SrcFileId="1" StartOffset="769"/>
</LocList>
<BasicStmnt CovItemId="S17" CovItemPrefix="classes.BinarySearch.java" Intrnl_Id="45">
<LocList>
<Loc EndOffset="786" SrcFileId="1" StartOffset="769"/>
</LocList>
</BasicStmnt>
</StmntSeq>
</Branch>
<Branch CovItemId="B4" CovItemPrefix="classes.BinarySearch.java" Implct="false" Intrnl_Id="46">
<Cond>
<Loc EndOffset="799" SrcFileId="1" StartOffset="795"/>
</Cond>
<LocList>
<Loc EndOffset="827" SrcFileId="1" StartOffset="800"/>
</LocList>
<StmntSeq Intrnl_Id="47">
<LocList>
<Loc EndOffset="826" SrcFileId="1" StartOffset="810"/>
</LocList>
<BasicStmnt CovItemId="S18" CovItemPrefix="classes.BinarySearch.java" Intrnl_Id="48">
<LocList>
<Loc EndOffset="826" SrcFileId="1" StartOffset="810"/>
</LocList>
</BasicStmnt>
</StmntSeq>
</Branch>
<Keyword EndOffset="732" SrcFileId="1" StartOffset="730"/>
<LocList>
<Loc EndOffset="827" SrcFileId="1" StartOffset="730"/>
</LocList>
<RootTerm CovItemId="C3" CovItemPrefix="classes.BinarySearch.java" Intrnl_Id="49">
<BasicBoolTerm Intrnl_Id="50">
<LocList>
<Loc EndOffset="757" SrcFileId="1" StartOffset="734"/>
</LocList>
</BasicBoolTerm>
</RootTerm>
</CondStmnt>
<CondStmnt CovItemId="S19" CovItemPrefix="classes.BinarySearch.java" Intrnl_Id="51">
<Branch CovItemId="B5" CovItemPrefix="classes.BinarySearch.java" Implct="false" Intrnl_Id="52">
<Cond/>
<LocList>
<Loc EndOffset="881" SrcFileId="1" StartOffset="853"/>
</LocList>
<StmntSeq Intrnl_Id="53">
<LocList>
<Loc EndOffset="880" SrcFileId="1" StartOffset="863"/>
</LocList>
<BasicStmnt CovItemId="S20" CovItemPrefix="classes.BinarySearch.java" Intrnl_Id="54">
<LocList>
<Loc EndOffset="880" SrcFileId="1" StartOffset="863"/>
</LocList>
</BasicStmnt>
</StmntSeq>
</Branch>
<Branch CovItemId="B6" CovItemPrefix="classes.BinarySearch.java" Implct="false" Intrnl_Id="55">
<Cond>
<Loc EndOffset="893" SrcFileId="1" StartOffset="889"/>
</Cond>
<LocList>
<Loc EndOffset="912" SrcFileId="1" StartOffset="894"/>
</LocList>
<StmntSeq Intrnl_Id="56">
<LocList>
<Loc EndOffset="911" SrcFileId="1" StartOffset="904"/>
</LocList>
<BasicStmnt CovItemId="S21" CovItemPrefix="classes.BinarySearch.java" Intrnl_Id="57">
<LocList>
<Loc EndOffset="911" SrcFileId="1" StartOffset="904"/>
</LocList>
</BasicStmnt>
</StmntSeq>
</Branch>
<Keyword EndOffset="837" SrcFileId="1" StartOffset="835"/>
<LocList>
<Loc EndOffset="912" SrcFileId="1" StartOffset="835"/>
</LocList>
<RootTerm CovItemId="C4" CovItemPrefix="classes.BinarySearch.java" Intrnl_Id="58">
<BasicBoolTerm Intrnl_Id="59">
<LocList>
<Loc EndOffset="851" SrcFileId="1" StartOffset="839"/>
</LocList>
</BasicBoolTerm>
</RootTerm>
</CondStmnt>
</StmntSeq>
<Keyword EndOffset="511" SrcFileId="1" StartOffset="506"/>
<LocList>
<Loc EndOffset="917" SrcFileId="1" StartOffset="506"/>
</LocList>
<RootTerm CovItemId="C1" CovItemPrefix="classes.BinarySearch.java" Intrnl_Id="60">
<BasicBoolTerm Intrnl_Id="61">
<LocList>
<Loc EndOffset="521" SrcFileId="1" StartOffset="513"/>
</LocList>
</BasicBoolTerm>
</RootTerm>
</LoopStmnt>
<CondStmnt CovItemId="S22" CovItemPrefix="classes.BinarySearch.java" Intrnl_Id="62">
<Branch CovItemId="B7" CovItemPrefix="classes.BinarySearch.java" Implct="false" Intrnl_Id="63">
<Cond/>
<LocList>
<Loc EndOffset="972" SrcFileId="1" StartOffset="953"/>
</LocList>
<StmntSeq Intrnl_Id="64">
<LocList>
<Loc EndOffset="971" SrcFileId="1" StartOffset="959"/>
</LocList>
<BasicStmnt CovItemId="S23" CovItemPrefix="classes.BinarySearch.java" Intrnl_Id="65">
<LocList>
<Loc EndOffset="971" SrcFileId="1" StartOffset="959"/>
</LocList>
</BasicStmnt>
</StmntSeq>
</Branch>
<Branch CovItemId="B8" CovItemPrefix="classes.BinarySearch.java" Implct="false" Intrnl_Id="66">
<Cond>
<Loc EndOffset="980" SrcFileId="1" StartOffset="976"/>
</Cond>
<LocList>
<Loc EndOffset="1001" SrcFileId="1" StartOffset="981"/>
</LocList>
<StmntSeq Intrnl_Id="67">
<LocList>
<Loc EndOffset="1000" SrcFileId="1" StartOffset="987"/>
</LocList>
<BasicStmnt CovItemId="S24" CovItemPrefix="classes.BinarySearch.java" Intrnl_Id="68">
<LocList>
<Loc EndOffset="1000" SrcFileId="1" StartOffset="987"/>
</LocList>
</BasicStmnt>
</StmntSeq>
</Branch>
<Keyword EndOffset="926" SrcFileId="1" StartOffset="924"/>
<LocList>
<Loc EndOffset="1001" SrcFileId="1" StartOffset="924"/>
</LocList>
<RootTerm CovItemId="C5" CovItemPrefix="classes.BinarySearch.java" Intrnl_Id="69">
<BasicBoolTerm Intrnl_Id="70">
<LocList>
<Loc EndOffset="951" SrcFileId="1" StartOffset="928"/>
</LocList>
</BasicBoolTerm>
</RootTerm>
</CondStmnt>
<BasicStmnt CovItemId="S25" CovItemPrefix="classes.BinarySearch.java" Intrnl_Id="71">
<LocList>
<Loc EndOffset="1018" SrcFileId="1" StartOffset="1005"/>
</LocList>
</BasicStmnt>
</StmntSeq>
</HierarchyLvl>
<HierarchyLvl HierarchyLvlId="276" HierarchyLvlTypeId="12" Intrnl_Id="72" Name="Div">
<Header>
<Loc EndOffset="1149" SrcFileId="1" StartOffset="1126"/>
</Header>
<LocList>
<Loc EndOffset="1337" SrcFileId="1" StartOffset="1126"/>
</LocList>
<StmntSeq Intrnl_Id="73">
<LocList>
<Loc EndOffset="1170" SrcFileId="1" StartOffset="1154"/>
<Loc EndOffset="1190" SrcFileId="1" StartOffset="1174"/>
<Loc EndOffset="1213" SrcFileId="1" StartOffset="1194"/>
<Loc EndOffset="1309" SrcFileId="1" StartOffset="1217"/>
<Loc EndOffset="1329" SrcFileId="1" StartOffset="1313"/>
</LocList>
<BasicStmnt CovItemId="S26" CovItemPrefix="classes.BinarySearch.java" Intrnl_Id="74">
<LocList>
<Loc EndOffset="1170" SrcFileId="1" StartOffset="1154"/>
</LocList>
</BasicStmnt>
<BasicStmnt CovItemId="S27" CovItemPrefix="classes.BinarySearch.java" Intrnl_Id="75">
<LocList>
<Loc EndOffset="1190" SrcFileId="1" StartOffset="1174"/>
</LocList>
</BasicStmnt>
<BasicStmnt CovItemId="S28" CovItemPrefix="classes.BinarySearch.java" Intrnl_Id="76">
<LocList>
<Loc EndOffset="1213" SrcFileId="1" StartOffset="1194"/>
</LocList>
</BasicStmnt>
<LoopStmnt CovItemId="S29" CovItemPrefix="classes.BinarySearch.java" Intrnl_Id="77" MltplExecId="L2-2" MltplExecPrefix="classes.BinarySearch.java" NvrExecId="L2-0" NvrExecPrefix="classes.BinarySearch.java" OnceExecutedId="L2-1" OnceExecutedPrefix="classes.BinarySearch.java" OptBodyExec="true">
<StmntSeq Intrnl_Id="78">
<LocList>
<Loc EndOffset="1273" SrcFileId="1" StartOffset="1250"/>
<Loc EndOffset="1304" SrcFileId="1" StartOffset="1281"/>
</LocList>
<BasicStmnt CovItemId="S30" CovItemPrefix="classes.BinarySearch.java" Intrnl_Id="79">
<LocList>
<Loc EndOffset="1273" SrcFileId="1" StartOffset="1250"/>
</LocList>
</BasicStmnt>
<BasicStmnt CovItemId="S31" CovItemPrefix="classes.BinarySearch.java" Intrnl_Id="80">
<LocList>
<Loc EndOffset="1304" SrcFileId="1" StartOffset="1281"/>
</LocList>
</BasicStmnt>
</StmntSeq>
<Keyword EndOffset="1222" SrcFileId="1" StartOffset="1217"/>
<LocList>
<Loc EndOffset="1309" SrcFileId="1" StartOffset="1217"/>
</LocList>
<RootTerm CovItemId="C6" CovItemPrefix="classes.BinarySearch.java" Intrnl_Id="81">
<BasicBoolTerm Intrnl_Id="82">
<LocList>
<Loc EndOffset="1239" SrcFileId="1" StartOffset="1224"/>
</LocList>
</BasicBoolTerm>
</RootTerm>
</LoopStmnt>
<BasicStmnt CovItemId="S32" CovItemPrefix="classes.BinarySearch.java" Intrnl_Id="83">
<LocList>
<Loc EndOffset="1329" SrcFileId="1" StartOffset="1313"/>
</LocList>
</BasicStmnt>
</StmntSeq>
</HierarchyLvl>
<HierarchyLvl HierarchyLvlId="277" HierarchyLvlTypeId="12" Intrnl_Id="84" Name="Compare">
<Header>
<Loc EndOffset="1507" SrcFileId="1" StartOffset="1464"/>
</Header>
<LocList>
<Loc EndOffset="1719" SrcFileId="1" StartOffset="1464"/>
</LocList>
<StmntSeq Intrnl_Id="85">
<LocList>
<Loc EndOffset="1535" SrcFileId="1" StartOffset="1512"/>
<Loc EndOffset="1560" SrcFileId="1" StartOffset="1539"/>
<Loc EndOffset="1694" SrcFileId="1" StartOffset="1564"/>
<Loc EndOffset="1712" SrcFileId="1" StartOffset="1698"/>
</LocList>
<BasicStmnt CovItemId="S33" CovItemPrefix="classes.BinarySearch.java" Intrnl_Id="86">
<LocList>
<Loc EndOffset="1535" SrcFileId="1" StartOffset="1512"/>
</LocList>
</BasicStmnt>
<BasicStmnt CovItemId="S34" CovItemPrefix="classes.BinarySearch.java" Intrnl_Id="87">
<LocList>
<Loc EndOffset="1560" SrcFileId="1" StartOffset="1539"/>
</LocList>
</BasicStmnt>
<CondStmnt CovItemId="S35" CovItemPrefix="classes.BinarySearch.java" Intrnl_Id="88">
<Branch CovItemId="B9" CovItemPrefix="classes.BinarySearch.java" Implct="false" Intrnl_Id="89">
<Cond/>
<LocList>
<Loc EndOffset="1603" SrcFileId="1" StartOffset="1581"/>
</LocList>
<StmntSeq Intrnl_Id="90">
<LocList>
<Loc EndOffset="1602" SrcFileId="1" StartOffset="1587"/>
</LocList>
<BasicStmnt CovItemId="S36" CovItemPrefix="classes.BinarySearch.java" Intrnl_Id="91">
<LocList>
<Loc EndOffset="1602" SrcFileId="1" StartOffset="1587"/>
</LocList>
</BasicStmnt>
</StmntSeq>
</Branch>
<Branch CovItemId="B10" CovItemPrefix="classes.BinarySearch.java" Implct="false" Intrnl_Id="92">
<Cond>
<Loc EndOffset="1611" SrcFileId="1" StartOffset="1607"/>
</Cond>
<LocList>
<Loc EndOffset="1694" SrcFileId="1" StartOffset="1611"/>
</LocList>
<StmntSeq Intrnl_Id="93">
<LocList>
<Loc EndOffset="1693" SrcFileId="1" StartOffset="1617"/>
</LocList>
<CondStmnt CovItemId="S37" CovItemPrefix="classes.BinarySearch.java" Intrnl_Id="94">
<Branch CovItemId="B11" CovItemPrefix="classes.BinarySearch.java" Implct="false" Intrnl_Id="95">
<Cond/>
<LocList>
<Loc EndOffset="1661" SrcFileId="1" StartOffset="1638"/>
</LocList>
<StmntSeq Intrnl_Id="96">
<LocList>
<Loc EndOffset="1660" SrcFileId="1" StartOffset="1645"/>
</LocList>
<BasicStmnt CovItemId="S38" CovItemPrefix="classes.BinarySearch.java" Intrnl_Id="97">
<LocList>
<Loc EndOffset="1660" SrcFileId="1" StartOffset="1645"/>
</LocList>
</BasicStmnt>
</StmntSeq>
</Branch>
<Branch CovItemId="B12" CovItemPrefix="classes.BinarySearch.java" Implct="false" Intrnl_Id="98">
<Cond>
<Loc EndOffset="1670" SrcFileId="1" StartOffset="1666"/>
</Cond>
<LocList>
<Loc EndOffset="1693" SrcFileId="1" StartOffset="1671"/>
</LocList>
<StmntSeq Intrnl_Id="99">
<LocList>
<Loc EndOffset="1692" SrcFileId="1" StartOffset="1678"/>
</LocList>
<BasicStmnt CovItemId="S39" CovItemPrefix="classes.BinarySearch.java" Intrnl_Id="100">
<LocList>
<Loc EndOffset="1692" SrcFileId="1" StartOffset="1678"/>
</LocList>
</BasicStmnt>
</StmntSeq>
</Branch>
<Keyword EndOffset="1619" SrcFileId="1" StartOffset="1617"/>
<LocList>
<Loc EndOffset="1693" SrcFileId="1" StartOffset="1617"/>
</LocList>
<RootTerm CovItemId="C8" CovItemPrefix="classes.BinarySearch.java" Intrnl_Id="101">
<OpTerm BooleanOpId="10" Intrnl_Id="102">
<BasicBoolTerm Intrnl_Id="103">
<LocList>
<Loc EndOffset="1635" SrcFileId="1" StartOffset="1623"/>
</LocList>
</BasicBoolTerm>
<LocList>
<Loc EndOffset="1622" SrcFileId="1" StartOffset="1621"/>
</LocList>
</OpTerm>
</RootTerm>
</CondStmnt>
</StmntSeq>
</Branch>
<Keyword EndOffset="1566" SrcFileId="1" StartOffset="1564"/>
<LocList>
<Loc EndOffset="1694" SrcFileId="1" StartOffset="1564"/>
</LocList>
<RootTerm CovItemId="C7" CovItemPrefix="classes.BinarySearch.java" Intrnl_Id="104">
<BasicBoolTerm Intrnl_Id="105">
<LocList>
<Loc EndOffset="1579" SrcFileId="1" StartOffset="1568"/>
</LocList>
</BasicBoolTerm>
</RootTerm>
</CondStmnt>
<BasicStmnt CovItemId="S40" CovItemPrefix="classes.BinarySearch.java" Intrnl_Id="106">
<LocList>
<Loc EndOffset="1712" SrcFileId="1" StartOffset="1698"/>
</LocList>
</BasicStmnt>
</StmntSeq>
</HierarchyLvl>
<HierarchyLvl HierarchyLvlId="278" HierarchyLvlTypeId="12" Intrnl_Id="107" Name="Init">
<Header>
<Loc EndOffset="2031" SrcFileId="1" StartOffset="2008"/>
</Header>
<LocList>
<Loc EndOffset="2342" SrcFileId="1" StartOffset="2008"/>
</LocList>
<StmntSeq Intrnl_Id="108">
<LocList>
<Loc EndOffset="2055" SrcFileId="1" StartOffset="2039"/>
<Loc EndOffset="2086" SrcFileId="1" StartOffset="2059"/>
<Loc EndOffset="2100" SrcFileId="1" StartOffset="2090"/>
<Loc EndOffset="2126" SrcFileId="1" StartOffset="2104"/>
<Loc EndOffset="2144" SrcFileId="1" StartOffset="2130"/>
<Loc EndOffset="2162" SrcFileId="1" StartOffset="2148"/>
<Loc EndOffset="2320" SrcFileId="1" StartOffset="2166"/>
<Loc EndOffset="2334" SrcFileId="1" StartOffset="2324"/>
</LocList>
<BasicStmnt CovItemId="S41" CovItemPrefix="classes.BinarySearch.java" Intrnl_Id="109">
<LocList>
<Loc EndOffset="2055" SrcFileId="1" StartOffset="2039"/>
</LocList>
</BasicStmnt>
<BasicStmnt CovItemId="S42" CovItemPrefix="classes.BinarySearch.java" Intrnl_Id="110">
<LocList>
<Loc EndOffset="2086" SrcFileId="1" StartOffset="2059"/>
</LocList>
</BasicStmnt>
<BasicStmnt CovItemId="S43" CovItemPrefix="classes.BinarySearch.java" Intrnl_Id="111">
<LocList>
<Loc EndOffset="2100" SrcFileId="1" StartOffset="2090"/>
</LocList>
</BasicStmnt>
<BasicStmnt CovItemId="S44" CovItemPrefix="classes.BinarySearch.java" Intrnl_Id="112">
<LocList>
<Loc EndOffset="2126" SrcFileId="1" StartOffset="2104"/>
</LocList>
</BasicStmnt>
<BasicStmnt CovItemId="S45" CovItemPrefix="classes.BinarySearch.java" Intrnl_Id="113">
<LocList>
<Loc EndOffset="2144" SrcFileId="1" StartOffset="2130"/>
</LocList>
</BasicStmnt>
<BasicStmnt CovItemId="S46" CovItemPrefix="classes.BinarySearch.java" Intrnl_Id="114">
<LocList>
<Loc EndOffset="2162" SrcFileId="1" StartOffset="2148"/>
</LocList>
</BasicStmnt>
<LoopStmnt CovItemId="S47" CovItemPrefix="classes.BinarySearch.java" Intrnl_Id="115" MltplExecId="L3-2" MltplExecPrefix="classes.BinarySearch.java" NvrExecId="L3-0" NvrExecPrefix="classes.BinarySearch.java" OnceExecutedId="L3-1" OnceExecutedPrefix="classes.BinarySearch.java" OptBodyExec="true">
<StmntSeq Intrnl_Id="116">
<LocList>
<Loc EndOffset="2214" SrcFileId="1" StartOffset="2199"/>
<Loc EndOffset="2237" SrcFileId="1" StartOffset="2222"/>
<Loc EndOffset="2277" SrcFileId="1" StartOffset="2245"/>
<Loc EndOffset="2296" SrcFileId="1" StartOffset="2285"/>
<Loc EndOffset="2315" SrcFileId="1" StartOffset="2304"/>
</LocList>
<BasicStmnt CovItemId="S48" CovItemPrefix="classes.BinarySearch.java" Intrnl_Id="117">
<LocList>
<Loc EndOffset="2214" SrcFileId="1" StartOffset="2199"/>
</LocList>
</BasicStmnt>
<BasicStmnt CovItemId="S49" CovItemPrefix="classes.BinarySearch.java" Intrnl_Id="118">
<LocList>
<Loc EndOffset="2237" SrcFileId="1" StartOffset="2222"/>
</LocList>
</BasicStmnt>
<BasicStmnt CovItemId="S50" CovItemPrefix="classes.BinarySearch.java" Intrnl_Id="119">
<LocList>
<Loc EndOffset="2277" SrcFileId="1" StartOffset="2245"/>
</LocList>
</BasicStmnt>
<BasicStmnt CovItemId="S51" CovItemPrefix="classes.BinarySearch.java" Intrnl_Id="120">
<LocList>
<Loc EndOffset="2296" SrcFileId="1" StartOffset="2285"/>
</LocList>
</BasicStmnt>
<BasicStmnt CovItemId="S52" CovItemPrefix="classes.BinarySearch.java" Intrnl_Id="121">
<LocList>
<Loc EndOffset="2315" SrcFileId="1" StartOffset="2304"/>
</LocList>
</BasicStmnt>
</StmntSeq>
<Keyword EndOffset="2171" SrcFileId="1" StartOffset="2166"/>
<LocList>
<Loc EndOffset="2320" SrcFileId="1" StartOffset="2166"/>
</LocList>
<RootTerm CovItemId="C9" CovItemPrefix="classes.BinarySearch.java" Intrnl_Id="122">
<BasicBoolTerm Intrnl_Id="123">
<LocList>
<Loc EndOffset="2188" SrcFileId="1" StartOffset="2173"/>
</LocList>
</BasicBoolTerm>
</RootTerm>
</LoopStmnt>
<BasicStmnt CovItemId="S53" CovItemPrefix="classes.BinarySearch.java" Intrnl_Id="124">
<LocList>
<Loc EndOffset="2334" SrcFileId="1" StartOffset="2324"/>
</LocList>
</BasicStmnt>
</StmntSeq>
</HierarchyLvl>
</HierarchyLvl>
<HierarchyLvl HierarchyLvlId="281" HierarchyLvlTypeId="13" Intrnl_Id="125" Name="BubbleSort">
<Header>
<Loc EndOffset="163" SrcFileId="2" StartOffset="140"/>
</Header>
<LocList>
<Loc EndOffset="1080" SrcFileId="2" StartOffset="140"/>
</LocList>
<HierarchyLvl HierarchyLvlId="280" HierarchyLvlTypeId="12" Intrnl_Id="126" Name="Sort">
<Header>
<Loc EndOffset="304" SrcFileId="2" StartOffset="286"/>
</Header>
<LocList>
<Loc EndOffset="894" SrcFileId="2" StartOffset="286"/>
</LocList>
<StmntSeq Intrnl_Id="127">
<LocList>
<Loc EndOffset="320" SrcFileId="2" StartOffset="309"/>
<Loc EndOffset="346" SrcFileId="2" StartOffset="324"/>
<Loc EndOffset="368" SrcFileId="2" StartOffset="350"/>
<Loc EndOffset="386" SrcFileId="2" StartOffset="372"/>
<Loc EndOffset="404" SrcFileId="2" StartOffset="390"/>
<Loc EndOffset="422" SrcFileId="2" StartOffset="408"/>
<Loc EndOffset="440" SrcFileId="2" StartOffset="426"/>
<Loc EndOffset="454" SrcFileId="2" StartOffset="444"/>
<Loc EndOffset="468" SrcFileId="2" StartOffset="458"/>
<Loc EndOffset="887" SrcFileId="2" StartOffset="472"/>
</LocList>
<BasicStmnt CovItemId="S1" CovItemPrefix="classes.BubbleSort.java" Intrnl_Id="128">
<LocList>
<Loc EndOffset="320" SrcFileId="2" StartOffset="309"/>
</LocList>
</BasicStmnt>
<BasicStmnt CovItemId="S2" CovItemPrefix="classes.BubbleSort.java" Intrnl_Id="129">
<LocList>
<Loc EndOffset="346" SrcFileId="2" StartOffset="324"/>
</LocList>
</BasicStmnt>
<BasicStmnt CovItemId="S3" CovItemPrefix="classes.BubbleSort.java" Intrnl_Id="130">
<LocList>
<Loc EndOffset="368" SrcFileId="2" StartOffset="350"/>
</LocList>
</BasicStmnt>
<BasicStmnt CovItemId="S4" CovItemPrefix="classes.BubbleSort.java" Intrnl_Id="131">
<LocList>
<Loc EndOffset="386" SrcFileId="2" StartOffset="372"/>
</LocList>
</BasicStmnt>
<BasicStmnt CovItemId="S5" CovItemPrefix="classes.BubbleSort.java" Intrnl_Id="132">
<LocList>
<Loc EndOffset="404" SrcFileId="2" StartOffset="390"/>
</LocList>
</BasicStmnt>
<BasicStmnt CovItemId="S6" CovItemPrefix="classes.BubbleSort.java" Intrnl_Id="133">
<LocList>
<Loc EndOffset="422" SrcFileId="2" StartOffset="408"/>
</LocList>
</BasicStmnt>
<BasicStmnt CovItemId="S7" CovItemPrefix="classes.BubbleSort.java" Intrnl_Id="134">
<LocList>
<Loc EndOffset="440" SrcFileId="2" StartOffset="426"/>
</LocList>
</BasicStmnt>
<BasicStmnt CovItemId="S8" CovItemPrefix="classes.BubbleSort.java" Intrnl_Id="135">
<LocList>
<Loc EndOffset="454" SrcFileId="2" StartOffset="444"/>
</LocList>
</BasicStmnt>
<BasicStmnt CovItemId="S9" CovItemPrefix="classes.BubbleSort.java" Intrnl_Id="136">
<LocList>
<Loc EndOffset="468" SrcFileId="2" StartOffset="458"/>
</LocList>
</BasicStmnt>
<LoopStmnt CovItemId="S10" CovItemPrefix="classes.BubbleSort.java" Intrnl_Id="137" MltplExecId="L1-2" MltplExecPrefix="classes.BubbleSort.java" NvrExecId="L1-0" NvrExecPrefix="classes.BubbleSort.java" OnceExecutedId="L1-1" OnceExecutedPrefix="classes.BubbleSort.java" OptBodyExec="true">
<StmntSeq Intrnl_Id="138">
<LocList>
<Loc EndOffset="506" SrcFileId="2" StartOffset="499"/>
<Loc EndOffset="866" SrcFileId="2" StartOffset="537"/>
<Loc EndOffset="882" SrcFileId="2" StartOffset="871"/>
</LocList>
<BasicStmnt CovItemId="S11" CovItemPrefix="classes.BubbleSort.java" Intrnl_Id="139">
<LocList>
<Loc EndOffset="506" SrcFileId="2" StartOffset="499"/>
</LocList>
</BasicStmnt>
<LoopStmnt CovItemId="S12" CovItemPrefix="classes.BubbleSort.java" Intrnl_Id="140" MltplExecId="L2-2" MltplExecPrefix="classes.BubbleSort.java" NvrExecId="L2-0" NvrExecPrefix="classes.BubbleSort.java" OnceExecutedId="L2-1" OnceExecutedPrefix="classes.BubbleSort.java" OptBodyExec="true">
<StmntSeq Intrnl_Id="141">
<LocList>
<Loc EndOffset="576" SrcFileId="2" StartOffset="561"/>
<Loc EndOffset="610" SrcFileId="2" StartOffset="582"/>
<Loc EndOffset="640" SrcFileId="2" StartOffset="616"/>
<Loc EndOffset="843" SrcFileId="2" StartOffset="646"/>
<Loc EndOffset="860" SrcFileId="2" StartOffset="849"/>
</LocList>
<BasicStmnt CovItemId="S13" CovItemPrefix="classes.BubbleSort.java" Intrnl_Id="142">
<LocList>
<Loc EndOffset="576" SrcFileId="2" StartOffset="561"/>
</LocList>
</BasicStmnt>
<BasicStmnt CovItemId="S14" CovItemPrefix="classes.BubbleSort.java" Intrnl_Id="143">
<LocList>
<Loc EndOffset="610" SrcFileId="2" StartOffset="582"/>
</LocList>
</BasicStmnt>
<BasicStmnt CovItemId="S15" CovItemPrefix="classes.BubbleSort.java" Intrnl_Id="144">
<LocList>
<Loc EndOffset="640" SrcFileId="2" StartOffset="616"/>
</LocList>
</BasicStmnt>
<CondStmnt CovItemId="S16" CovItemPrefix="classes.BubbleSort.java" Intrnl_Id="145">
<Branch CovItemId="B1" CovItemPrefix="classes.BubbleSort.java" Implct="false" Intrnl_Id="146">
<Cond/>
<LocList>
<Loc EndOffset="808" SrcFileId="2" StartOffset="665"/>
</LocList>
<StmntSeq Intrnl_Id="147">
<LocList>
<Loc EndOffset="691" SrcFileId="2" StartOffset="676"/>
<Loc EndOffset="725" SrcFileId="2" StartOffset="701"/>
<Loc EndOffset="772" SrcFileId="2" StartOffset="735"/>
<Loc EndOffset="801" SrcFileId="2" StartOffset="782"/>
</LocList>
<BasicStmnt CovItemId="S17" CovItemPrefix="classes.BubbleSort.java" Intrnl_Id="148">
<LocList>
<Loc EndOffset="691" SrcFileId="2" StartOffset="676"/>
</LocList>
</BasicStmnt>
<BasicStmnt CovItemId="S18" CovItemPrefix="classes.BubbleSort.java" Intrnl_Id="149">
<LocList>
<Loc EndOffset="725" SrcFileId="2" StartOffset="701"/>
</LocList>
</BasicStmnt>
<BasicStmnt CovItemId="S19" CovItemPrefix="classes.BubbleSort.java" Intrnl_Id="150">
<LocList>
<Loc EndOffset="772" SrcFileId="2" StartOffset="735"/>
</LocList>
</BasicStmnt>
<BasicStmnt CovItemId="S20" CovItemPrefix="classes.BubbleSort.java" Intrnl_Id="151">
<LocList>
<Loc EndOffset="801" SrcFileId="2" StartOffset="782"/>
</LocList>
</BasicStmnt>
</StmntSeq>
</Branch>
<Branch CovItemId="B2" CovItemPrefix="classes.BubbleSort.java" Implct="false" Intrnl_Id="152">
<Cond>
<Loc EndOffset="818" SrcFileId="2" StartOffset="814"/>
</Cond>
<LocList>
<Loc EndOffset="843" SrcFileId="2" StartOffset="819"/>
</LocList>
<StmntSeq Intrnl_Id="153">
<LocList>
<Loc EndOffset="835" SrcFileId="2" StartOffset="827"/>
</LocList>
<BasicStmnt CovItemId="S21" CovItemPrefix="classes.BubbleSort.java" Intrnl_Id="154">
<LocList>
<Loc EndOffset="835" SrcFileId="2" StartOffset="827"/>
</LocList>
</BasicStmnt>
</StmntSeq>
</Branch>
<Keyword EndOffset="648" SrcFileId="2" StartOffset="646"/>
<LocList>
<Loc EndOffset="843" SrcFileId="2" StartOffset="646"/>
</LocList>
<RootTerm CovItemId="C3" CovItemPrefix="classes.BubbleSort.java" Intrnl_Id="155">
<BasicBoolTerm Intrnl_Id="156">
<LocList>
<Loc EndOffset="663" SrcFileId="2" StartOffset="650"/>
</LocList>
</BasicBoolTerm>
</RootTerm>
</CondStmnt>
<BasicStmnt CovItemId="S22" CovItemPrefix="classes.BubbleSort.java" Intrnl_Id="157">
<LocList>
<Loc EndOffset="860" SrcFileId="2" StartOffset="849"/>
</LocList>
</BasicStmnt>
</StmntSeq>
<Keyword EndOffset="542" SrcFileId="2" StartOffset="537"/>
<LocList>
<Loc EndOffset="866" SrcFileId="2" StartOffset="537"/>
</LocList>
<RootTerm CovItemId="C2" CovItemPrefix="classes.BubbleSort.java" Intrnl_Id="158">
<BasicBoolTerm Intrnl_Id="159">
<LocList>
<Loc EndOffset="553" SrcFileId="2" StartOffset="544"/>
</LocList>
</BasicBoolTerm>
</RootTerm>
</LoopStmnt>
<BasicStmnt CovItemId="S23" CovItemPrefix="classes.BubbleSort.java" Intrnl_Id="160">
<LocList>
<Loc EndOffset="882" SrcFileId="2" StartOffset="871"/>
</LocList>
</BasicStmnt>
</StmntSeq>
<Keyword EndOffset="477" SrcFileId="2" StartOffset="472"/>
<LocList>
<Loc EndOffset="887" SrcFileId="2" StartOffset="472"/>
</LocList>
<RootTerm CovItemId="C1" CovItemPrefix="classes.BubbleSort.java" Intrnl_Id="161">
<BasicBoolTerm Intrnl_Id="162">
<LocList>
<Loc EndOffset="488" SrcFileId="2" StartOffset="479"/>
</LocList>
</BasicBoolTerm>
</RootTerm>
</LoopStmnt>
</StmntSeq>
</HierarchyLvl>
</HierarchyLvl>
<HierarchyLvl HierarchyLvlId="283" HierarchyLvlTypeId="13" Intrnl_Id="163" Name="Example">
<Header>
<Loc EndOffset="40" SrcFileId="3" StartOffset="20"/>
</Header>
<LocList>
<Loc EndOffset="380" SrcFileId="3" StartOffset="20"/>
</LocList>
<HierarchyLvl HierarchyLvlId="282" HierarchyLvlTypeId="12" Intrnl_Id="164" Name="function">
<Header>
<Loc EndOffset="72" SrcFileId="3" StartOffset="45"/>
</Header>
<LocList>
<Loc EndOffset="115" SrcFileId="3" StartOffset="45"/>
</LocList>
<StmntSeq Intrnl_Id="165">
<LocList>
<Loc EndOffset="111" SrcFileId="3" StartOffset="78"/>
</LocList>
<LoopStmnt CovItemId="S1" CovItemPrefix="classes.Example.java" Intrnl_Id="166" MltplExecId="L1-2" MltplExecPrefix="classes.Example.java" NvrExecId="L1-0" NvrExecPrefix="classes.Example.java" OnceExecutedId="L1-1" OnceExecutedPrefix="classes.Example.java" OptBodyExec="true">
<StmntSeq Intrnl_Id="167">
<LocList>
<Loc EndOffset="106" SrcFileId="3" StartOffset="96"/>
</LocList>
<BasicStmnt CovItemId="S2" CovItemPrefix="classes.Example.java" Intrnl_Id="168">
<LocList>
<Loc EndOffset="106" SrcFileId="3" StartOffset="96"/>
</LocList>
</BasicStmnt>
</StmntSeq>
<Keyword EndOffset="83" SrcFileId="3" StartOffset="78"/>
<LocList>
<Loc EndOffset="111" SrcFileId="3" StartOffset="78"/>
</LocList>
<RootTerm CovItemId="C1" CovItemPrefix="classes.Example.java" Intrnl_Id="169">
<BasicBoolTerm Intrnl_Id="170">
<LocList>
<Loc EndOffset="88" SrcFileId="3" StartOffset="85"/>
</LocList>
</BasicBoolTerm>
</RootTerm>
</LoopStmnt>
</StmntSeq>
</HierarchyLvl>
</HierarchyLvl>
<HierarchyLvl HierarchyLvlId="285" HierarchyLvlTypeId="13" Intrnl_Id="171" Name="Factorial">
<Header>
<Loc EndOffset="42" SrcFileId="4" StartOffset="20"/>
</Header>
<LocList>
<Loc EndOffset="233" SrcFileId="4" StartOffset="20"/>
</LocList>
<HierarchyLvl HierarchyLvlId="284" HierarchyLvlTypeId="12" Intrnl_Id="172" Name="ComputeFac">
<Header>
<Loc EndOffset="80" SrcFileId="4" StartOffset="50"/>
</Header>
<LocList>
<Loc EndOffset="230" SrcFileId="4" StartOffset="50"/>
</LocList>
<StmntSeq Intrnl_Id="173">
<LocList>
<Loc EndOffset="101" SrcFileId="4" StartOffset="85"/>
<Loc EndOffset="204" SrcFileId="4" StartOffset="105"/>
<Loc EndOffset="226" SrcFileId="4" StartOffset="210"/>
</LocList>
<BasicStmnt CovItemId="S1" CovItemPrefix="classes.Factorial.java" Intrnl_Id="174">
<LocList>
<Loc EndOffset="101" SrcFileId="4" StartOffset="85"/>
</LocList>
</BasicStmnt>
<CondStmnt CovItemId="S2" CovItemPrefix="classes.Factorial.java" Intrnl_Id="175">
<Branch CovItemId="B1" CovItemPrefix="classes.Factorial.java" Implct="false" Intrnl_Id="176">
<Cond/>
<LocList>
<Loc EndOffset="141" SrcFileId="4" StartOffset="117"/>
</LocList>
<StmntSeq Intrnl_Id="177">
<LocList>
<Loc EndOffset="136" SrcFileId="4" StartOffset="123"/>
</LocList>
<BasicStmnt CovItemId="S3" CovItemPrefix="classes.Factorial.java" Intrnl_Id="178">
<LocList>
<Loc EndOffset="136" SrcFileId="4" StartOffset="123"/>
</LocList>
</BasicStmnt>
</StmntSeq>
</Branch>
<Branch CovItemId="B2" CovItemPrefix="classes.Factorial.java" Implct="false" Intrnl_Id="179">
<Cond>
<Loc EndOffset="150" SrcFileId="4" StartOffset="146"/>
</Cond>
<LocList>
<Loc EndOffset="204" SrcFileId="4" StartOffset="151"/>
</LocList>
<StmntSeq Intrnl_Id="180">
<LocList>
<Loc EndOffset="199" SrcFileId="4" StartOffset="157"/>
</LocList>
<BasicStmnt CovItemId="S4" CovItemPrefix="classes.Factorial.java" Intrnl_Id="181">
<LocList>
<Loc EndOffset="199" SrcFileId="4" StartOffset="157"/>
</LocList>
</BasicStmnt>
</StmntSeq>
</Branch>
<Keyword EndOffset="107" SrcFileId="4" StartOffset="105"/>
<LocList>
<Loc EndOffset="204" SrcFileId="4" StartOffset="105"/>
</LocList>
<RootTerm CovItemId="C1" CovItemPrefix="classes.Factorial.java" Intrnl_Id="182">
<BasicBoolTerm Intrnl_Id="183">
<LocList>
<Loc EndOffset="116" SrcFileId="4" StartOffset="109"/>
</LocList>
</BasicBoolTerm>
</RootTerm>
</CondStmnt>
<BasicStmnt CovItemId="S5" CovItemPrefix="classes.Factorial.java" Intrnl_Id="184">
<LocList>
<Loc EndOffset="226" SrcFileId="4" StartOffset="210"/>
</LocList>
</BasicStmnt>
</StmntSeq>
</HierarchyLvl>
</HierarchyLvl>
<HierarchyLvl HierarchyLvlId="288" HierarchyLvlTypeId="13" Intrnl_Id="185" Name="LinearSearch">
<Header>
<Loc EndOffset="45" SrcFileId="5" StartOffset="20"/>
</Header>
<LocList>
<Loc EndOffset="1075" SrcFileId="5" StartOffset="20"/>
</LocList>
<HierarchyLvl HierarchyLvlId="286" HierarchyLvlTypeId="12" Intrnl_Id="186" Name="Search">
<Header>
<Loc EndOffset="205" SrcFileId="5" StartOffset="175"/>
</Header>
<LocList>
<Loc EndOffset="662" SrcFileId="5" StartOffset="175"/>
</LocList>
<StmntSeq Intrnl_Id="187">
<LocList>
<Loc EndOffset="220" SrcFileId="5" StartOffset="210"/>
<Loc EndOffset="245" SrcFileId="5" StartOffset="224"/>
<Loc EndOffset="272" SrcFileId="5" StartOffset="249"/>
<Loc EndOffset="291" SrcFileId="5" StartOffset="276"/>
<Loc EndOffset="309" SrcFileId="5" StartOffset="295"/>
<Loc EndOffset="324" SrcFileId="5" StartOffset="313"/>
<Loc EndOffset="350" SrcFileId="5" StartOffset="328"/>
<Loc EndOffset="639" SrcFileId="5" StartOffset="354"/>
<Loc EndOffset="658" SrcFileId="5" StartOffset="643"/>
</LocList>
<BasicStmnt CovItemId="S1" CovItemPrefix="classes.LinearSearch.java" Intrnl_Id="188">
<LocList>
<Loc EndOffset="220" SrcFileId="5" StartOffset="210"/>
</LocList>
</BasicStmnt>
<BasicStmnt CovItemId="S2" CovItemPrefix="classes.LinearSearch.java" Intrnl_Id="189">
<LocList>
<Loc EndOffset="245" SrcFileId="5" StartOffset="224"/>
</LocList>
</BasicStmnt>
<BasicStmnt CovItemId="S3" CovItemPrefix="classes.LinearSearch.java" Intrnl_Id="190">
<LocList>
<Loc EndOffset="272" SrcFileId="5" StartOffset="249"/>
</LocList>
</BasicStmnt>
<BasicStmnt CovItemId="S4" CovItemPrefix="classes.LinearSearch.java" Intrnl_Id="191">
<LocList>
<Loc EndOffset="291" SrcFileId="5" StartOffset="276"/>
</LocList>
</BasicStmnt>
<BasicStmnt CovItemId="S5" CovItemPrefix="classes.LinearSearch.java" Intrnl_Id="192">
<LocList>
<Loc EndOffset="309" SrcFileId="5" StartOffset="295"/>
</LocList>
</BasicStmnt>
<BasicStmnt CovItemId="S6" CovItemPrefix="classes.LinearSearch.java" Intrnl_Id="193">
<LocList>
<Loc EndOffset="324" SrcFileId="5" StartOffset="313"/>
</LocList>
</BasicStmnt>
<BasicStmnt CovItemId="S7" CovItemPrefix="classes.LinearSearch.java" Intrnl_Id="194">
<LocList>
<Loc EndOffset="350" SrcFileId="5" StartOffset="328"/>
</LocList>
</BasicStmnt>
<LoopStmnt CovItemId="S8" CovItemPrefix="classes.LinearSearch.java" Intrnl_Id="195" MltplExecId="L1-2" MltplExecPrefix="classes.LinearSearch.java" NvrExecId="L1-0" NvrExecPrefix="classes.LinearSearch.java" OnceExecutedId="L1-1" OnceExecutedPrefix="classes.LinearSearch.java" OptBodyExec="true">
<StmntSeq Intrnl_Id="196">
<LocList>
<Loc EndOffset="405" SrcFileId="5" StartOffset="381"/>
<Loc EndOffset="430" SrcFileId="5" StartOffset="413"/>
<Loc EndOffset="615" SrcFileId="5" StartOffset="438"/>
<Loc EndOffset="634" SrcFileId="5" StartOffset="623"/>
</LocList>
<BasicStmnt CovItemId="S9" CovItemPrefix="classes.LinearSearch.java" Intrnl_Id="197">
<LocList>
<Loc EndOffset="405" SrcFileId="5" StartOffset="381"/>
</LocList>
</BasicStmnt>
<BasicStmnt CovItemId="S10" CovItemPrefix="classes.LinearSearch.java" Intrnl_Id="198">
<LocList>
<Loc EndOffset="430" SrcFileId="5" StartOffset="413"/>
</LocList>
</BasicStmnt>
<CondStmnt CovItemId="S11" CovItemPrefix="classes.LinearSearch.java" Intrnl_Id="199">
<Branch CovItemId="B1" CovItemPrefix="classes.LinearSearch.java" Implct="false" Intrnl_Id="200">
<Cond/>
<LocList>
<Loc EndOffset="474" SrcFileId="5" StartOffset="455"/>
</LocList>
<StmntSeq Intrnl_Id="201">
<LocList>
<Loc EndOffset="473" SrcFileId="5" StartOffset="465"/>
</LocList>
<BasicStmnt CovItemId="S12" CovItemPrefix="classes.LinearSearch.java" Intrnl_Id="202">
<LocList>
<Loc EndOffset="473" SrcFileId="5" StartOffset="465"/>
</LocList>
</BasicStmnt>
</StmntSeq>
</Branch>
<Branch CovItemId="B2" CovItemPrefix="classes.LinearSearch.java" Implct="false" Intrnl_Id="203">
<Cond>
<Loc EndOffset="486" SrcFileId="5" StartOffset="482"/>
</Cond>
<LocList>
<Loc EndOffset="615" SrcFileId="5" StartOffset="486"/>
</LocList>
<StmntSeq Intrnl_Id="204">
<LocList>
<Loc EndOffset="614" SrcFileId="5" StartOffset="496"/>
</LocList>
<CondStmnt CovItemId="S13" CovItemPrefix="classes.LinearSearch.java" Intrnl_Id="205">
<Branch CovItemId="B3" CovItemPrefix="classes.LinearSearch.java" Implct="false" Intrnl_Id="206">
<Cond/>
<LocList>
<Loc EndOffset="537" SrcFileId="5" StartOffset="517"/>
</LocList>
<StmntSeq Intrnl_Id="207">
<LocList>
<Loc EndOffset="536" SrcFileId="5" StartOffset="528"/>
</LocList>
<BasicStmnt CovItemId="S14" CovItemPrefix="classes.LinearSearch.java" Intrnl_Id="208">
<LocList>
<Loc EndOffset="536" SrcFileId="5" StartOffset="528"/>
</LocList>
</BasicStmnt>
</StmntSeq>
</Branch>
<Branch CovItemId="B4" CovItemPrefix="classes.LinearSearch.java" Implct="false" Intrnl_Id="209">
<Cond>
<Loc EndOffset="551" SrcFileId="5" StartOffset="547"/>
</Cond>
<LocList>
<Loc EndOffset="614" SrcFileId="5" StartOffset="552"/>
</LocList>
<StmntSeq Intrnl_Id="210">
<LocList>
<Loc EndOffset="573" SrcFileId="5" StartOffset="560"/>
<Loc EndOffset="595" SrcFileId="5" StartOffset="580"/>
<Loc EndOffset="613" SrcFileId="5" StartOffset="602"/>
</LocList>
<BasicStmnt CovItemId="S15" CovItemPrefix="classes.LinearSearch.java" Intrnl_Id="211">
<LocList>
<Loc EndOffset="573" SrcFileId="5" StartOffset="560"/>
</LocList>
</BasicStmnt>
<BasicStmnt CovItemId="S16" CovItemPrefix="classes.LinearSearch.java" Intrnl_Id="212">
<LocList>
<Loc EndOffset="595" SrcFileId="5" StartOffset="580"/>
</LocList>
</BasicStmnt>
<BasicStmnt CovItemId="S17" CovItemPrefix="classes.LinearSearch.java" Intrnl_Id="213">
<LocList>
<Loc EndOffset="613" SrcFileId="5" StartOffset="602"/>
</LocList>
</BasicStmnt>
</StmntSeq>
</Branch>
<Keyword EndOffset="498" SrcFileId="5" StartOffset="496"/>
<LocList>
<Loc EndOffset="614" SrcFileId="5" StartOffset="496"/>
</LocList>
<RootTerm CovItemId="C3" CovItemPrefix="classes.LinearSearch.java" Intrnl_Id="214">
<OpTerm BooleanOpId="10" Intrnl_Id="215">
<BasicBoolTerm Intrnl_Id="216">
<LocList>
<Loc EndOffset="515" SrcFileId="5" StartOffset="502"/>
</LocList>
</BasicBoolTerm>
<LocList>
<Loc EndOffset="501" SrcFileId="5" StartOffset="500"/>
</LocList>
</OpTerm>
</RootTerm>
</CondStmnt>
</StmntSeq>
</Branch>
<Keyword EndOffset="440" SrcFileId="5" StartOffset="438"/>
<LocList>
<Loc EndOffset="615" SrcFileId="5" StartOffset="438"/>
</LocList>
<RootTerm CovItemId="C2" CovItemPrefix="classes.LinearSearch.java" Intrnl_Id="217">
<BasicBoolTerm Intrnl_Id="218">
<LocList>
<Loc EndOffset="453" SrcFileId="5" StartOffset="442"/>
</LocList>
</BasicBoolTerm>
</RootTerm>
</CondStmnt>
<BasicStmnt CovItemId="S18" CovItemPrefix="classes.LinearSearch.java" Intrnl_Id="219">
<LocList>
<Loc EndOffset="634" SrcFileId="5" StartOffset="623"/>
</LocList>
</BasicStmnt>
</StmntSeq>
<Keyword EndOffset="359" SrcFileId="5" StartOffset="354"/>
<LocList>
<Loc EndOffset="639" SrcFileId="5" StartOffset="354"/>
</LocList>
<RootTerm CovItemId="C1" CovItemPrefix="classes.LinearSearch.java" Intrnl_Id="220">
<BasicBoolTerm Intrnl_Id="221">
<LocList>
<Loc EndOffset="370" SrcFileId="5" StartOffset="361"/>
</LocList>
</BasicBoolTerm>
</RootTerm>
</LoopStmnt>
<BasicStmnt CovItemId="S19" CovItemPrefix="classes.LinearSearch.java" Intrnl_Id="222">
<LocList>
<Loc EndOffset="658" SrcFileId="5" StartOffset="643"/>
</LocList>
</BasicStmnt>
</StmntSeq>
</HierarchyLvl>
<HierarchyLvl HierarchyLvlId="287" HierarchyLvlTypeId="12" Intrnl_Id="223" Name="Init">
<Header>
<Loc EndOffset="764" SrcFileId="5" StartOffset="741"/>
</Header>
<LocList>
<Loc EndOffset="1072" SrcFileId="5" StartOffset="741"/>
</LocList>
<StmntSeq Intrnl_Id="224">
<LocList>
<Loc EndOffset="787" SrcFileId="5" StartOffset="772"/>
<Loc EndOffset="820" SrcFileId="5" StartOffset="794"/>
<Loc EndOffset="834" SrcFileId="5" StartOffset="824"/>
<Loc EndOffset="860" SrcFileId="5" StartOffset="838"/>
<Loc EndOffset="878" SrcFileId="5" StartOffset="864"/>
<Loc EndOffset="896" SrcFileId="5" StartOffset="882"/>
<Loc EndOffset="1054" SrcFileId="5" StartOffset="900"/>
<Loc EndOffset="1068" SrcFileId="5" StartOffset="1058"/>
</LocList>
<BasicStmnt CovItemId="S20" CovItemPrefix="classes.LinearSearch.java" Intrnl_Id="225">
<LocList>
<Loc EndOffset="787" SrcFileId="5" StartOffset="772"/>
</LocList>
</BasicStmnt>
<BasicStmnt CovItemId="S21" CovItemPrefix="classes.LinearSearch.java" Intrnl_Id="226">
<LocList>
<Loc EndOffset="820" SrcFileId="5" StartOffset="794"/>
</LocList>
</BasicStmnt>
<BasicStmnt CovItemId="S22" CovItemPrefix="classes.LinearSearch.java" Intrnl_Id="227">
<LocList>
<Loc EndOffset="834" SrcFileId="5" StartOffset="824"/>
</LocList>
</BasicStmnt>
<BasicStmnt CovItemId="S23" CovItemPrefix="classes.LinearSearch.java" Intrnl_Id="228">
<LocList>
<Loc EndOffset="860" SrcFileId="5" StartOffset="838"/>
</LocList>
</BasicStmnt>
<BasicStmnt CovItemId="S24" CovItemPrefix="classes.LinearSearch.java" Intrnl_Id="229">
<LocList>
<Loc EndOffset="878" SrcFileId="5" StartOffset="864"/>
</LocList>
</BasicStmnt>
<BasicStmnt CovItemId="S25" CovItemPrefix="classes.LinearSearch.java" Intrnl_Id="230">
<LocList>
<Loc EndOffset="896" SrcFileId="5" StartOffset="882"/>
</LocList>
</BasicStmnt>
<LoopStmnt CovItemId="S26" CovItemPrefix="classes.LinearSearch.java" Intrnl_Id="231" MltplExecId="L2-2" MltplExecPrefix="classes.LinearSearch.java" NvrExecId="L2-0" NvrExecPrefix="classes.LinearSearch.java" OnceExecutedId="L2-1" OnceExecutedPrefix="classes.LinearSearch.java" OptBodyExec="true">
<StmntSeq Intrnl_Id="232">
<LocList>
<Loc EndOffset="948" SrcFileId="5" StartOffset="933"/>
<Loc EndOffset="971" SrcFileId="5" StartOffset="956"/>
<Loc EndOffset="1011" SrcFileId="5" StartOffset="979"/>
<Loc EndOffset="1030" SrcFileId="5" StartOffset="1019"/>
<Loc EndOffset="1049" SrcFileId="5" StartOffset="1038"/>
</LocList>
<BasicStmnt CovItemId="S27" CovItemPrefix="classes.LinearSearch.java" Intrnl_Id="233">
<LocList>
<Loc EndOffset="948" SrcFileId="5" StartOffset="933"/>
</LocList>
</BasicStmnt>
<BasicStmnt CovItemId="S28" CovItemPrefix="classes.LinearSearch.java" Intrnl_Id="234">
<LocList>
<Loc EndOffset="971" SrcFileId="5" StartOffset="956"/>
</LocList>
</BasicStmnt>
<BasicStmnt CovItemId="S29" CovItemPrefix="classes.LinearSearch.java" Intrnl_Id="235">
<LocList>
<Loc EndOffset="1011" SrcFileId="5" StartOffset="979"/>
</LocList>
</BasicStmnt>
<BasicStmnt CovItemId="S30" CovItemPrefix="classes.LinearSearch.java" Intrnl_Id="236">
<LocList>
<Loc EndOffset="1030" SrcFileId="5" StartOffset="1019"/>
</LocList>
</BasicStmnt>
<BasicStmnt CovItemId="S31" CovItemPrefix="classes.LinearSearch.java" Intrnl_Id="237">
<LocList>
<Loc EndOffset="1049" SrcFileId="5" StartOffset="1038"/>
</LocList>
</BasicStmnt>
</StmntSeq>
<Keyword EndOffset="905" SrcFileId="5" StartOffset="900"/>
<LocList>
<Loc EndOffset="1054" SrcFileId="5" StartOffset="900"/>
</LocList>
<RootTerm CovItemId="C4" CovItemPrefix="classes.LinearSearch.java" Intrnl_Id="238">
<BasicBoolTerm Intrnl_Id="239">
<LocList>
<Loc EndOffset="922" SrcFileId="5" StartOffset="907"/>
</LocList>
</BasicBoolTerm>
</RootTerm>
</LoopStmnt>
<BasicStmnt CovItemId="S32" CovItemPrefix="classes.LinearSearch.java" Intrnl_Id="240">
<LocList>
<Loc EndOffset="1068" SrcFileId="5" StartOffset="1058"/>
</LocList>
</BasicStmnt>
</StmntSeq>
</HierarchyLvl>
</HierarchyLvl>
<HierarchyLvl HierarchyLvlId="298" HierarchyLvlTypeId="13" Intrnl_Id="241" Name="LinkedList">
<Header>
<Loc EndOffset="43" SrcFileId="6" StartOffset="20"/>
</Header>
<LocList>
<Loc EndOffset="2484" SrcFileId="6" StartOffset="20"/>
</LocList>
<HierarchyLvl HierarchyLvlId="289" HierarchyLvlTypeId="12" Intrnl_Id="242" Name="Init">
<Header>
<Loc EndOffset="185" SrcFileId="6" StartOffset="167"/>
</Header>
<LocList>
<Loc EndOffset="208" SrcFileId="6" StartOffset="167"/>
</LocList>
<StmntSeq Intrnl_Id="243">
<LocList>
<Loc EndOffset="207" SrcFileId="6" StartOffset="190"/>
</LocList>
<BasicStmnt CovItemId="S1" CovItemPrefix="classes.LinkedList.java" Intrnl_Id="244">
<LocList>
<Loc EndOffset="207" SrcFileId="6" StartOffset="190"/>
</LocList>
</BasicStmnt>
</StmntSeq>
</HierarchyLvl>
<HierarchyLvl HierarchyLvlId="290" HierarchyLvlTypeId="12" Intrnl_Id="245" Name="InitNew">
<Header>
<Loc EndOffset="332" SrcFileId="6" StartOffset="260"/>
</Header>
<LocList>
<Loc EndOffset="412" SrcFileId="6" StartOffset="260"/>
</LocList>
<StmntSeq Intrnl_Id="246">
<LocList>
<Loc EndOffset="357" SrcFileId="6" StartOffset="337"/>
<Loc EndOffset="389" SrcFileId="6" StartOffset="361"/>
<Loc EndOffset="411" SrcFileId="6" StartOffset="393"/>
</LocList>
<BasicStmnt CovItemId="S2" CovItemPrefix="classes.LinkedList.java" Intrnl_Id="247">
<LocList>
<Loc EndOffset="357" SrcFileId="6" StartOffset="337"/>
</LocList>
</BasicStmnt>
<BasicStmnt CovItemId="S3" CovItemPrefix="classes.LinkedList.java" Intrnl_Id="248">
<LocList>
<Loc EndOffset="389" SrcFileId="6" StartOffset="361"/>
</LocList>
</BasicStmnt>
<BasicStmnt CovItemId="S4" CovItemPrefix="classes.LinkedList.java" Intrnl_Id="249">
<LocList>
<Loc EndOffset="411" SrcFileId="6" StartOffset="393"/>
</LocList>
</BasicStmnt>
</StmntSeq>
</HierarchyLvl>
<HierarchyLvl HierarchyLvlId="291" HierarchyLvlTypeId="12" Intrnl_Id="250" Name="Insert">
<Header>
<Loc EndOffset="520" SrcFileId="6" StartOffset="479"/>
</Header>
<LocList>
<Loc EndOffset="659" SrcFileId="6" StartOffset="479"/>
</LocList>
<StmntSeq Intrnl_Id="251">
<LocList>
<Loc EndOffset="598" SrcFileId="6" StartOffset="562"/>
<Loc EndOffset="637" SrcFileId="6" StartOffset="602"/>
<Loc EndOffset="655" SrcFileId="6" StartOffset="641"/>
</LocList>
<BasicStmnt CovItemId="S5" CovItemPrefix="classes.LinkedList.java" Intrnl_Id="252">
<LocList>
<Loc EndOffset="598" SrcFileId="6" StartOffset="562"/>
</LocList>
</BasicStmnt>
<BasicStmnt CovItemId="S6" CovItemPrefix="classes.LinkedList.java" Intrnl_Id="253">
<LocList>
<Loc EndOffset="637" SrcFileId="6" StartOffset="602"/>
</LocList>
</BasicStmnt>
<BasicStmnt CovItemId="S7" CovItemPrefix="classes.LinkedList.java" Intrnl_Id="254">
<LocList>
<Loc EndOffset="655" SrcFileId="6" StartOffset="641"/>
</LocList>
</BasicStmnt>
</StmntSeq>
</HierarchyLvl>
<HierarchyLvl HierarchyLvlId="292" HierarchyLvlTypeId="12" Intrnl_Id="255" Name="SetnextElem">
<Header>
<Loc EndOffset="775" SrcFileId="6" StartOffset="729"/>
</Header>
<LocList>
<Loc EndOffset="810" SrcFileId="6" StartOffset="729"/>
</LocList>
<StmntSeq Intrnl_Id="256">
<LocList>
<Loc EndOffset="808" SrcFileId="6" StartOffset="780"/>
</LocList>
<BasicStmnt CovItemId="S8" CovItemPrefix="classes.LinkedList.java" Intrnl_Id="257">
<LocList>
<Loc EndOffset="808" SrcFileId="6" StartOffset="780"/>
</LocList>
</BasicStmnt>
</StmntSeq>
</HierarchyLvl>
<HierarchyLvl HierarchyLvlId="293" HierarchyLvlTypeId="12" Intrnl_Id="258" Name="Delete">
<Header>
<Loc EndOffset="898" SrcFileId="6" StartOffset="864"/>
</Header>
<LocList>
<Loc EndOffset="1801" SrcFileId="6" StartOffset="864"/>
</LocList>
<StmntSeq Intrnl_Id="259">
<LocList>
<Loc EndOffset="944" SrcFileId="6" StartOffset="906"/>
<Loc EndOffset="966" SrcFileId="6" StartOffset="951"/>
<Loc EndOffset="994" SrcFileId="6" StartOffset="970"/>
<Loc EndOffset="1025" SrcFileId="6" StartOffset="998"/>
<Loc EndOffset="1055" SrcFileId="6" StartOffset="1029"/>
<Loc EndOffset="1094" SrcFileId="6" StartOffset="1059"/>
<Loc EndOffset="1134" SrcFileId="6" StartOffset="1098"/>
<Loc EndOffset="1168" SrcFileId="6" StartOffset="1138"/>
<Loc EndOffset="1183" SrcFileId="6" StartOffset="1172"/>
<Loc EndOffset="1774" SrcFileId="6" StartOffset="1191"/>
<Loc EndOffset="1794" SrcFileId="6" StartOffset="1778"/>
</LocList>
<BasicStmnt CovItemId="S9" CovItemPrefix="classes.LinkedList.java" Intrnl_Id="260">
<LocList>
<Loc EndOffset="944" SrcFileId="6" StartOffset="906"/>
</LocList>
</BasicStmnt>
<BasicStmnt CovItemId="S10" CovItemPrefix="classes.LinkedList.java" Intrnl_Id="261">
<LocList>
<Loc EndOffset="966" SrcFileId="6" StartOffset="951"/>
</LocList>
</BasicStmnt>
<BasicStmnt CovItemId="S11" CovItemPrefix="classes.LinkedList.java" Intrnl_Id="262">
<LocList>
<Loc EndOffset="994" SrcFileId="6" StartOffset="970"/>
</LocList>
</BasicStmnt>
<BasicStmnt CovItemId="S12" CovItemPrefix="classes.LinkedList.java" Intrnl_Id="263">
<LocList>
<Loc EndOffset="1025" SrcFileId="6" StartOffset="998"/>
</LocList>
</BasicStmnt>
<BasicStmnt CovItemId="S13" CovItemPrefix="classes.LinkedList.java" Intrnl_Id="264">
<LocList>
<Loc EndOffset="1055" SrcFileId="6" StartOffset="1029"/>
</LocList>
</BasicStmnt>
<BasicStmnt CovItemId="S14" CovItemPrefix="classes.LinkedList.java" Intrnl_Id="265">
<LocList>
<Loc EndOffset="1094" SrcFileId="6" StartOffset="1059"/>
</LocList>
</BasicStmnt>
<BasicStmnt CovItemId="S15" CovItemPrefix="classes.LinkedList.java" Intrnl_Id="266">
<LocList>
<Loc EndOffset="1134" SrcFileId="6" StartOffset="1098"/>
</LocList>
</BasicStmnt>
<BasicStmnt CovItemId="S16" CovItemPrefix="classes.LinkedList.java" Intrnl_Id="267">
<LocList>
<Loc EndOffset="1168" SrcFileId="6" StartOffset="1138"/>
</LocList>
</BasicStmnt>
<BasicStmnt CovItemId="S17" CovItemPrefix="classes.LinkedList.java" Intrnl_Id="268">
<LocList>
<Loc EndOffset="1183" SrcFileId="6" StartOffset="1172"/>
</LocList>
</BasicStmnt>
<LoopStmnt CovItemId="S18" CovItemPrefix="classes.LinkedList.java" Intrnl_Id="269" MltplExecId="L1-2" MltplExecPrefix="classes.LinkedList.java" NvrExecId="L1-0" NvrExecPrefix="classes.LinkedList.java" OnceExecutedId="L1-1" OnceExecutedPrefix="classes.LinkedList.java" OptBodyExec="true">
<StmntSeq Intrnl_Id="270">
<LocList>
<Loc EndOffset="1728" SrcFileId="6" StartOffset="1213"/>
<Loc EndOffset="1769" SrcFileId="6" StartOffset="1733"/>
</LocList>
<CondStmnt CovItemId="S19" CovItemPrefix="classes.LinkedList.java" Intrnl_Id="271">
<Branch CovItemId="B1" CovItemPrefix="classes.LinkedList.java" Implct="false" Intrnl_Id="272">
<Cond/>
<LocList>
<Loc EndOffset="1728" SrcFileId="6" StartOffset="1227"/>
</LocList>
<StmntSeq Intrnl_Id="273">
<LocList>
<Loc EndOffset="1512" SrcFileId="6" StartOffset="1234"/>
<Loc EndOffset="1726" SrcFileId="6" StartOffset="1521"/>
</LocList>
<CondStmnt CovItemId="S20" CovItemPrefix="classes.LinkedList.java" Intrnl_Id="274">
<Branch CovItemId="B3" CovItemPrefix="classes.LinkedList.java" Implct="false" Intrnl_Id="275">
<Cond/>
<LocList>
<Loc EndOffset="1480" SrcFileId="6" StartOffset="1256"/>
</LocList>
<StmntSeq Intrnl_Id="276">
<LocList>
<Loc EndOffset="1280" SrcFileId="6" StartOffset="1264"/>
<Loc EndOffset="1479" SrcFileId="6" StartOffset="1287"/>
</LocList>
<BasicStmnt CovItemId="S21" CovItemPrefix="classes.LinkedList.java" Intrnl_Id="277">
<LocList>
<Loc EndOffset="1280" SrcFileId="6" StartOffset="1264"/>
</LocList>
</BasicStmnt>
<CondStmnt CovItemId="S22" CovItemPrefix="classes.LinkedList.java" Intrnl_Id="278">
<Branch CovItemId="B5" CovItemPrefix="classes.LinkedList.java" Implct="false" Intrnl_Id="279">
<Cond/>
<LocList>
<Loc EndOffset="1386" SrcFileId="6" StartOffset="1307"/>
</LocList>
<StmntSeq Intrnl_Id="280">
<LocList>
<Loc EndOffset="1385" SrcFileId="6" StartOffset="1354"/>
</LocList>
<BasicStmnt CovItemId="S23" CovItemPrefix="classes.LinkedList.java" Intrnl_Id="281">
<LocList>
<Loc EndOffset="1385" SrcFileId="6" StartOffset="1354"/>
</LocList>
</BasicStmnt>
</StmntSeq>
</Branch>
<Branch CovItemId="B6" CovItemPrefix="classes.LinkedList.java" Implct="false" Intrnl_Id="282">
<Cond>
<Loc EndOffset="1398" SrcFileId="6" StartOffset="1394"/>
</Cond>
<LocList>
<Loc EndOffset="1479" SrcFileId="6" StartOffset="1398"/>
</LocList>
<StmntSeq Intrnl_Id="283">
<LocList>
<Loc EndOffset="1478" SrcFileId="6" StartOffset="1440"/>
</LocList>
<BasicStmnt CovItemId="S24" CovItemPrefix="classes.LinkedList.java" Intrnl_Id="284">
<LocList>
<Loc EndOffset="1478" SrcFileId="6" StartOffset="1440"/>
</LocList>
</BasicStmnt>
</StmntSeq>
</Branch>
<Keyword EndOffset="1289" SrcFileId="6" StartOffset="1287"/>
<LocList>
<Loc EndOffset="1479" SrcFileId="6" StartOffset="1287"/>
</LocList>
<RootTerm CovItemId="C4" CovItemPrefix="classes.LinkedList.java" Intrnl_Id="285">
<BasicBoolTerm Intrnl_Id="286">
<LocList>
<Loc EndOffset="1305" SrcFileId="6" StartOffset="1291"/>
</LocList>
</BasicBoolTerm>
</RootTerm>
</CondStmnt>
</StmntSeq>
</Branch>
<Branch CovItemId="B4" CovItemPrefix="classes.LinkedList.java" Implct="false" Intrnl_Id="287">
<Cond>
<Loc EndOffset="1491" SrcFileId="6" StartOffset="1487"/>
</Cond>
<LocList>
<Loc EndOffset="1512" SrcFileId="6" StartOffset="1492"/>
</LocList>
<StmntSeq Intrnl_Id="288">
<LocList>
<Loc EndOffset="1511" SrcFileId="6" StartOffset="1503"/>
</LocList>
<BasicStmnt CovItemId="S25" CovItemPrefix="classes.LinkedList.java" Intrnl_Id="289">
<LocList>
<Loc EndOffset="1511" SrcFileId="6" StartOffset="1503"/>
</LocList>
</BasicStmnt>
</StmntSeq>
</Branch>
<Keyword EndOffset="1236" SrcFileId="6" StartOffset="1234"/>
<LocList>
<Loc EndOffset="1512" SrcFileId="6" StartOffset="1234"/>
</LocList>
<RootTerm CovItemId="C3" CovItemPrefix="classes.LinkedList.java" Intrnl_Id="290">
<BasicBoolTerm Intrnl_Id="291">
<LocList>
<Loc EndOffset="1255" SrcFileId="6" StartOffset="1238"/>
</LocList>
</BasicBoolTerm>
</RootTerm>
</CondStmnt>
<CondStmnt CovItemId="S26" CovItemPrefix="classes.LinkedList.java" Intrnl_Id="292">
<Branch CovItemId="B7" CovItemPrefix="classes.LinkedList.java" Implct="false" Intrnl_Id="293">
<Cond/>
<LocList>
<Loc EndOffset="1691" SrcFileId="6" StartOffset="1534"/>
</LocList>
<StmntSeq Intrnl_Id="294">
<LocList>
<Loc EndOffset="1556" SrcFileId="6" StartOffset="1542"/>
<Loc EndOffset="1592" SrcFileId="6" StartOffset="1563"/>
<Loc EndOffset="1624" SrcFileId="6" StartOffset="1599"/>
<Loc EndOffset="1658" SrcFileId="6" StartOffset="1631"/>
<Loc EndOffset="1689" SrcFileId="6" StartOffset="1665"/>
</LocList>
<BasicStmnt CovItemId="S27" CovItemPrefix="classes.LinkedList.java" Intrnl_Id="295">
<LocList>
<Loc EndOffset="1556" SrcFileId="6" StartOffset="1542"/>
</LocList>
</BasicStmnt>
<BasicStmnt CovItemId="S28" CovItemPrefix="classes.LinkedList.java" Intrnl_Id="296">
<LocList>
<Loc EndOffset="1592" SrcFileId="6" StartOffset="1563"/>
</LocList>
</BasicStmnt>
<BasicStmnt CovItemId="S29" CovItemPrefix="classes.LinkedList.java" Intrnl_Id="297">
<LocList>
<Loc EndOffset="1624" SrcFileId="6" StartOffset="1599"/>
</LocList>
</BasicStmnt>
<BasicStmnt CovItemId="S30" CovItemPrefix="classes.LinkedList.java" Intrnl_Id="298">
<LocList>
<Loc EndOffset="1658" SrcFileId="6" StartOffset="1631"/>
</LocList>
</BasicStmnt>
<BasicStmnt CovItemId="S31" CovItemPrefix="classes.LinkedList.java" Intrnl_Id="299">
<LocList>
<Loc EndOffset="1689" SrcFileId="6" StartOffset="1665"/>
</LocList>
</BasicStmnt>
</StmntSeq>
</Branch>
<Branch CovItemId="B8" CovItemPrefix="classes.LinkedList.java" Implct="false" Intrnl_Id="300">
<Cond>
<Loc EndOffset="1705" SrcFileId="6" StartOffset="1701"/>
</Cond>
<LocList>
<Loc EndOffset="1726" SrcFileId="6" StartOffset="1706"/>
</LocList>
<StmntSeq Intrnl_Id="301">
<LocList>
<Loc EndOffset="1725" SrcFileId="6" StartOffset="1717"/>
</LocList>
<BasicStmnt CovItemId="S32" CovItemPrefix="classes.LinkedList.java" Intrnl_Id="302">
<LocList>
<Loc EndOffset="1725" SrcFileId="6" StartOffset="1717"/>
</LocList>
</BasicStmnt>
</StmntSeq>
</Branch>
<Keyword EndOffset="1523" SrcFileId="6" StartOffset="1521"/>
<LocList>
<Loc EndOffset="1726" SrcFileId="6" StartOffset="1521"/>
</LocList>
<RootTerm CovItemId="C5" CovItemPrefix="classes.LinkedList.java" Intrnl_Id="303">
<OpTerm BooleanOpId="10" Intrnl_Id="304">
<BasicBoolTerm Intrnl_Id="305">
<LocList>
<Loc EndOffset="1533" SrcFileId="6" StartOffset="1526"/>
</LocList>
</BasicBoolTerm>
<LocList>
<Loc EndOffset="1526" SrcFileId="6" StartOffset="1525"/>
</LocList>
</OpTerm>
</RootTerm>
</CondStmnt>
</StmntSeq>
</Branch>
<Branch CovItemId="B2" CovItemPrefix="classes.LinkedList.java" Implct="true" Intrnl_Id="306">
<Cond/>
<LocList/>
<StmntSeq Intrnl_Id="307">
<LocList/>
</StmntSeq>
</Branch>
<Keyword EndOffset="1215" SrcFileId="6" StartOffset="1213"/>
<LocList>
<Loc EndOffset="1728" SrcFileId="6" StartOffset="1213"/>
</LocList>
<RootTerm CovItemId="C2" CovItemPrefix="classes.LinkedList.java" Intrnl_Id="308">
<OpTerm BooleanOpId="10" Intrnl_Id="309">
<BasicBoolTerm Intrnl_Id="310">
<LocList>
<Loc EndOffset="1225" SrcFileId="6" StartOffset="1218"/>
</LocList>
</BasicBoolTerm>
<LocList>
<Loc EndOffset="1218" SrcFileId="6" StartOffset="1217"/>
</LocList>
</OpTerm>
</RootTerm>
</CondStmnt>
<CondStmnt CovItemId="S33" CovItemPrefix="classes.LinkedList.java" Intrnl_Id="311">
<Branch CovItemId="B9" CovItemPrefix="classes.LinkedList.java" Implct="false" Intrnl_Id="312">
<Cond/>
<LocList>
<Loc EndOffset="1769" SrcFileId="6" StartOffset="1746"/>
</LocList>
<StmntSeq Intrnl_Id="313">
<LocList>
<Loc EndOffset="1768" SrcFileId="6" StartOffset="1753"/>
</LocList>
<BasicStmnt CovItemId="S34" CovItemPrefix="classes.LinkedList.java" Intrnl_Id="314">
<LocList>
<Loc EndOffset="1768" SrcFileId="6" StartOffset="1753"/>
</LocList>
</BasicStmnt>
</StmntSeq>
</Branch>
<Branch CovItemId="B10" CovItemPrefix="classes.LinkedList.java" Implct="true" Intrnl_Id="315">
<Cond/>
<LocList/>
<StmntSeq Intrnl_Id="316">
<LocList/>
</StmntSeq>
</Branch>
<Keyword EndOffset="1735" SrcFileId="6" StartOffset="1733"/>
<LocList>
<Loc EndOffset="1769" SrcFileId="6" StartOffset="1733"/>
</LocList>
<RootTerm CovItemId="C6" CovItemPrefix="classes.LinkedList.java" Intrnl_Id="317">
<BasicBoolTerm Intrnl_Id="318">
<LocList>
<Loc EndOffset="1744" SrcFileId="6" StartOffset="1737"/>
</LocList>
</BasicBoolTerm>
</RootTerm>
</CondStmnt>
</StmntSeq>
<Keyword EndOffset="1196" SrcFileId="6" StartOffset="1191"/>
<LocList>
<Loc EndOffset="1774" SrcFileId="6" StartOffset="1191"/>
</LocList>
<RootTerm CovItemId="C1" CovItemPrefix="classes.LinkedList.java" Intrnl_Id="319">
<OpTerm BooleanOpId="10" Intrnl_Id="320">
<BasicBoolTerm Intrnl_Id="321">
<LocList>
<Loc EndOffset="1206" SrcFileId="6" StartOffset="1199"/>
</LocList>
</BasicBoolTerm>
<LocList>
<Loc EndOffset="1199" SrcFileId="6" StartOffset="1198"/>
</LocList>
</OpTerm>
</RootTerm>
</LoopStmnt>
<BasicStmnt CovItemId="S35" CovItemPrefix="classes.LinkedList.java" Intrnl_Id="322">
<LocList>
<Loc EndOffset="1794" SrcFileId="6" StartOffset="1778"/>
</LocList>
</BasicStmnt>
</StmntSeq>
</HierarchyLvl>
<HierarchyLvl HierarchyLvlId="294" HierarchyLvlTypeId="12" Intrnl_Id="323" Name="Search">
<Header>
<Loc EndOffset="1894" SrcFileId="6" StartOffset="1863"/>
</Header>
<LocList>
<Loc EndOffset="2277" SrcFileId="6" StartOffset="1863"/>
</LocList>
<StmntSeq Intrnl_Id="324">
<LocList>
<Loc EndOffset="1921" SrcFileId="6" StartOffset="1899"/>
<Loc EndOffset="1949" SrcFileId="6" StartOffset="1925"/>
<Loc EndOffset="1986" SrcFileId="6" StartOffset="1953"/>
<Loc EndOffset="2022" SrcFileId="6" StartOffset="1990"/>
<Loc EndOffset="2037" SrcFileId="6" StartOffset="2026"/>
<Loc EndOffset="2252" SrcFileId="6" StartOffset="2041"/>
<Loc EndOffset="2270" SrcFileId="6" StartOffset="2256"/>
</LocList>
<BasicStmnt CovItemId="S36" CovItemPrefix="classes.LinkedList.java" Intrnl_Id="325">
<LocList>
<Loc EndOffset="1921" SrcFileId="6" StartOffset="1899"/>
</LocList>
</BasicStmnt>
<BasicStmnt CovItemId="S37" CovItemPrefix="classes.LinkedList.java" Intrnl_Id="326">
<LocList>
<Loc EndOffset="1949" SrcFileId="6" StartOffset="1925"/>
</LocList>
</BasicStmnt>
<BasicStmnt CovItemId="S38" CovItemPrefix="classes.LinkedList.java" Intrnl_Id="327">
<LocList>
<Loc EndOffset="1986" SrcFileId="6" StartOffset="1953"/>
</LocList>
</BasicStmnt>
<BasicStmnt CovItemId="S39" CovItemPrefix="classes.LinkedList.java" Intrnl_Id="328">
<LocList>
<Loc EndOffset="2022" SrcFileId="6" StartOffset="1990"/>
</LocList>
</BasicStmnt>
<BasicStmnt CovItemId="S40" CovItemPrefix="classes.LinkedList.java" Intrnl_Id="329">
<LocList>
<Loc EndOffset="2037" SrcFileId="6" StartOffset="2026"/>
</LocList>
</BasicStmnt>
<LoopStmnt CovItemId="S41" CovItemPrefix="classes.LinkedList.java" Intrnl_Id="330" MltplExecId="L2-2" MltplExecPrefix="classes.LinkedList.java" NvrExecId="L2-0" NvrExecPrefix="classes.LinkedList.java" OnceExecutedId="L2-1" OnceExecutedPrefix="classes.LinkedList.java" OptBodyExec="true">
<StmntSeq Intrnl_Id="331">
<LocList>
<Loc EndOffset="2141" SrcFileId="6" StartOffset="2066"/>
<Loc EndOffset="2179" SrcFileId="6" StartOffset="2150"/>
<Loc EndOffset="2212" SrcFileId="6" StartOffset="2187"/>
<Loc EndOffset="2247" SrcFileId="6" StartOffset="2220"/>
</LocList>
<CondStmnt CovItemId="S42" CovItemPrefix="classes.LinkedList.java" Intrnl_Id="332">
<Branch CovItemId="B11" CovItemPrefix="classes.LinkedList.java" Implct="false" Intrnl_Id="333">
<Cond/>
<LocList>
<Loc EndOffset="2109" SrcFileId="6" StartOffset="2088"/>
</LocList>
<StmntSeq Intrnl_Id="334">
<LocList>
<Loc EndOffset="2108" SrcFileId="6" StartOffset="2095"/>
</LocList>
<BasicStmnt CovItemId="S43" CovItemPrefix="classes.LinkedList.java" Intrnl_Id="335">
<LocList>
<Loc EndOffset="2108" SrcFileId="6" StartOffset="2095"/>
</LocList>
</BasicStmnt>
</StmntSeq>
</Branch>
<Branch CovItemId="B12" CovItemPrefix="classes.LinkedList.java" Implct="false" Intrnl_Id="336">
<Cond>
<Loc EndOffset="2121" SrcFileId="6" StartOffset="2117"/>
</Cond>
<LocList>
<Loc EndOffset="2141" SrcFileId="6" StartOffset="2122"/>
</LocList>
<StmntSeq Intrnl_Id="337">
<LocList>
<Loc EndOffset="2140" SrcFileId="6" StartOffset="2132"/>
</LocList>
<BasicStmnt CovItemId="S44" CovItemPrefix="classes.LinkedList.java" Intrnl_Id="338">
<LocList>
<Loc EndOffset="2140" SrcFileId="6" StartOffset="2132"/>
</LocList>
</BasicStmnt>
</StmntSeq>
</Branch>
<Keyword EndOffset="2068" SrcFileId="6" StartOffset="2066"/>
<LocList>
<Loc EndOffset="2141" SrcFileId="6" StartOffset="2066"/>
</LocList>
<RootTerm CovItemId="C8" CovItemPrefix="classes.LinkedList.java" Intrnl_Id="339">
<BasicBoolTerm Intrnl_Id="340">
<LocList>
<Loc EndOffset="2087" SrcFileId="6" StartOffset="2070"/>
</LocList>
</BasicBoolTerm>
</RootTerm>
</CondStmnt>
<BasicStmnt CovItemId="S45" CovItemPrefix="classes.LinkedList.java" Intrnl_Id="341">
<LocList>
<Loc EndOffset="2179" SrcFileId="6" StartOffset="2150"/>
</LocList>
</BasicStmnt>
<BasicStmnt CovItemId="S46" CovItemPrefix="classes.LinkedList.java" Intrnl_Id="342">
<LocList>
<Loc EndOffset="2212" SrcFileId="6" StartOffset="2187"/>
</LocList>
</BasicStmnt>
<BasicStmnt CovItemId="S47" CovItemPrefix="classes.LinkedList.java" Intrnl_Id="343">
<LocList>
<Loc EndOffset="2247" SrcFileId="6" StartOffset="2220"/>
</LocList>
</BasicStmnt>
</StmntSeq>
<Keyword EndOffset="2046" SrcFileId="6" StartOffset="2041"/>
<LocList>
<Loc EndOffset="2252" SrcFileId="6" StartOffset="2041"/>
</LocList>
<RootTerm CovItemId="C7" CovItemPrefix="classes.LinkedList.java" Intrnl_Id="344">
<OpTerm BooleanOpId="10" Intrnl_Id="345">
<BasicBoolTerm Intrnl_Id="346">
<LocList>
<Loc EndOffset="2056" SrcFileId="6" StartOffset="2049"/>
</LocList>
</BasicBoolTerm>
<LocList>
<Loc EndOffset="2049" SrcFileId="6" StartOffset="2048"/>
</LocList>
</OpTerm>
</RootTerm>
</LoopStmnt>
<BasicStmnt CovItemId="S48" CovItemPrefix="classes.LinkedList.java" Intrnl_Id="347">
<LocList>
<Loc EndOffset="2270" SrcFileId="6" StartOffset="2256"/>
</LocList>
</BasicStmnt>
</StmntSeq>
</HierarchyLvl>
<HierarchyLvl HierarchyLvlId="295" HierarchyLvlTypeId="12" Intrnl_Id="348" Name="GetEnd">
<Header>
<Loc EndOffset="2312" SrcFileId="6" StartOffset="2289"/>
</Header>
<LocList>
<Loc EndOffset="2340" SrcFileId="6" StartOffset="2289"/>
</LocList>
<StmntSeq Intrnl_Id="349">
<LocList>
<Loc EndOffset="2333" SrcFileId="6" StartOffset="2317"/>
</LocList>
<BasicStmnt CovItemId="S49" CovItemPrefix="classes.LinkedList.java" Intrnl_Id="350">
<LocList>
<Loc EndOffset="2333" SrcFileId="6" StartOffset="2317"/>
</LocList>
</BasicStmnt>
</StmntSeq>
</HierarchyLvl>
<HierarchyLvl HierarchyLvlId="296" HierarchyLvlTypeId="12" Intrnl_Id="351" Name="GetElem">
<Header>
<Loc EndOffset="2375" SrcFileId="6" StartOffset="2352"/>
</Header>
<LocList>
<Loc EndOffset="2404" SrcFileId="6" StartOffset="2352"/>
</LocList>
<StmntSeq Intrnl_Id="352">
<LocList>
<Loc EndOffset="2397" SrcFileId="6" StartOffset="2380"/>
</LocList>
<BasicStmnt CovItemId="S50" CovItemPrefix="classes.LinkedList.java" Intrnl_Id="353">
<LocList>
<Loc EndOffset="2397" SrcFileId="6" StartOffset="2380"/>
</LocList>
</BasicStmnt>
</StmntSeq>
</HierarchyLvl>
<HierarchyLvl HierarchyLvlId="297" HierarchyLvlTypeId="12" Intrnl_Id="354" Name="getNextElem">
<Header>
<Loc EndOffset="2447" SrcFileId="6" StartOffset="2416"/>
</Header>
<LocList>
<Loc EndOffset="2481" SrcFileId="6" StartOffset="2416"/>
</LocList>
<StmntSeq Intrnl_Id="355">
<LocList>
<Loc EndOffset="2474" SrcFileId="6" StartOffset="2452"/>
</LocList>
<BasicStmnt CovItemId="S51" CovItemPrefix="classes.LinkedList.java" Intrnl_Id="356">
<LocList>
<Loc EndOffset="2474" SrcFileId="6" StartOffset="2452"/>
</LocList>
</BasicStmnt>
</StmntSeq>
</HierarchyLvl>
</HierarchyLvl>
<HierarchyLvl HierarchyLvlId="305" HierarchyLvlTypeId="13" Intrnl_Id="357" Name="Person">
<Header>
<Loc EndOffset="39" SrcFileId="7" StartOffset="20"/>
</Header>
<LocList>
<Loc EndOffset="1720" SrcFileId="7" StartOffset="20"/>
</LocList>
<HierarchyLvl HierarchyLvlId="299" HierarchyLvlTypeId="12" Intrnl_Id="358" Name="Init">
<Header>
<Loc EndOffset="215" SrcFileId="7" StartOffset="155"/>
</Header>
<LocList>
<Loc EndOffset="297" SrcFileId="7" StartOffset="155"/>
</LocList>
<StmntSeq Intrnl_Id="359">
<LocList>
<Loc EndOffset="238" SrcFileId="7" StartOffset="220"/>
<Loc EndOffset="266" SrcFileId="7" StartOffset="242"/>
<Loc EndOffset="296" SrcFileId="7" StartOffset="270"/>
</LocList>
<BasicStmnt CovItemId="S1" CovItemPrefix="classes.Person.java" Intrnl_Id="360">
<LocList>
<Loc EndOffset="238" SrcFileId="7" StartOffset="220"/>
</LocList>
</BasicStmnt>
<BasicStmnt CovItemId="S2" CovItemPrefix="classes.Person.java" Intrnl_Id="361">
<LocList>
<Loc EndOffset="266" SrcFileId="7" StartOffset="242"/>
</LocList>
</BasicStmnt>
<BasicStmnt CovItemId="S3" CovItemPrefix="classes.Person.java" Intrnl_Id="362">
<LocList>
<Loc EndOffset="296" SrcFileId="7" StartOffset="270"/>
</LocList>
</BasicStmnt>
</StmntSeq>
</HierarchyLvl>
<HierarchyLvl HierarchyLvlId="300" HierarchyLvlTypeId="12" Intrnl_Id="363" Name="GetAge">
<Header>
<Loc EndOffset="324" SrcFileId="7" StartOffset="305"/>
</Header>
<LocList>
<Loc EndOffset="350" SrcFileId="7" StartOffset="305"/>
</LocList>
<StmntSeq Intrnl_Id="364">
<LocList>
<Loc EndOffset="346" SrcFileId="7" StartOffset="329"/>
</LocList>
<BasicStmnt CovItemId="S4" CovItemPrefix="classes.Person.java" Intrnl_Id="365">
<LocList>
<Loc EndOffset="346" SrcFileId="7" StartOffset="329"/>
</LocList>
</BasicStmnt>
</StmntSeq>
</HierarchyLvl>
<HierarchyLvl HierarchyLvlId="301" HierarchyLvlTypeId="12" Intrnl_Id="366" Name="GetSalary">
<Header>
<Loc EndOffset="384" SrcFileId="7" StartOffset="362"/>
</Header>
<LocList>
<Loc EndOffset="413" SrcFileId="7" StartOffset="362"/>
</LocList>
<StmntSeq Intrnl_Id="367">
<LocList>
<Loc EndOffset="409" SrcFileId="7" StartOffset="389"/>
</LocList>
<BasicStmnt CovItemId="S5" CovItemPrefix="classes.Person.java" Intrnl_Id="368">
<LocList>
<Loc EndOffset="409" SrcFileId="7" StartOffset="389"/>
</LocList>
</BasicStmnt>
</StmntSeq>
</HierarchyLvl>
<HierarchyLvl HierarchyLvlId="302" HierarchyLvlTypeId="12" Intrnl_Id="369" Name="GetMarried">
<Header>
<Loc EndOffset="448" SrcFileId="7" StartOffset="421"/>
</Header>
<LocList>
<Loc EndOffset="477" SrcFileId="7" StartOffset="421"/>
</LocList>
<StmntSeq Intrnl_Id="370">
<LocList>
<Loc EndOffset="473" SrcFileId="7" StartOffset="453"/>
</LocList>
<BasicStmnt CovItemId="S6" CovItemPrefix="classes.Person.java" Intrnl_Id="371">
<LocList>
<Loc EndOffset="473" SrcFileId="7" StartOffset="453"/>
</LocList>
</BasicStmnt>
</StmntSeq>
</HierarchyLvl>
<HierarchyLvl HierarchyLvlId="303" HierarchyLvlTypeId="12" Intrnl_Id="372" Name="Equal">
<Header>
<Loc EndOffset="630" SrcFileId="7" StartOffset="596"/>
</Header>
<LocList>
<Loc EndOffset="1339" SrcFileId="7" StartOffset="596"/>
</LocList>
<StmntSeq Intrnl_Id="373">
<LocList>
<Loc EndOffset="658" SrcFileId="7" StartOffset="635"/>
<Loc EndOffset="673" SrcFileId="7" StartOffset="662"/>
<Loc EndOffset="705" SrcFileId="7" StartOffset="677"/>
<Loc EndOffset="739" SrcFileId="7" StartOffset="709"/>
<Loc EndOffset="1315" SrcFileId="7" StartOffset="743"/>
<Loc EndOffset="1335" SrcFileId="7" StartOffset="1319"/>
</LocList>
<BasicStmnt CovItemId="S7" CovItemPrefix="classes.Person.java" Intrnl_Id="374">
<LocList>
<Loc EndOffset="658" SrcFileId="7" StartOffset="635"/>
</LocList>
</BasicStmnt>
<BasicStmnt CovItemId="S8" CovItemPrefix="classes.Person.java" Intrnl_Id="375">
<LocList>
<Loc EndOffset="673" SrcFileId="7" StartOffset="662"/>
</LocList>
</BasicStmnt>
<BasicStmnt CovItemId="S9" CovItemPrefix="classes.Person.java" Intrnl_Id="376">
<LocList>
<Loc EndOffset="705" SrcFileId="7" StartOffset="677"/>
</LocList>
</BasicStmnt>
<BasicStmnt CovItemId="S10" CovItemPrefix="classes.Person.java" Intrnl_Id="377">
<LocList>
<Loc EndOffset="739" SrcFileId="7" StartOffset="709"/>
</LocList>
</BasicStmnt>
<CondStmnt CovItemId="S11" CovItemPrefix="classes.Person.java" Intrnl_Id="378">
<Branch CovItemId="B1" CovItemPrefix="classes.Person.java" Implct="false" Intrnl_Id="379">
<Cond/>
<LocList>
<Loc EndOffset="803" SrcFileId="7" StartOffset="779"/>
</LocList>
<StmntSeq Intrnl_Id="380">
<LocList>
<Loc EndOffset="802" SrcFileId="7" StartOffset="785"/>
</LocList>
<BasicStmnt CovItemId="S12" CovItemPrefix="classes.Person.java" Intrnl_Id="381">
<LocList>
<Loc EndOffset="802" SrcFileId="7" StartOffset="785"/>
</LocList>
</BasicStmnt>
</StmntSeq>
</Branch>
<Branch CovItemId="B2" CovItemPrefix="classes.Person.java" Implct="false" Intrnl_Id="382">
<Cond>
<Loc EndOffset="812" SrcFileId="7" StartOffset="808"/>
</Cond>
<LocList>
<Loc EndOffset="1315" SrcFileId="7" StartOffset="813"/>
</LocList>
<StmntSeq Intrnl_Id="383">
<LocList>
<Loc EndOffset="854" SrcFileId="7" StartOffset="820"/>
<Loc EndOffset="895" SrcFileId="7" StartOffset="859"/>
<Loc EndOffset="1314" SrcFileId="7" StartOffset="903"/>
</LocList>
<BasicStmnt CovItemId="S13" CovItemPrefix="classes.Person.java" Intrnl_Id="384">
<LocList>
<Loc EndOffset="854" SrcFileId="7" StartOffset="820"/>
</LocList>
</BasicStmnt>
<BasicStmnt CovItemId="S14" CovItemPrefix="classes.Person.java" Intrnl_Id="385">
<LocList>
<Loc EndOffset="895" SrcFileId="7" StartOffset="859"/>
</LocList>
</BasicStmnt>
<CondStmnt CovItemId="S15" CovItemPrefix="classes.Person.java" Intrnl_Id="386">
<Branch CovItemId="B3" CovItemPrefix="classes.Person.java" Implct="false" Intrnl_Id="387">
<Cond/>
<LocList>
<Loc EndOffset="974" SrcFileId="7" StartOffset="946"/>
</LocList>
<StmntSeq Intrnl_Id="388">
<LocList>
<Loc EndOffset="973" SrcFileId="7" StartOffset="956"/>
</LocList>
<BasicStmnt CovItemId="S16" CovItemPrefix="classes.Person.java" Intrnl_Id="389">
<LocList>
<Loc EndOffset="973" SrcFileId="7" StartOffset="956"/>
</LocList>
</BasicStmnt>
</StmntSeq>
</Branch>
<Branch CovItemId="B4" CovItemPrefix="classes.Person.java" Implct="false" Intrnl_Id="390">
<Cond>
<Loc EndOffset="987" SrcFileId="7" StartOffset="983"/>
</Cond>
<LocList>
<Loc EndOffset="1314" SrcFileId="7" StartOffset="988"/>
</LocList>
<StmntSeq Intrnl_Id="391">
<LocList>
<Loc EndOffset="1038" SrcFileId="7" StartOffset="998"/>
<Loc EndOffset="1089" SrcFileId="7" StartOffset="1047"/>
<Loc EndOffset="1313" SrcFileId="7" StartOffset="1098"/>
</LocList>
<BasicStmnt CovItemId="S17" CovItemPrefix="classes.Person.java" Intrnl_Id="392">
<LocList>
<Loc EndOffset="1038" SrcFileId="7" StartOffset="998"/>
</LocList>
</BasicStmnt>
<BasicStmnt CovItemId="S18" CovItemPrefix="classes.Person.java" Intrnl_Id="393">
<LocList>
<Loc EndOffset="1089" SrcFileId="7" StartOffset="1047"/>
</LocList>
</BasicStmnt>
<CondStmnt CovItemId="S19" CovItemPrefix="classes.Person.java" Intrnl_Id="394">
<Branch CovItemId="B5" CovItemPrefix="classes.Person.java" Implct="false" Intrnl_Id="395">
<Cond/>
<LocList>
<Loc EndOffset="1213" SrcFileId="7" StartOffset="1115"/>
</LocList>
<StmntSeq Intrnl_Id="396">
<LocList>
<Loc EndOffset="1212" SrcFileId="7" StartOffset="1126"/>
</LocList>
<CondStmnt CovItemId="S20" CovItemPrefix="classes.Person.java" Intrnl_Id="397">
<Branch CovItemId="B7" CovItemPrefix="classes.Person.java" Implct="false" Intrnl_Id="398">
<Cond/>
<LocList>
<Loc EndOffset="1173" SrcFileId="7" StartOffset="1144"/>
</LocList>
<StmntSeq Intrnl_Id="399">
<LocList>
<Loc EndOffset="1172" SrcFileId="7" StartOffset="1156"/>
</LocList>
<BasicStmnt CovItemId="S21" CovItemPrefix="classes.Person.java" Intrnl_Id="400">
<LocList>
<Loc EndOffset="1172" SrcFileId="7" StartOffset="1156"/>
</LocList>
</BasicStmnt>
</StmntSeq>
</Branch>
<Branch CovItemId="B8" CovItemPrefix="classes.Person.java" Implct="false" Intrnl_Id="401">
<Cond>
<Loc EndOffset="1189" SrcFileId="7" StartOffset="1185"/>
</Cond>
<LocList>
<Loc EndOffset="1212" SrcFileId="7" StartOffset="1190"/>
</LocList>
<StmntSeq Intrnl_Id="402">
<LocList>
<Loc EndOffset="1211" SrcFileId="7" StartOffset="1203"/>
</LocList>
<BasicStmnt CovItemId="S22" CovItemPrefix="classes.Person.java" Intrnl_Id="403">
<LocList>
<Loc EndOffset="1211" SrcFileId="7" StartOffset="1203"/>
</LocList>
</BasicStmnt>
</StmntSeq>
</Branch>
<Keyword EndOffset="1128" SrcFileId="7" StartOffset="1126"/>
<LocList>
<Loc EndOffset="1212" SrcFileId="7" StartOffset="1126"/>
</LocList>
<RootTerm CovItemId="C4" CovItemPrefix="classes.Person.java" Intrnl_Id="404">
<OpTerm BooleanOpId="10" Intrnl_Id="405">
<BasicBoolTerm Intrnl_Id="406">
<LocList>
<Loc EndOffset="1143" SrcFileId="7" StartOffset="1131"/>
</LocList>
</BasicBoolTerm>
<LocList>
<Loc EndOffset="1131" SrcFileId="7" StartOffset="1130"/>
</LocList>
</OpTerm>
</RootTerm>
</CondStmnt>
</StmntSeq>
</Branch>
<Branch CovItemId="B6" CovItemPrefix="classes.Person.java" Implct="false" Intrnl_Id="407">
<Cond>
<Loc EndOffset="1223" SrcFileId="7" StartOffset="1219"/>
</Cond>
<LocList>
<Loc EndOffset="1313" SrcFileId="7" StartOffset="1223"/>
</LocList>
<StmntSeq Intrnl_Id="408">
<LocList>
<Loc EndOffset="1311" SrcFileId="7" StartOffset="1231"/>
</LocList>
<CondStmnt CovItemId="S23" CovItemPrefix="classes.Person.java" Intrnl_Id="409">
<Branch CovItemId="B9" CovItemPrefix="classes.Person.java" Implct="false" Intrnl_Id="410">
<Cond/>
<LocList>
<Loc EndOffset="1274" SrcFileId="7" StartOffset="1248"/>
</LocList>
<StmntSeq Intrnl_Id="411">
<LocList>
<Loc EndOffset="1273" SrcFileId="7" StartOffset="1257"/>
</LocList>
<BasicStmnt CovItemId="S24" CovItemPrefix="classes.Person.java" Intrnl_Id="412">
<LocList>
<Loc EndOffset="1273" SrcFileId="7" StartOffset="1257"/>
</LocList>
</BasicStmnt>
</StmntSeq>
</Branch>
<Branch CovItemId="B10" CovItemPrefix="classes.Person.java" Implct="false" Intrnl_Id="413">
<Cond>
<Loc EndOffset="1289" SrcFileId="7" StartOffset="1285"/>
</Cond>
<LocList>
<Loc EndOffset="1311" SrcFileId="7" StartOffset="1290"/>
</LocList>
<StmntSeq Intrnl_Id="414">
<LocList>
<Loc EndOffset="1310" SrcFileId="7" StartOffset="1302"/>
</LocList>
<BasicStmnt CovItemId="S25" CovItemPrefix="classes.Person.java" Intrnl_Id="415">
<LocList>
<Loc EndOffset="1310" SrcFileId="7" StartOffset="1302"/>
</LocList>
</BasicStmnt>
</StmntSeq>
</Branch>
<Keyword EndOffset="1233" SrcFileId="7" StartOffset="1231"/>
<LocList>
<Loc EndOffset="1311" SrcFileId="7" StartOffset="1231"/>
</LocList>
<RootTerm CovItemId="C5" CovItemPrefix="classes.Person.java" Intrnl_Id="416">
<BasicBoolTerm Intrnl_Id="417">
<LocList>
<Loc EndOffset="1247" SrcFileId="7" StartOffset="1235"/>
</LocList>
</BasicBoolTerm>
</RootTerm>
</CondStmnt>
</StmntSeq>
</Branch>
<Keyword EndOffset="1100" SrcFileId="7" StartOffset="1098"/>
<LocList>
<Loc EndOffset="1313" SrcFileId="7" StartOffset="1098"/>
</LocList>
<RootTerm CovItemId="C3" CovItemPrefix="classes.Person.java" Intrnl_Id="418">
<BasicBoolTerm Intrnl_Id="419">
<LocList>
<Loc EndOffset="1113" SrcFileId="7" StartOffset="1102"/>
</LocList>
</BasicBoolTerm>
</RootTerm>
</CondStmnt>
</StmntSeq>
</Branch>
<Keyword EndOffset="905" SrcFileId="7" StartOffset="903"/>
<LocList>
<Loc EndOffset="1314" SrcFileId="7" StartOffset="903"/>
</LocList>
<RootTerm CovItemId="C2" CovItemPrefix="classes.Person.java" Intrnl_Id="420">
<OpTerm BooleanOpId="10" Intrnl_Id="421">
<BasicBoolTerm Intrnl_Id="422">
<LocList>
<Loc EndOffset="945" SrcFileId="7" StartOffset="908"/>
</LocList>
</BasicBoolTerm>
<LocList>
<Loc EndOffset="908" SrcFileId="7" StartOffset="907"/>
</LocList>
</OpTerm>
</RootTerm>
</CondStmnt>
</StmntSeq>
</Branch>
<Keyword EndOffset="745" SrcFileId="7" StartOffset="743"/>
<LocList>
<Loc EndOffset="1315" SrcFileId="7" StartOffset="743"/>
</LocList>
<RootTerm CovItemId="C1" CovItemPrefix="classes.Person.java" Intrnl_Id="423">
<OpTerm BooleanOpId="10" Intrnl_Id="424">
<BasicBoolTerm Intrnl_Id="425">
<LocList>
<Loc EndOffset="778" SrcFileId="7" StartOffset="748"/>
</LocList>
</BasicBoolTerm>
<LocList>
<Loc EndOffset="748" SrcFileId="7" StartOffset="747"/>
</LocList>
</OpTerm>
</RootTerm>
</CondStmnt>
<BasicStmnt CovItemId="S26" CovItemPrefix="classes.Person.java" Intrnl_Id="426">
<LocList>
<Loc EndOffset="1335" SrcFileId="7" StartOffset="1319"/>
</LocList>
</BasicStmnt>
</StmntSeq>
</HierarchyLvl>
<HierarchyLvl HierarchyLvlId="304" HierarchyLvlTypeId="12" Intrnl_Id="427" Name="Compare">
<Header>
<Loc EndOffset="1503" SrcFileId="7" StartOffset="1460"/>
</Header>
<LocList>
<Loc EndOffset="1717" SrcFileId="7" StartOffset="1460"/>
</LocList>
<StmntSeq Intrnl_Id="428">
<LocList>
<Loc EndOffset="1531" SrcFileId="7" StartOffset="1508"/>
<Loc EndOffset="1557" SrcFileId="7" StartOffset="1535"/>
<Loc EndOffset="1694" SrcFileId="7" StartOffset="1561"/>
<Loc EndOffset="1713" SrcFileId="7" StartOffset="1698"/>
</LocList>
<BasicStmnt CovItemId="S27" CovItemPrefix="classes.Person.java" Intrnl_Id="429">
<LocList>
<Loc EndOffset="1531" SrcFileId="7" StartOffset="1508"/>
</LocList>
</BasicStmnt>
<BasicStmnt CovItemId="S28" CovItemPrefix="classes.Person.java" Intrnl_Id="430">
<LocList>
<Loc EndOffset="1557" SrcFileId="7" StartOffset="1535"/>
</LocList>
</BasicStmnt>
<CondStmnt CovItemId="S29" CovItemPrefix="classes.Person.java" Intrnl_Id="431">
<Branch CovItemId="B11" CovItemPrefix="classes.Person.java" Implct="false" Intrnl_Id="432">
<Cond/>
<LocList>
<Loc EndOffset="1601" SrcFileId="7" StartOffset="1577"/>
</LocList>
<StmntSeq Intrnl_Id="433">
<LocList>
<Loc EndOffset="1600" SrcFileId="7" StartOffset="1584"/>
</LocList>
<BasicStmnt CovItemId="S30" CovItemPrefix="classes.Person.java" Intrnl_Id="434">
<LocList>
<Loc EndOffset="1600" SrcFileId="7" StartOffset="1584"/>
</LocList>
</BasicStmnt>
</StmntSeq>
</Branch>
<Branch CovItemId="B12" CovItemPrefix="classes.Person.java" Implct="false" Intrnl_Id="435">
<Cond>
<Loc EndOffset="1609" SrcFileId="7" StartOffset="1605"/>
</Cond>
<LocList>
<Loc EndOffset="1694" SrcFileId="7" StartOffset="1609"/>
</LocList>
<StmntSeq Intrnl_Id="436">
<LocList>
<Loc EndOffset="1693" SrcFileId="7" StartOffset="1615"/>
</LocList>
<CondStmnt CovItemId="S31" CovItemPrefix="classes.Person.java" Intrnl_Id="437">
<Branch CovItemId="B13" CovItemPrefix="classes.Person.java" Implct="false" Intrnl_Id="438">
<Cond/>
<LocList>
<Loc EndOffset="1659" SrcFileId="7" StartOffset="1635"/>
</LocList>
<StmntSeq Intrnl_Id="439">
<LocList>
<Loc EndOffset="1658" SrcFileId="7" StartOffset="1642"/>
</LocList>
<BasicStmnt CovItemId="S32" CovItemPrefix="classes.Person.java" Intrnl_Id="440">
<LocList>
<Loc EndOffset="1658" SrcFileId="7" StartOffset="1642"/>
</LocList>
</BasicStmnt>
</StmntSeq>
</Branch>
<Branch CovItemId="B14" CovItemPrefix="classes.Person.java" Implct="false" Intrnl_Id="441">
<Cond>
<Loc EndOffset="1669" SrcFileId="7" StartOffset="1665"/>
</Cond>
<LocList>
<Loc EndOffset="1693" SrcFileId="7" StartOffset="1670"/>
</LocList>
<StmntSeq Intrnl_Id="442">
<LocList>
<Loc EndOffset="1692" SrcFileId="7" StartOffset="1677"/>
</LocList>
<BasicStmnt CovItemId="S33" CovItemPrefix="classes.Person.java" Intrnl_Id="443">
<LocList>
<Loc EndOffset="1692" SrcFileId="7" StartOffset="1677"/>
</LocList>
</BasicStmnt>
</StmntSeq>
</Branch>
<Keyword EndOffset="1617" SrcFileId="7" StartOffset="1615"/>
<LocList>
<Loc EndOffset="1693" SrcFileId="7" StartOffset="1615"/>
</LocList>
<RootTerm CovItemId="C7" CovItemPrefix="classes.Person.java" Intrnl_Id="444">
<OpTerm BooleanOpId="10" Intrnl_Id="445">
<BasicBoolTerm Intrnl_Id="446">
<LocList>
<Loc EndOffset="1633" SrcFileId="7" StartOffset="1621"/>
</LocList>
</BasicBoolTerm>
<LocList>
<Loc EndOffset="1620" SrcFileId="7" StartOffset="1619"/>
</LocList>
</OpTerm>
</RootTerm>
</CondStmnt>
</StmntSeq>
</Branch>
<Keyword EndOffset="1563" SrcFileId="7" StartOffset="1561"/>
<LocList>
<Loc EndOffset="1694" SrcFileId="7" StartOffset="1561"/>
</LocList>
<RootTerm CovItemId="C6" CovItemPrefix="classes.Person.java" Intrnl_Id="447">
<BasicBoolTerm Intrnl_Id="448">
<LocList>
<Loc EndOffset="1576" SrcFileId="7" StartOffset="1565"/>
</LocList>
</BasicBoolTerm>
</RootTerm>
</CondStmnt>
<BasicStmnt CovItemId="S34" CovItemPrefix="classes.Person.java" Intrnl_Id="449">
<LocList>
<Loc EndOffset="1713" SrcFileId="7" StartOffset="1698"/>
</LocList>
</BasicStmnt>
</StmntSeq>
</HierarchyLvl>
</HierarchyLvl>
<HierarchyLvl HierarchyLvlId="307" HierarchyLvlTypeId="13" Intrnl_Id="450" Name="QuickSort">
<Header>
<Loc EndOffset="162" SrcFileId="8" StartOffset="140"/>
</Header>
<LocList>
<Loc EndOffset="1724" SrcFileId="8" StartOffset="140"/>
</LocList>
<HierarchyLvl HierarchyLvlId="306" HierarchyLvlTypeId="12" Intrnl_Id="451" Name="Sort">
<Header>
<Loc EndOffset="321" SrcFileId="8" StartOffset="285"/>
</Header>
<LocList>
<Loc EndOffset="1509" SrcFileId="8" StartOffset="285"/>
</LocList>
<StmntSeq Intrnl_Id="452">
<LocList>
<Loc EndOffset="336" SrcFileId="8" StartOffset="326"/>
<Loc EndOffset="350" SrcFileId="8" StartOffset="340"/>
<Loc EndOffset="364" SrcFileId="8" StartOffset="354"/>
<Loc EndOffset="379" SrcFileId="8" StartOffset="368"/>
<Loc EndOffset="393" SrcFileId="8" StartOffset="383"/>
<Loc EndOffset="420" SrcFileId="8" StartOffset="397"/>
<Loc EndOffset="447" SrcFileId="8" StartOffset="424"/>
<Loc EndOffset="465" SrcFileId="8" StartOffset="451"/>
<Loc EndOffset="1488" SrcFileId="8" StartOffset="469"/>
<Loc EndOffset="1502" SrcFileId="8" StartOffset="1492"/>
</LocList>
<BasicStmnt CovItemId="S1" CovItemPrefix="classes.QuickSort.java" Intrnl_Id="453">
<LocList>
<Loc EndOffset="336" SrcFileId="8" StartOffset="326"/>
</LocList>
</BasicStmnt>
<BasicStmnt CovItemId="S2" CovItemPrefix="classes.QuickSort.java" Intrnl_Id="454">
<LocList>
<Loc EndOffset="350" SrcFileId="8" StartOffset="340"/>
</LocList>
</BasicStmnt>
<BasicStmnt CovItemId="S3" CovItemPrefix="classes.QuickSort.java" Intrnl_Id="455">
<LocList>
<Loc EndOffset="364" SrcFileId="8" StartOffset="354"/>
</LocList>
</BasicStmnt>
<BasicStmnt CovItemId="S4" CovItemPrefix="classes.QuickSort.java" Intrnl_Id="456">
<LocList>
<Loc EndOffset="379" SrcFileId="8" StartOffset="368"/>
</LocList>
</BasicStmnt>
<BasicStmnt CovItemId="S5" CovItemPrefix="classes.QuickSort.java" Intrnl_Id="457">
<LocList>
<Loc EndOffset="393" SrcFileId="8" StartOffset="383"/>
</LocList>
</BasicStmnt>
<BasicStmnt CovItemId="S6" CovItemPrefix="classes.QuickSort.java" Intrnl_Id="458">
<LocList>
<Loc EndOffset="420" SrcFileId="8" StartOffset="397"/>
</LocList>
</BasicStmnt>
<BasicStmnt CovItemId="S7" CovItemPrefix="classes.QuickSort.java" Intrnl_Id="459">
<LocList>
<Loc EndOffset="447" SrcFileId="8" StartOffset="424"/>
</LocList>
</BasicStmnt>
<BasicStmnt CovItemId="S8" CovItemPrefix="classes.QuickSort.java" Intrnl_Id="460">
<LocList>
<Loc EndOffset="465" SrcFileId="8" StartOffset="451"/>
</LocList>
</BasicStmnt>
<CondStmnt CovItemId="S9" CovItemPrefix="classes.QuickSort.java" Intrnl_Id="461">
<Branch CovItemId="B1" CovItemPrefix="classes.QuickSort.java" Implct="false" Intrnl_Id="462">
<Cond/>
<LocList>
<Loc EndOffset="1460" SrcFileId="8" StartOffset="486"/>
</LocList>
<StmntSeq Intrnl_Id="463">
<LocList>
<Loc EndOffset="519" SrcFileId="8" StartOffset="495"/>
<Loc EndOffset="541" SrcFileId="8" StartOffset="527"/>
<Loc EndOffset="560" SrcFileId="8" StartOffset="549"/>
<Loc EndOffset="583" SrcFileId="8" StartOffset="568"/>
<Loc EndOffset="1270" SrcFileId="8" StartOffset="591"/>
<Loc EndOffset="1311" SrcFileId="8" StartOffset="1278"/>
<Loc EndOffset="1356" SrcFileId="8" StartOffset="1319"/>
<Loc EndOffset="1388" SrcFileId="8" StartOffset="1364"/>
<Loc EndOffset="1421" SrcFileId="8" StartOffset="1396"/>
<Loc EndOffset="1455" SrcFileId="8" StartOffset="1429"/>
</LocList>
<BasicStmnt CovItemId="S10" CovItemPrefix="classes.QuickSort.java" Intrnl_Id="464">
<LocList>
<Loc EndOffset="519" SrcFileId="8" StartOffset="495"/>
</LocList>
</BasicStmnt>
<BasicStmnt CovItemId="S11" CovItemPrefix="classes.QuickSort.java" Intrnl_Id="465">
<LocList>
<Loc EndOffset="541" SrcFileId="8" StartOffset="527"/>
</LocList>
</BasicStmnt>
<BasicStmnt CovItemId="S12" CovItemPrefix="classes.QuickSort.java" Intrnl_Id="466">
<LocList>
<Loc EndOffset="560" SrcFileId="8" StartOffset="549"/>
</LocList>
</BasicStmnt>
<BasicStmnt CovItemId="S13" CovItemPrefix="classes.QuickSort.java" Intrnl_Id="467">
<LocList>
<Loc EndOffset="583" SrcFileId="8" StartOffset="568"/>
</LocList>
</BasicStmnt>
<LoopStmnt CovItemId="S14" CovItemPrefix="classes.QuickSort.java" Intrnl_Id="468" MltplExecId="L1-2" MltplExecPrefix="classes.QuickSort.java" NvrExecId="L1-0" NvrExecPrefix="classes.QuickSort.java" OnceExecutedId="L1-1" OnceExecutedPrefix="classes.QuickSort.java" OptBodyExec="true">
<StmntSeq Intrnl_Id="469">
<LocList>
<Loc EndOffset="627" SrcFileId="8" StartOffset="612"/>
<Loc EndOffset="829" SrcFileId="8" StartOffset="633"/>
<Loc EndOffset="850" SrcFileId="8" StartOffset="835"/>
<Loc EndOffset="1053" SrcFileId="8" StartOffset="856"/>
<Loc EndOffset="1079" SrcFileId="8" StartOffset="1059"/>
<Loc EndOffset="1118" SrcFileId="8" StartOffset="1085"/>
<Loc EndOffset="1144" SrcFileId="8" StartOffset="1124"/>
<Loc EndOffset="1261" SrcFileId="8" StartOffset="1173"/>
</LocList>
<BasicStmnt CovItemId="S15" CovItemPrefix="classes.QuickSort.java" Intrnl_Id="470">
<LocList>
<Loc EndOffset="627" SrcFileId="8" StartOffset="612"/>
</LocList>
</BasicStmnt>
<LoopStmnt CovItemId="S16" CovItemPrefix="classes.QuickSort.java" Intrnl_Id="471" MltplExecId="L2-2" MltplExecPrefix="classes.QuickSort.java" NvrExecId="L2-0" NvrExecPrefix="classes.QuickSort.java" OnceExecutedId="L2-1" OnceExecutedPrefix="classes.QuickSort.java" OptBodyExec="true">
<StmntSeq Intrnl_Id="472">
<LocList>
<Loc EndOffset="669" SrcFileId="8" StartOffset="658"/>
<Loc EndOffset="703" SrcFileId="8" StartOffset="679"/>
<Loc EndOffset="821" SrcFileId="8" StartOffset="713"/>
</LocList>
<BasicStmnt CovItemId="S17" CovItemPrefix="classes.QuickSort.java" Intrnl_Id="473">
<LocList>
<Loc EndOffset="669" SrcFileId="8" StartOffset="658"/>
</LocList>
</BasicStmnt>
<BasicStmnt CovItemId="S18" CovItemPrefix="classes.QuickSort.java" Intrnl_Id="474">
<LocList>
<Loc EndOffset="703" SrcFileId="8" StartOffset="679"/>
</LocList>
</BasicStmnt>
<CondStmnt CovItemId="S19" CovItemPrefix="classes.QuickSort.java" Intrnl_Id="475">
<Branch CovItemId="B3" CovItemPrefix="classes.QuickSort.java" Implct="false" Intrnl_Id="476">
<Cond/>
<LocList>
<Loc EndOffset="768" SrcFileId="8" StartOffset="729"/>
</LocList>
<StmntSeq Intrnl_Id="477">
<LocList>
<Loc EndOffset="757" SrcFileId="8" StartOffset="741"/>
</LocList>
<BasicStmnt CovItemId="S20" CovItemPrefix="classes.QuickSort.java" Intrnl_Id="478">
<LocList>
<Loc EndOffset="757" SrcFileId="8" StartOffset="741"/>
</LocList>
</BasicStmnt>
</StmntSeq>
</Branch>
<Branch CovItemId="B4" CovItemPrefix="classes.QuickSort.java" Implct="false" Intrnl_Id="479">
<Cond>
<Loc EndOffset="782" SrcFileId="8" StartOffset="778"/>
</Cond>
<LocList>
<Loc EndOffset="821" SrcFileId="8" StartOffset="783"/>
</LocList>
<StmntSeq Intrnl_Id="480">
<LocList>
<Loc EndOffset="810" SrcFileId="8" StartOffset="795"/>
</LocList>
<BasicStmnt CovItemId="S21" CovItemPrefix="classes.QuickSort.java" Intrnl_Id="481">
<LocList>
<Loc EndOffset="810" SrcFileId="8" StartOffset="795"/>
</LocList>
</BasicStmnt>
</StmntSeq>
</Branch>
<Keyword EndOffset="715" SrcFileId="8" StartOffset="713"/>
<LocList>
<Loc EndOffset="821" SrcFileId="8" StartOffset="713"/>
</LocList>
<RootTerm CovItemId="C4" CovItemPrefix="classes.QuickSort.java" Intrnl_Id="482">
<OpTerm BooleanOpId="10" Intrnl_Id="483">
<BasicBoolTerm Intrnl_Id="484">
<LocList>
<Loc EndOffset="726" SrcFileId="8" StartOffset="719"/>
</LocList>
</BasicBoolTerm>
<LocList>
<Loc EndOffset="718" SrcFileId="8" StartOffset="717"/>
</LocList>
</OpTerm>
</RootTerm>
</CondStmnt>
</StmntSeq>
<Keyword EndOffset="638" SrcFileId="8" StartOffset="633"/>
<LocList>
<Loc EndOffset="829" SrcFileId="8" StartOffset="633"/>
</LocList>
<RootTerm CovItemId="C3" CovItemPrefix="classes.QuickSort.java" Intrnl_Id="485">
<BasicBoolTerm Intrnl_Id="486">
<LocList>
<Loc EndOffset="646" SrcFileId="8" StartOffset="640"/>
</LocList>
</BasicBoolTerm>
</RootTerm>
</LoopStmnt>
<BasicStmnt CovItemId="S22" CovItemPrefix="classes.QuickSort.java" Intrnl_Id="487">
<LocList>
<Loc EndOffset="850" SrcFileId="8" StartOffset="835"/>
</LocList>
</BasicStmnt>
<LoopStmnt CovItemId="S23" CovItemPrefix="classes.QuickSort.java" Intrnl_Id="488" MltplExecId="L3-2" MltplExecPrefix="classes.QuickSort.java" NvrExecId="L3-0" NvrExecPrefix="classes.QuickSort.java" OnceExecutedId="L3-1" OnceExecutedPrefix="classes.QuickSort.java" OptBodyExec="true">
<StmntSeq Intrnl_Id="489">
<LocList>
<Loc EndOffset="892" SrcFileId="8" StartOffset="881"/>
<Loc EndOffset="926" SrcFileId="8" StartOffset="902"/>
<Loc EndOffset="1046" SrcFileId="8" StartOffset="936"/>
</LocList>
<BasicStmnt CovItemId="S24" CovItemPrefix="classes.QuickSort.java" Intrnl_Id="490">
<LocList>
<Loc EndOffset="892" SrcFileId="8" StartOffset="881"/>
</LocList>
</BasicStmnt>
<BasicStmnt CovItemId="S25" CovItemPrefix="classes.QuickSort.java" Intrnl_Id="491">
<LocList>
<Loc EndOffset="926" SrcFileId="8" StartOffset="902"/>
</LocList>
</BasicStmnt>
<CondStmnt CovItemId="S26" CovItemPrefix="classes.QuickSort.java" Intrnl_Id="492">
<Branch CovItemId="B5" CovItemPrefix="classes.QuickSort.java" Implct="false" Intrnl_Id="493">
<Cond/>
<LocList>
<Loc EndOffset="992" SrcFileId="8" StartOffset="953"/>
</LocList>
<StmntSeq Intrnl_Id="494">
<LocList>
<Loc EndOffset="981" SrcFileId="8" StartOffset="965"/>
</LocList>
<BasicStmnt CovItemId="S27" CovItemPrefix="classes.QuickSort.java" Intrnl_Id="495">
<LocList>
<Loc EndOffset="981" SrcFileId="8" StartOffset="965"/>
</LocList>
</BasicStmnt>
</StmntSeq>
</Branch>
<Branch CovItemId="B6" CovItemPrefix="classes.QuickSort.java" Implct="false" Intrnl_Id="496">
<Cond>
<Loc EndOffset="1007" SrcFileId="8" StartOffset="1003"/>
</Cond>
<LocList>
<Loc EndOffset="1046" SrcFileId="8" StartOffset="1008"/>
</LocList>
<StmntSeq Intrnl_Id="497">
<LocList>
<Loc EndOffset="1035" SrcFileId="8" StartOffset="1020"/>
</LocList>
<BasicStmnt CovItemId="S28" CovItemPrefix="classes.QuickSort.java" Intrnl_Id="498">
<LocList>
<Loc EndOffset="1035" SrcFileId="8" StartOffset="1020"/>
</LocList>
</BasicStmnt>
</StmntSeq>
</Branch>
<Keyword EndOffset="938" SrcFileId="8" StartOffset="936"/>
<LocList>
<Loc EndOffset="1046" SrcFileId="8" StartOffset="936"/>
</LocList>
<RootTerm CovItemId="C6" CovItemPrefix="classes.QuickSort.java" Intrnl_Id="499">
<OpTerm BooleanOpId="10" Intrnl_Id="500">
<BasicBoolTerm Intrnl_Id="501">
<LocList>
<Loc EndOffset="951" SrcFileId="8" StartOffset="942"/>
</LocList>
</BasicBoolTerm>
<LocList>
<Loc EndOffset="941" SrcFileId="8" StartOffset="940"/>
</LocList>
</OpTerm>
</RootTerm>
</CondStmnt>
</StmntSeq>
<Keyword EndOffset="861" SrcFileId="8" StartOffset="856"/>
<LocList>
<Loc EndOffset="1053" SrcFileId="8" StartOffset="856"/>
</LocList>
<RootTerm CovItemId="C5" CovItemPrefix="classes.QuickSort.java" Intrnl_Id="502">
<BasicBoolTerm Intrnl_Id="503">
<LocList>
<Loc EndOffset="869" SrcFileId="8" StartOffset="863"/>
</LocList>
</BasicBoolTerm>
</RootTerm>
</LoopStmnt>
<BasicStmnt CovItemId="S29" CovItemPrefix="classes.QuickSort.java" Intrnl_Id="504">
<LocList>
<Loc EndOffset="1079" SrcFileId="8" StartOffset="1059"/>
</LocList>
</BasicStmnt>
<BasicStmnt CovItemId="S30" CovItemPrefix="classes.QuickSort.java" Intrnl_Id="505">
<LocList>
<Loc EndOffset="1118" SrcFileId="8" StartOffset="1085"/>
</LocList>
</BasicStmnt>
<BasicStmnt CovItemId="S31" CovItemPrefix="classes.QuickSort.java" Intrnl_Id="506">
<LocList>
<Loc EndOffset="1144" SrcFileId="8" StartOffset="1124"/>
</LocList>
</BasicStmnt>
<CondStmnt CovItemId="S32" CovItemPrefix="classes.QuickSort.java" Intrnl_Id="507">
<Branch CovItemId="B7" CovItemPrefix="classes.QuickSort.java" Implct="false" Intrnl_Id="508">
<Cond/>
<LocList>
<Loc EndOffset="1220" SrcFileId="8" StartOffset="1189"/>
</LocList>
<StmntSeq Intrnl_Id="509">
<LocList>
<Loc EndOffset="1213" SrcFileId="8" StartOffset="1197"/>
</LocList>
<BasicStmnt CovItemId="S33" CovItemPrefix="classes.QuickSort.java" Intrnl_Id="510">
<LocList>
<Loc EndOffset="1213" SrcFileId="8" StartOffset="1197"/>
</LocList>
</BasicStmnt>
</StmntSeq>
</Branch>
<Branch CovItemId="B8" CovItemPrefix="classes.QuickSort.java" Implct="false" Intrnl_Id="511">
<Cond>
<Loc EndOffset="1230" SrcFileId="8" StartOffset="1226"/>
</Cond>
<LocList>
<Loc EndOffset="1261" SrcFileId="8" StartOffset="1231"/>
</LocList>
<StmntSeq Intrnl_Id="512">
<LocList>
<Loc EndOffset="1254" SrcFileId="8" StartOffset="1239"/>
</LocList>
<BasicStmnt CovItemId="S34" CovItemPrefix="classes.QuickSort.java" Intrnl_Id="513">
<LocList>
<Loc EndOffset="1254" SrcFileId="8" StartOffset="1239"/>
</LocList>
</BasicStmnt>
</StmntSeq>
</Branch>
<Keyword EndOffset="1175" SrcFileId="8" StartOffset="1173"/>
<LocList>
<Loc EndOffset="1261" SrcFileId="8" StartOffset="1173"/>
</LocList>
<RootTerm CovItemId="C7" CovItemPrefix="classes.QuickSort.java" Intrnl_Id="514">
<BasicBoolTerm Intrnl_Id="515">
<LocList>
<Loc EndOffset="1187" SrcFileId="8" StartOffset="1178"/>
</LocList>
</BasicBoolTerm>
</RootTerm>
</CondStmnt>
</StmntSeq>
<Keyword EndOffset="596" SrcFileId="8" StartOffset="591"/>
<LocList>
<Loc EndOffset="1270" SrcFileId="8" StartOffset="591"/>
</LocList>
<RootTerm CovItemId="C2" CovItemPrefix="classes.QuickSort.java" Intrnl_Id="516">
<BasicBoolTerm Intrnl_Id="517">
<LocList>
<Loc EndOffset="604" SrcFileId="8" StartOffset="598"/>
</LocList>
</BasicBoolTerm>
</RootTerm>
</LoopStmnt>
<BasicStmnt CovItemId="S35" CovItemPrefix="classes.QuickSort.java" Intrnl_Id="518">
<LocList>
<Loc EndOffset="1311" SrcFileId="8" StartOffset="1278"/>
</LocList>
</BasicStmnt>
<BasicStmnt CovItemId="S36" CovItemPrefix="classes.QuickSort.java" Intrnl_Id="519">
<LocList>
<Loc EndOffset="1356" SrcFileId="8" StartOffset="1319"/>
</LocList>
</BasicStmnt>
<BasicStmnt CovItemId="S37" CovItemPrefix="classes.QuickSort.java" Intrnl_Id="520">
<LocList>
<Loc EndOffset="1388" SrcFileId="8" StartOffset="1364"/>
</LocList>
</BasicStmnt>
<BasicStmnt CovItemId="S38" CovItemPrefix="classes.QuickSort.java" Intrnl_Id="521">
<LocList>
<Loc EndOffset="1421" SrcFileId="8" StartOffset="1396"/>
</LocList>
</BasicStmnt>
<BasicStmnt CovItemId="S39" CovItemPrefix="classes.QuickSort.java" Intrnl_Id="522">
<LocList>
<Loc EndOffset="1455" SrcFileId="8" StartOffset="1429"/>
</LocList>
</BasicStmnt>
</StmntSeq>
</Branch>
<Branch CovItemId="B2" CovItemPrefix="classes.QuickSort.java" Implct="false" Intrnl_Id="523">
<Cond>
<Loc EndOffset="1468" SrcFileId="8" StartOffset="1464"/>
</Cond>
<LocList>
<Loc EndOffset="1488" SrcFileId="8" StartOffset="1469"/>
</LocList>
<StmntSeq Intrnl_Id="524">
<LocList>
<Loc EndOffset="1483" SrcFileId="8" StartOffset="1475"/>
</LocList>
<BasicStmnt CovItemId="S40" CovItemPrefix="classes.QuickSort.java" Intrnl_Id="525">
<LocList>
<Loc EndOffset="1483" SrcFileId="8" StartOffset="1475"/>
</LocList>
</BasicStmnt>
</StmntSeq>
</Branch>
<Keyword EndOffset="471" SrcFileId="8" StartOffset="469"/>
<LocList>
<Loc EndOffset="1488" SrcFileId="8" StartOffset="469"/>
</LocList>
<RootTerm CovItemId="C1" CovItemPrefix="classes.QuickSort.java" Intrnl_Id="526">
<BasicBoolTerm Intrnl_Id="527">
<LocList>
<Loc EndOffset="485" SrcFileId="8" StartOffset="473"/>
</LocList>
</BasicBoolTerm>
</RootTerm>
</CondStmnt>
<BasicStmnt CovItemId="S41" CovItemPrefix="classes.QuickSort.java" Intrnl_Id="528">
<LocList>
<Loc EndOffset="1502" SrcFileId="8" StartOffset="1492"/>
</LocList>
</BasicStmnt>
</StmntSeq>
</HierarchyLvl>
</HierarchyLvl>
<HierarchyLvl HierarchyLvlId="326" HierarchyLvlTypeId="13" Intrnl_Id="529" Name="Tree">
<Header>
<Loc EndOffset="37" SrcFileId="9" StartOffset="20"/>
</Header>
<LocList>
<Loc EndOffset="4930" SrcFileId="9" StartOffset="20"/>
</LocList>
<HierarchyLvl HierarchyLvlId="308" HierarchyLvlTypeId="12" Intrnl_Id="530" Name="Init">
<Header>
<Loc EndOffset="191" SrcFileId="9" StartOffset="164"/>
</Header>
<LocList>
<Loc EndOffset="270" SrcFileId="9" StartOffset="164"/>
</LocList>
<StmntSeq Intrnl_Id="531">
<LocList>
<Loc EndOffset="214" SrcFileId="9" StartOffset="196"/>
<Loc EndOffset="241" SrcFileId="9" StartOffset="218"/>
<Loc EndOffset="269" SrcFileId="9" StartOffset="245"/>
</LocList>
<BasicStmnt CovItemId="S1" CovItemPrefix="classes.Tree.java" Intrnl_Id="532">
<LocList>
<Loc EndOffset="214" SrcFileId="9" StartOffset="196"/>
</LocList>
</BasicStmnt>
<BasicStmnt CovItemId="S2" CovItemPrefix="classes.Tree.java" Intrnl_Id="533">
<LocList>
<Loc EndOffset="241" SrcFileId="9" StartOffset="218"/>
</LocList>
</BasicStmnt>
<BasicStmnt CovItemId="S3" CovItemPrefix="classes.Tree.java" Intrnl_Id="534">
<LocList>
<Loc EndOffset="269" SrcFileId="9" StartOffset="245"/>
</LocList>
</BasicStmnt>
</StmntSeq>
</HierarchyLvl>
<HierarchyLvl HierarchyLvlId="309" HierarchyLvlTypeId="12" Intrnl_Id="535" Name="GetRight">
<Header>
<Loc EndOffset="300" SrcFileId="9" StartOffset="278"/>
</Header>
<LocList>
<Loc EndOffset="331" SrcFileId="9" StartOffset="278"/>
</LocList>
<StmntSeq Intrnl_Id="536">
<LocList>
<Loc EndOffset="324" SrcFileId="9" StartOffset="305"/>
</LocList>
<BasicStmnt CovItemId="S4" CovItemPrefix="classes.Tree.java" Intrnl_Id="537">
<LocList>
<Loc EndOffset="324" SrcFileId="9" StartOffset="305"/>
</LocList>
</BasicStmnt>
</StmntSeq>
</HierarchyLvl>
<HierarchyLvl HierarchyLvlId="310" HierarchyLvlTypeId="12" Intrnl_Id="538" Name="SetRight">
<Header>
<Loc EndOffset="372" SrcFileId="9" StartOffset="343"/>
</Header>
<LocList>
<Loc EndOffset="395" SrcFileId="9" StartOffset="343"/>
</LocList>
<StmntSeq Intrnl_Id="539">
<LocList>
<Loc EndOffset="394" SrcFileId="9" StartOffset="377"/>
</LocList>
<BasicStmnt CovItemId="S5" CovItemPrefix="classes.Tree.java" Intrnl_Id="540">
<LocList>
<Loc EndOffset="394" SrcFileId="9" StartOffset="377"/>
</LocList>
</BasicStmnt>
</StmntSeq>
</HierarchyLvl>
<HierarchyLvl HierarchyLvlId="311" HierarchyLvlTypeId="12" Intrnl_Id="541" Name="GetLeft">
<Header>
<Loc EndOffset="424" SrcFileId="9" StartOffset="403"/>
</Header>
<LocList>
<Loc EndOffset="453" SrcFileId="9" StartOffset="403"/>
</LocList>
<StmntSeq Intrnl_Id="542">
<LocList>
<Loc EndOffset="446" SrcFileId="9" StartOffset="429"/>
</LocList>
<BasicStmnt CovItemId="S6" CovItemPrefix="classes.Tree.java" Intrnl_Id="543">
<LocList>
<Loc EndOffset="446" SrcFileId="9" StartOffset="429"/>
</LocList>
</BasicStmnt>
</StmntSeq>
</HierarchyLvl>
<HierarchyLvl HierarchyLvlId="312" HierarchyLvlTypeId="12" Intrnl_Id="544" Name="SetLeft">
<Header>
<Loc EndOffset="486" SrcFileId="9" StartOffset="458"/>
</Header>
<LocList>
<Loc EndOffset="509" SrcFileId="9" StartOffset="458"/>
</LocList>
<StmntSeq Intrnl_Id="545">
<LocList>
<Loc EndOffset="507" SrcFileId="9" StartOffset="491"/>
</LocList>
<BasicStmnt CovItemId="S7" CovItemPrefix="classes.Tree.java" Intrnl_Id="546">
<LocList>
<Loc EndOffset="507" SrcFileId="9" StartOffset="491"/>
</LocList>
</BasicStmnt>
</StmntSeq>
</HierarchyLvl>
<HierarchyLvl HierarchyLvlId="313" HierarchyLvlTypeId="12" Intrnl_Id="547" Name="GetKey">
<Header>
<Loc EndOffset="537" SrcFileId="9" StartOffset="518"/>
</Header>
<LocList>
<Loc EndOffset="566" SrcFileId="9" StartOffset="518"/>
</LocList>
<StmntSeq Intrnl_Id="548">
<LocList>
<Loc EndOffset="559" SrcFileId="9" StartOffset="542"/>
</LocList>
<BasicStmnt CovItemId="S8" CovItemPrefix="classes.Tree.java" Intrnl_Id="549">
<LocList>
<Loc EndOffset="559" SrcFileId="9" StartOffset="542"/>
</LocList>
</BasicStmnt>
</StmntSeq>
</HierarchyLvl>
<HierarchyLvl HierarchyLvlId="314" HierarchyLvlTypeId="12" Intrnl_Id="550" Name="SetKey">
<Header>
<Loc EndOffset="603" SrcFileId="9" StartOffset="574"/>
</Header>
<LocList>
<Loc EndOffset="627" SrcFileId="9" StartOffset="574"/>
</LocList>
<StmntSeq Intrnl_Id="551">
<LocList>
<Loc EndOffset="626" SrcFileId="9" StartOffset="608"/>
</LocList>
<BasicStmnt CovItemId="S9" CovItemPrefix="classes.Tree.java" Intrnl_Id="552">
<LocList>
<Loc EndOffset="626" SrcFileId="9" StartOffset="608"/>
</LocList>
</BasicStmnt>
</StmntSeq>
</HierarchyLvl>
<HierarchyLvl HierarchyLvlId="315" HierarchyLvlTypeId="12" Intrnl_Id="553" Name="GetHas_Right">
<Header>
<Loc EndOffset="664" SrcFileId="9" StartOffset="635"/>
</Header>
<LocList>
<Loc EndOffset="698" SrcFileId="9" StartOffset="635"/>
</LocList>
<StmntSeq Intrnl_Id="554">
<LocList>
<Loc EndOffset="691" SrcFileId="9" StartOffset="669"/>
</LocList>
<BasicStmnt CovItemId="S10" CovItemPrefix="classes.Tree.java" Intrnl_Id="555">
<LocList>
<Loc EndOffset="691" SrcFileId="9" StartOffset="669"/>
</LocList>
</BasicStmnt>
</StmntSeq>
</HierarchyLvl>
<HierarchyLvl HierarchyLvlId="316" HierarchyLvlTypeId="12" Intrnl_Id="556" Name="SetHas_Right">
<Header>
<Loc EndOffset="740" SrcFileId="9" StartOffset="703"/>
</Header>
<LocList>
<Loc EndOffset="769" SrcFileId="9" StartOffset="703"/>
</LocList>
<StmntSeq Intrnl_Id="557">
<LocList>
<Loc EndOffset="768" SrcFileId="9" StartOffset="746"/>
</LocList>
<BasicStmnt CovItemId="S11" CovItemPrefix="classes.Tree.java" Intrnl_Id="558">
<LocList>
<Loc EndOffset="768" SrcFileId="9" StartOffset="746"/>
</LocList>
</BasicStmnt>
</StmntSeq>
</HierarchyLvl>
<HierarchyLvl HierarchyLvlId="317" HierarchyLvlTypeId="12" Intrnl_Id="559" Name="GetHas_Left">
<Header>
<Loc EndOffset="809" SrcFileId="9" StartOffset="781"/>
</Header>
<LocList>
<Loc EndOffset="843" SrcFileId="9" StartOffset="781"/>
</LocList>
<StmntSeq Intrnl_Id="560">
<LocList>
<Loc EndOffset="836" SrcFileId="9" StartOffset="814"/>
</LocList>
<BasicStmnt CovItemId="S12" CovItemPrefix="classes.Tree.java" Intrnl_Id="561">
<LocList>
<Loc EndOffset="836" SrcFileId="9" StartOffset="814"/>
</LocList>
</BasicStmnt>
</StmntSeq>
</HierarchyLvl>
<HierarchyLvl HierarchyLvlId="318" HierarchyLvlTypeId="12" Intrnl_Id="562" Name="SetHas_Left">
<Header>
<Loc EndOffset="887" SrcFileId="9" StartOffset="851"/>
</Header>
<LocList>
<Loc EndOffset="915" SrcFileId="9" StartOffset="851"/>
</LocList>
<StmntSeq Intrnl_Id="563">
<LocList>
<Loc EndOffset="914" SrcFileId="9" StartOffset="893"/>
</LocList>
<BasicStmnt CovItemId="S13" CovItemPrefix="classes.Tree.java" Intrnl_Id="564">
<LocList>
<Loc EndOffset="914" SrcFileId="9" StartOffset="893"/>
</LocList>
</BasicStmnt>
</StmntSeq>
</HierarchyLvl>
<HierarchyLvl HierarchyLvlId="319" HierarchyLvlTypeId="12" Intrnl_Id="565" Name="Compare">
<Header>
<Loc EndOffset="967" SrcFileId="9" StartOffset="924"/>
</Header>
<LocList>
<Loc EndOffset="1165" SrcFileId="9" StartOffset="924"/>
</LocList>
<StmntSeq Intrnl_Id="566">
<LocList>
<Loc EndOffset="992" SrcFileId="9" StartOffset="972"/>
<Loc EndOffset="1016" SrcFileId="9" StartOffset="996"/>
<Loc EndOffset="1142" SrcFileId="9" StartOffset="1020"/>
<Loc EndOffset="1158" SrcFileId="9" StartOffset="1146"/>
</LocList>
<BasicStmnt CovItemId="S14" CovItemPrefix="classes.Tree.java" Intrnl_Id="567">
<LocList>
<Loc EndOffset="992" SrcFileId="9" StartOffset="972"/>
</LocList>
</BasicStmnt>
<BasicStmnt CovItemId="S15" CovItemPrefix="classes.Tree.java" Intrnl_Id="568">
<LocList>
<Loc EndOffset="1016" SrcFileId="9" StartOffset="996"/>
</LocList>
</BasicStmnt>
<CondStmnt CovItemId="S16" CovItemPrefix="classes.Tree.java" Intrnl_Id="569">
<Branch CovItemId="B1" CovItemPrefix="classes.Tree.java" Implct="false" Intrnl_Id="570">
<Cond/>
<LocList>
<Loc EndOffset="1057" SrcFileId="9" StartOffset="1037"/>
</LocList>
<StmntSeq Intrnl_Id="571">
<LocList>
<Loc EndOffset="1056" SrcFileId="9" StartOffset="1043"/>
</LocList>
<BasicStmnt CovItemId="S17" CovItemPrefix="classes.Tree.java" Intrnl_Id="572">
<LocList>
<Loc EndOffset="1056" SrcFileId="9" StartOffset="1043"/>
</LocList>
</BasicStmnt>
</StmntSeq>
</Branch>
<Branch CovItemId="B2" CovItemPrefix="classes.Tree.java" Implct="false" Intrnl_Id="573">
<Cond>
<Loc EndOffset="1065" SrcFileId="9" StartOffset="1061"/>
</Cond>
<LocList>
<Loc EndOffset="1142" SrcFileId="9" StartOffset="1065"/>
</LocList>
<StmntSeq Intrnl_Id="574">
<LocList>
<Loc EndOffset="1141" SrcFileId="9" StartOffset="1071"/>
</LocList>
<CondStmnt CovItemId="S18" CovItemPrefix="classes.Tree.java" Intrnl_Id="575">
<Branch CovItemId="B3" CovItemPrefix="classes.Tree.java" Implct="false" Intrnl_Id="576">
<Cond/>
<LocList>
<Loc EndOffset="1110" SrcFileId="9" StartOffset="1089"/>
</LocList>
<StmntSeq Intrnl_Id="577">
<LocList>
<Loc EndOffset="1109" SrcFileId="9" StartOffset="1096"/>
</LocList>
<BasicStmnt CovItemId="S19" CovItemPrefix="classes.Tree.java" Intrnl_Id="578">
<LocList>
<Loc EndOffset="1109" SrcFileId="9" StartOffset="1096"/>
</LocList>
</BasicStmnt>
</StmntSeq>
</Branch>
<Branch CovItemId="B4" CovItemPrefix="classes.Tree.java" Implct="false" Intrnl_Id="579">
<Cond>
<Loc EndOffset="1120" SrcFileId="9" StartOffset="1116"/>
</Cond>
<LocList>
<Loc EndOffset="1141" SrcFileId="9" StartOffset="1121"/>
</LocList>
<StmntSeq Intrnl_Id="580">
<LocList>
<Loc EndOffset="1140" SrcFileId="9" StartOffset="1128"/>
</LocList>
<BasicStmnt CovItemId="S20" CovItemPrefix="classes.Tree.java" Intrnl_Id="581">
<LocList>
<Loc EndOffset="1140" SrcFileId="9" StartOffset="1128"/>
</LocList>
</BasicStmnt>
</StmntSeq>
</Branch>
<Keyword EndOffset="1073" SrcFileId="9" StartOffset="1071"/>
<LocList>
<Loc EndOffset="1141" SrcFileId="9" StartOffset="1071"/>
</LocList>
<RootTerm CovItemId="C2" CovItemPrefix="classes.Tree.java" Intrnl_Id="582">
<OpTerm BooleanOpId="10" Intrnl_Id="583">
<BasicBoolTerm Intrnl_Id="584">
<LocList>
<Loc EndOffset="1087" SrcFileId="9" StartOffset="1077"/>
</LocList>
</BasicBoolTerm>
<LocList>
<Loc EndOffset="1076" SrcFileId="9" StartOffset="1075"/>
</LocList>
</OpTerm>
</RootTerm>
</CondStmnt>
</StmntSeq>
</Branch>
<Keyword EndOffset="1022" SrcFileId="9" StartOffset="1020"/>
<LocList>
<Loc EndOffset="1142" SrcFileId="9" StartOffset="1020"/>
</LocList>
<RootTerm CovItemId="C1" CovItemPrefix="classes.Tree.java" Intrnl_Id="585">
<BasicBoolTerm Intrnl_Id="586">
<LocList>
<Loc EndOffset="1035" SrcFileId="9" StartOffset="1024"/>
</LocList>
</BasicBoolTerm>
</RootTerm>
</CondStmnt>
<BasicStmnt CovItemId="S21" CovItemPrefix="classes.Tree.java" Intrnl_Id="587">
<LocList>
<Loc EndOffset="1158" SrcFileId="9" StartOffset="1146"/>
</LocList>
</BasicStmnt>
</StmntSeq>
</HierarchyLvl>
<HierarchyLvl HierarchyLvlId="320" HierarchyLvlTypeId="12" Intrnl_Id="588" Name="Insert">
<Header>
<Loc EndOffset="1202" SrcFileId="9" StartOffset="1173"/>
</Header>
<LocList>
<Loc EndOffset="1853" SrcFileId="9" StartOffset="1173"/>
</LocList>
<StmntSeq Intrnl_Id="589">
<LocList>
<Loc EndOffset="1234" SrcFileId="9" StartOffset="1207"/>
<Loc EndOffset="1260" SrcFileId="9" StartOffset="1238"/>
<Loc EndOffset="1290" SrcFileId="9" StartOffset="1264"/>
<Loc EndOffset="1315" SrcFileId="9" StartOffset="1294"/>
<Loc EndOffset="1335" SrcFileId="9" StartOffset="1319"/>
<Loc EndOffset="1852" SrcFileId="9" StartOffset="1339"/>
</LocList>
<BasicStmnt CovItemId="S22" CovItemPrefix="classes.Tree.java" Intrnl_Id="590">
<LocList>
<Loc EndOffset="1234" SrcFileId="9" StartOffset="1207"/>
</LocList>
</BasicStmnt>
<BasicStmnt CovItemId="S23" CovItemPrefix="classes.Tree.java" Intrnl_Id="591">
<LocList>
<Loc EndOffset="1260" SrcFileId="9" StartOffset="1238"/>
</LocList>
</BasicStmnt>
<BasicStmnt CovItemId="S24" CovItemPrefix="classes.Tree.java" Intrnl_Id="592">
<LocList>
<Loc EndOffset="1290" SrcFileId="9" StartOffset="1264"/>
</LocList>
</BasicStmnt>
<BasicStmnt CovItemId="S25" CovItemPrefix="classes.Tree.java" Intrnl_Id="593">
<LocList>
<Loc EndOffset="1315" SrcFileId="9" StartOffset="1294"/>
</LocList>
</BasicStmnt>
<BasicStmnt CovItemId="S26" CovItemPrefix="classes.Tree.java" Intrnl_Id="594">
<LocList>
<Loc EndOffset="1335" SrcFileId="9" StartOffset="1319"/>
</LocList>
</BasicStmnt>
<LoopStmnt CovItemId="S27" CovItemPrefix="classes.Tree.java" Intrnl_Id="595" MltplExecId="L1-2" MltplExecPrefix="classes.Tree.java" NvrExecId="L1-0" NvrExecPrefix="classes.Tree.java" OnceExecutedId="L1-1" OnceExecutedPrefix="classes.Tree.java" OptBodyExec="true">
<StmntSeq Intrnl_Id="596">
<LocList>
<Loc EndOffset="1392" SrcFileId="9" StartOffset="1360"/>
<Loc EndOffset="1851" SrcFileId="9" StartOffset="1400"/>
</LocList>
<BasicStmnt CovItemId="S28" CovItemPrefix="classes.Tree.java" Intrnl_Id="597">
<LocList>
<Loc EndOffset="1392" SrcFileId="9" StartOffset="1360"/>
</LocList>
</BasicStmnt>
<CondStmnt CovItemId="S29" CovItemPrefix="classes.Tree.java" Intrnl_Id="598">
<Branch CovItemId="B5" CovItemPrefix="classes.Tree.java" Implct="false" Intrnl_Id="599">
<Cond/>
<LocList>
<Loc EndOffset="1626" SrcFileId="9" StartOffset="1420"/>
</LocList>
<StmntSeq Intrnl_Id="600">
<LocList>
<Loc EndOffset="1625" SrcFileId="9" StartOffset="1427"/>
</LocList>
<CondStmnt CovItemId="S30" CovItemPrefix="classes.Tree.java" Intrnl_Id="601">
<Branch CovItemId="B7" CovItemPrefix="classes.Tree.java" Implct="false" Intrnl_Id="602">
<Cond/>
<LocList>
<Loc EndOffset="1506" SrcFileId="9" StartOffset="1458"/>
</LocList>
<StmntSeq Intrnl_Id="603">
<LocList>
<Loc EndOffset="1505" SrcFileId="9" StartOffset="1466"/>
</LocList>
<BasicStmnt CovItemId="S31" CovItemPrefix="classes.Tree.java" Intrnl_Id="604">
<LocList>
<Loc EndOffset="1505" SrcFileId="9" StartOffset="1466"/>
</LocList>
</BasicStmnt>
</StmntSeq>
</Branch>
<Branch CovItemId="B8" CovItemPrefix="classes.Tree.java" Implct="false" Intrnl_Id="605">
<Cond>
<Loc EndOffset="1516" SrcFileId="9" StartOffset="1512"/>
</Cond>
<LocList>
<Loc EndOffset="1625" SrcFileId="9" StartOffset="1517"/>
</LocList>
<StmntSeq Intrnl_Id="606">
<LocList>
<Loc EndOffset="1542" SrcFileId="9" StartOffset="1528"/>
<Loc EndOffset="1583" SrcFileId="9" StartOffset="1552"/>
<Loc EndOffset="1624" SrcFileId="9" StartOffset="1593"/>
</LocList>
<BasicStmnt CovItemId="S32" CovItemPrefix="classes.Tree.java" Intrnl_Id="607">
<LocList>
<Loc EndOffset="1542" SrcFileId="9" StartOffset="1528"/>
</LocList>
</BasicStmnt>
<BasicStmnt CovItemId="S33" CovItemPrefix="classes.Tree.java" Intrnl_Id="608">
<LocList>
<Loc EndOffset="1583" SrcFileId="9" StartOffset="1552"/>
</LocList>
</BasicStmnt>
<BasicStmnt CovItemId="S34" CovItemPrefix="classes.Tree.java" Intrnl_Id="609">
<LocList>
<Loc EndOffset="1624" SrcFileId="9" StartOffset="1593"/>
</LocList>
</BasicStmnt>
</StmntSeq>
</Branch>
<Keyword EndOffset="1429" SrcFileId="9" StartOffset="1427"/>
<LocList>
<Loc EndOffset="1625" SrcFileId="9" StartOffset="1427"/>
</LocList>
<RootTerm CovItemId="C5" CovItemPrefix="classes.Tree.java" Intrnl_Id="610">
<BasicBoolTerm Intrnl_Id="611">
<LocList>
<Loc EndOffset="1457" SrcFileId="9" StartOffset="1431"/>
</LocList>
</BasicBoolTerm>
</RootTerm>
</CondStmnt>
</StmntSeq>
</Branch>
<Branch CovItemId="B6" CovItemPrefix="classes.Tree.java" Implct="false" Intrnl_Id="612">
<Cond>
<Loc EndOffset="1638" SrcFileId="9" StartOffset="1634"/>
</Cond>
<LocList>
<Loc EndOffset="1851" SrcFileId="9" StartOffset="1638"/>
</LocList>
<StmntSeq Intrnl_Id="613">
<LocList>
<Loc EndOffset="1850" SrcFileId="9" StartOffset="1645"/>
</LocList>
<CondStmnt CovItemId="S35" CovItemPrefix="classes.Tree.java" Intrnl_Id="614">
<Branch CovItemId="B9" CovItemPrefix="classes.Tree.java" Implct="false" Intrnl_Id="615">
<Cond/>
<LocList>
<Loc EndOffset="1729" SrcFileId="9" StartOffset="1677"/>
</LocList>
<StmntSeq Intrnl_Id="616">
<LocList>
<Loc EndOffset="1728" SrcFileId="9" StartOffset="1688"/>
</LocList>
<BasicStmnt CovItemId="S36" CovItemPrefix="classes.Tree.java" Intrnl_Id="617">
<LocList>
<Loc EndOffset="1728" SrcFileId="9" StartOffset="1688"/>
</LocList>
</BasicStmnt>
</StmntSeq>
</Branch>
<Branch CovItemId="B10" CovItemPrefix="classes.Tree.java" Implct="false" Intrnl_Id="618">
<Cond>
<Loc EndOffset="1739" SrcFileId="9" StartOffset="1735"/>
</Cond>
<LocList>
<Loc EndOffset="1850" SrcFileId="9" StartOffset="1740"/>
</LocList>
<StmntSeq Intrnl_Id="619">
<LocList>
<Loc EndOffset="1765" SrcFileId="9" StartOffset="1751"/>
<Loc EndOffset="1807" SrcFileId="9" StartOffset="1775"/>
<Loc EndOffset="1849" SrcFileId="9" StartOffset="1817"/>
</LocList>
<BasicStmnt CovItemId="S37" CovItemPrefix="classes.Tree.java" Intrnl_Id="620">
<LocList>
<Loc EndOffset="1765" SrcFileId="9" StartOffset="1751"/>
</LocList>
</BasicStmnt>
<BasicStmnt CovItemId="S38" CovItemPrefix="classes.Tree.java" Intrnl_Id="621">
<LocList>
<Loc EndOffset="1807" SrcFileId="9" StartOffset="1775"/>
</LocList>
</BasicStmnt>
<BasicStmnt CovItemId="S39" CovItemPrefix="classes.Tree.java" Intrnl_Id="622">
<LocList>
<Loc EndOffset="1849" SrcFileId="9" StartOffset="1817"/>
</LocList>
</BasicStmnt>
</StmntSeq>
</Branch>
<Keyword EndOffset="1647" SrcFileId="9" StartOffset="1645"/>
<LocList>
<Loc EndOffset="1850" SrcFileId="9" StartOffset="1645"/>
</LocList>
<RootTerm CovItemId="C6" CovItemPrefix="classes.Tree.java" Intrnl_Id="623">
<BasicBoolTerm Intrnl_Id="624">
<LocList>
<Loc EndOffset="1676" SrcFileId="9" StartOffset="1649"/>
</LocList>
</BasicBoolTerm>
</RootTerm>
</CondStmnt>
</StmntSeq>
</Branch>
<Keyword EndOffset="1402" SrcFileId="9" StartOffset="1400"/>
<LocList>
<Loc EndOffset="1851" SrcFileId="9" StartOffset="1400"/>
</LocList>
<RootTerm CovItemId="C4" CovItemPrefix="classes.Tree.java" Intrnl_Id="625">
<BasicBoolTerm Intrnl_Id="626">
<LocList>
<Loc EndOffset="1419" SrcFileId="9" StartOffset="1404"/>
</LocList>
</BasicBoolTerm>
</RootTerm>
</CondStmnt>
</StmntSeq>
<Keyword EndOffset="1344" SrcFileId="9" StartOffset="1339"/>
<LocList>
<Loc EndOffset="1852" SrcFileId="9" StartOffset="1339"/>
</LocList>
<RootTerm CovItemId="C3" CovItemPrefix="classes.Tree.java" Intrnl_Id="627">
<BasicBoolTerm Intrnl_Id="628">
<LocList>
<Loc EndOffset="1350" SrcFileId="9" StartOffset="1346"/>
</LocList>
</BasicBoolTerm>
</RootTerm>
</LoopStmnt>
</StmntSeq>
</HierarchyLvl>
<HierarchyLvl HierarchyLvlId="321" HierarchyLvlTypeId="12" Intrnl_Id="629" Name="Delete">
<Header>
<Loc EndOffset="1893" SrcFileId="9" StartOffset="1861"/>
</Header>
<LocList>
<Loc EndOffset="2951" SrcFileId="9" StartOffset="1861"/>
</LocList>
<StmntSeq Intrnl_Id="630">
<LocList>
<Loc EndOffset="1924" SrcFileId="9" StartOffset="1898"/>
<Loc EndOffset="1953" SrcFileId="9" StartOffset="1928"/>
<Loc EndOffset="1978" SrcFileId="9" StartOffset="1957"/>
<Loc EndOffset="2005" SrcFileId="9" StartOffset="1982"/>
<Loc EndOffset="2029" SrcFileId="9" StartOffset="2009"/>
<Loc EndOffset="2057" SrcFileId="9" StartOffset="2033"/>
<Loc EndOffset="2077" SrcFileId="9" StartOffset="2061"/>
<Loc EndOffset="2930" SrcFileId="9" StartOffset="2083"/>
<Loc EndOffset="2944" SrcFileId="9" StartOffset="2930"/>
</LocList>
<BasicStmnt CovItemId="S40" CovItemPrefix="classes.Tree.java" Intrnl_Id="631">
<LocList>
<Loc EndOffset="1924" SrcFileId="9" StartOffset="1898"/>
</LocList>
</BasicStmnt>
<BasicStmnt CovItemId="S41" CovItemPrefix="classes.Tree.java" Intrnl_Id="632">
<LocList>
<Loc EndOffset="1953" SrcFileId="9" StartOffset="1928"/>
</LocList>
</BasicStmnt>
<BasicStmnt CovItemId="S42" CovItemPrefix="classes.Tree.java" Intrnl_Id="633">
<LocList>
<Loc EndOffset="1978" SrcFileId="9" StartOffset="1957"/>
</LocList>
</BasicStmnt>
<BasicStmnt CovItemId="S43" CovItemPrefix="classes.Tree.java" Intrnl_Id="634">
<LocList>
<Loc EndOffset="2005" SrcFileId="9" StartOffset="1982"/>
</LocList>
</BasicStmnt>
<BasicStmnt CovItemId="S44" CovItemPrefix="classes.Tree.java" Intrnl_Id="635">
<LocList>
<Loc EndOffset="2029" SrcFileId="9" StartOffset="2009"/>
</LocList>
</BasicStmnt>
<BasicStmnt CovItemId="S45" CovItemPrefix="classes.Tree.java" Intrnl_Id="636">
<LocList>
<Loc EndOffset="2057" SrcFileId="9" StartOffset="2033"/>
</LocList>
</BasicStmnt>
<BasicStmnt CovItemId="S46" CovItemPrefix="classes.Tree.java" Intrnl_Id="637">
<LocList>
<Loc EndOffset="2077" SrcFileId="9" StartOffset="2061"/>
</LocList>
</BasicStmnt>
<LoopStmnt CovItemId="S47" CovItemPrefix="classes.Tree.java" Intrnl_Id="638" MltplExecId="L2-2" MltplExecPrefix="classes.Tree.java" NvrExecId="L2-0" NvrExecPrefix="classes.Tree.java" OnceExecutedId="L2-1" OnceExecutedPrefix="classes.Tree.java" OptBodyExec="true">
<StmntSeq Intrnl_Id="639">
<LocList>
<Loc EndOffset="2136" SrcFileId="9" StartOffset="2104"/>
<Loc EndOffset="2908" SrcFileId="9" StartOffset="2144"/>
<Loc EndOffset="2925" SrcFileId="9" StartOffset="2908"/>
</LocList>
<BasicStmnt CovItemId="S48" CovItemPrefix="classes.Tree.java" Intrnl_Id="640">
<LocList>
<Loc EndOffset="2136" SrcFileId="9" StartOffset="2104"/>
</LocList>
</BasicStmnt>
<CondStmnt CovItemId="S49" CovItemPrefix="classes.Tree.java" Intrnl_Id="641">
<Branch CovItemId="B11" CovItemPrefix="classes.Tree.java" Implct="false" Intrnl_Id="642">
<Cond/>
<LocList>
<Loc EndOffset="2332" SrcFileId="9" StartOffset="2164"/>
</LocList>
<StmntSeq Intrnl_Id="643">
<LocList>
<Loc EndOffset="2331" SrcFileId="9" StartOffset="2174"/>
</LocList>
<CondStmnt CovItemId="S50" CovItemPrefix="classes.Tree.java" Intrnl_Id="644">
<Branch CovItemId="B13" CovItemPrefix="classes.Tree.java" Implct="false" Intrnl_Id="645">
<Cond/>
<LocList>
<Loc EndOffset="2294" SrcFileId="9" StartOffset="2205"/>
</LocList>
<StmntSeq Intrnl_Id="646">
<LocList>
<Loc EndOffset="2244" SrcFileId="9" StartOffset="2216"/>
<Loc EndOffset="2293" SrcFileId="9" StartOffset="2254"/>
</LocList>
<BasicStmnt CovItemId="S51" CovItemPrefix="classes.Tree.java" Intrnl_Id="647">
<LocList>
<Loc EndOffset="2244" SrcFileId="9" StartOffset="2216"/>
</LocList>
</BasicStmnt>
<BasicStmnt CovItemId="S52" CovItemPrefix="classes.Tree.java" Intrnl_Id="648">
<LocList>
<Loc EndOffset="2293" SrcFileId="9" StartOffset="2254"/>
</LocList>
</BasicStmnt>
</StmntSeq>
</Branch>
<Branch CovItemId="B14" CovItemPrefix="classes.Tree.java" Implct="false" Intrnl_Id="649">
<Cond>
<Loc EndOffset="2307" SrcFileId="9" StartOffset="2303"/>
</Cond>
<LocList>
<Loc EndOffset="2331" SrcFileId="9" StartOffset="2308"/>
</LocList>
<StmntSeq Intrnl_Id="650">
<LocList>
<Loc EndOffset="2330" SrcFileId="9" StartOffset="2316"/>
</LocList>
<BasicStmnt CovItemId="S53" CovItemPrefix="classes.Tree.java" Intrnl_Id="651">
<LocList>
<Loc EndOffset="2330" SrcFileId="9" StartOffset="2316"/>
</LocList>
</BasicStmnt>
</StmntSeq>
</Branch>
<Keyword EndOffset="2176" SrcFileId="9" StartOffset="2174"/>
<LocList>
<Loc EndOffset="2331" SrcFileId="9" StartOffset="2174"/>
</LocList>
<RootTerm CovItemId="C9" CovItemPrefix="classes.Tree.java" Intrnl_Id="652">
<BasicBoolTerm Intrnl_Id="653">
<LocList>
<Loc EndOffset="2204" SrcFileId="9" StartOffset="2178"/>
</LocList>
</BasicBoolTerm>
</RootTerm>
</CondStmnt>
</StmntSeq>
</Branch>
<Branch CovItemId="B12" CovItemPrefix="classes.Tree.java" Implct="false" Intrnl_Id="654">
<Cond>
<Loc EndOffset="2344" SrcFileId="9" StartOffset="2340"/>
</Cond>
<LocList>
<Loc EndOffset="2908" SrcFileId="9" StartOffset="2345"/>
</LocList>
<StmntSeq Intrnl_Id="655">
<LocList>
<Loc EndOffset="2899" SrcFileId="9" StartOffset="2355"/>
</LocList>
<CondStmnt CovItemId="S54" CovItemPrefix="classes.Tree.java" Intrnl_Id="656">
<Branch CovItemId="B15" CovItemPrefix="classes.Tree.java" Implct="false" Intrnl_Id="657">
<Cond/>
<LocList>
<Loc EndOffset="2548" SrcFileId="9" StartOffset="2375"/>
</LocList>
<StmntSeq Intrnl_Id="658">
<LocList>
<Loc EndOffset="2547" SrcFileId="9" StartOffset="2386"/>
</LocList>
<CondStmnt CovItemId="S55" CovItemPrefix="classes.Tree.java" Intrnl_Id="659">
<Branch CovItemId="B17" CovItemPrefix="classes.Tree.java" Implct="false" Intrnl_Id="660">
<Cond/>
<LocList>
<Loc EndOffset="2504" SrcFileId="9" StartOffset="2418"/>
</LocList>
<StmntSeq Intrnl_Id="661">
<LocList>
<Loc EndOffset="2455" SrcFileId="9" StartOffset="2427"/>
<Loc EndOffset="2503" SrcFileId="9" StartOffset="2463"/>
</LocList>
<BasicStmnt CovItemId="S56" CovItemPrefix="classes.Tree.java" Intrnl_Id="662">
<LocList>
<Loc EndOffset="2455" SrcFileId="9" StartOffset="2427"/>
</LocList>
</BasicStmnt>
<BasicStmnt CovItemId="S57" CovItemPrefix="classes.Tree.java" Intrnl_Id="663">
<LocList>
<Loc EndOffset="2503" SrcFileId="9" StartOffset="2463"/>
</LocList>
</BasicStmnt>
</StmntSeq>
</Branch>
<Branch CovItemId="B18" CovItemPrefix="classes.Tree.java" Implct="false" Intrnl_Id="664">
<Cond>
<Loc EndOffset="2518" SrcFileId="9" StartOffset="2514"/>
</Cond>
<LocList>
<Loc EndOffset="2547" SrcFileId="9" StartOffset="2519"/>
</LocList>
<StmntSeq Intrnl_Id="665">
<LocList>
<Loc EndOffset="2546" SrcFileId="9" StartOffset="2532"/>
</LocList>
<BasicStmnt CovItemId="S58" CovItemPrefix="classes.Tree.java" Intrnl_Id="666">
<LocList>
<Loc EndOffset="2546" SrcFileId="9" StartOffset="2532"/>
</LocList>
</BasicStmnt>
</StmntSeq>
</Branch>
<Keyword EndOffset="2388" SrcFileId="9" StartOffset="2386"/>
<LocList>
<Loc EndOffset="2547" SrcFileId="9" StartOffset="2386"/>
</LocList>
<RootTerm CovItemId="C11" CovItemPrefix="classes.Tree.java" Intrnl_Id="667">
<BasicBoolTerm Intrnl_Id="668">
<LocList>
<Loc EndOffset="2417" SrcFileId="9" StartOffset="2390"/>
</LocList>
</BasicBoolTerm>
</RootTerm>
</CondStmnt>
</StmntSeq>
</Branch>
<Branch CovItemId="B16" CovItemPrefix="classes.Tree.java" Implct="false" Intrnl_Id="669">
<Cond>
<Loc EndOffset="2561" SrcFileId="9" StartOffset="2557"/>
</Cond>
<LocList>
<Loc EndOffset="2899" SrcFileId="9" StartOffset="2562"/>
</LocList>
<StmntSeq Intrnl_Id="670">
<LocList>
<Loc EndOffset="2850" SrcFileId="9" StartOffset="2574"/>
<Loc EndOffset="2874" SrcFileId="9" StartOffset="2860"/>
<Loc EndOffset="2898" SrcFileId="9" StartOffset="2884"/>
</LocList>
<CondStmnt CovItemId="S59" CovItemPrefix="classes.Tree.java" Intrnl_Id="671">
<Branch CovItemId="B19" CovItemPrefix="classes.Tree.java" Implct="false" Intrnl_Id="672">
<Cond/>
<LocList>
<Loc EndOffset="2778" SrcFileId="9" StartOffset="2587"/>
</LocList>
<StmntSeq Intrnl_Id="673">
<LocList>
<Loc EndOffset="2777" SrcFileId="9" StartOffset="2599"/>
</LocList>
<CondStmnt CovItemId="S60" CovItemPrefix="classes.Tree.java" Intrnl_Id="674">
<Branch CovItemId="B21" CovItemPrefix="classes.Tree.java" Implct="false" Intrnl_Id="675">
<Cond/>
<LocList>
<Loc EndOffset="2707" SrcFileId="9" StartOffset="2633"/>
</LocList>
<StmntSeq Intrnl_Id="676">
<LocList>
<Loc EndOffset="2706" SrcFileId="9" StartOffset="2646"/>
</LocList>
<CondStmnt CovItemId="S61" CovItemPrefix="classes.Tree.java" Intrnl_Id="677">
<Branch CovItemId="B23" CovItemPrefix="classes.Tree.java" Implct="false" Intrnl_Id="678">
<Cond/>
<LocList>
<Loc EndOffset="2706" SrcFileId="9" StartOffset="2679"/>
</LocList>
<StmntSeq Intrnl_Id="679">
<LocList>
<Loc EndOffset="2705" SrcFileId="9" StartOffset="2693"/>
</LocList>
<BasicStmnt CovItemId="S62" CovItemPrefix="classes.Tree.java" Intrnl_Id="680">
<LocList>
<Loc EndOffset="2705" SrcFileId="9" StartOffset="2693"/>
</LocList>
</BasicStmnt>
</StmntSeq>
</Branch>
<Branch CovItemId="B24" CovItemPrefix="classes.Tree.java" Implct="true" Intrnl_Id="681">
<Cond/>
<LocList/>
<StmntSeq Intrnl_Id="682">
<LocList/>
</StmntSeq>
</Branch>
<Keyword EndOffset="2648" SrcFileId="9" StartOffset="2646"/>
<LocList>
<Loc EndOffset="2706" SrcFileId="9" StartOffset="2646"/>
</LocList>
<RootTerm CovItemId="C14" CovItemPrefix="classes.Tree.java" Intrnl_Id="683">
<OpTerm BooleanOpId="10" Intrnl_Id="684">
<BasicBoolTerm Intrnl_Id="685">
<LocList>
<Loc EndOffset="2677" SrcFileId="9" StartOffset="2651"/>
</LocList>
</BasicBoolTerm>
<LocList>
<Loc EndOffset="2651" SrcFileId="9" StartOffset="2650"/>
</LocList>
</OpTerm>
</RootTerm>
</CondStmnt>
</StmntSeq>
</Branch>
<Branch CovItemId="B22" CovItemPrefix="classes.Tree.java" Implct="false" Intrnl_Id="686">
<Cond>
<Loc EndOffset="2722" SrcFileId="9" StartOffset="2718"/>
</Cond>
<LocList>
<Loc EndOffset="2777" SrcFileId="9" StartOffset="2722"/>
</LocList>
<StmntSeq Intrnl_Id="687">
<LocList>
<Loc EndOffset="2776" SrcFileId="9" StartOffset="2732"/>
</LocList>
<BasicStmnt CovItemId="S63" CovItemPrefix="classes.Tree.java" Intrnl_Id="688">
<LocList>
<Loc EndOffset="2776" SrcFileId="9" StartOffset="2732"/>
</LocList>
</BasicStmnt>
</StmntSeq>
</Branch>
<Keyword EndOffset="2601" SrcFileId="9" StartOffset="2599"/>
<LocList>
<Loc EndOffset="2777" SrcFileId="9" StartOffset="2599"/>
</LocList>
<RootTerm CovItemId="C13" CovItemPrefix="classes.Tree.java" Intrnl_Id="689">
<OpTerm BooleanOpId="10" Intrnl_Id="690">
<BasicBoolTerm Intrnl_Id="691">
<LocList>
<Loc EndOffset="2631" SrcFileId="9" StartOffset="2604"/>
</LocList>
</BasicBoolTerm>
<LocList>
<Loc EndOffset="2604" SrcFileId="9" StartOffset="2603"/>
</LocList>
</OpTerm>
</RootTerm>
</CondStmnt>
</StmntSeq>
</Branch>
<Branch CovItemId="B20" CovItemPrefix="classes.Tree.java" Implct="false" Intrnl_Id="692">
<Cond>
<Loc EndOffset="2792" SrcFileId="9" StartOffset="2788"/>
</Cond>
<LocList>
<Loc EndOffset="2850" SrcFileId="9" StartOffset="2793"/>
</LocList>
<StmntSeq Intrnl_Id="693">
<LocList>
<Loc EndOffset="2849" SrcFileId="9" StartOffset="2805"/>
</LocList>
<BasicStmnt CovItemId="S64" CovItemPrefix="classes.Tree.java" Intrnl_Id="694">
<LocList>
<Loc EndOffset="2849" SrcFileId="9" StartOffset="2805"/>
</LocList>
</BasicStmnt>
</StmntSeq>
</Branch>
<Keyword EndOffset="2576" SrcFileId="9" StartOffset="2574"/>
<LocList>
<Loc EndOffset="2850" SrcFileId="9" StartOffset="2574"/>
</LocList>
<RootTerm CovItemId="C12" CovItemPrefix="classes.Tree.java" Intrnl_Id="695">
<BasicBoolTerm Intrnl_Id="696">
<LocList>
<Loc EndOffset="2585" SrcFileId="9" StartOffset="2578"/>
</LocList>
</BasicBoolTerm>
</RootTerm>
</CondStmnt>
<BasicStmnt CovItemId="S65" CovItemPrefix="classes.Tree.java" Intrnl_Id="697">
<LocList>
<Loc EndOffset="2874" SrcFileId="9" StartOffset="2860"/>
</LocList>
</BasicStmnt>
<BasicStmnt CovItemId="S66" CovItemPrefix="classes.Tree.java" Intrnl_Id="698">
<LocList>
<Loc EndOffset="2898" SrcFileId="9" StartOffset="2884"/>
</LocList>
</BasicStmnt>
</StmntSeq>
</Branch>
<Keyword EndOffset="2357" SrcFileId="9" StartOffset="2355"/>
<LocList>
<Loc EndOffset="2899" SrcFileId="9" StartOffset="2355"/>
</LocList>
<RootTerm CovItemId="C10" CovItemPrefix="classes.Tree.java" Intrnl_Id="699">
<BasicBoolTerm Intrnl_Id="700">
<LocList>
<Loc EndOffset="2374" SrcFileId="9" StartOffset="2359"/>
</LocList>
</BasicBoolTerm>
</RootTerm>
</CondStmnt>
</StmntSeq>
</Branch>
<Keyword EndOffset="2146" SrcFileId="9" StartOffset="2144"/>
<LocList>
<Loc EndOffset="2908" SrcFileId="9" StartOffset="2144"/>
</LocList>
<RootTerm CovItemId="C8" CovItemPrefix="classes.Tree.java" Intrnl_Id="701">
<BasicBoolTerm Intrnl_Id="702">
<LocList>
<Loc EndOffset="2163" SrcFileId="9" StartOffset="2148"/>
</LocList>
</BasicBoolTerm>
</RootTerm>
</CondStmnt>
<BasicStmnt CovItemId="S67" CovItemPrefix="classes.Tree.java" Intrnl_Id="703">
<LocList>
<Loc EndOffset="2925" SrcFileId="9" StartOffset="2908"/>
</LocList>
</BasicStmnt>
</StmntSeq>
<Keyword EndOffset="2088" SrcFileId="9" StartOffset="2083"/>
<LocList>
<Loc EndOffset="2930" SrcFileId="9" StartOffset="2083"/>
</LocList>
<RootTerm CovItemId="C7" CovItemPrefix="classes.Tree.java" Intrnl_Id="704">
<BasicBoolTerm Intrnl_Id="705">
<LocList>
<Loc EndOffset="2094" SrcFileId="9" StartOffset="2090"/>
</LocList>
</BasicBoolTerm>
</RootTerm>
</LoopStmnt>
<BasicStmnt CovItemId="S68" CovItemPrefix="classes.Tree.java" Intrnl_Id="706">
<LocList>
<Loc EndOffset="2944" SrcFileId="9" StartOffset="2930"/>
</LocList>
</BasicStmnt>
</StmntSeq>
</HierarchyLvl>
<HierarchyLvl HierarchyLvlId="322" HierarchyLvlTypeId="12" Intrnl_Id="707" Name="Remove">
<Header>
<Loc EndOffset="3006" SrcFileId="9" StartOffset="2959"/>
</Header>
<LocList>
<Loc EndOffset="3589" SrcFileId="9" StartOffset="2959"/>
</LocList>
<StmntSeq Intrnl_Id="708">
<LocList>
<Loc EndOffset="3031" SrcFileId="9" StartOffset="3011"/>
<Loc EndOffset="3051" SrcFileId="9" StartOffset="3035"/>
<Loc EndOffset="3071" SrcFileId="9" StartOffset="3055"/>
<Loc EndOffset="3569" SrcFileId="9" StartOffset="3078"/>
<Loc EndOffset="3582" SrcFileId="9" StartOffset="3569"/>
</LocList>
<BasicStmnt CovItemId="S69" CovItemPrefix="classes.Tree.java" Intrnl_Id="709">
<LocList>
<Loc EndOffset="3031" SrcFileId="9" StartOffset="3011"/>
</LocList>
</BasicStmnt>
<BasicStmnt CovItemId="S70" CovItemPrefix="classes.Tree.java" Intrnl_Id="710">
<LocList>
<Loc EndOffset="3051" SrcFileId="9" StartOffset="3035"/>
</LocList>
</BasicStmnt>
<BasicStmnt CovItemId="S71" CovItemPrefix="classes.Tree.java" Intrnl_Id="711">
<LocList>
<Loc EndOffset="3071" SrcFileId="9" StartOffset="3055"/>
</LocList>
</BasicStmnt>
<CondStmnt CovItemId="S72" CovItemPrefix="classes.Tree.java" Intrnl_Id="712">
<Branch CovItemId="B25" CovItemPrefix="classes.Tree.java" Implct="false" Intrnl_Id="713">
<Cond/>
<LocList>
<Loc EndOffset="3149" SrcFileId="9" StartOffset="3104"/>
</LocList>
<StmntSeq Intrnl_Id="714">
<LocList>
<Loc EndOffset="3148" SrcFileId="9" StartOffset="3110"/>
</LocList>
<BasicStmnt CovItemId="S73" CovItemPrefix="classes.Tree.java" Intrnl_Id="715">
<LocList>
<Loc EndOffset="3148" SrcFileId="9" StartOffset="3110"/>
</LocList>
</BasicStmnt>
</StmntSeq>
</Branch>
<Branch CovItemId="B26" CovItemPrefix="classes.Tree.java" Implct="false" Intrnl_Id="716">
<Cond>
<Loc EndOffset="3158" SrcFileId="9" StartOffset="3154"/>
</Cond>
<LocList>
<Loc EndOffset="3569" SrcFileId="9" StartOffset="3159"/>
</LocList>
<StmntSeq Intrnl_Id="717">
<LocList>
<Loc EndOffset="3564" SrcFileId="9" StartOffset="3165"/>
</LocList>
<CondStmnt CovItemId="S74" CovItemPrefix="classes.Tree.java" Intrnl_Id="718">
<Branch CovItemId="B27" CovItemPrefix="classes.Tree.java" Implct="false" Intrnl_Id="719">
<Cond/>
<LocList>
<Loc EndOffset="3238" SrcFileId="9" StartOffset="3191"/>
</LocList>
<StmntSeq Intrnl_Id="720">
<LocList>
<Loc EndOffset="3237" SrcFileId="9" StartOffset="3198"/>
</LocList>
<BasicStmnt CovItemId="S75" CovItemPrefix="classes.Tree.java" Intrnl_Id="721">
<LocList>
<Loc EndOffset="3237" SrcFileId="9" StartOffset="3198"/>
</LocList>
</BasicStmnt>
</StmntSeq>
</Branch>
<Branch CovItemId="B28" CovItemPrefix="classes.Tree.java" Implct="false" Intrnl_Id="722">
<Cond>
<Loc EndOffset="3247" SrcFileId="9" StartOffset="3243"/>
</Cond>
<LocList>
<Loc EndOffset="3564" SrcFileId="9" StartOffset="3248"/>
</LocList>
<StmntSeq Intrnl_Id="723">
<LocList>
<Loc EndOffset="3281" SrcFileId="9" StartOffset="3255"/>
<Loc EndOffset="3320" SrcFileId="9" StartOffset="3287"/>
<Loc EndOffset="3355" SrcFileId="9" StartOffset="3326"/>
<Loc EndOffset="3563" SrcFileId="9" StartOffset="3361"/>
</LocList>
<BasicStmnt CovItemId="S76" CovItemPrefix="classes.Tree.java" Intrnl_Id="724">
<LocList>
<Loc EndOffset="3281" SrcFileId="9" StartOffset="3255"/>
</LocList>
</BasicStmnt>
<BasicStmnt CovItemId="S77" CovItemPrefix="classes.Tree.java" Intrnl_Id="725">
<LocList>
<Loc EndOffset="3320" SrcFileId="9" StartOffset="3287"/>
</LocList>
</BasicStmnt>
<BasicStmnt CovItemId="S78" CovItemPrefix="classes.Tree.java" Intrnl_Id="726">
<LocList>
<Loc EndOffset="3355" SrcFileId="9" StartOffset="3326"/>
</LocList>
</BasicStmnt>
<CondStmnt CovItemId="S79" CovItemPrefix="classes.Tree.java" Intrnl_Id="727">
<Branch CovItemId="B29" CovItemPrefix="classes.Tree.java" Implct="false" Intrnl_Id="728">
<Cond/>
<LocList>
<Loc EndOffset="3473" SrcFileId="9" StartOffset="3396"/>
</LocList>
<StmntSeq Intrnl_Id="729">
<LocList>
<Loc EndOffset="3436" SrcFileId="9" StartOffset="3407"/>
<Loc EndOffset="3472" SrcFileId="9" StartOffset="3446"/>
</LocList>
<BasicStmnt CovItemId="S80" CovItemPrefix="classes.Tree.java" Intrnl_Id="730">
<LocList>
<Loc EndOffset="3436" SrcFileId="9" StartOffset="3407"/>
</LocList>
</BasicStmnt>
<BasicStmnt CovItemId="S81" CovItemPrefix="classes.Tree.java" Intrnl_Id="731">
<LocList>
<Loc EndOffset="3472" SrcFileId="9" StartOffset="3446"/>
</LocList>
</BasicStmnt>
</StmntSeq>
</Branch>
<Branch CovItemId="B30" CovItemPrefix="classes.Tree.java" Implct="false" Intrnl_Id="732">
<Cond>
<Loc EndOffset="3483" SrcFileId="9" StartOffset="3479"/>
</Cond>
<LocList>
<Loc EndOffset="3563" SrcFileId="9" StartOffset="3484"/>
</LocList>
<StmntSeq Intrnl_Id="733">
<LocList>
<Loc EndOffset="3525" SrcFileId="9" StartOffset="3495"/>
<Loc EndOffset="3562" SrcFileId="9" StartOffset="3535"/>
</LocList>
<BasicStmnt CovItemId="S82" CovItemPrefix="classes.Tree.java" Intrnl_Id="734">
<LocList>
<Loc EndOffset="3525" SrcFileId="9" StartOffset="3495"/>
</LocList>
</BasicStmnt>
<BasicStmnt CovItemId="S83" CovItemPrefix="classes.Tree.java" Intrnl_Id="735">
<LocList>
<Loc EndOffset="3562" SrcFileId="9" StartOffset="3535"/>
</LocList>
</BasicStmnt>
</StmntSeq>
</Branch>
<Keyword EndOffset="3363" SrcFileId="9" StartOffset="3361"/>
<LocList>
<Loc EndOffset="3563" SrcFileId="9" StartOffset="3361"/>
</LocList>
<RootTerm CovItemId="C17" CovItemPrefix="classes.Tree.java" Intrnl_Id="736">
<BasicBoolTerm Intrnl_Id="737">
<LocList>
<Loc EndOffset="3394" SrcFileId="9" StartOffset="3365"/>
</LocList>
</BasicBoolTerm>
</RootTerm>
</CondStmnt>
</StmntSeq>
</Branch>
<Keyword EndOffset="3167" SrcFileId="9" StartOffset="3165"/>
<LocList>
<Loc EndOffset="3564" SrcFileId="9" StartOffset="3165"/>
</LocList>
<RootTerm CovItemId="C16" CovItemPrefix="classes.Tree.java" Intrnl_Id="738">
<BasicBoolTerm Intrnl_Id="739">
<LocList>
<Loc EndOffset="3190" SrcFileId="9" StartOffset="3169"/>
</LocList>
</BasicBoolTerm>
</RootTerm>
</CondStmnt>
</StmntSeq>
</Branch>
<Keyword EndOffset="3080" SrcFileId="9" StartOffset="3078"/>
<LocList>
<Loc EndOffset="3569" SrcFileId="9" StartOffset="3078"/>
</LocList>
<RootTerm CovItemId="C15" CovItemPrefix="classes.Tree.java" Intrnl_Id="740">
<BasicBoolTerm Intrnl_Id="741">
<LocList>
<Loc EndOffset="3102" SrcFileId="9" StartOffset="3082"/>
</LocList>
</BasicBoolTerm>
</RootTerm>
</CondStmnt>
<BasicStmnt CovItemId="S84" CovItemPrefix="classes.Tree.java" Intrnl_Id="742">
<LocList>
<Loc EndOffset="3582" SrcFileId="9" StartOffset="3569"/>
</LocList>
</BasicStmnt>
</StmntSeq>
</HierarchyLvl>
<HierarchyLvl HierarchyLvlId="323" HierarchyLvlTypeId="12" Intrnl_Id="743" Name="RemoveRight">
<Header>
<Loc EndOffset="3649" SrcFileId="9" StartOffset="3597"/>
</Header>
<LocList>
<Loc EndOffset="3943" SrcFileId="9" StartOffset="3597"/>
</LocList>
<StmntSeq Intrnl_Id="744">
<LocList>
<Loc EndOffset="3674" SrcFileId="9" StartOffset="3654"/>
<Loc EndOffset="3854" SrcFileId="9" StartOffset="3678"/>
<Loc EndOffset="3888" SrcFileId="9" StartOffset="3858"/>
<Loc EndOffset="3919" SrcFileId="9" StartOffset="3892"/>
<Loc EndOffset="3936" SrcFileId="9" StartOffset="3923"/>
</LocList>
<BasicStmnt CovItemId="S85" CovItemPrefix="classes.Tree.java" Intrnl_Id="745">
<LocList>
<Loc EndOffset="3674" SrcFileId="9" StartOffset="3654"/>
</LocList>
</BasicStmnt>
<LoopStmnt CovItemId="S86" CovItemPrefix="classes.Tree.java" Intrnl_Id="746" MltplExecId="L3-2" MltplExecPrefix="classes.Tree.java" NvrExecId="L3-0" NvrExecPrefix="classes.Tree.java" OnceExecutedId="L3-1" OnceExecutedPrefix="classes.Tree.java" OptBodyExec="true">
<StmntSeq Intrnl_Id="747">
<LocList>
<Loc EndOffset="3747" SrcFileId="9" StartOffset="3713"/>
<Loc EndOffset="3788" SrcFileId="9" StartOffset="3755"/>
<Loc EndOffset="3813" SrcFileId="9" StartOffset="3796"/>
<Loc EndOffset="3849" SrcFileId="9" StartOffset="3821"/>
</LocList>
<BasicStmnt CovItemId="S87" CovItemPrefix="classes.Tree.java" Intrnl_Id="748">
<LocList>
<Loc EndOffset="3747" SrcFileId="9" StartOffset="3713"/>
</LocList>
</BasicStmnt>
<BasicStmnt CovItemId="S88" CovItemPrefix="classes.Tree.java" Intrnl_Id="749">
<LocList>
<Loc EndOffset="3788" SrcFileId="9" StartOffset="3755"/>
</LocList>
</BasicStmnt>
<BasicStmnt CovItemId="S89" CovItemPrefix="classes.Tree.java" Intrnl_Id="750">
<LocList>
<Loc EndOffset="3813" SrcFileId="9" StartOffset="3796"/>
</LocList>
</BasicStmnt>
<BasicStmnt CovItemId="S90" CovItemPrefix="classes.Tree.java" Intrnl_Id="751">
<LocList>
<Loc EndOffset="3849" SrcFileId="9" StartOffset="3821"/>
</LocList>
</BasicStmnt>
</StmntSeq>
<Keyword EndOffset="3683" SrcFileId="9" StartOffset="3678"/>
<LocList>
<Loc EndOffset="3854" SrcFileId="9" StartOffset="3678"/>
</LocList>
<RootTerm CovItemId="C18" CovItemPrefix="classes.Tree.java" Intrnl_Id="752">
<BasicBoolTerm Intrnl_Id="753">
<LocList>
<Loc EndOffset="3706" SrcFileId="9" StartOffset="3685"/>
</LocList>
</BasicBoolTerm>
</RootTerm>
</LoopStmnt>
<BasicStmnt CovItemId="S91" CovItemPrefix="classes.Tree.java" Intrnl_Id="754">
<LocList>
<Loc EndOffset="3888" SrcFileId="9" StartOffset="3858"/>
</LocList>
</BasicStmnt>
<BasicStmnt CovItemId="S92" CovItemPrefix="classes.Tree.java" Intrnl_Id="755">
<LocList>
<Loc EndOffset="3919" SrcFileId="9" StartOffset="3892"/>
</LocList>
</BasicStmnt>
<BasicStmnt CovItemId="S93" CovItemPrefix="classes.Tree.java" Intrnl_Id="756">
<LocList>
<Loc EndOffset="3936" SrcFileId="9" StartOffset="3923"/>
</LocList>
</BasicStmnt>
</StmntSeq>
</HierarchyLvl>
<HierarchyLvl HierarchyLvlId="324" HierarchyLvlTypeId="12" Intrnl_Id="757" Name="RemoveLeft">
<Header>
<Loc EndOffset="4002" SrcFileId="9" StartOffset="3951"/>
</Header>
<LocList>
<Loc EndOffset="4291" SrcFileId="9" StartOffset="3951"/>
</LocList>
<StmntSeq Intrnl_Id="758">
<LocList>
<Loc EndOffset="4027" SrcFileId="9" StartOffset="4007"/>
<Loc EndOffset="4204" SrcFileId="9" StartOffset="4031"/>
<Loc EndOffset="4237" SrcFileId="9" StartOffset="4208"/>
<Loc EndOffset="4267" SrcFileId="9" StartOffset="4241"/>
<Loc EndOffset="4284" SrcFileId="9" StartOffset="4271"/>
</LocList>
<BasicStmnt CovItemId="S94" CovItemPrefix="classes.Tree.java" Intrnl_Id="759">
<LocList>
<Loc EndOffset="4027" SrcFileId="9" StartOffset="4007"/>
</LocList>
</BasicStmnt>
<LoopStmnt CovItemId="S95" CovItemPrefix="classes.Tree.java" Intrnl_Id="760" MltplExecId="L4-2" MltplExecPrefix="classes.Tree.java" NvrExecId="L4-0" NvrExecPrefix="classes.Tree.java" OnceExecutedId="L4-1" OnceExecutedPrefix="classes.Tree.java" OptBodyExec="true">
<StmntSeq Intrnl_Id="761">
<LocList>
<Loc EndOffset="4098" SrcFileId="9" StartOffset="4065"/>
<Loc EndOffset="4139" SrcFileId="9" StartOffset="4106"/>
<Loc EndOffset="4164" SrcFileId="9" StartOffset="4147"/>
<Loc EndOffset="4199" SrcFileId="9" StartOffset="4172"/>
</LocList>
<BasicStmnt CovItemId="S96" CovItemPrefix="classes.Tree.java" Intrnl_Id="762">
<LocList>
<Loc EndOffset="4098" SrcFileId="9" StartOffset="4065"/>
</LocList>
</BasicStmnt>
<BasicStmnt CovItemId="S97" CovItemPrefix="classes.Tree.java" Intrnl_Id="763">
<LocList>
<Loc EndOffset="4139" SrcFileId="9" StartOffset="4106"/>
</LocList>
</BasicStmnt>
<BasicStmnt CovItemId="S98" CovItemPrefix="classes.Tree.java" Intrnl_Id="764">
<LocList>
<Loc EndOffset="4164" SrcFileId="9" StartOffset="4147"/>
</LocList>
</BasicStmnt>
<BasicStmnt CovItemId="S99" CovItemPrefix="classes.Tree.java" Intrnl_Id="765">
<LocList>
<Loc EndOffset="4199" SrcFileId="9" StartOffset="4172"/>
</LocList>
</BasicStmnt>
</StmntSeq>
<Keyword EndOffset="4036" SrcFileId="9" StartOffset="4031"/>
<LocList>
<Loc EndOffset="4204" SrcFileId="9" StartOffset="4031"/>
</LocList>
<RootTerm CovItemId="C19" CovItemPrefix="classes.Tree.java" Intrnl_Id="766">
<BasicBoolTerm Intrnl_Id="767">
<LocList>
<Loc EndOffset="4058" SrcFileId="9" StartOffset="4038"/>
</LocList>
</BasicBoolTerm>
</RootTerm>
</LoopStmnt>
<BasicStmnt CovItemId="S100" CovItemPrefix="classes.Tree.java" Intrnl_Id="768">
<LocList>
<Loc EndOffset="4237" SrcFileId="9" StartOffset="4208"/>
</LocList>
</BasicStmnt>
<BasicStmnt CovItemId="S101" CovItemPrefix="classes.Tree.java" Intrnl_Id="769">
<LocList>
<Loc EndOffset="4267" SrcFileId="9" StartOffset="4241"/>
</LocList>
</BasicStmnt>
<BasicStmnt CovItemId="S102" CovItemPrefix="classes.Tree.java" Intrnl_Id="770">
<LocList>
<Loc EndOffset="4284" SrcFileId="9" StartOffset="4271"/>
</LocList>
</BasicStmnt>
</StmntSeq>
</HierarchyLvl>
<HierarchyLvl HierarchyLvlId="325" HierarchyLvlTypeId="12" Intrnl_Id="771" Name="Search">
<Header>
<Loc EndOffset="4333" SrcFileId="9" StartOffset="4301"/>
</Header>
<LocList>
<Loc EndOffset="4927" SrcFileId="9" StartOffset="4301"/>
</LocList>
<StmntSeq Intrnl_Id="772">
<LocList>
<Loc EndOffset="4363" SrcFileId="9" StartOffset="4338"/>
<Loc EndOffset="4390" SrcFileId="9" StartOffset="4367"/>
<Loc EndOffset="4414" SrcFileId="9" StartOffset="4394"/>
<Loc EndOffset="4434" SrcFileId="9" StartOffset="4418"/>
<Loc EndOffset="4905" SrcFileId="9" StartOffset="4440"/>
<Loc EndOffset="4920" SrcFileId="9" StartOffset="4905"/>
</LocList>
<BasicStmnt CovItemId="S103" CovItemPrefix="classes.Tree.java" Intrnl_Id="773">
<LocList>
<Loc EndOffset="4363" SrcFileId="9" StartOffset="4338"/>
</LocList>
</BasicStmnt>
<BasicStmnt CovItemId="S104" CovItemPrefix="classes.Tree.java" Intrnl_Id="774">
<LocList>
<Loc EndOffset="4390" SrcFileId="9" StartOffset="4367"/>
</LocList>
</BasicStmnt>
<BasicStmnt CovItemId="S105" CovItemPrefix="classes.Tree.java" Intrnl_Id="775">
<LocList>
<Loc EndOffset="4414" SrcFileId="9" StartOffset="4394"/>
</LocList>
</BasicStmnt>
<BasicStmnt CovItemId="S106" CovItemPrefix="classes.Tree.java" Intrnl_Id="776">
<LocList>
<Loc EndOffset="4434" SrcFileId="9" StartOffset="4418"/>
</LocList>
</BasicStmnt>
<LoopStmnt CovItemId="S107" CovItemPrefix="classes.Tree.java" Intrnl_Id="777" MltplExecId="L5-2" MltplExecPrefix="classes.Tree.java" NvrExecId="L5-0" NvrExecPrefix="classes.Tree.java" OnceExecutedId="L5-1" OnceExecutedPrefix="classes.Tree.java" OptBodyExec="true">
<StmntSeq Intrnl_Id="778">
<LocList>
<Loc EndOffset="4493" SrcFileId="9" StartOffset="4461"/>
<Loc EndOffset="4900" SrcFileId="9" StartOffset="4501"/>
</LocList>
<BasicStmnt CovItemId="S108" CovItemPrefix="classes.Tree.java" Intrnl_Id="779">
<LocList>
<Loc EndOffset="4493" SrcFileId="9" StartOffset="4461"/>
</LocList>
</BasicStmnt>
<CondStmnt CovItemId="S109" CovItemPrefix="classes.Tree.java" Intrnl_Id="780">
<Branch CovItemId="B31" CovItemPrefix="classes.Tree.java" Implct="false" Intrnl_Id="781">
<Cond/>
<LocList>
<Loc EndOffset="4651" SrcFileId="9" StartOffset="4521"/>
</LocList>
<StmntSeq Intrnl_Id="782">
<LocList>
<Loc EndOffset="4650" SrcFileId="9" StartOffset="4531"/>
</LocList>
<CondStmnt CovItemId="S110" CovItemPrefix="classes.Tree.java" Intrnl_Id="783">
<Branch CovItemId="B33" CovItemPrefix="classes.Tree.java" Implct="false" Intrnl_Id="784">
<Cond/>
<LocList>
<Loc EndOffset="4613" SrcFileId="9" StartOffset="4562"/>
</LocList>
<StmntSeq Intrnl_Id="785">
<LocList>
<Loc EndOffset="4612" SrcFileId="9" StartOffset="4573"/>
</LocList>
<BasicStmnt CovItemId="S111" CovItemPrefix="classes.Tree.java" Intrnl_Id="786">
<LocList>
<Loc EndOffset="4612" SrcFileId="9" StartOffset="4573"/>
</LocList>
</BasicStmnt>
</StmntSeq>
</Branch>
<Branch CovItemId="B34" CovItemPrefix="classes.Tree.java" Implct="false" Intrnl_Id="787">
<Cond>
<Loc EndOffset="4626" SrcFileId="9" StartOffset="4622"/>
</Cond>
<LocList>
<Loc EndOffset="4650" SrcFileId="9" StartOffset="4627"/>
</LocList>
<StmntSeq Intrnl_Id="788">
<LocList>
<Loc EndOffset="4649" SrcFileId="9" StartOffset="4635"/>
</LocList>
<BasicStmnt CovItemId="S112" CovItemPrefix="classes.Tree.java" Intrnl_Id="789">
<LocList>
<Loc EndOffset="4649" SrcFileId="9" StartOffset="4635"/>
</LocList>
</BasicStmnt>
</StmntSeq>
</Branch>
<Keyword EndOffset="4533" SrcFileId="9" StartOffset="4531"/>
<LocList>
<Loc EndOffset="4650" SrcFileId="9" StartOffset="4531"/>
</LocList>
<RootTerm CovItemId="C22" CovItemPrefix="classes.Tree.java" Intrnl_Id="790">
<BasicBoolTerm Intrnl_Id="791">
<LocList>
<Loc EndOffset="4561" SrcFileId="9" StartOffset="4535"/>
</LocList>
</BasicBoolTerm>
</RootTerm>
</CondStmnt>
</StmntSeq>
</Branch>
<Branch CovItemId="B32" CovItemPrefix="classes.Tree.java" Implct="false" Intrnl_Id="792">
<Cond>
<Loc EndOffset="4663" SrcFileId="9" StartOffset="4659"/>
</Cond>
<LocList>
<Loc EndOffset="4900" SrcFileId="9" StartOffset="4664"/>
</LocList>
<StmntSeq Intrnl_Id="793">
<LocList>
<Loc EndOffset="4899" SrcFileId="9" StartOffset="4674"/>
</LocList>
<CondStmnt CovItemId="S113" CovItemPrefix="classes.Tree.java" Intrnl_Id="794">
<Branch CovItemId="B35" CovItemPrefix="classes.Tree.java" Implct="false" Intrnl_Id="795">
<Cond/>
<LocList>
<Loc EndOffset="4833" SrcFileId="9" StartOffset="4694"/>
</LocList>
<StmntSeq Intrnl_Id="796">
<LocList>
<Loc EndOffset="4832" SrcFileId="9" StartOffset="4705"/>
</LocList>
<CondStmnt CovItemId="S114" CovItemPrefix="classes.Tree.java" Intrnl_Id="797">
<Branch CovItemId="B37" CovItemPrefix="classes.Tree.java" Implct="false" Intrnl_Id="798">
<Cond/>
<LocList>
<Loc EndOffset="4790" SrcFileId="9" StartOffset="4737"/>
</LocList>
<StmntSeq Intrnl_Id="799">
<LocList>
<Loc EndOffset="4789" SrcFileId="9" StartOffset="4749"/>
</LocList>
<BasicStmnt CovItemId="S115" CovItemPrefix="classes.Tree.java" Intrnl_Id="800">
<LocList>
<Loc EndOffset="4789" SrcFileId="9" StartOffset="4749"/>
</LocList>
</BasicStmnt>
</StmntSeq>
</Branch>
<Branch CovItemId="B38" CovItemPrefix="classes.Tree.java" Implct="false" Intrnl_Id="801">
<Cond>
<Loc EndOffset="4804" SrcFileId="9" StartOffset="4800"/>
</Cond>
<LocList>
<Loc EndOffset="4832" SrcFileId="9" StartOffset="4805"/>
</LocList>
<StmntSeq Intrnl_Id="802">
<LocList>
<Loc EndOffset="4831" SrcFileId="9" StartOffset="4817"/>
</LocList>
<BasicStmnt CovItemId="S116" CovItemPrefix="classes.Tree.java" Intrnl_Id="803">
<LocList>
<Loc EndOffset="4831" SrcFileId="9" StartOffset="4817"/>
</LocList>
</BasicStmnt>
</StmntSeq>
</Branch>
<Keyword EndOffset="4707" SrcFileId="9" StartOffset="4705"/>
<LocList>
<Loc EndOffset="4832" SrcFileId="9" StartOffset="4705"/>
</LocList>
<RootTerm CovItemId="C24" CovItemPrefix="classes.Tree.java" Intrnl_Id="804">
<BasicBoolTerm Intrnl_Id="805">
<LocList>
<Loc EndOffset="4736" SrcFileId="9" StartOffset="4709"/>
</LocList>
</BasicBoolTerm>
</RootTerm>
</CondStmnt>
</StmntSeq>
</Branch>
<Branch CovItemId="B36" CovItemPrefix="classes.Tree.java" Implct="false" Intrnl_Id="806">
<Cond>
<Loc EndOffset="4847" SrcFileId="9" StartOffset="4843"/>
</Cond>
<LocList>
<Loc EndOffset="4899" SrcFileId="9" StartOffset="4848"/>
</LocList>
<StmntSeq Intrnl_Id="807">
<LocList>
<Loc EndOffset="4874" SrcFileId="9" StartOffset="4860"/>
<Loc EndOffset="4898" SrcFileId="9" StartOffset="4884"/>
</LocList>
<BasicStmnt CovItemId="S117" CovItemPrefix="classes.Tree.java" Intrnl_Id="808">
<LocList>
<Loc EndOffset="4874" SrcFileId="9" StartOffset="4860"/>
</LocList>
</BasicStmnt>
<BasicStmnt CovItemId="S118" CovItemPrefix="classes.Tree.java" Intrnl_Id="809">
<LocList>
<Loc EndOffset="4898" SrcFileId="9" StartOffset="4884"/>
</LocList>
</BasicStmnt>
</StmntSeq>
</Branch>
<Keyword EndOffset="4676" SrcFileId="9" StartOffset="4674"/>
<LocList>
<Loc EndOffset="4899" SrcFileId="9" StartOffset="4674"/>
</LocList>
<RootTerm CovItemId="C23" CovItemPrefix="classes.Tree.java" Intrnl_Id="810">
<BasicBoolTerm Intrnl_Id="811">
<LocList>
<Loc EndOffset="4693" SrcFileId="9" StartOffset="4678"/>
</LocList>
</BasicBoolTerm>
</RootTerm>
</CondStmnt>
</StmntSeq>
</Branch>
<Keyword EndOffset="4503" SrcFileId="9" StartOffset="4501"/>
<LocList>
<Loc EndOffset="4900" SrcFileId="9" StartOffset="4501"/>
</LocList>
<RootTerm CovItemId="C21" CovItemPrefix="classes.Tree.java" Intrnl_Id="812">
<BasicBoolTerm Intrnl_Id="813">
<LocList>
<Loc EndOffset="4520" SrcFileId="9" StartOffset="4505"/>
</LocList>
</BasicBoolTerm>
</RootTerm>
</CondStmnt>
</StmntSeq>
<Keyword EndOffset="4445" SrcFileId="9" StartOffset="4440"/>
<LocList>
<Loc EndOffset="4905" SrcFileId="9" StartOffset="4440"/>
</LocList>
<RootTerm CovItemId="C20" CovItemPrefix="classes.Tree.java" Intrnl_Id="814">
<BasicBoolTerm Intrnl_Id="815">
<LocList>
<Loc EndOffset="4451" SrcFileId="9" StartOffset="4447"/>
</LocList>
</BasicBoolTerm>
</RootTerm>
</LoopStmnt>
<BasicStmnt CovItemId="S119" CovItemPrefix="classes.Tree.java" Intrnl_Id="816">
<LocList>
<Loc EndOffset="4920" SrcFileId="9" StartOffset="4905"/>
</LocList>
</BasicStmnt>
</StmntSeq>
</HierarchyLvl>
</HierarchyLvl>
</HierarchyLvl>
</HierarchyLvl>
</MASTRoot>
</TestSessionContainer>
